2023-03-03 10:07:30.474 [info] Reading sessions from keychain...
2023-03-03 10:07:30.474 [info] Getting sessions for user:email...
2023-03-03 10:07:30.474 [info] Got 0 sessions for user:email...
2023-03-03 10:07:30.474 [info] Getting sessions for all scopes...
2023-03-03 10:07:30.474 [info] Got 0 sessions for ...
2023-03-03 10:26:22.389 [info] Reading sessions from keychain...
2023-03-03 10:26:22.389 [info] Getting sessions for user:email...
2023-03-03 10:26:22.389 [info] Got 0 sessions for user:email...
2023-03-03 10:26:22.389 [info] Getting sessions for all scopes...
2023-03-03 10:26:22.389 [info] Got 0 sessions for ...
2023-03-03 10:26:46.305 [info] Getting sessions for all scopes...
2023-03-03 10:26:46.305 [info] Getting sessions for read:user,repo,user:email...
2023-03-03 10:26:46.305 [info] Got 0 sessions for ...
2023-03-03 10:26:46.305 [info] Got 0 sessions for read:user,repo,user:email...
2023-03-03 10:30:03.484 [info] Getting sessions for read:user,repo,user:email,workflow...
2023-03-03 10:30:03.484 [info] Got 0 sessions for read:user,repo,user:email,workflow...
2023-03-03 10:30:03.495 [info] Getting sessions for read:user,repo,user:email...
2023-03-03 10:30:03.495 [info] Got 0 sessions for read:user,repo,user:email...
2023-03-03 10:32:42.588 [info] Getting sessions for read:user,repo,user:email,workflow...
2023-03-03 10:32:42.588 [info] Got 0 sessions for read:user,repo,user:email,workflow...
2023-03-03 10:32:42.597 [info] Getting sessions for read:user,repo,user:email...
2023-03-03 10:32:42.597 [info] Got 0 sessions for read:user,repo,user:email...
2023-03-03 10:32:42.605 [info] Getting sessions for read:user,repo,user:email,workflow...
2023-03-03 10:32:42.605 [info] Got 0 sessions for read:user,repo,user:email,workflow...
2023-03-03 10:32:43.935 [info] Logging in for the following scopes: read:user repo user:email workflow
2023-03-03 10:32:43.942 [info] Trying without local server... (read:user repo user:email workflow)
2023-03-03 10:33:26.479 [info] Exchanging code for token...
2023-03-03 10:33:27.049 [info] Token exchange success!
2023-03-03 10:33:27.052 [info] Getting user info...
2023-03-03 10:33:27.371 [info] Got account info!
2023-03-03 10:33:27.372 [info] Storing 1 sessions...
2023-03-03 10:33:27.423 [error] Setting token failed: Error: GDBus.Error:org.freedesktop.DBus.Error.ServiceUnknown: The name org.freedesktop.secrets was not provided by any .service files
2023-03-03 10:33:27.423 [info] Stored 1 sessions!
2023-03-03 10:33:27.423 [info] Login success!
2023-03-03 10:33:27.506 [info] Getting sessions for user:email...
2023-03-03 10:33:27.506 [info] Got 0 sessions for user:email...
2023-03-03 10:33:27.528 [info] Getting sessions for read:user,repo,user:email...
2023-03-03 10:33:27.528 [info] Got 0 sessions for read:user,repo,user:email...
2023-03-03 13:12:52.378 [info] Reading sessions from keychain...
2023-03-03 13:12:52.378 [info] Getting sessions for user:email...
2023-03-03 13:12:52.378 [info] Got 0 sessions for user:email...
2023-03-03 13:12:52.378 [info] Getting sessions for all scopes...
2023-03-03 13:12:52.378 [info] Getting sessions for read:user,repo,user:email...
2023-03-03 13:12:52.378 [info] Got 0 sessions for ...
2023-03-03 13:12:52.378 [info] Got 0 sessions for read:user,repo,user:email...
2023-03-03 13:12:52.392 [info] Getting sessions for read:user,repo,user:email,workflow...
2023-03-03 13:12:52.404 [info] Got 0 sessions for read:user,repo,user:email,workflow...
2023-03-03 13:12:52.475 [info] Getting sessions for read:user,repo,user:email...
2023-03-03 13:12:52.475 [info] Got 0 sessions for read:user,repo,user:email...
2023-03-03 14:33:06.878 [info] Reading sessions from keychain...
2023-03-03 14:33:06.878 [info] Getting sessions for user:email...
2023-03-03 14:33:06.878 [info] Getting sessions for all scopes...
2023-03-03 14:33:06.878 [info] Got 0 sessions for user:email...
2023-03-03 14:33:06.878 [info] Got 0 sessions for ...
2023-03-03 14:33:07.133 [info] Getting sessions for read:user,repo,user:email...
2023-03-03 14:33:07.133 [info] Got 0 sessions for read:user,repo,user:email...
2023-03-03 14:33:07.176 [info] Getting sessions for read:user,repo,user:email,workflow...
2023-03-03 14:33:07.176 [info] Got 0 sessions for read:user,repo,user:email,workflow...
2023-03-03 14:33:07.231 [info] Getting sessions for read:user,repo,user:email...
2023-03-03 14:33:07.231 [info] Got 0 sessions for read:user,repo,user:email...
2023-03-03 14:33:16.980 [info] Reading sessions from keychain...
2023-03-03 14:33:16.980 [info] Getting sessions for user:email...
2023-03-03 14:33:16.980 [info] Getting sessions for all scopes...
2023-03-03 14:33:16.980 [info] Got 0 sessions for user:email...
2023-03-03 14:33:16.980 [info] Got 0 sessions for ...
2023-03-03 14:33:17.030 [info] Getting sessions for read:user,repo,user:email,workflow...
2023-03-03 14:33:17.030 [info] Getting sessions for read:user,repo,user:email...
2023-03-03 14:33:17.030 [info] Got 0 sessions for read:user,repo,user:email,workflow...
2023-03-03 14:33:17.030 [info] Got 0 sessions for read:user,repo,user:email...
2023-03-03 14:33:17.061 [info] Getting sessions for read:user,repo,user:email...
2023-03-03 14:33:17.061 [info] Got 0 sessions for read:user,repo,user:email...
2023-03-03 14:33:20.216 [info] Reading sessions from keychain...
2023-03-03 14:33:20.216 [info] Getting sessions for user:email...
2023-03-03 14:33:20.216 [info] Got 0 sessions for user:email...
2023-03-03 14:33:20.216 [info] Getting sessions for all scopes...
2023-03-03 14:33:20.216 [info] Got 0 sessions for ...
2023-03-03 14:33:20.275 [info] Getting sessions for read:user,repo,user:email,workflow...
2023-03-03 14:33:20.275 [info] Got 0 sessions for read:user,repo,user:email,workflow...
2023-03-03 14:33:20.298 [info] Getting sessions for read:user,repo,user:email...
2023-03-03 14:33:20.298 [info] Got 0 sessions for read:user,repo,user:email...
2023-03-03 14:33:20.309 [info] Getting sessions for read:user,repo,user:email...
2023-03-03 14:33:20.309 [info] Got 0 sessions for read:user,repo,user:email...
2023-03-03 14:33:24.097 [info] Reading sessions from keychain...
2023-03-03 14:33:24.097 [info] Getting sessions for user:email...
2023-03-03 14:33:24.097 [info] Getting sessions for all scopes...
2023-03-03 14:33:24.097 [info] Got 0 sessions for user:email...
2023-03-03 14:33:24.097 [info] Got 0 sessions for ...
2023-03-03 14:33:24.173 [info] Getting sessions for read:user,repo,user:email,workflow...
2023-03-03 14:33:24.174 [info] Got 0 sessions for read:user,repo,user:email,workflow...
2023-03-03 14:33:24.235 [info] Getting sessions for read:user,repo,user:email...
2023-03-03 14:33:24.235 [info] Got 0 sessions for read:user,repo,user:email...
2023-03-03 14:33:24.298 [info] Getting sessions for read:user,repo,user:email...
2023-03-03 14:33:24.316 [info] Got 0 sessions for read:user,repo,user:email...
2023-03-03 15:37:22.791 [info] Reading sessions from keychain...
2023-03-03 15:37:22.791 [info] Getting sessions for user:email...
2023-03-03 15:37:22.791 [info] Getting sessions for all scopes...
2023-03-03 15:37:22.791 [info] Got 0 sessions for user:email...
2023-03-03 15:37:22.791 [info] Got 0 sessions for ...
2023-03-03 15:37:22.859 [info] Getting sessions for all scopes...
2023-03-03 15:37:22.859 [info] Got 0 sessions for ...
2023-03-03 15:37:22.868 [info] Getting sessions for read:user,repo,user:email,workflow...
2023-03-03 15:37:22.868 [info] Got 0 sessions for read:user,repo,user:email,workflow...
2023-03-03 15:37:22.876 [info] Getting sessions for read:user,repo,user:email...
2023-03-03 15:37:22.876 [info] Got 0 sessions for read:user,repo,user:email...
2023-03-03 15:37:26.825 [info] Reading sessions from keychain...
2023-03-03 15:37:26.825 [info] Getting sessions for user:email...
2023-03-03 15:37:26.825 [info] Got 0 sessions for user:email...
2023-03-03 15:37:26.825 [info] Getting sessions for all scopes...
2023-03-03 15:37:26.825 [info] Got 0 sessions for ...
2023-03-03 15:37:26.867 [info] Getting sessions for read:user,repo,user:email,workflow...
2023-03-03 15:37:26.867 [info] Got 0 sessions for read:user,repo,user:email,workflow...
2023-03-03 15:37:26.933 [info] Getting sessions for read:user,repo,user:email...
2023-03-03 15:37:26.933 [info] Got 0 sessions for read:user,repo,user:email...
2023-03-03 15:37:26.938 [info] Getting sessions for read:user,repo,user:email...
2023-03-03 15:37:26.938 [info] Got 0 sessions for read:user,repo,user:email...
2023-03-03 15:43:20.529 [info] Getting sessions for read:user,repo,user:email...
2023-03-03 15:43:20.529 [info] Got 0 sessions for read:user,repo,user:email...
2023-03-04 21:43:32.868 [info] Getting sessions for read:user,repo,user:email...
2023-03-04 21:43:32.869 [info] Got 0 sessions for read:user,repo,user:email...
