Name: isort
Module: isort
Python extension loading
Waiting for interpreter from python extension.
Python extension loaded
CWD Server: /home/crpier/Projects/mptreasury
sys.path used to run Server:
   /home/crpier/.vscode/extensions/ms-python.isort-2022.8.0/bundled/libs
   /home/crpier/.vscode/extensions/ms-python.isort-2022.8.0/bundled/tool
   /home/crpier/.pyenv/versions/3.11.1/lib/python311.zip
   /home/crpier/.pyenv/versions/3.11.1/lib/python3.11
   /home/crpier/.pyenv/versions/3.11.1/lib/python3.11/lib-dynload
   /home/crpier/.pyenv/versions/3.11.1/lib/python3.11/site-packages
Settings used to run Server:
[
    {
        "check": false,
        "workspace": "file:///home/crpier/Projects/mptreasury",
        "logLevel": "error",
        "args": [],
        "severity": {
            "W": "Warning",
            "E": "Hint"
        },
        "path": [],
        "interpreter": [
            "/home/crpier/.pyenv/versions/3.11.1/bin/python"
        ],
        "importStrategy": "useBundled",
        "showNotifications": "off"
    }
]

/home/crpier/.pyenv/versions/3.11.1/bin/python -m isort --version-number
CWD Linter: /home/crpier/Projects/mptreasury
Version info for isort running for /home/crpier/Projects/mptreasury:
5.10.1

SUPPORTED isort>=5.10.1
FOUND isort==5.10.1

