2023-03-04 21:43:55.528 [info] Extension host with pid 1552119 started
2023-03-04 21:43:55.528 [info] Skipping acquiring lock for /home/crpier/.config/Code/User/workspaceStorage/be21fbd5609fd4c215a1b9b23294b80d.
2023-03-04 21:43:55.598 [info] ExtensionService#_doActivateExtension vscode.microsoft-authentication, startup: false, activationEvent: 'onAuthenticationRequest:microsoft'
2023-03-04 21:43:55.598 [info] ExtensionService#_doActivateExtension vscode.git-base, startup: true, activationEvent: '*', root cause: vscode.git
2023-03-04 21:43:55.598 [info] ExtensionService#_doActivateExtension vscodevim.vim, startup: true, activationEvent: '*'
2023-03-04 21:43:55.599 [info] ExtensionService#_doActivateExtension vscode.npm, startup: true, activationEvent: 'workspaceContains:package.json'
2023-03-04 21:43:55.800 [info] ExtensionService#_doActivateExtension vscode.git, startup: true, activationEvent: '*'
2023-03-04 21:43:55.800 [info] ExtensionService#_doActivateExtension vscode.github, startup: true, activationEvent: '*'
2023-03-04 21:43:55.884 [info] Eager extensions activated
2023-03-04 21:43:55.926 [info] ExtensionService#_doActivateExtension vscode.github-authentication, startup: false, activationEvent: 'onAuthenticationRequest:github'
2023-03-04 21:43:55.927 [info] ExtensionService#_doActivateExtension vscode.debug-auto-launch, startup: false, activationEvent: 'onStartupFinished'
2023-03-04 21:43:55.927 [info] ExtensionService#_doActivateExtension vscode.emmet, startup: false, activationEvent: 'onStartupFinished'
2023-03-04 21:43:55.927 [info] ExtensionService#_doActivateExtension vscode.merge-conflict, startup: false, activationEvent: 'onStartupFinished'
2023-03-04 21:43:55.927 [info] ExtensionService#_doActivateExtension bradlc.vscode-tailwindcss, startup: false, activationEvent: 'onStartupFinished'
2023-03-04 21:43:55.928 [info] ExtensionService#_doActivateExtension eamodio.gitlens, startup: false, activationEvent: 'onStartupFinished'
2023-03-04 21:43:56.217 [info] ExtensionService#_doActivateExtension GitHub.vscode-pull-request-github, startup: false, activationEvent: 'onStartupFinished'
2023-03-04 21:44:01.160 [info] ExtensionService#_doActivateExtension vscode.typescript-language-features, startup: false, activationEvent: 'onLanguage:typescriptreact'
2023-03-04 21:48:05.725 [warning] TextEditor is closed/disposed
2023-03-04 21:48:05.794 [warning] TextEditor is closed/disposed
2023-03-04 21:48:05.794 [warning] TextEditor is closed/disposed
2023-03-04 21:48:13.510 [warning] TextEditor is closed/disposed
2023-03-04 21:48:13.510 [warning] TextEditor is closed/disposed
2023-03-04 21:49:01.040 [warning] TextEditor is closed/disposed
2023-03-04 21:49:01.040 [warning] TextEditor is closed/disposed
2023-03-04 21:59:15.761 [warning] TextEditor is closed/disposed
2023-03-04 21:59:15.761 [warning] TextEditor is closed/disposed
2023-03-04 22:01:35.264 [warning] TextEditor is closed/disposed
2023-03-04 22:02:04.071 [warning] TextEditor is closed/disposed
2023-03-04 22:02:04.071 [warning] TextEditor is closed/disposed
2023-03-04 22:08:22.288 [warning] TextEditor is closed/disposed
2023-03-04 22:08:27.846 [warning] TextEditor is closed/disposed
2023-03-04 22:08:50.720 [warning] TextEditor is closed/disposed
2023-03-04 22:09:14.295 [info] Extension host terminating: received terminate message from renderer
2023-03-04 22:09:14.326 [warning] {"name":"Canceled"}
2023-03-04 22:09:14.327 [error] TypeError: r.some is not a function
	at d.saveToDisk (/home/crpier/.vscode/extensions/vscodevim.vim-1.25.2/out/extension.js:2:669912)
	at t.deactivate (/home/crpier/.vscode/extensions/vscodevim.vim-1.25.2/out/extension.js:2:213764)
	at d.X (/usr/share/code/resources/app/out/vs/workbench/api/node/extensionHostProcess.js:106:11333)
	at /usr/share/code/resources/app/out/vs/workbench/api/node/extensionHostProcess.js:106:9301
	at Array.map (<anonymous>)
	at d.Q (/usr/share/code/resources/app/out/vs/workbench/api/node/extensionHostProcess.js:106:9288)
	at d.terminate (/usr/share/code/resources/app/out/vs/workbench/api/node/extensionHostProcess.js:106:9563)
	at f.terminate (/usr/share/code/resources/app/out/vs/workbench/api/node/extensionHostProcess.js:110:1397)
	at b (/usr/share/code/resources/app/out/vs/workbench/api/node/extensionHostProcess.js:120:17815)
	at /usr/share/code/resources/app/out/vs/workbench/api/node/extensionHostProcess.js:120:15750
	at d.invoke (/usr/share/code/resources/app/out/vs/workbench/api/node/extensionHostProcess.js:63:145)
	at w.deliver (/usr/share/code/resources/app/out/vs/workbench/api/node/extensionHostProcess.js:63:2029)
	at g.fire (/usr/share/code/resources/app/out/vs/workbench/api/node/extensionHostProcess.js:63:1667)
	at h.fire (/usr/share/code/resources/app/out/vs/workbench/api/node/extensionHostProcess.js:72:14314)
	at c.y (/usr/share/code/resources/app/out/vs/workbench/api/node/extensionHostProcess.js:72:17324)
	at /usr/share/code/resources/app/out/vs/workbench/api/node/extensionHostProcess.js:72:15795
	at d.invoke (/usr/share/code/resources/app/out/vs/workbench/api/node/extensionHostProcess.js:63:145)
	at w.deliver (/usr/share/code/resources/app/out/vs/workbench/api/node/extensionHostProcess.js:63:2029)
	at g.fire (/usr/share/code/resources/app/out/vs/workbench/api/node/extensionHostProcess.js:63:1667)
	at g.acceptChunk (/usr/share/code/resources/app/out/vs/workbench/api/node/extensionHostProcess.js:72:12045)
	at /usr/share/code/resources/app/out/vs/workbench/api/node/extensionHostProcess.js:72:11332
	at Socket.l (/usr/share/code/resources/app/out/vs/workbench/api/node/extensionHostProcess.js:72:19792)
	at Socket.emit (node:events:526:28)
	at addChunk (node:internal/streams/readable:315:12)
	at readableAddChunk (node:internal/streams/readable:289:9)
	at Readable.push (node:internal/streams/readable:228:10)
	at Pipe.onStreamRead (node:internal/stream_base_commons:190:23)
2023-03-04 22:09:14.342 [info] Extension host with pid 1552119 exiting with code 0
