2023-03-06 02:02:55.288 [info] Added views:workbench.panel.markers.view in workbench.panel.markers
2023-03-06 02:02:55.288 [info] Added views:workbench.panel.output in workbench.panel.output
2023-03-06 02:02:55.288 [info] Added views:terminal in terminal
2023-03-06 02:02:55.288 [info] Added views:outline in workbench.view.explorer
2023-03-06 02:02:55.288 [info] Added views:workbench.scm in workbench.view.scm
2023-03-06 02:02:55.288 [info] Added views:workbench.view.search in workbench.view.search
2023-03-06 02:02:55.288 [info] Added views:timeline in workbench.view.explorer
2023-03-06 02:02:55.288 [info] Added views:workbench.explorer.fileView in workbench.view.explorer
2023-03-06 02:02:55.418 [info] Added views:workbench.debug.welcome in workbench.view.debug
2023-03-06 02:02:55.904 [info] Added views:gitlens.views.home,gitlens.views.contributors in workbench.view.extension.gitlens
2023-03-06 02:02:55.905 [info] Added views:gitlens.views.commits,gitlens.views.commitDetails,gitlens.views.fileHistory,gitlens.views.branches,gitlens.views.remotes,gitlens.views.stashes,gitlens.views.tags,gitlens.views.searchAndCompare in workbench.view.scm
2023-03-06 02:02:55.905 [info] Added views:pr:github,issues:github in workbench.view.extension.github-pull-requests
2023-03-06 02:02:56.190 [info] Added views:workbench.panel.repl.view in workbench.panel.repl
2023-03-06 02:02:57.818 [info] Removed views:issues:github,pr:github from workbench.view.extension.github-pull-requests
2023-03-06 02:02:57.819 [info] Added views:github:login in workbench.view.extension.github-pull-requests
2023-03-06 02:02:57.851 [info] Added views:github:activePullRequest:welcome in workbench.view.extension.github-pull-request
2023-03-06 02:02:57.852 [info] Removed views:github:activePullRequest:welcome from workbench.view.extension.github-pull-request
2023-03-06 02:02:58.722 [info] Added views:gitlens.views.timeline in workbench.view.extension.gitlensPanel
2023-03-06 02:02:58.724 [info] Added views:gitlens.views.worktrees in workbench.view.scm
2023-03-11 13:59:24.553 [info] Added views:workbench.view.testing in workbench.view.extension.test
2023-03-12 18:44:35.506 [info] Removed views:workbench.view.testing from workbench.view.extension.test
