[2023-03-03 08:27:04.596] /home/crpier/.vscode/extensions/eamodio.gitlens-13.3.1/dist/gitlens.js:1:55840
Error: Command failed: /usr/bin/git -c core.quotepath=false -c color.ui=false -c log.showSignature=false log --format=%x3cr%x3e%x20%H -n3 -m -L 2,2:src/entry-server.tsx
fatal: There is no path src/entry-server.tsx in the commit

[2023-03-03 08:27:05.929] /home/crpier/.vscode/extensions/eamodio.gitlens-13.3.1/dist/gitlens.js:1:55840
Error: Command failed: /usr/bin/git -c core.quotepath=false -c color.ui=false -c log.showSignature=false log --format=%x3cr%x3e%x20%H -n3 -m -L 2,2:src/components/Counter.tsx
fatal: There is no path src/components/Counter.tsx in the commit

[2023-03-03 08:34:15.467] /home/crpier/.vscode/extensions/eamodio.gitlens-13.3.1/dist/gitlens.js:1:55840
Error: Command failed: /usr/bin/git -c core.quotepath=false -c color.ui=false -c log.showSignature=false log --format=%x3cr%x3e%x20%H -n3 -m -L 2,2:src/routes/index.tsx
fatal: There is no path src/routes/index.tsx in the commit

[2023-03-03 08:35:51.327] 
Cancelled
[2023-03-03 08:50:32.321] /home/crpier/.vscode/extensions/eamodio.gitlens-13.3.1/dist/gitlens.js:1:55840
Error: Command failed: /usr/bin/git -c core.quotepath=false -c color.ui=false -c log.showSignature=false log --format=%x3cr%x3e%x20%H -n3 -m -L 2,2:src/root.tsx
fatal: There is no path src/root.tsx in the commit

[2023-03-03 09:07:01.737] /home/crpier/.vscode/extensions/eamodio.gitlens-13.3.1/dist/gitlens.js:1:55840
Error: Command failed: /usr/bin/git -c core.quotepath=false -c color.ui=false -c log.showSignature=false log --format=%x3cr%x3e%x20%H -n3 -m -L 27,27:src/root.tsx
fatal: There is no path src/root.tsx in the commit

[2023-03-03 10:19:17.416] /home/crpier/.vscode/extensions/eamodio.gitlens-13.3.1/dist/gitlens.js:1:55840
Error: Command failed: /usr/bin/git -c core.quotepath=false -c color.ui=false -c log.showSignature=false log --format=%x3cr%x3e%x20%H -n3 -m -L 44,44:src/root.tsx
fatal: There is no path src/root.tsx in the commit

[2023-03-03 11:03:52.081] /home/crpier/.vscode/extensions/eamodio.gitlens-13.3.1/dist/gitlens.js:1:55840
Error: Command failed: /usr/bin/git -c core.quotepath=false -c color.ui=false -c log.showSignature=false log --format=%x3cr%x3e%x20%H -n3 -m -L 2,2:vite.config.ts
fatal: There is no path vite.config.ts in the commit

[2023-03-03 11:03:54.996] /home/crpier/.vscode/extensions/eamodio.gitlens-13.3.1/dist/gitlens.js:1:55840
Error: Command failed: /usr/bin/git -c core.quotepath=false -c color.ui=false -c log.showSignature=false log --format=%x3cr%x3e%x20%H -n3 -m -L 2,2:src/components/Counter.tsx
fatal: There is no path src/components/Counter.tsx in the commit

[2023-03-03 11:09:22.924] /home/crpier/.vscode/extensions/eamodio.gitlens-13.3.1/dist/gitlens.js:1:55840
Error: Command failed: /usr/bin/git -c core.quotepath=false -c color.ui=false -c log.showSignature=false log --format=%x3cr%x3e%x20%H -n3 -m -L 2,2:src/root.tsx
fatal: There is no path src/root.tsx in the commit

[2023-03-03 11:09:35.196] /home/crpier/.vscode/extensions/eamodio.gitlens-13.3.1/dist/gitlens.js:1:55840
Error: Command failed: /usr/bin/git -c core.quotepath=false -c color.ui=false -c log.showSignature=false log --format=%x3cr%x3e%x20%H -n3 -m -L 2,2:src/components/Counter.tsx
fatal: There is no path src/components/Counter.tsx in the commit

[2023-03-03 11:10:32.787] /home/crpier/.vscode/extensions/eamodio.gitlens-13.3.1/dist/gitlens.js:1:55840
Error: Command failed: /usr/bin/git -c core.quotepath=false -c color.ui=false -c log.showSignature=false log --format=%x3cr%x3e%x20%H -n3 -m -L 2,2:src/root.tsx
fatal: There is no path src/root.tsx in the commit

[2023-03-03 11:10:45.425] /home/crpier/.vscode/extensions/eamodio.gitlens-13.3.1/dist/gitlens.js:1:55840
Error: Command failed: /usr/bin/git -c core.quotepath=false -c color.ui=false -c log.showSignature=false log --format=%x3cr%x3e%x20%H -n3 -m -L 2,2:src/root.tsx
fatal: There is no path src/root.tsx in the commit

[2023-03-03 11:11:45.117] /home/crpier/.vscode/extensions/eamodio.gitlens-13.3.1/dist/gitlens.js:1:55840
Error: Command failed: /usr/bin/git -c core.quotepath=false -c color.ui=false -c log.showSignature=false log --format=%x3cr%x3e%x20%H -n3 -m -L 2,2:src/root.tsx
fatal: There is no path src/root.tsx in the commit

[2023-03-03 11:11:59.786] /home/crpier/.vscode/extensions/eamodio.gitlens-13.3.1/dist/gitlens.js:1:55840
Error: Command failed: /usr/bin/git -c core.quotepath=false -c color.ui=false -c log.showSignature=false log --format=%x3cr%x3e%x20%H -n3 -m -L 2,2:src/root.tsx
fatal: There is no path src/root.tsx in the commit

[2023-03-03 11:12:15.724] /home/crpier/.vscode/extensions/eamodio.gitlens-13.3.1/dist/gitlens.js:1:55840
Error: Command failed: /usr/bin/git -c core.quotepath=false -c color.ui=false -c log.showSignature=false log --format=%x3cr%x3e%x20%H -n3 -m -L 2,2:src/root.tsx
fatal: There is no path src/root.tsx in the commit

[2023-03-03 11:12:17.377] /home/crpier/.vscode/extensions/eamodio.gitlens-13.3.1/dist/gitlens.js:1:55840
Error: Command failed: /usr/bin/git -c core.quotepath=false -c color.ui=false -c log.showSignature=false log --format=%x3cr%x3e%x20%H -n3 -m -L 2,2:src/root.tsx
fatal: There is no path src/root.tsx in the commit

[2023-03-03 11:12:29.614] /home/crpier/.vscode/extensions/eamodio.gitlens-13.3.1/dist/gitlens.js:1:55840
Error: Command failed: /usr/bin/git -c core.quotepath=false -c color.ui=false -c log.showSignature=false log --format=%x3cr%x3e%x20%H -n3 -m -L 2,2:src/root.tsx
fatal: There is no path src/root.tsx in the commit

