[Info] /home/crpier/.ssh/config: ENOENT: no such file or directory, open '/home/crpier/.ssh/config'
[Info] TemporaryState> Error in initialization: Unable to delete nonexistent file 'vscode-userdata:/home/crpier/.config/Code/User/globalStorage/github.vscode-pull-request-github/temp'
[Info] Looking for git repository
[Info] Found 0 repositories during activation
[Info] Git repository found, initializing review manager and pr tree view.
[Info] Registering git provider
[Info] Review> Validate state in progress
[Info] Review> Validating state...
[Info] Found GitHub remote
[Info] Review> no matching pull request metadata found for current branch main
[Info] Review> no matching pull request metadata found on GitHub for current branch main
[Info] Repo state for file:///home/crpier/Projects/memecry changed.
[Info] Repo file:///home/crpier/Projects/memecry has already been setup.
[Info] Review> Queuing additional validate state
[Info] Review> Validating state...
[Info] Found GitHub remote
[Info] Found GitHub remote
[Info] Found GitHub remote
[Info] Found GitHub remote
[Info] Review> no matching pull request metadata found for current branch main
[Info] Review> no matching pull request metadata found on GitHub for current branch main
[Info] RateLimit> Unexpectedly low rate limit: 30
[Info] RateLimit> Rate limit remaining: 29
[Info] RateLimit> Unexpectedly low rate limit: 30
[Info] RateLimit> Rate limit remaining: 28
