[2022-09-23 18:02:59.704] [main] [info] update#setState idle
[2022-09-23 18:03:00.839] [main] [info] Starting extension host with pid 159932 (fork() took 8 ms).
[2022-09-23 18:03:29.712] [main] [info] update#setState checking for updates
[2022-09-23 18:03:29.715] [main] [info] update#setState idle
[2022-09-23 18:03:32.229] [main] [info] Extension host with pid 159932 exited with code: 0, signal: null.
[2022-09-23 18:03:32.853] [main] [info] Starting extension host with pid 160069 (fork() took 14 ms).
[2022-09-23 19:03:30.616] [main] [info] update#setState checking for updates
[2022-09-23 19:03:30.620] [main] [info] update#setState idle
[2022-09-23 20:03:30.718] [main] [info] update#setState checking for updates
[2022-09-23 20:03:30.729] [main] [info] update#setState idle
[2022-09-23 21:03:30.743] [main] [info] update#setState checking for updates
[2022-09-23 21:03:30.744] [main] [info] update#setState idle
[2022-09-23 22:03:30.750] [main] [info] update#setState checking for updates
[2022-09-23 22:03:30.752] [main] [info] update#setState idle
[2022-09-23 23:03:30.851] [main] [info] update#setState checking for updates
[2022-09-23 23:03:30.853] [main] [info] update#setState idle
[2022-09-24 00:03:30.855] [main] [info] update#setState checking for updates
[2022-09-24 00:03:30.857] [main] [info] update#setState idle
[2022-09-24 01:03:30.859] [main] [info] update#setState checking for updates
[2022-09-24 01:03:30.865] [main] [info] update#setState idle
[2022-09-24 02:03:30.963] [main] [info] update#setState checking for updates
[2022-09-24 02:03:30.965] [main] [info] update#setState idle
[2022-09-24 03:03:31.049] [main] [info] update#setState checking for updates
[2022-09-24 03:03:31.051] [main] [info] update#setState idle
[2022-09-24 04:03:31.128] [main] [info] update#setState checking for updates
[2022-09-24 04:03:31.131] [main] [info] update#setState idle
[2022-09-24 05:03:31.195] [main] [info] update#setState checking for updates
[2022-09-24 05:03:31.197] [main] [info] update#setState idle
[2022-09-24 06:03:31.232] [main] [info] update#setState checking for updates
[2022-09-24 06:03:31.241] [main] [info] update#setState idle
[2022-09-24 07:03:31.305] [main] [info] update#setState checking for updates
[2022-09-24 07:03:31.307] [main] [info] update#setState idle
[2022-09-24 08:03:31.403] [main] [info] update#setState checking for updates
[2022-09-24 08:03:31.404] [main] [info] update#setState idle
[2022-09-24 09:03:31.493] [main] [info] update#setState checking for updates
[2022-09-24 09:03:31.495] [main] [info] update#setState idle
[2022-09-24 10:03:31.579] [main] [info] update#setState checking for updates
[2022-09-24 10:03:31.581] [main] [info] update#setState idle
[2022-09-24 11:03:31.653] [main] [info] update#setState checking for updates
[2022-09-24 11:03:31.655] [main] [info] update#setState idle
[2022-09-24 12:03:31.663] [main] [info] update#setState checking for updates
[2022-09-24 12:03:31.665] [main] [info] update#setState idle
[2022-09-24 13:03:31.765] [main] [info] update#setState checking for updates
[2022-09-24 13:03:31.768] [main] [info] update#setState idle
[2022-09-24 14:03:31.863] [main] [info] update#setState checking for updates
[2022-09-24 14:03:31.866] [main] [info] update#setState idle
[2022-09-24 15:03:31.867] [main] [info] update#setState checking for updates
[2022-09-24 15:03:31.869] [main] [info] update#setState idle
[2022-09-24 16:03:31.969] [main] [info] update#setState checking for updates
[2022-09-24 16:03:31.971] [main] [info] update#setState idle
[2022-09-24 17:03:32.063] [main] [info] update#setState checking for updates
[2022-09-24 17:03:32.064] [main] [info] update#setState idle
[2022-09-24 18:03:32.066] [main] [info] update#setState checking for updates
[2022-09-24 18:03:32.070] [main] [info] update#setState idle
[2022-09-24 19:03:32.120] [main] [info] update#setState checking for updates
[2022-09-24 19:03:32.122] [main] [info] update#setState idle
[2022-09-24 20:03:32.175] [main] [info] update#setState checking for updates
[2022-09-24 20:03:32.177] [main] [info] update#setState idle
[2022-09-24 21:03:32.269] [main] [info] update#setState checking for updates
[2022-09-24 21:03:32.271] [main] [info] update#setState idle
[2022-09-24 22:03:32.371] [main] [info] update#setState checking for updates
[2022-09-24 22:03:32.374] [main] [info] update#setState idle
[2022-09-24 23:03:32.448] [main] [info] update#setState checking for updates
[2022-09-24 23:03:32.450] [main] [info] update#setState idle
[2022-09-25 00:03:32.527] [main] [info] update#setState checking for updates
[2022-09-25 00:03:32.530] [main] [info] update#setState idle
[2022-09-25 01:03:32.616] [main] [info] update#setState checking for updates
[2022-09-25 01:03:32.618] [main] [info] update#setState idle
[2022-09-25 02:03:32.668] [main] [info] update#setState checking for updates
[2022-09-25 02:03:32.670] [main] [info] update#setState idle
[2022-09-25 03:03:32.732] [main] [info] update#setState checking for updates
[2022-09-25 03:03:32.734] [main] [info] update#setState idle
[2022-09-25 04:03:32.784] [main] [info] update#setState checking for updates
[2022-09-25 04:03:32.787] [main] [info] update#setState idle
[2022-09-25 05:03:32.794] [main] [info] update#setState checking for updates
[2022-09-25 05:03:32.796] [main] [info] update#setState idle
[2022-09-25 06:03:32.891] [main] [info] update#setState checking for updates
[2022-09-25 06:03:32.893] [main] [info] update#setState idle
[2022-09-25 07:03:32.991] [main] [info] update#setState checking for updates
[2022-09-25 07:03:32.993] [main] [info] update#setState idle
[2022-09-25 08:03:33.064] [main] [info] update#setState checking for updates
[2022-09-25 08:03:33.066] [main] [info] update#setState idle
[2022-09-25 09:03:33.108] [main] [info] update#setState checking for updates
[2022-09-25 09:03:33.110] [main] [info] update#setState idle
[2022-09-25 10:03:33.150] [main] [info] update#setState checking for updates
[2022-09-25 10:03:33.152] [main] [info] update#setState idle
[2022-09-25 11:03:33.170] [main] [info] update#setState checking for updates
[2022-09-25 11:03:33.173] [main] [info] update#setState idle
[2022-09-25 12:03:33.226] [main] [info] update#setState checking for updates
[2022-09-25 12:03:33.227] [main] [info] update#setState idle
[2022-09-25 13:01:30.342] [main] [info] Waiting for extension host with pid 160069 to exit.
[2022-09-25 13:01:30.806] [main] [info] Extension host with pid 160069 exited with code: 0, signal: null.
