2023-03-10 21:54:34.926 [info] Added views:workbench.panel.markers.view in workbench.panel.markers
2023-03-10 21:54:34.926 [info] Added views:workbench.panel.output in workbench.panel.output
2023-03-10 21:54:34.926 [info] Added views:terminal in terminal
2023-03-10 21:54:34.926 [info] Added views:outline in workbench.view.explorer
2023-03-10 21:54:34.926 [info] Added views:workbench.scm in workbench.view.scm
2023-03-10 21:54:34.926 [info] Added views:workbench.view.search in workbench.view.search
2023-03-10 21:54:34.926 [info] Added views:timeline in workbench.view.explorer
2023-03-10 21:54:34.926 [info] Added views:workbench.explorer.fileView in workbench.view.explorer
2023-03-10 21:54:34.926 [info] Added views:workbench.debug.variablesView,workbench.debug.watchExpressionsView,workbench.debug.callStackView,workbench.debug.breakPointsView in workbench.view.debug
2023-03-10 21:54:35.276 [info] Added views:gitlens.views.home,gitlens.views.contributors in workbench.view.extension.gitlens
2023-03-10 21:54:35.277 [info] Added views:gitlens.views.commits,gitlens.views.commitDetails,gitlens.views.fileHistory,gitlens.views.branches,gitlens.views.remotes,gitlens.views.stashes,gitlens.views.tags,gitlens.views.searchAndCompare in workbench.view.scm
2023-03-10 21:54:35.278 [info] Added views:pr:github,issues:github in workbench.view.extension.github-pull-requests
2023-03-10 21:54:35.631 [info] Added views:workbench.panel.repl.view in workbench.panel.repl
2023-03-10 21:54:35.631 [info] Removed views:workbench.debug.breakPointsView,workbench.debug.callStackView,workbench.debug.watchExpressionsView,workbench.debug.variablesView from workbench.view.debug
2023-03-10 21:54:35.631 [info] Added views:workbench.debug.welcome in workbench.view.debug
2023-03-10 21:54:36.140 [info] Removed views:issues:github,pr:github from workbench.view.extension.github-pull-requests
2023-03-10 21:54:36.141 [info] Added views:github:login in workbench.view.extension.github-pull-requests
2023-03-10 21:54:36.170 [info] Added views:github:activePullRequest:welcome in workbench.view.extension.github-pull-request
2023-03-10 21:54:36.170 [info] Removed views:github:activePullRequest:welcome from workbench.view.extension.github-pull-request
2023-03-10 21:54:37.135 [info] Added views:gitlens.views.timeline in workbench.view.extension.gitlensPanel
2023-03-10 21:54:37.137 [info] Added views:gitlens.views.worktrees in workbench.view.scm
2023-03-10 21:58:11.557 [info] Added views:references-view.tree in workbench.view.extension.references-view
