Visual Studio Code (1.74.3, undefined, desktop)
Jupyter Extension Version: 2022.11.1003412109.
Python Extension Version: 2022.20.1.
Workspace folder /home/crpier/Projects/mptreasury
info 23:31:45.000: ZMQ install verified.
info 23:31:45.276: LSP Notebooks experiment is enabled
info 23:31:45.304: Process Execution: > jupyter notebook --version
> jupyter notebook --version
info 23:31:45.310: Process Execution: > jupyter lab --version
> jupyter lab --version
info 23:31:46.122: Got env vars with python /home/crpier/.cache/pypoetry/virtualenvs/mptreasury-totEAk67-py3.11/bin/python, with env var count 82 and custom env var count 79 in 261ms
info 23:31:46.122: Got env vars from Python Ext faster /home/crpier/.cache/pypoetry/virtualenvs/mptreasury-totEAk67-py3.11/bin/python with env var count 83 in 262ms
info 23:31:46.130: Process Execution: > ~/.cache/pypoetry/virtualenvs/mptreasury-totEAk67-py3.11/bin/python -m pip list
> ~/.cache/pypoetry/virtualenvs/mptreasury-totEAk67-py3.11/bin/python -m pip list
info 23:32:00.822: Shutting down notebooks for 6e217c05-267f-410a-a9c7-db98bd8ce79a
info 23:32:00.822: Disposing HostJupyterExecution 3845bdac-eeea-413a-bf34-501f40ce2622
info 23:32:00.822: Disposing super HostJupyterExecution 3845bdac-eeea-413a-bf34-501f40ce2622
info 23:32:00.822: Disposing HostJupyterExecution 3845bdac-eeea-413a-bf34-501f40ce2622
info 23:32:00.822: Finished disposing HostJupyterExecution  3845bdac-eeea-413a-bf34-501f40ce2622
info 23:32:00.831: Cleaning up server cache 3845bdac-eeea-413a-bf34-501f40ce2622
info 23:32:00.831: Finished disposing HostJupyterExecution  3845bdac-eeea-413a-bf34-501f40ce2622
