[2022-09-23 18:03:01.385] [exthost] [info] Extension host with pid 159932 started
[2022-09-23 18:03:01.423] [exthost] [info] ExtensionService#_doActivateExtension vscode.microsoft-authentication, startup: false, activationEvent: 'onAuthenticationRequest:microsoft'
[2022-09-23 18:03:01.468] [exthost] [info] ExtensionService#_doActivateExtension vscode.debug-auto-launch, startup: true, activationEvent: '*'
[2022-09-23 18:03:01.471] [exthost] [info] ExtensionService#_doActivateExtension vscode.git-base, startup: true, activationEvent: '*', root cause: vscode.git
[2022-09-23 18:03:01.474] [exthost] [info] ExtensionService#_doActivateExtension vscode.ipynb, startup: true, activationEvent: '*'
[2022-09-23 18:03:01.486] [exthost] [info] ExtensionService#_doActivateExtension ecmel.vscode-html-css, startup: true, activationEvent: '*'
[2022-09-23 18:03:01.516] [exthost] [info] ExtensionService#_doActivateExtension vscodevim.vim, startup: true, activationEvent: '*'
[2022-09-23 18:03:01.693] [exthost] [info] ExtensionService#_doActivateExtension vscode.git, startup: true, activationEvent: '*'
[2022-09-23 18:03:01.738] [exthost] [info] ExtensionService#_doActivateExtension vscode.github, startup: true, activationEvent: '*'
[2022-09-23 18:03:01.785] [exthost] [info] Eager extensions activated
[2022-09-23 18:03:01.792] [exthost] [info] ExtensionService#_doActivateExtension vscode.emmet, startup: false, activationEvent: 'onStartupFinished'
[2022-09-23 18:03:01.804] [exthost] [info] ExtensionService#_doActivateExtension vscode.merge-conflict, startup: false, activationEvent: 'onStartupFinished'
[2022-09-23 18:03:01.807] [exthost] [info] ExtensionService#_doActivateExtension dsznajder.es7-react-js-snippets, startup: false, activationEvent: 'onStartupFinished'
[2022-09-23 18:03:02.133] [exthost] [info] ExtensionService#_doActivateExtension vscode.github-authentication, startup: false, activationEvent: 'onAuthenticationRequest:github'
[2022-09-23 18:03:32.198] [exthost] [info] Extension host terminating: received terminate message from renderer
[2022-09-23 18:03:32.216] [exthost] [error] Error: ENOENT: no such file or directory, open '/home/crpier/.config/Code/User/globalStorage/vscodevim.vim/.registers'
[2022-09-23 18:03:32.216] [exthost] [info] Extension host with pid 159932 exiting with code 0
[2022-09-23 18:03:33.326] [exthost] [info] Extension host with pid 160069 started
[2022-09-23 18:03:33.326] [exthost] [info] Skipping acquiring lock for /home/crpier/.config/Code/User/workspaceStorage/6bdbcea68c99b8cf9a12e8202e22ea85.
[2022-09-23 18:03:33.404] [exthost] [info] ExtensionService#_doActivateExtension vscode.microsoft-authentication, startup: false, activationEvent: 'onAuthenticationRequest:microsoft'
[2022-09-23 18:03:33.413] [exthost] [info] ExtensionService#_doActivateExtension vscode.debug-auto-launch, startup: true, activationEvent: '*'
[2022-09-23 18:03:33.414] [exthost] [info] ExtensionService#_doActivateExtension vscode.git-base, startup: true, activationEvent: '*'
[2022-09-23 18:03:33.415] [exthost] [info] ExtensionService#_doActivateExtension vscode.ipynb, startup: true, activationEvent: '*'
[2022-09-23 18:03:33.417] [exthost] [info] ExtensionService#_doActivateExtension vscodevim.vim, startup: true, activationEvent: '*'
[2022-09-23 18:03:33.449] [exthost] [info] ExtensionService#_doActivateExtension vscode.npm, startup: true, activationEvent: 'workspaceContains:package.json'
[2022-09-23 18:03:33.525] [exthost] [info] ExtensionService#_doActivateExtension vscode.github, startup: true, activationEvent: '*'
[2022-09-23 18:03:33.542] [exthost] [info] ExtensionService#_doActivateExtension vscode.github-authentication, startup: false, activationEvent: 'onAuthenticationRequest:github'
[2022-09-23 18:03:33.559] [exthost] [info] Eager extensions activated
[2022-09-23 18:03:33.563] [exthost] [info] ExtensionService#_doActivateExtension vscode.emmet, startup: false, activationEvent: 'onStartupFinished'
[2022-09-23 18:03:33.567] [exthost] [info] ExtensionService#_doActivateExtension vscode.merge-conflict, startup: false, activationEvent: 'onStartupFinished'
[2022-09-23 18:03:33.568] [exthost] [info] ExtensionService#_doActivateExtension dsznajder.es7-react-js-snippets, startup: false, activationEvent: 'onStartupFinished'
[2022-09-23 18:03:52.768] [exthost] [info] ExtensionService#_doActivateExtension vscode.git, startup: false, activationEvent: 'api', root cause: vscode.github
[2022-09-23 18:03:52.788] [exthost] [info] ExtensionService#_doActivateExtension ecmel.vscode-html-css, startup: false, activationEvent: '*'
[2022-09-23 18:04:04.622] [exthost] [info] ExtensionService#_doActivateExtension vscode.typescript-language-features, startup: false, activationEvent: 'onLanguage:typescriptreact'
[2022-09-23 18:30:03.470] [exthost] [info] ExtensionService#_doActivateExtension vscode.configuration-editing, startup: false, activationEvent: 'onLanguage:json'
[2022-09-23 18:30:03.479] [exthost] [info] ExtensionService#_doActivateExtension vscode.extension-editing, startup: false, activationEvent: 'onLanguage:json'
[2022-09-23 18:30:03.494] [exthost] [info] ExtensionService#_doActivateExtension vscode.json-language-features, startup: false, activationEvent: 'onLanguage:json'
[2022-09-23 18:30:05.338] [exthost] [warning] TextEditor is closed/disposed
[2022-09-23 18:30:05.338] [exthost] [warning] TextEditor is closed/disposed
[2022-09-23 18:47:24.741] [exthost] [warning] TextEditor is closed/disposed
[2022-09-23 18:47:24.741] [exthost] [warning] TextEditor is closed/disposed
[2022-09-23 18:47:29.899] [exthost] [warning] TextEditor is closed/disposed
[2022-09-23 18:47:29.899] [exthost] [warning] TextEditor is closed/disposed
[2022-09-23 18:48:50.498] [exthost] [warning] TextEditor is closed/disposed
[2022-09-23 18:48:50.498] [exthost] [warning] TextEditor is closed/disposed
[2022-09-23 18:49:03.249] [exthost] [warning] TextEditor is closed/disposed
[2022-09-23 18:49:03.249] [exthost] [warning] TextEditor is closed/disposed
[2022-09-23 18:54:38.272] [exthost] [warning] TextEditor is closed/disposed
[2022-09-23 18:54:38.272] [exthost] [warning] TextEditor is closed/disposed
[2022-09-23 18:55:07.434] [exthost] [warning] TextEditor is closed/disposed
[2022-09-23 18:55:07.435] [exthost] [warning] TextEditor is closed/disposed
[2022-09-23 18:55:27.710] [exthost] [warning] TextEditor is closed/disposed
[2022-09-23 18:55:27.710] [exthost] [warning] TextEditor is closed/disposed
[2022-09-23 18:55:43.374] [exthost] [warning] TextEditor is closed/disposed
[2022-09-23 18:55:43.374] [exthost] [warning] TextEditor is closed/disposed
[2022-09-23 19:00:42.950] [exthost] [warning] TextEditor is closed/disposed
[2022-09-23 19:00:42.950] [exthost] [warning] TextEditor is closed/disposed
[2022-09-23 19:00:46.217] [exthost] [warning] TextEditor is closed/disposed
[2022-09-23 19:00:46.217] [exthost] [warning] TextEditor is closed/disposed
[2022-09-23 19:01:46.988] [exthost] [warning] TextEditor is closed/disposed
[2022-09-23 19:01:46.988] [exthost] [warning] TextEditor is closed/disposed
[2022-09-23 19:02:13.318] [exthost] [warning] TextEditor is closed/disposed
[2022-09-23 19:02:13.318] [exthost] [warning] TextEditor is closed/disposed
[2022-09-23 19:02:13.677] [exthost] [warning] TextEditor is closed/disposed
[2022-09-23 19:02:13.677] [exthost] [warning] TextEditor is closed/disposed
[2022-09-23 19:02:42.042] [exthost] [warning] TextEditor is closed/disposed
[2022-09-23 19:02:42.043] [exthost] [warning] TextEditor is closed/disposed
[2022-09-23 19:03:07.280] [exthost] [warning] TextEditor is closed/disposed
[2022-09-23 19:03:07.280] [exthost] [warning] TextEditor is closed/disposed
[2022-09-23 19:03:18.645] [exthost] [warning] TextEditor is closed/disposed
[2022-09-23 19:03:18.645] [exthost] [warning] TextEditor is closed/disposed
[2022-09-23 19:03:18.646] [exthost] [warning] TextEditor is closed/disposed
[2022-09-24 00:21:19.993] [exthost] [warning] TextEditor is closed/disposed
[2022-09-24 00:21:19.999] [exthost] [warning] TextEditor is closed/disposed
[2022-09-24 00:25:21.758] [exthost] [warning] TextEditor is closed/disposed
[2022-09-24 00:25:21.758] [exthost] [warning] TextEditor is closed/disposed
[2022-09-24 00:25:24.422] [exthost] [warning] TextEditor is closed/disposed
[2022-09-24 00:25:24.422] [exthost] [warning] TextEditor is closed/disposed
[2022-09-25 10:34:52.322] [exthost] [warning] TextEditor is closed/disposed
[2022-09-25 10:34:52.329] [exthost] [warning] TextEditor is closed/disposed
[2022-09-25 10:34:53.315] [exthost] [warning] TextEditor is closed/disposed
[2022-09-25 10:34:53.315] [exthost] [warning] TextEditor is closed/disposed
[2022-09-25 10:55:04.781] [exthost] [info] ExtensionService#_doActivateExtension vscode.debug-server-ready, startup: false, activationEvent: 'onDebugResolve'
[2022-09-25 13:01:30.312] [exthost] [info] Extension host terminating: received terminate message from renderer
[2022-09-25 13:01:30.759] [exthost] [error] TypeError: r.some is not a function
    at Function.saveToDisk (/home/crpier/.vscode/extensions/vscodevim.vim-1.23.2/src/register/register.ts:326:30)
    at Object.e.deactivate (/home/crpier/.vscode/extensions/vscodevim.vim-1.23.2/extension.ts:65:18)
    at b._deactivate (/snap/code/108/usr/share/code/resources/app/out/vs/workbench/api/node/extensionHostProcess.js:97:13255)
    at /snap/code/108/usr/share/code/resources/app/out/vs/workbench/api/node/extensionHostProcess.js:97:10641
    at Array.map (<anonymous>)
    at b._deactivateAll (/snap/code/108/usr/share/code/resources/app/out/vs/workbench/api/node/extensionHostProcess.js:97:10628)
    at b.terminate (/snap/code/108/usr/share/code/resources/app/out/vs/workbench/api/node/extensionHostProcess.js:97:11012)
    at b.terminate (/snap/code/108/usr/share/code/resources/app/out/vs/workbench/api/node/extensionHostProcess.js:101:620)
    at m (/snap/code/108/usr/share/code/resources/app/out/vs/workbench/api/node/extensionHostProcess.js:111:19088)
    at /snap/code/108/usr/share/code/resources/app/out/vs/workbench/api/node/extensionHostProcess.js:111:17016
    at b.invoke (/snap/code/108/usr/share/code/resources/app/out/vs/workbench/api/node/extensionHostProcess.js:61:145)
    at p.deliver (/snap/code/108/usr/share/code/resources/app/out/vs/workbench/api/node/extensionHostProcess.js:61:2266)
    at v.fire (/snap/code/108/usr/share/code/resources/app/out/vs/workbench/api/node/extensionHostProcess.js:61:1844)
    at a.fire (/snap/code/108/usr/share/code/resources/app/out/vs/workbench/api/node/extensionHostProcess.js:69:19042)
    at r._receiveMessage (/snap/code/108/usr/share/code/resources/app/out/vs/workbench/api/node/extensionHostProcess.js:69:23854)
    at /snap/code/108/usr/share/code/resources/app/out/vs/workbench/api/node/extensionHostProcess.js:69:21224
    at b.invoke (/snap/code/108/usr/share/code/resources/app/out/vs/workbench/api/node/extensionHostProcess.js:61:145)
    at p.deliver (/snap/code/108/usr/share/code/resources/app/out/vs/workbench/api/node/extensionHostProcess.js:61:2266)
    at v.fire (/snap/code/108/usr/share/code/resources/app/out/vs/workbench/api/node/extensionHostProcess.js:61:1844)
    at v.acceptChunk (/snap/code/108/usr/share/code/resources/app/out/vs/workbench/api/node/extensionHostProcess.js:69:15873)
    at /snap/code/108/usr/share/code/resources/app/out/vs/workbench/api/node/extensionHostProcess.js:69:15003
    at Socket.d (/snap/code/108/usr/share/code/resources/app/out/vs/workbench/api/node/extensionHostProcess.js:69:26763)
    at Socket.emit (node:events:526:28)
    at addChunk (node:internal/streams/readable:315:12)
    at readableAddChunk (node:internal/streams/readable:289:9)
    at Socket.Readable.push (node:internal/streams/readable:228:10)
    at Pipe.onStreamRead (node:internal/stream_base_commons:190:23)
[2022-09-25 13:01:30.777] [exthost] [info] Extension host with pid 160069 exiting with code 0
