2023-03-04 22:09:22.051 [info] [perf] Render performance baseline is 25ms
2023-03-04 22:50:20.658 [error] Error: File not found
    at p.Yb (vscode-file://vscode-app/usr/share/code/resources/app/out/vs/workbench/workbench.desktop.main.js:2465:87671)
    at async p.setInput (vscode-file://vscode-app/usr/share/code/resources/app/out/vs/workbench/workbench.desktop.main.js:2465:87009)
    at async n.H (vscode-file://vscode-app/usr/share/code/resources/app/out/vs/workbench/workbench.desktop.main.js:2463:5097)
    at async n.y (vscode-file://vscode-app/usr/share/code/resources/app/out/vs/workbench/workbench.desktop.main.js:2463:3926)
    at async n.openEditor (vscode-file://vscode-app/usr/share/code/resources/app/out/vs/workbench/workbench.desktop.main.js:2463:3041)
    at async vscode-file://vscode-app/usr/share/code/resources/app/out/vs/workbench/workbench.desktop.main.js:2674:13506
2023-03-04 22:50:23.366 [info] [perf] Render performance baseline is 28ms
2023-03-04 22:50:26.544 [info] [perf] Render performance baseline is 33ms
2023-03-04 22:52:02.443 [error] Cannot read properties of undefined (reading 'filter'): TypeError: Cannot read properties of undefined (reading 'filter')
	at Object.<anonymous> (/home/crpier/.vscode/extensions/bradlc.vscode-tailwindcss-0.9.7/dist/extension.js:43:11485)
	at Generator.next (<anonymous>)
	at s (/home/crpier/.vscode/extensions/bradlc.vscode-tailwindcss-0.9.7/dist/extension.js:1:1247)
2023-03-04 22:52:55.978 [error] Cannot read properties of undefined (reading 'filter'): TypeError: Cannot read properties of undefined (reading 'filter')
	at Object.<anonymous> (/home/crpier/.vscode/extensions/bradlc.vscode-tailwindcss-0.9.7/dist/extension.js:43:11485)
	at Generator.next (<anonymous>)
	at s (/home/crpier/.vscode/extensions/bradlc.vscode-tailwindcss-0.9.7/dist/extension.js:1:1247)
2023-03-04 22:53:06.311 [error] Cannot read properties of undefined (reading 'filter'): TypeError: Cannot read properties of undefined (reading 'filter')
	at Object.<anonymous> (/home/crpier/.vscode/extensions/bradlc.vscode-tailwindcss-0.9.7/dist/extension.js:43:11485)
	at Generator.next (<anonymous>)
	at s (/home/crpier/.vscode/extensions/bradlc.vscode-tailwindcss-0.9.7/dist/extension.js:1:1247)
2023-03-04 22:53:11.760 [error] Cannot read properties of undefined (reading 'filter'): TypeError: Cannot read properties of undefined (reading 'filter')
	at Object.<anonymous> (/home/crpier/.vscode/extensions/bradlc.vscode-tailwindcss-0.9.7/dist/extension.js:43:11485)
	at Generator.next (<anonymous>)
	at s (/home/crpier/.vscode/extensions/bradlc.vscode-tailwindcss-0.9.7/dist/extension.js:1:1247)
2023-03-04 22:53:55.582 [error] Cannot read properties of undefined (reading 'filter'): TypeError: Cannot read properties of undefined (reading 'filter')
	at Object.<anonymous> (/home/crpier/.vscode/extensions/bradlc.vscode-tailwindcss-0.9.7/dist/extension.js:43:11485)
	at Generator.next (<anonymous>)
	at s (/home/crpier/.vscode/extensions/bradlc.vscode-tailwindcss-0.9.7/dist/extension.js:1:1247)
2023-03-04 22:54:20.929 [error] Cannot read properties of undefined (reading 'filter'): TypeError: Cannot read properties of undefined (reading 'filter')
	at Object.<anonymous> (/home/crpier/.vscode/extensions/bradlc.vscode-tailwindcss-0.9.7/dist/extension.js:43:11485)
	at Generator.next (<anonymous>)
	at s (/home/crpier/.vscode/extensions/bradlc.vscode-tailwindcss-0.9.7/dist/extension.js:1:1247)
2023-03-04 22:54:40.721 [error] Cannot read properties of undefined (reading 'filter'): TypeError: Cannot read properties of undefined (reading 'filter')
	at Object.<anonymous> (/home/crpier/.vscode/extensions/bradlc.vscode-tailwindcss-0.9.7/dist/extension.js:43:11485)
	at Generator.next (<anonymous>)
	at s (/home/crpier/.vscode/extensions/bradlc.vscode-tailwindcss-0.9.7/dist/extension.js:1:1247)
2023-03-04 22:56:38.056 [error] Cannot read properties of undefined (reading 'filter'): TypeError: Cannot read properties of undefined (reading 'filter')
	at Object.<anonymous> (/home/crpier/.vscode/extensions/bradlc.vscode-tailwindcss-0.9.7/dist/extension.js:43:11485)
	at Generator.next (<anonymous>)
	at s (/home/crpier/.vscode/extensions/bradlc.vscode-tailwindcss-0.9.7/dist/extension.js:1:1247)
2023-03-04 22:56:57.217 [error] Cannot read properties of undefined (reading 'filter'): TypeError: Cannot read properties of undefined (reading 'filter')
	at Object.<anonymous> (/home/crpier/.vscode/extensions/bradlc.vscode-tailwindcss-0.9.7/dist/extension.js:43:11485)
	at Generator.next (<anonymous>)
	at s (/home/crpier/.vscode/extensions/bradlc.vscode-tailwindcss-0.9.7/dist/extension.js:1:1247)
2023-03-04 22:57:03.761 [error] Cannot read properties of undefined (reading 'filter'): TypeError: Cannot read properties of undefined (reading 'filter')
	at Object.<anonymous> (/home/crpier/.vscode/extensions/bradlc.vscode-tailwindcss-0.9.7/dist/extension.js:43:11485)
	at Generator.next (<anonymous>)
	at s (/home/crpier/.vscode/extensions/bradlc.vscode-tailwindcss-0.9.7/dist/extension.js:1:1247)
2023-03-04 23:38:45.410 [error] Cannot read properties of undefined (reading 'filter'): TypeError: Cannot read properties of undefined (reading 'filter')
	at Object.<anonymous> (/home/crpier/.vscode/extensions/bradlc.vscode-tailwindcss-0.9.7/dist/extension.js:43:11485)
	at Generator.next (<anonymous>)
	at s (/home/crpier/.vscode/extensions/bradlc.vscode-tailwindcss-0.9.7/dist/extension.js:1:1247)
2023-03-04 23:39:03.902 [error] Cannot read properties of undefined (reading 'filter'): TypeError: Cannot read properties of undefined (reading 'filter')
	at Object.<anonymous> (/home/crpier/.vscode/extensions/bradlc.vscode-tailwindcss-0.9.7/dist/extension.js:43:11485)
	at Generator.next (<anonymous>)
	at s (/home/crpier/.vscode/extensions/bradlc.vscode-tailwindcss-0.9.7/dist/extension.js:1:1247)
2023-03-05 00:15:12.284 [error] Cannot read properties of undefined (reading 'filter'): TypeError: Cannot read properties of undefined (reading 'filter')
	at Object.<anonymous> (/home/crpier/.vscode/extensions/bradlc.vscode-tailwindcss-0.9.7/dist/extension.js:43:11485)
	at Generator.next (<anonymous>)
	at s (/home/crpier/.vscode/extensions/bradlc.vscode-tailwindcss-0.9.7/dist/extension.js:1:1247)
2023-03-05 00:32:54.514 [error] Unable to read file '/home/crpier/Projects/memecry/frontend/src/memecry-backend/models/Post.ts' (Error: File not modified since): Error: Unable to read file '/home/crpier/Projects/memecry/frontend/src/memecry-backend/models/Post.ts' (Error: File not modified since)
    at h.v (vscode-file://vscode-app/usr/share/code/resources/app/out/vs/workbench/workbench.desktop.main.js:616:16493)
    at async v.H (vscode-file://vscode-app/usr/share/code/resources/app/out/vs/workbench/workbench.desktop.main.js:2489:34436)
    at async v.readStream (vscode-file://vscode-app/usr/share/code/resources/app/out/vs/workbench/workbench.desktop.main.js:2489:34131)
    at async Ms.Ab (vscode-file://vscode-app/usr/share/code/resources/app/out/vs/workbench/workbench.desktop.main.js:2478:54188)
    at async vscode-file://vscode-app/usr/share/code/resources/app/out/vs/workbench/workbench.desktop.main.js:2489:30190
2023-03-05 00:58:53.371 [error] [File Watcher (universal)] restarting watcher after error: terminated by itself with code undefined, signal: SIGSEGV
2023-03-05 01:08:39.013 [error] Cannot read properties of undefined (reading 'filter'): TypeError: Cannot read properties of undefined (reading 'filter')
	at Object.<anonymous> (/home/crpier/.vscode/extensions/bradlc.vscode-tailwindcss-0.9.7/dist/extension.js:43:11485)
	at Generator.next (<anonymous>)
	at s (/home/crpier/.vscode/extensions/bradlc.vscode-tailwindcss-0.9.7/dist/extension.js:1:1247)
2023-03-05 01:09:59.977 [error] Cannot read properties of undefined (reading 'filter'): TypeError: Cannot read properties of undefined (reading 'filter')
	at Object.<anonymous> (/home/crpier/.vscode/extensions/bradlc.vscode-tailwindcss-0.9.7/dist/extension.js:43:11485)
	at Generator.next (<anonymous>)
	at s (/home/crpier/.vscode/extensions/bradlc.vscode-tailwindcss-0.9.7/dist/extension.js:1:1247)
2023-03-05 01:10:26.496 [error] <semantic> TypeScript Server Error (4.9.4)
Debug Failure.
Error: Debug Failure.
    at Object.getImportCompletionAction (/usr/share/code/resources/app/extensions/node_modules/typescript/lib/tsserver.js:156493:22)
    at getCompletionEntryCodeActionsAndSourceDisplay (/usr/share/code/resources/app/extensions/node_modules/typescript/lib/tsserver.js:136317:33)
    at Object.getCompletionEntryDetails (/usr/share/code/resources/app/extensions/node_modules/typescript/lib/tsserver.js:136256:30)
    at Object.getCompletionEntryDetails (/usr/share/code/resources/app/extensions/node_modules/typescript/lib/tsserver.js:169146:35)
    at /usr/share/code/resources/app/extensions/node_modules/typescript/lib/tsserver.js:181337:57
    at Object.mapDefined (/usr/share/code/resources/app/extensions/node_modules/typescript/lib/tsserver.js:621:30)
    at Session.getCompletionEntryDetails (/usr/share/code/resources/app/extensions/node_modules/typescript/lib/tsserver.js:181335:33)
    at Session.handlers.ts.Map.ts.getEntries._a.<computed> (/usr/share/code/resources/app/extensions/node_modules/typescript/lib/tsserver.js:179972:61)
    at /usr/share/code/resources/app/extensions/node_modules/typescript/lib/tsserver.js:182024:96
    at Session.executeWithRequestId (/usr/share/code/resources/app/extensions/node_modules/typescript/lib/tsserver.js:182015:28)
    at Session.executeCommand (/usr/share/code/resources/app/extensions/node_modules/typescript/lib/tsserver.js:182024:41)
    at Session.onMessage (/usr/share/code/resources/app/extensions/node_modules/typescript/lib/tsserver.js:182052:35)
    at process.<anonymous> (/usr/share/code/resources/app/extensions/node_modules/typescript/lib/tsserver.js:186208:31)
    at process.emit (node:events:526:28)
    at emit (node:internal/child_process:938:14)
    at process.processTicksAndRejections (node:internal/process/task_queues:84:21): Error: <semantic> TypeScript Server Error (4.9.4)
Debug Failure.
Error: Debug Failure.
    at Object.getImportCompletionAction (/usr/share/code/resources/app/extensions/node_modules/typescript/lib/tsserver.js:156493:22)
    at getCompletionEntryCodeActionsAndSourceDisplay (/usr/share/code/resources/app/extensions/node_modules/typescript/lib/tsserver.js:136317:33)
    at Object.getCompletionEntryDetails (/usr/share/code/resources/app/extensions/node_modules/typescript/lib/tsserver.js:136256:30)
    at Object.getCompletionEntryDetails (/usr/share/code/resources/app/extensions/node_modules/typescript/lib/tsserver.js:169146:35)
    at /usr/share/code/resources/app/extensions/node_modules/typescript/lib/tsserver.js:181337:57
    at Object.mapDefined (/usr/share/code/resources/app/extensions/node_modules/typescript/lib/tsserver.js:621:30)
    at Session.getCompletionEntryDetails (/usr/share/code/resources/app/extensions/node_modules/typescript/lib/tsserver.js:181335:33)
    at Session.handlers.ts.Map.ts.getEntries._a.<computed> (/usr/share/code/resources/app/extensions/node_modules/typescript/lib/tsserver.js:179972:61)
    at /usr/share/code/resources/app/extensions/node_modules/typescript/lib/tsserver.js:182024:96
    at Session.executeWithRequestId (/usr/share/code/resources/app/extensions/node_modules/typescript/lib/tsserver.js:182015:28)
    at Session.executeCommand (/usr/share/code/resources/app/extensions/node_modules/typescript/lib/tsserver.js:182024:41)
    at Session.onMessage (/usr/share/code/resources/app/extensions/node_modules/typescript/lib/tsserver.js:182052:35)
    at process.<anonymous> (/usr/share/code/resources/app/extensions/node_modules/typescript/lib/tsserver.js:186208:31)
    at process.emit (node:events:526:28)
    at emit (node:internal/child_process:938:14)
    at process.processTicksAndRejections (node:internal/process/task_queues:84:21)
	at s.h (/usr/share/code/resources/app/out/vs/workbench/api/node/extensionHostProcess.js:94:107798)
	at process.processTicksAndRejections (node:internal/process/task_queues:96:5)
2023-03-05 01:10:37.055 [error] Cannot read properties of undefined (reading 'filter'): TypeError: Cannot read properties of undefined (reading 'filter')
	at Object.<anonymous> (/home/crpier/.vscode/extensions/bradlc.vscode-tailwindcss-0.9.7/dist/extension.js:43:11485)
	at Generator.next (<anonymous>)
	at s (/home/crpier/.vscode/extensions/bradlc.vscode-tailwindcss-0.9.7/dist/extension.js:1:1247)
2023-03-05 01:11:50.962 [error] Cannot read properties of undefined (reading 'filter'): TypeError: Cannot read properties of undefined (reading 'filter')
	at Object.<anonymous> (/home/crpier/.vscode/extensions/bradlc.vscode-tailwindcss-0.9.7/dist/extension.js:43:11485)
	at Generator.next (<anonymous>)
	at s (/home/crpier/.vscode/extensions/bradlc.vscode-tailwindcss-0.9.7/dist/extension.js:1:1247)
2023-03-05 01:11:55.595 [error] Cannot read properties of undefined (reading 'filter'): TypeError: Cannot read properties of undefined (reading 'filter')
	at Object.<anonymous> (/home/crpier/.vscode/extensions/bradlc.vscode-tailwindcss-0.9.7/dist/extension.js:43:11485)
	at Generator.next (<anonymous>)
	at s (/home/crpier/.vscode/extensions/bradlc.vscode-tailwindcss-0.9.7/dist/extension.js:1:1247)
2023-03-05 01:12:04.771 [error] Cannot read properties of undefined (reading 'filter'): TypeError: Cannot read properties of undefined (reading 'filter')
	at Object.<anonymous> (/home/crpier/.vscode/extensions/bradlc.vscode-tailwindcss-0.9.7/dist/extension.js:43:11485)
	at Generator.next (<anonymous>)
	at s (/home/crpier/.vscode/extensions/bradlc.vscode-tailwindcss-0.9.7/dist/extension.js:1:1247)
2023-03-05 01:12:32.220 [error] Cannot read properties of undefined (reading 'filter'): TypeError: Cannot read properties of undefined (reading 'filter')
	at Object.<anonymous> (/home/crpier/.vscode/extensions/bradlc.vscode-tailwindcss-0.9.7/dist/extension.js:43:11485)
	at Generator.next (<anonymous>)
	at s (/home/crpier/.vscode/extensions/bradlc.vscode-tailwindcss-0.9.7/dist/extension.js:1:1247)
2023-03-05 01:12:34.561 [error] Cannot read properties of undefined (reading 'filter'): TypeError: Cannot read properties of undefined (reading 'filter')
	at Object.<anonymous> (/home/crpier/.vscode/extensions/bradlc.vscode-tailwindcss-0.9.7/dist/extension.js:43:11485)
	at Generator.next (<anonymous>)
	at s (/home/crpier/.vscode/extensions/bradlc.vscode-tailwindcss-0.9.7/dist/extension.js:1:1247)
2023-03-05 01:12:47.751 [error] Cannot read properties of undefined (reading 'filter'): TypeError: Cannot read properties of undefined (reading 'filter')
	at Object.<anonymous> (/home/crpier/.vscode/extensions/bradlc.vscode-tailwindcss-0.9.7/dist/extension.js:43:11485)
	at Generator.next (<anonymous>)
	at s (/home/crpier/.vscode/extensions/bradlc.vscode-tailwindcss-0.9.7/dist/extension.js:1:1247)
2023-03-05 01:12:51.160 [error] Cannot read properties of undefined (reading 'filter'): TypeError: Cannot read properties of undefined (reading 'filter')
	at Object.<anonymous> (/home/crpier/.vscode/extensions/bradlc.vscode-tailwindcss-0.9.7/dist/extension.js:43:11485)
	at Generator.next (<anonymous>)
	at s (/home/crpier/.vscode/extensions/bradlc.vscode-tailwindcss-0.9.7/dist/extension.js:1:1247)
2023-03-05 01:12:52.683 [error] Cannot read properties of undefined (reading 'filter'): TypeError: Cannot read properties of undefined (reading 'filter')
	at Object.<anonymous> (/home/crpier/.vscode/extensions/bradlc.vscode-tailwindcss-0.9.7/dist/extension.js:43:11485)
	at Generator.next (<anonymous>)
	at s (/home/crpier/.vscode/extensions/bradlc.vscode-tailwindcss-0.9.7/dist/extension.js:1:1247)
2023-03-05 01:12:54.428 [error] Cannot read properties of undefined (reading 'filter'): TypeError: Cannot read properties of undefined (reading 'filter')
	at Object.<anonymous> (/home/crpier/.vscode/extensions/bradlc.vscode-tailwindcss-0.9.7/dist/extension.js:43:11485)
	at Generator.next (<anonymous>)
	at s (/home/crpier/.vscode/extensions/bradlc.vscode-tailwindcss-0.9.7/dist/extension.js:1:1247)
2023-03-05 01:13:00.336 [error] Cannot read properties of undefined (reading 'filter'): TypeError: Cannot read properties of undefined (reading 'filter')
	at Object.<anonymous> (/home/crpier/.vscode/extensions/bradlc.vscode-tailwindcss-0.9.7/dist/extension.js:43:11485)
	at Generator.next (<anonymous>)
	at s (/home/crpier/.vscode/extensions/bradlc.vscode-tailwindcss-0.9.7/dist/extension.js:1:1247)
2023-03-05 01:13:02.215 [error] Cannot read properties of undefined (reading 'filter'): TypeError: Cannot read properties of undefined (reading 'filter')
	at Object.<anonymous> (/home/crpier/.vscode/extensions/bradlc.vscode-tailwindcss-0.9.7/dist/extension.js:43:11485)
	at Generator.next (<anonymous>)
	at s (/home/crpier/.vscode/extensions/bradlc.vscode-tailwindcss-0.9.7/dist/extension.js:1:1247)
2023-03-05 01:13:19.903 [error] Cannot read properties of undefined (reading 'filter'): TypeError: Cannot read properties of undefined (reading 'filter')
	at Object.<anonymous> (/home/crpier/.vscode/extensions/bradlc.vscode-tailwindcss-0.9.7/dist/extension.js:43:11485)
	at Generator.next (<anonymous>)
	at s (/home/crpier/.vscode/extensions/bradlc.vscode-tailwindcss-0.9.7/dist/extension.js:1:1247)
2023-03-05 01:13:20.235 [error] Cannot read properties of undefined (reading 'filter'): TypeError: Cannot read properties of undefined (reading 'filter')
	at Object.<anonymous> (/home/crpier/.vscode/extensions/bradlc.vscode-tailwindcss-0.9.7/dist/extension.js:43:11485)
	at Generator.next (<anonymous>)
	at s (/home/crpier/.vscode/extensions/bradlc.vscode-tailwindcss-0.9.7/dist/extension.js:1:1247)
	at runNextTicks (node:internal/process/task_queues:61:5)
	at process.processImmediate (node:internal/timers:437:9)
2023-03-05 01:28:39.648 [error] Cannot read properties of undefined (reading 'filter'): TypeError: Cannot read properties of undefined (reading 'filter')
	at Object.<anonymous> (/home/crpier/.vscode/extensions/bradlc.vscode-tailwindcss-0.9.7/dist/extension.js:43:11485)
	at Generator.next (<anonymous>)
	at s (/home/crpier/.vscode/extensions/bradlc.vscode-tailwindcss-0.9.7/dist/extension.js:1:1247)
2023-03-05 01:28:53.483 [error] Cannot read properties of undefined (reading 'filter'): TypeError: Cannot read properties of undefined (reading 'filter')
	at Object.<anonymous> (/home/crpier/.vscode/extensions/bradlc.vscode-tailwindcss-0.9.7/dist/extension.js:43:11485)
	at Generator.next (<anonymous>)
	at s (/home/crpier/.vscode/extensions/bradlc.vscode-tailwindcss-0.9.7/dist/extension.js:1:1247)
2023-03-05 04:08:19.815 [error] Error: File not found
    at p.Yb (vscode-file://vscode-app/usr/share/code/resources/app/out/vs/workbench/workbench.desktop.main.js:2465:87671)
    at async p.setInput (vscode-file://vscode-app/usr/share/code/resources/app/out/vs/workbench/workbench.desktop.main.js:2465:87009)
    at async n.H (vscode-file://vscode-app/usr/share/code/resources/app/out/vs/workbench/workbench.desktop.main.js:2463:5097)
    at async n.y (vscode-file://vscode-app/usr/share/code/resources/app/out/vs/workbench/workbench.desktop.main.js:2463:3926)
    at async n.openEditor (vscode-file://vscode-app/usr/share/code/resources/app/out/vs/workbench/workbench.desktop.main.js:2463:3041)
    at async vscode-file://vscode-app/usr/share/code/resources/app/out/vs/workbench/workbench.desktop.main.js:2674:13506
    at async C.D (vscode-file://vscode-app/usr/share/code/resources/app/out/vs/workbench/workbench.desktop.main.js:1318:27795)
    at async C.openCodeEditor (vscode-file://vscode-app/usr/share/code/resources/app/out/vs/workbench/workbench.desktop.main.js:676:47108)
    at async ls.nagivate (vscode-file://vscode-app/usr/share/code/resources/app/out/vs/workbench/workbench.desktop.main.js:770:43734)
2023-03-05 04:13:05.696 [error] [File Watcher (universal)] restarting watcher after error: terminated by itself with code undefined, signal: SIGTRAP
2023-03-05 04:13:23.627 [error] [File Watcher (universal)] restarting watcher after error: terminated by itself with code undefined, signal: SIGTRAP
2023-03-05 04:29:39.429 [error] Cannot read properties of undefined (reading 'filter'): TypeError: Cannot read properties of undefined (reading 'filter')
	at Object.<anonymous> (/home/crpier/.vscode/extensions/bradlc.vscode-tailwindcss-0.9.7/dist/extension.js:43:11485)
	at Generator.next (<anonymous>)
	at s (/home/crpier/.vscode/extensions/bradlc.vscode-tailwindcss-0.9.7/dist/extension.js:1:1247)
2023-03-05 04:40:39.455 [error] <semantic> TypeScript Server Error (4.9.4)
Cannot read properties of undefined (reading 'getStart')
TypeError: Cannot read properties of undefined (reading 'getStart')
    at ChangeTracker.tryInsertThisTypeAnnotation (/usr/share/code/resources/app/extensions/node_modules/typescript/lib/tsserver.js:152513:101)
    at annotateThis (/usr/share/code/resources/app/extensions/node_modules/typescript/lib/tsserver.js:160459:25)
    at doChange (/usr/share/code/resources/app/extensions/node_modules/typescript/lib/tsserver.js:160407:25)
    at /usr/share/code/resources/app/extensions/node_modules/typescript/lib/tsserver.js:160279:35
    at ChangeTracker.with (/usr/share/code/resources/app/extensions/node_modules/typescript/lib/tsserver.js:152296:17)
    at Object.getCodeActions (/usr/share/code/resources/app/extensions/node_modules/typescript/lib/tsserver.js:160278:64)
    at /usr/share/code/resources/app/extensions/node_modules/typescript/lib/tsserver.js:153564:77
    at Object.flatMap (/usr/share/code/resources/app/extensions/node_modules/typescript/lib/tsserver.js:524:25)
    at Object.getFixes (/usr/share/code/resources/app/extensions/node_modules/typescript/lib/tsserver.js:153564:23)
    at /usr/share/code/resources/app/extensions/node_modules/typescript/lib/tsserver.js:169463:35
    at Object.flatMap (/usr/share/code/resources/app/extensions/node_modules/typescript/lib/tsserver.js:524:25)
    at Object.getCodeFixesAtPosition (/usr/share/code/resources/app/extensions/node_modules/typescript/lib/tsserver.js:169461:23)
    at Session.getCodeFixes (/usr/share/code/resources/app/extensions/node_modules/typescript/lib/tsserver.js:181711:64)
    at Session.handlers.ts.Map.ts.getEntries._a.<computed> (/usr/share/code/resources/app/extensions/node_modules/typescript/lib/tsserver.js:180090:61)
    at /usr/share/code/resources/app/extensions/node_modules/typescript/lib/tsserver.js:182024:96
    at Session.executeWithRequestId (/usr/share/code/resources/app/extensions/node_modules/typescript/lib/tsserver.js:182015:28)
    at Session.executeCommand (/usr/share/code/resources/app/extensions/node_modules/typescript/lib/tsserver.js:182024:41)
    at Session.onMessage (/usr/share/code/resources/app/extensions/node_modules/typescript/lib/tsserver.js:182052:35)
    at process.<anonymous> (/usr/share/code/resources/app/extensions/node_modules/typescript/lib/tsserver.js:186208:31)
    at process.emit (node:events:526:28)
    at emit (node:internal/child_process:938:14)
    at process.processTicksAndRejections (node:internal/process/task_queues:84:21): Error: <semantic> TypeScript Server Error (4.9.4)
Cannot read properties of undefined (reading 'getStart')
TypeError: Cannot read properties of undefined (reading 'getStart')
    at ChangeTracker.tryInsertThisTypeAnnotation (/usr/share/code/resources/app/extensions/node_modules/typescript/lib/tsserver.js:152513:101)
    at annotateThis (/usr/share/code/resources/app/extensions/node_modules/typescript/lib/tsserver.js:160459:25)
    at doChange (/usr/share/code/resources/app/extensions/node_modules/typescript/lib/tsserver.js:160407:25)
    at /usr/share/code/resources/app/extensions/node_modules/typescript/lib/tsserver.js:160279:35
    at ChangeTracker.with (/usr/share/code/resources/app/extensions/node_modules/typescript/lib/tsserver.js:152296:17)
    at Object.getCodeActions (/usr/share/code/resources/app/extensions/node_modules/typescript/lib/tsserver.js:160278:64)
    at /usr/share/code/resources/app/extensions/node_modules/typescript/lib/tsserver.js:153564:77
    at Object.flatMap (/usr/share/code/resources/app/extensions/node_modules/typescript/lib/tsserver.js:524:25)
    at Object.getFixes (/usr/share/code/resources/app/extensions/node_modules/typescript/lib/tsserver.js:153564:23)
    at /usr/share/code/resources/app/extensions/node_modules/typescript/lib/tsserver.js:169463:35
    at Object.flatMap (/usr/share/code/resources/app/extensions/node_modules/typescript/lib/tsserver.js:524:25)
    at Object.getCodeFixesAtPosition (/usr/share/code/resources/app/extensions/node_modules/typescript/lib/tsserver.js:169461:23)
    at Session.getCodeFixes (/usr/share/code/resources/app/extensions/node_modules/typescript/lib/tsserver.js:181711:64)
    at Session.handlers.ts.Map.ts.getEntries._a.<computed> (/usr/share/code/resources/app/extensions/node_modules/typescript/lib/tsserver.js:180090:61)
    at /usr/share/code/resources/app/extensions/node_modules/typescript/lib/tsserver.js:182024:96
    at Session.executeWithRequestId (/usr/share/code/resources/app/extensions/node_modules/typescript/lib/tsserver.js:182015:28)
    at Session.executeCommand (/usr/share/code/resources/app/extensions/node_modules/typescript/lib/tsserver.js:182024:41)
    at Session.onMessage (/usr/share/code/resources/app/extensions/node_modules/typescript/lib/tsserver.js:182052:35)
    at process.<anonymous> (/usr/share/code/resources/app/extensions/node_modules/typescript/lib/tsserver.js:186208:31)
    at process.emit (node:events:526:28)
    at emit (node:internal/child_process:938:14)
    at process.processTicksAndRejections (node:internal/process/task_queues:84:21)
	at n.create (/usr/share/code/resources/app/extensions/typescript-language-features/dist/extension.js:2:1499744)
	at d.w (/usr/share/code/resources/app/extensions/typescript-language-features/dist/extension.js:2:1495016)
	at d.u (/usr/share/code/resources/app/extensions/typescript-language-features/dist/extension.js:2:1494095)
	at ChildProcess.<anonymous> (/usr/share/code/resources/app/extensions/typescript-language-features/dist/extension.js:2:1493723)
	at ChildProcess.emit (node:events:526:28)
	at emit (node:internal/child_process:938:14)
	at process.processTicksAndRejections (node:internal/process/task_queues:84:21)
2023-03-05 04:54:55.693 [error] Cannot read properties of undefined (reading 'filter'): TypeError: Cannot read properties of undefined (reading 'filter')
	at Object.<anonymous> (/home/crpier/.vscode/extensions/bradlc.vscode-tailwindcss-0.9.7/dist/extension.js:43:11485)
	at Generator.next (<anonymous>)
	at s (/home/crpier/.vscode/extensions/bradlc.vscode-tailwindcss-0.9.7/dist/extension.js:1:1247)
2023-03-05 04:55:04.118 [error] Cannot read properties of undefined (reading 'filter'): TypeError: Cannot read properties of undefined (reading 'filter')
	at Object.<anonymous> (/home/crpier/.vscode/extensions/bradlc.vscode-tailwindcss-0.9.7/dist/extension.js:43:11485)
	at Generator.next (<anonymous>)
	at s (/home/crpier/.vscode/extensions/bradlc.vscode-tailwindcss-0.9.7/dist/extension.js:1:1247)
2023-03-05 05:07:59.629 [error] Cannot read properties of undefined (reading 'filter'): TypeError: Cannot read properties of undefined (reading 'filter')
	at Object.<anonymous> (/home/crpier/.vscode/extensions/bradlc.vscode-tailwindcss-0.9.7/dist/extension.js:43:11485)
	at Generator.next (<anonymous>)
	at s (/home/crpier/.vscode/extensions/bradlc.vscode-tailwindcss-0.9.7/dist/extension.js:1:1247)
2023-03-05 06:00:48.873 [error] Error: File not found
    at p.Yb (vscode-file://vscode-app/usr/share/code/resources/app/out/vs/workbench/workbench.desktop.main.js:2465:87671)
    at async p.setInput (vscode-file://vscode-app/usr/share/code/resources/app/out/vs/workbench/workbench.desktop.main.js:2465:87009)
    at async n.H (vscode-file://vscode-app/usr/share/code/resources/app/out/vs/workbench/workbench.desktop.main.js:2463:5097)
    at async n.y (vscode-file://vscode-app/usr/share/code/resources/app/out/vs/workbench/workbench.desktop.main.js:2463:3926)
    at async n.openEditor (vscode-file://vscode-app/usr/share/code/resources/app/out/vs/workbench/workbench.desktop.main.js:2463:3041)
    at async vscode-file://vscode-app/usr/share/code/resources/app/out/vs/workbench/workbench.desktop.main.js:2674:13506
    at async C.D (vscode-file://vscode-app/usr/share/code/resources/app/out/vs/workbench/workbench.desktop.main.js:1318:27795)
    at async C.openCodeEditor (vscode-file://vscode-app/usr/share/code/resources/app/out/vs/workbench/workbench.desktop.main.js:676:47108)
    at async ls.nagivate (vscode-file://vscode-app/usr/share/code/resources/app/out/vs/workbench/workbench.desktop.main.js:770:43734)
2023-03-05 06:11:49.208 [error] Error: File not found
    at p.Yb (vscode-file://vscode-app/usr/share/code/resources/app/out/vs/workbench/workbench.desktop.main.js:2465:87671)
    at async p.setInput (vscode-file://vscode-app/usr/share/code/resources/app/out/vs/workbench/workbench.desktop.main.js:2465:87009)
    at async n.H (vscode-file://vscode-app/usr/share/code/resources/app/out/vs/workbench/workbench.desktop.main.js:2463:5097)
    at async n.y (vscode-file://vscode-app/usr/share/code/resources/app/out/vs/workbench/workbench.desktop.main.js:2463:3926)
    at async n.openEditor (vscode-file://vscode-app/usr/share/code/resources/app/out/vs/workbench/workbench.desktop.main.js:2463:3041)
    at async vscode-file://vscode-app/usr/share/code/resources/app/out/vs/workbench/workbench.desktop.main.js:2674:13506
    at async C.D (vscode-file://vscode-app/usr/share/code/resources/app/out/vs/workbench/workbench.desktop.main.js:1318:27795)
    at async C.openCodeEditor (vscode-file://vscode-app/usr/share/code/resources/app/out/vs/workbench/workbench.desktop.main.js:676:47108)
    at async ls.nagivate (vscode-file://vscode-app/usr/share/code/resources/app/out/vs/workbench/workbench.desktop.main.js:770:43734)
2023-03-05 06:17:26.271 [error] <semantic> TypeScript Server Error (4.9.4)
BADCLIENT: Bad error code, 7027 not found in range 308..2081 (found: 6133); could have caused this error:
Debug Failure. Token and statement should start at the same point. {"statementKind":"ReturnStatement","tokenKind":"EqualsToken","errorCode":7027,"start":308,"length":1773}
Error: BADCLIENT: Bad error code, 7027 not found in range 308..2081 (found: 6133); could have caused this error:
Debug Failure. Token and statement should start at the same point. {"statementKind":"ReturnStatement","tokenKind":"EqualsToken","errorCode":7027,"start":308,"length":1773}
    at doChange (/usr/share/code/resources/app/extensions/node_modules/typescript/lib/tsserver.js:159897:26)
    at /usr/share/code/resources/app/extensions/node_modules/typescript/lib/tsserver.js:159880:96
    at ChangeTracker.with (/usr/share/code/resources/app/extensions/node_modules/typescript/lib/tsserver.js:152296:17)
    at Object.getCodeActions (/usr/share/code/resources/app/extensions/node_modules/typescript/lib/tsserver.js:159880:64)
    at /usr/share/code/resources/app/extensions/node_modules/typescript/lib/tsserver.js:153564:77
    at Object.flatMap (/usr/share/code/resources/app/extensions/node_modules/typescript/lib/tsserver.js:524:25)
    at Object.getFixes (/usr/share/code/resources/app/extensions/node_modules/typescript/lib/tsserver.js:153564:23)
    at /usr/share/code/resources/app/extensions/node_modules/typescript/lib/tsserver.js:169463:35
    at Object.flatMap (/usr/share/code/resources/app/extensions/node_modules/typescript/lib/tsserver.js:524:25)
    at Object.getCodeFixesAtPosition (/usr/share/code/resources/app/extensions/node_modules/typescript/lib/tsserver.js:169461:23)
    at Session.getCodeFixes (/usr/share/code/resources/app/extensions/node_modules/typescript/lib/tsserver.js:181711:64)
    at Session.handlers.ts.Map.ts.getEntries._a.<computed> (/usr/share/code/resources/app/extensions/node_modules/typescript/lib/tsserver.js:180090:61)
    at /usr/share/code/resources/app/extensions/node_modules/typescript/lib/tsserver.js:182024:96
    at Session.executeWithRequestId (/usr/share/code/resources/app/extensions/node_modules/typescript/lib/tsserver.js:182015:28)
    at Session.executeCommand (/usr/share/code/resources/app/extensions/node_modules/typescript/lib/tsserver.js:182024:41)
    at Session.onMessage (/usr/share/code/resources/app/extensions/node_modules/typescript/lib/tsserver.js:182052:35)
    at process.<anonymous> (/usr/share/code/resources/app/extensions/node_modules/typescript/lib/tsserver.js:186208:31)
    at process.emit (node:events:526:28)
    at emit (node:internal/child_process:938:14)
    at process.processTicksAndRejections (node:internal/process/task_queues:84:21): Error: <semantic> TypeScript Server Error (4.9.4)
BADCLIENT: Bad error code, 7027 not found in range 308..2081 (found: 6133); could have caused this error:
Debug Failure. Token and statement should start at the same point. {"statementKind":"ReturnStatement","tokenKind":"EqualsToken","errorCode":7027,"start":308,"length":1773}
Error: BADCLIENT: Bad error code, 7027 not found in range 308..2081 (found: 6133); could have caused this error:
Debug Failure. Token and statement should start at the same point. {"statementKind":"ReturnStatement","tokenKind":"EqualsToken","errorCode":7027,"start":308,"length":1773}
    at doChange (/usr/share/code/resources/app/extensions/node_modules/typescript/lib/tsserver.js:159897:26)
    at /usr/share/code/resources/app/extensions/node_modules/typescript/lib/tsserver.js:159880:96
    at ChangeTracker.with (/usr/share/code/resources/app/extensions/node_modules/typescript/lib/tsserver.js:152296:17)
    at Object.getCodeActions (/usr/share/code/resources/app/extensions/node_modules/typescript/lib/tsserver.js:159880:64)
    at /usr/share/code/resources/app/extensions/node_modules/typescript/lib/tsserver.js:153564:77
    at Object.flatMap (/usr/share/code/resources/app/extensions/node_modules/typescript/lib/tsserver.js:524:25)
    at Object.getFixes (/usr/share/code/resources/app/extensions/node_modules/typescript/lib/tsserver.js:153564:23)
    at /usr/share/code/resources/app/extensions/node_modules/typescript/lib/tsserver.js:169463:35
    at Object.flatMap (/usr/share/code/resources/app/extensions/node_modules/typescript/lib/tsserver.js:524:25)
    at Object.getCodeFixesAtPosition (/usr/share/code/resources/app/extensions/node_modules/typescript/lib/tsserver.js:169461:23)
    at Session.getCodeFixes (/usr/share/code/resources/app/extensions/node_modules/typescript/lib/tsserver.js:181711:64)
    at Session.handlers.ts.Map.ts.getEntries._a.<computed> (/usr/share/code/resources/app/extensions/node_modules/typescript/lib/tsserver.js:180090:61)
    at /usr/share/code/resources/app/extensions/node_modules/typescript/lib/tsserver.js:182024:96
    at Session.executeWithRequestId (/usr/share/code/resources/app/extensions/node_modules/typescript/lib/tsserver.js:182015:28)
    at Session.executeCommand (/usr/share/code/resources/app/extensions/node_modules/typescript/lib/tsserver.js:182024:41)
    at Session.onMessage (/usr/share/code/resources/app/extensions/node_modules/typescript/lib/tsserver.js:182052:35)
    at process.<anonymous> (/usr/share/code/resources/app/extensions/node_modules/typescript/lib/tsserver.js:186208:31)
    at process.emit (node:events:526:28)
    at emit (node:internal/child_process:938:14)
    at process.processTicksAndRejections (node:internal/process/task_queues:84:21)
	at n.create (/usr/share/code/resources/app/extensions/typescript-language-features/dist/extension.js:2:1499744)
	at d.w (/usr/share/code/resources/app/extensions/typescript-language-features/dist/extension.js:2:1495016)
	at d.u (/usr/share/code/resources/app/extensions/typescript-language-features/dist/extension.js:2:1494095)
	at ChildProcess.<anonymous> (/usr/share/code/resources/app/extensions/typescript-language-features/dist/extension.js:2:1493723)
	at ChildProcess.emit (node:events:526:28)
	at emit (node:internal/child_process:938:14)
	at process.processTicksAndRejections (node:internal/process/task_queues:84:21)
2023-03-05 20:07:29.226 [error] <semantic> TypeScript Server Error (4.9.4)
Debug Failure. False expression: Token end is child end
Error: Debug Failure. False expression: Token end is child end
    at processChildNode (/usr/share/code/resources/app/extensions/node_modules/typescript/lib/tsserver.js:150867:38)
    at /usr/share/code/resources/app/extensions/node_modules/typescript/lib/tsserver.js:150803:21
    at visitNode (/usr/share/code/resources/app/extensions/node_modules/typescript/lib/tsserver.js:31215:24)
    at forEachChildInJsxAttribute (/usr/share/code/resources/app/extensions/node_modules/typescript/lib/tsserver.js:31805:17)
    at Object.forEachChild (/usr/share/code/resources/app/extensions/node_modules/typescript/lib/tsserver.js:31998:47)
    at processNode (/usr/share/code/resources/app/extensions/node_modules/typescript/lib/tsserver.js:150802:20)
    at processChildNode (/usr/share/code/resources/app/extensions/node_modules/typescript/lib/tsserver.js:150874:21)
    at processChildNodes (/usr/share/code/resources/app/extensions/node_modules/typescript/lib/tsserver.js:150929:48)
    at /usr/share/code/resources/app/extensions/node_modules/typescript/lib/tsserver.js:150805:21
    at visitNodes (/usr/share/code/resources/app/extensions/node_modules/typescript/lib/tsserver.js:31220:24)
    at forEachChildInJsxAttributes (/usr/share/code/resources/app/extensions/node_modules/typescript/lib/tsserver.js:31801:20)
    at Object.forEachChild (/usr/share/code/resources/app/extensions/node_modules/typescript/lib/tsserver.js:31998:47)
    at processNode (/usr/share/code/resources/app/extensions/node_modules/typescript/lib/tsserver.js:150802:20)
    at processChildNode (/usr/share/code/resources/app/extensions/node_modules/typescript/lib/tsserver.js:150874:21)
    at /usr/share/code/resources/app/extensions/node_modules/typescript/lib/tsserver.js:150803:21
    at visitNode (/usr/share/code/resources/app/extensions/node_modules/typescript/lib/tsserver.js:31215:24)
    at forEachChildInJsxOpeningOrSelfClosingElement (/usr/share/code/resources/app/extensions/node_modules/typescript/lib/tsserver.js:31953:13)
    at Object.forEachChild (/usr/share/code/resources/app/extensions/node_modules/typescript/lib/tsserver.js:31998:47)
    at processNode (/usr/share/code/resources/app/extensions/node_modules/typescript/lib/tsserver.js:150802:20)
    at processChildNode (/usr/share/code/resources/app/extensions/node_modules/typescript/lib/tsserver.js:150874:21)
    at /usr/share/code/resources/app/extensions/node_modules/typescript/lib/tsserver.js:150803:21
    at visitNode (/usr/share/code/resources/app/extensions/node_modules/typescript/lib/tsserver.js:31215:24)
    at forEachChildInJsxElement (/usr/share/code/resources/app/extensions/node_modules/typescript/lib/tsserver.js:31789:20)
    at Object.forEachChild (/usr/share/code/resources/app/extensions/node_modules/typescript/lib/tsserver.js:31998:47)
    at processNode (/usr/share/code/resources/app/extensions/node_modules/typescript/lib/tsserver.js:150802:20)
    at processChildNode (/usr/share/code/resources/app/extensions/node_modules/typescript/lib/tsserver.js:150874:21)
    at processChildNodes (/usr/share/code/resources/app/extensions/node_modules/typescript/lib/tsserver.js:150929:48)
    at /usr/share/code/resources/app/extensions/node_modules/typescript/lib/tsserver.js:150805:21
    at visitNodes (/usr/share/code/resources/app/extensions/node_modules/typescript/lib/tsserver.js:31220:24)
    at forEachChildInJsxElement (/usr/share/code/resources/app/extensions/node_modules/typescript/lib/tsserver.js:31790:17)
    at Object.forEachChild (/usr/share/code/resources/app/extensions/node_modules/typescript/lib/tsserver.js:31998:47)
    at processNode (/usr/share/code/resources/app/extensions/node_modules/typescript/lib/tsserver.js:150802:20)
    at processChildNode (/usr/share/code/resources/app/extensions/node_modules/typescript/lib/tsserver.js:150874:21)
    at processChildNodes (/usr/share/code/resources/app/extensions/node_modules/typescript/lib/tsserver.js:150929:48)
    at /usr/share/code/resources/app/extensions/node_modules/typescript/lib/tsserver.js:150805:21
    at visitNodes (/usr/share/code/resources/app/extensions/node_modules/typescript/lib/tsserver.js:31220:24)
    at forEachChildInJsxElement (/usr/share/code/resources/app/extensions/node_modules/typescript/lib/tsserver.js:31790:17)
    at Object.forEachChild (/usr/share/code/resources/app/extensions/node_modules/typescript/lib/tsserver.js:31998:47)
    at processNode (/usr/share/code/resources/app/extensions/node_modules/typescript/lib/tsserver.js:150802:20)
    at processChildNode (/usr/share/code/resources/app/extensions/node_modules/typescript/lib/tsserver.js:150874:21)
    at processChildNodes (/usr/share/code/resources/app/extensions/node_modules/typescript/lib/tsserver.js:150929:48)
    at /usr/share/code/resources/app/extensions/node_modules/typescript/lib/tsserver.js:150805:21
    at visitNodes (/usr/share/code/resources/app/extensions/node_modules/typescript/lib/tsserver.js:31220:24)
    at forEachChildInJsxFragment (/usr/share/code/resources/app/extensions/node_modules/typescript/lib/tsserver.js:31795:17)
    at Object.forEachChild (/usr/share/code/resources/app/extensions/node_modules/typescript/lib/tsserver.js:31998:47)
    at processNode (/usr/share/code/resources/app/extensions/node_modules/typescript/lib/tsserver.js:150802:20)
    at formatSpanWorker (/usr/share/code/resources/app/extensions/node_modules/typescript/lib/tsserver.js:150581:17)
    at /usr/share/code/resources/app/extensions/node_modules/typescript/lib/tsserver.js:150543:140
    at Object.getFormattingScanner (/usr/share/code/resources/app/extensions/node_modules/typescript/lib/tsserver.js:149163:23)
    at Object.formatNodeGivenIndentation (/usr/share/code/resources/app/extensions/node_modules/typescript/lib/tsserver.js:150543:31)
    at getFormattedTextOfNode (/usr/share/code/resources/app/extensions/node_modules/typescript/lib/tsserver.js:153036:45)
    at format (/usr/share/code/resources/app/extensions/node_modules/typescript/lib/tsserver.js:153007:52)
    at computeNewText (/usr/share/code/resources/app/extensions/node_modules/typescript/lib/tsserver.js:153010:23)
    at /usr/share/code/resources/app/extensions/node_modules/typescript/lib/tsserver.js:152974:39
    at Object.mapDefined (/usr/share/code/resources/app/extensions/node_modules/typescript/lib/tsserver.js:621:30)
    at /usr/share/code/resources/app/extensions/node_modules/typescript/lib/tsserver.js:152972:42
    at Object.mapDefined (/usr/share/code/resources/app/extensions/node_modules/typescript/lib/tsserver.js:621:30)
    at Object.getTextChangesFromChanges (/usr/share/code/resources/app/extensions/node_modules/typescript/lib/tsserver.js:152958:27)
    at ChangeTracker.getChanges (/usr/share/code/resources/app/extensions/node_modules/typescript/lib/tsserver.js:152877:45)
    at ChangeTracker.with (/usr/share/code/resources/app/extensions/node_modules/typescript/lib/tsserver.js:152297:32)
    at Object.getCodeActionsToWrapJsxInFragment [as getCodeActions] (/usr/share/code/resources/app/extensions/node_modules/typescript/lib/tsserver.js:162505:64)
    at /usr/share/code/resources/app/extensions/node_modules/typescript/lib/tsserver.js:153564:77
    at Object.flatMap (/usr/share/code/resources/app/extensions/node_modules/typescript/lib/tsserver.js:524:25)
    at Object.getFixes (/usr/share/code/resources/app/extensions/node_modules/typescript/lib/tsserver.js:153564:23)
    at /usr/share/code/resources/app/extensions/node_modules/typescript/lib/tsserver.js:169463:35
    at Object.flatMap (/usr/share/code/resources/app/extensions/node_modules/typescript/lib/tsserver.js:524:25)
    at Object.getCodeFixesAtPosition (/usr/share/code/resources/app/extensions/node_modules/typescript/lib/tsserver.js:169461:23)
    at Session.getCodeFixes (/usr/share/code/resources/app/extensions/node_modules/typescript/lib/tsserver.js:181711:64)
    at Session.handlers.ts.Map.ts.getEntries._a.<computed> (/usr/share/code/resources/app/extensions/node_modules/typescript/lib/tsserver.js:180090:61)
    at /usr/share/code/resources/app/extensions/node_modules/typescript/lib/tsserver.js:182024:96
    at Session.executeWithRequestId (/usr/share/code/resources/app/extensions/node_modules/typescript/lib/tsserver.js:182015:28)
    at Session.executeCommand (/usr/share/code/resources/app/extensions/node_modules/typescript/lib/tsserver.js:182024:41)
    at Session.onMessage (/usr/share/code/resources/app/extensions/node_modules/typescript/lib/tsserver.js:182052:35)
    at process.<anonymous> (/usr/share/code/resources/app/extensions/node_modules/typescript/lib/tsserver.js:186208:31)
    at process.emit (node:events:526:28)
    at emit (node:internal/child_process:938:14)
    at process.processTicksAndRejections (node:internal/process/task_queues:84:21): Error: <semantic> TypeScript Server Error (4.9.4)
Debug Failure. False expression: Token end is child end
Error: Debug Failure. False expression: Token end is child end
    at processChildNode (/usr/share/code/resources/app/extensions/node_modules/typescript/lib/tsserver.js:150867:38)
    at /usr/share/code/resources/app/extensions/node_modules/typescript/lib/tsserver.js:150803:21
    at visitNode (/usr/share/code/resources/app/extensions/node_modules/typescript/lib/tsserver.js:31215:24)
    at forEachChildInJsxAttribute (/usr/share/code/resources/app/extensions/node_modules/typescript/lib/tsserver.js:31805:17)
    at Object.forEachChild (/usr/share/code/resources/app/extensions/node_modules/typescript/lib/tsserver.js:31998:47)
    at processNode (/usr/share/code/resources/app/extensions/node_modules/typescript/lib/tsserver.js:150802:20)
    at processChildNode (/usr/share/code/resources/app/extensions/node_modules/typescript/lib/tsserver.js:150874:21)
    at processChildNodes (/usr/share/code/resources/app/extensions/node_modules/typescript/lib/tsserver.js:150929:48)
    at /usr/share/code/resources/app/extensions/node_modules/typescript/lib/tsserver.js:150805:21
    at visitNodes (/usr/share/code/resources/app/extensions/node_modules/typescript/lib/tsserver.js:31220:24)
    at forEachChildInJsxAttributes (/usr/share/code/resources/app/extensions/node_modules/typescript/lib/tsserver.js:31801:20)
    at Object.forEachChild (/usr/share/code/resources/app/extensions/node_modules/typescript/lib/tsserver.js:31998:47)
    at processNode (/usr/share/code/resources/app/extensions/node_modules/typescript/lib/tsserver.js:150802:20)
    at processChildNode (/usr/share/code/resources/app/extensions/node_modules/typescript/lib/tsserver.js:150874:21)
    at /usr/share/code/resources/app/extensions/node_modules/typescript/lib/tsserver.js:150803:21
    at visitNode (/usr/share/code/resources/app/extensions/node_modules/typescript/lib/tsserver.js:31215:24)
    at forEachChildInJsxOpeningOrSelfClosingElement (/usr/share/code/resources/app/extensions/node_modules/typescript/lib/tsserver.js:31953:13)
    at Object.forEachChild (/usr/share/code/resources/app/extensions/node_modules/typescript/lib/tsserver.js:31998:47)
    at processNode (/usr/share/code/resources/app/extensions/node_modules/typescript/lib/tsserver.js:150802:20)
    at processChildNode (/usr/share/code/resources/app/extensions/node_modules/typescript/lib/tsserver.js:150874:21)
    at /usr/share/code/resources/app/extensions/node_modules/typescript/lib/tsserver.js:150803:21
    at visitNode (/usr/share/code/resources/app/extensions/node_modules/typescript/lib/tsserver.js:31215:24)
    at forEachChildInJsxElement (/usr/share/code/resources/app/extensions/node_modules/typescript/lib/tsserver.js:31789:20)
    at Object.forEachChild (/usr/share/code/resources/app/extensions/node_modules/typescript/lib/tsserver.js:31998:47)
    at processNode (/usr/share/code/resources/app/extensions/node_modules/typescript/lib/tsserver.js:150802:20)
    at processChildNode (/usr/share/code/resources/app/extensions/node_modules/typescript/lib/tsserver.js:150874:21)
    at processChildNodes (/usr/share/code/resources/app/extensions/node_modules/typescript/lib/tsserver.js:150929:48)
    at /usr/share/code/resources/app/extensions/node_modules/typescript/lib/tsserver.js:150805:21
    at visitNodes (/usr/share/code/resources/app/extensions/node_modules/typescript/lib/tsserver.js:31220:24)
    at forEachChildInJsxElement (/usr/share/code/resources/app/extensions/node_modules/typescript/lib/tsserver.js:31790:17)
    at Object.forEachChild (/usr/share/code/resources/app/extensions/node_modules/typescript/lib/tsserver.js:31998:47)
    at processNode (/usr/share/code/resources/app/extensions/node_modules/typescript/lib/tsserver.js:150802:20)
    at processChildNode (/usr/share/code/resources/app/extensions/node_modules/typescript/lib/tsserver.js:150874:21)
    at processChildNodes (/usr/share/code/resources/app/extensions/node_modules/typescript/lib/tsserver.js:150929:48)
    at /usr/share/code/resources/app/extensions/node_modules/typescript/lib/tsserver.js:150805:21
    at visitNodes (/usr/share/code/resources/app/extensions/node_modules/typescript/lib/tsserver.js:31220:24)
    at forEachChildInJsxElement (/usr/share/code/resources/app/extensions/node_modules/typescript/lib/tsserver.js:31790:17)
    at Object.forEachChild (/usr/share/code/resources/app/extensions/node_modules/typescript/lib/tsserver.js:31998:47)
    at processNode (/usr/share/code/resources/app/extensions/node_modules/typescript/lib/tsserver.js:150802:20)
    at processChildNode (/usr/share/code/resources/app/extensions/node_modules/typescript/lib/tsserver.js:150874:21)
    at processChildNodes (/usr/share/code/resources/app/extensions/node_modules/typescript/lib/tsserver.js:150929:48)
    at /usr/share/code/resources/app/extensions/node_modules/typescript/lib/tsserver.js:150805:21
    at visitNodes (/usr/share/code/resources/app/extensions/node_modules/typescript/lib/tsserver.js:31220:24)
    at forEachChildInJsxFragment (/usr/share/code/resources/app/extensions/node_modules/typescript/lib/tsserver.js:31795:17)
    at Object.forEachChild (/usr/share/code/resources/app/extensions/node_modules/typescript/lib/tsserver.js:31998:47)
    at processNode (/usr/share/code/resources/app/extensions/node_modules/typescript/lib/tsserver.js:150802:20)
    at formatSpanWorker (/usr/share/code/resources/app/extensions/node_modules/typescript/lib/tsserver.js:150581:17)
    at /usr/share/code/resources/app/extensions/node_modules/typescript/lib/tsserver.js:150543:140
    at Object.getFormattingScanner (/usr/share/code/resources/app/extensions/node_modules/typescript/lib/tsserver.js:149163:23)
    at Object.formatNodeGivenIndentation (/usr/share/code/resources/app/extensions/node_modules/typescript/lib/tsserver.js:150543:31)
    at getFormattedTextOfNode (/usr/share/code/resources/app/extensions/node_modules/typescript/lib/tsserver.js:153036:45)
    at format (/usr/share/code/resources/app/extensions/node_modules/typescript/lib/tsserver.js:153007:52)
    at computeNewText (/usr/share/code/resources/app/extensions/node_modules/typescript/lib/tsserver.js:153010:23)
    at /usr/share/code/resources/app/extensions/node_modules/typescript/lib/tsserver.js:152974:39
    at Object.mapDefined (/usr/share/code/resources/app/extensions/node_modules/typescript/lib/tsserver.js:621:30)
    at /usr/share/code/resources/app/extensions/node_modules/typescript/lib/tsserver.js:152972:42
    at Object.mapDefined (/usr/share/code/resources/app/extensions/node_modules/typescript/lib/tsserver.js:621:30)
    at Object.getTextChangesFromChanges (/usr/share/code/resources/app/extensions/node_modules/typescript/lib/tsserver.js:152958:27)
    at ChangeTracker.getChanges (/usr/share/code/resources/app/extensions/node_modules/typescript/lib/tsserver.js:152877:45)
    at ChangeTracker.with (/usr/share/code/resources/app/extensions/node_modules/typescript/lib/tsserver.js:152297:32)
    at Object.getCodeActionsToWrapJsxInFragment [as getCodeActions] (/usr/share/code/resources/app/extensions/node_modules/typescript/lib/tsserver.js:162505:64)
    at /usr/share/code/resources/app/extensions/node_modules/typescript/lib/tsserver.js:153564:77
    at Object.flatMap (/usr/share/code/resources/app/extensions/node_modules/typescript/lib/tsserver.js:524:25)
    at Object.getFixes (/usr/share/code/resources/app/extensions/node_modules/typescript/lib/tsserver.js:153564:23)
    at /usr/share/code/resources/app/extensions/node_modules/typescript/lib/tsserver.js:169463:35
    at Object.flatMap (/usr/share/code/resources/app/extensions/node_modules/typescript/lib/tsserver.js:524:25)
    at Object.getCodeFixesAtPosition (/usr/share/code/resources/app/extensions/node_modules/typescript/lib/tsserver.js:169461:23)
    at Session.getCodeFixes (/usr/share/code/resources/app/extensions/node_modules/typescript/lib/tsserver.js:181711:64)
    at Session.handlers.ts.Map.ts.getEntries._a.<computed> (/usr/share/code/resources/app/extensions/node_modules/typescript/lib/tsserver.js:180090:61)
    at /usr/share/code/resources/app/extensions/node_modules/typescript/lib/tsserver.js:182024:96
    at Session.executeWithRequestId (/usr/share/code/resources/app/extensions/node_modules/typescript/lib/tsserver.js:182015:28)
    at Session.executeCommand (/usr/share/code/resources/app/extensions/node_modules/typescript/lib/tsserver.js:182024:41)
    at Session.onMessage (/usr/share/code/resources/app/extensions/node_modules/typescript/lib/tsserver.js:182052:35)
    at process.<anonymous> (/usr/share/code/resources/app/extensions/node_modules/typescript/lib/tsserver.js:186208:31)
    at process.emit (node:events:526:28)
    at emit (node:internal/child_process:938:14)
    at process.processTicksAndRejections (node:internal/process/task_queues:84:21)
	at n.create (/usr/share/code/resources/app/extensions/typescript-language-features/dist/extension.js:2:1499744)
	at d.w (/usr/share/code/resources/app/extensions/typescript-language-features/dist/extension.js:2:1495016)
	at d.u (/usr/share/code/resources/app/extensions/typescript-language-features/dist/extension.js:2:1494095)
	at ChildProcess.<anonymous> (/usr/share/code/resources/app/extensions/typescript-language-features/dist/extension.js:2:1493723)
	at ChildProcess.emit (node:events:526:28)
	at emit (node:internal/child_process:938:14)
	at process.processTicksAndRejections (node:internal/process/task_queues:84:21)
