2023-03-04 22:09:18.718 [info] Added views:workbench.panel.markers.view in workbench.panel.markers
2023-03-04 22:09:18.718 [info] Added views:workbench.panel.output in workbench.panel.output
2023-03-04 22:09:18.718 [info] Added views:terminal in terminal
2023-03-04 22:09:18.718 [info] Added views:outline in workbench.view.explorer
2023-03-04 22:09:18.718 [info] Added views:workbench.scm in workbench.view.scm
2023-03-04 22:09:18.718 [info] Added views:workbench.view.search in workbench.view.search
2023-03-04 22:09:18.718 [info] Added views:timeline in workbench.view.explorer
2023-03-04 22:09:18.718 [info] Added views:workbench.explorer.fileView in workbench.view.explorer
2023-03-04 22:09:18.861 [info] Added views:workbench.debug.welcome in workbench.view.debug
2023-03-04 22:09:19.336 [info] Added views:gitlens.views.home,gitlens.views.contributors in workbench.view.extension.gitlens
2023-03-04 22:09:19.337 [info] Added views:gitlens.views.commits,gitlens.views.commitDetails,gitlens.views.fileHistory,gitlens.views.branches,gitlens.views.remotes,gitlens.views.stashes,gitlens.views.tags,gitlens.views.searchAndCompare in workbench.view.scm
2023-03-04 22:09:19.338 [info] Added views:pr:github,issues:github in workbench.view.extension.github-pull-requests
2023-03-04 22:09:19.782 [info] Added views:workbench.panel.repl.view in workbench.panel.repl
2023-03-04 22:09:22.002 [info] Removed views:issues:github,pr:github from workbench.view.extension.github-pull-requests
2023-03-04 22:09:22.004 [info] Added views:github:login in workbench.view.extension.github-pull-requests
2023-03-04 22:09:22.166 [info] Added views:github:activePullRequest:welcome in workbench.view.extension.github-pull-request
2023-03-04 22:09:22.167 [info] Removed views:github:activePullRequest:welcome from workbench.view.extension.github-pull-request
2023-03-04 22:09:22.683 [info] Added views:gitlens.views.timeline in workbench.view.extension.gitlensPanel
2023-03-04 22:09:22.685 [info] Added views:gitlens.views.worktrees in workbench.view.scm
2023-03-04 22:50:17.901 [info] Added views:workbench.panel.markers.view in workbench.panel.markers
2023-03-04 22:50:17.901 [info] Added views:workbench.panel.output in workbench.panel.output
2023-03-04 22:50:17.901 [info] Added views:terminal in terminal
2023-03-04 22:50:17.901 [info] Added views:outline in workbench.view.explorer
2023-03-04 22:50:17.901 [info] Added views:workbench.scm in workbench.view.scm
2023-03-04 22:50:17.901 [info] Added views:workbench.view.search in workbench.view.search
2023-03-04 22:50:17.901 [info] Added views:timeline in workbench.view.explorer
2023-03-04 22:50:17.901 [info] Added views:workbench.explorer.fileView in workbench.view.explorer
2023-03-04 22:50:17.901 [info] Added views:workbench.debug.welcome in workbench.view.debug
2023-03-04 22:50:18.180 [info] Added views:gitlens.views.home,gitlens.views.contributors in workbench.view.extension.gitlens
2023-03-04 22:50:18.181 [info] Added views:gitlens.views.commits,gitlens.views.commitDetails,gitlens.views.fileHistory,gitlens.views.branches,gitlens.views.remotes,gitlens.views.stashes,gitlens.views.tags,gitlens.views.searchAndCompare in workbench.view.scm
2023-03-04 22:50:18.182 [info] Added views:pr:github,issues:github in workbench.view.extension.github-pull-requests
2023-03-04 22:50:18.567 [info] Added views:workbench.panel.repl.view in workbench.panel.repl
2023-03-04 22:50:18.913 [info] Added views:workbench.view.testing in workbench.view.extension.test
2023-03-04 22:50:19.064 [info] Removed views:gitlens.views.searchAndCompare,gitlens.views.tags,gitlens.views.stashes,gitlens.views.remotes,gitlens.views.branches,gitlens.views.fileHistory,gitlens.views.commitDetails,gitlens.views.commits from workbench.view.scm
2023-03-04 22:50:19.064 [info] Removed views:gitlens.views.contributors from workbench.view.extension.gitlens
2023-03-04 22:50:20.270 [info] Removed views:workbench.view.testing from workbench.view.extension.test
2023-03-04 22:50:20.634 [info] Added views:workbench.panel.markers.view in workbench.panel.markers
2023-03-04 22:50:20.634 [info] Added views:workbench.panel.output in workbench.panel.output
2023-03-04 22:50:20.634 [info] Added views:terminal in terminal
2023-03-04 22:50:20.634 [info] Added views:outline in workbench.view.explorer
2023-03-04 22:50:20.634 [info] Added views:workbench.scm in workbench.view.scm
2023-03-04 22:50:20.634 [info] Added views:workbench.view.search in workbench.view.search
2023-03-04 22:50:20.634 [info] Added views:timeline in workbench.view.explorer
2023-03-04 22:50:20.634 [info] Added views:workbench.explorer.fileView in workbench.view.explorer
2023-03-04 22:50:20.693 [info] Added views:workbench.debug.welcome in workbench.view.debug
2023-03-04 22:50:20.834 [info] Added views:gitlens.views.home,gitlens.views.contributors in workbench.view.extension.gitlens
2023-03-04 22:50:20.835 [info] Added views:gitlens.views.commits,gitlens.views.commitDetails,gitlens.views.fileHistory,gitlens.views.branches,gitlens.views.remotes,gitlens.views.stashes,gitlens.views.tags,gitlens.views.searchAndCompare in workbench.view.scm
2023-03-04 22:50:20.839 [info] Added views:pr:github,issues:github in workbench.view.extension.github-pull-requests
2023-03-04 22:50:21.121 [info] Added views:workbench.panel.repl.view in workbench.panel.repl
2023-03-04 22:50:21.548 [info] Removed views:issues:github,pr:github from workbench.view.extension.github-pull-requests
2023-03-04 22:50:21.548 [info] Added views:github:login in workbench.view.extension.github-pull-requests
2023-03-04 22:50:21.574 [info] Added views:github:activePullRequest:welcome in workbench.view.extension.github-pull-request
2023-03-04 22:50:21.574 [info] Removed views:github:activePullRequest:welcome from workbench.view.extension.github-pull-request
2023-03-04 22:50:22.511 [info] Added views:gitlens.views.timeline in workbench.view.extension.gitlensPanel
2023-03-04 22:50:22.513 [info] Added views:gitlens.views.worktrees in workbench.view.scm
2023-03-04 22:50:23.747 [info] Added views:workbench.panel.markers.view in workbench.panel.markers
2023-03-04 22:50:23.747 [info] Added views:workbench.panel.output in workbench.panel.output
2023-03-04 22:50:23.747 [info] Added views:terminal in terminal
2023-03-04 22:50:23.747 [info] Added views:outline in workbench.view.explorer
2023-03-04 22:50:23.747 [info] Added views:workbench.scm in workbench.view.scm
2023-03-04 22:50:23.747 [info] Added views:workbench.view.search in workbench.view.search
2023-03-04 22:50:23.747 [info] Added views:timeline in workbench.view.explorer
2023-03-04 22:50:23.747 [info] Added views:workbench.explorer.fileView in workbench.view.explorer
2023-03-04 22:50:23.798 [info] Added views:workbench.debug.welcome in workbench.view.debug
2023-03-04 22:50:24.110 [info] Added views:gitlens.views.home,gitlens.views.contributors in workbench.view.extension.gitlens
2023-03-04 22:50:24.111 [info] Added views:gitlens.views.commits,gitlens.views.commitDetails,gitlens.views.fileHistory,gitlens.views.branches,gitlens.views.remotes,gitlens.views.stashes,gitlens.views.tags,gitlens.views.searchAndCompare in workbench.view.scm
2023-03-04 22:50:24.111 [info] Added views:pr:github,issues:github in workbench.view.extension.github-pull-requests
2023-03-04 22:50:24.618 [info] Added views:workbench.panel.repl.view in workbench.panel.repl
2023-03-04 22:50:25.746 [info] Removed views:issues:github,pr:github from workbench.view.extension.github-pull-requests
2023-03-04 22:50:25.746 [info] Added views:github:login in workbench.view.extension.github-pull-requests
2023-03-04 22:50:25.795 [info] Added views:github:activePullRequest:welcome in workbench.view.extension.github-pull-request
2023-03-04 22:50:25.796 [info] Removed views:github:activePullRequest:welcome from workbench.view.extension.github-pull-request
2023-03-04 22:50:26.456 [info] Added views:gitlens.views.timeline in workbench.view.extension.gitlensPanel
2023-03-04 22:50:26.458 [info] Added views:gitlens.views.worktrees in workbench.view.scm
2023-03-04 22:55:04.838 [info] Added views:workbench.view.testing in workbench.view.extension.test
2023-03-05 01:02:09.964 [info] Added views:workbench.views.extensions.installed,workbench.views.extensions.popular,extensions.recommendedList in workbench.view.extensions
2023-03-05 01:02:09.969 [info] Removed views:workbench.views.extensions.popular from workbench.view.extensions
2023-03-05 01:02:11.999 [info] Removed views:extensions.recommendedList,workbench.views.extensions.installed from workbench.view.extensions
2023-03-05 01:02:12.020 [info] Added views:workbench.views.extensions.marketplace in workbench.view.extensions
2023-03-06 01:46:44.265 [info] Removed views:workbench.view.testing from workbench.view.extension.test
