2023-03-03 10:07:30.109 [info] Extension host with pid 1418924 started
2023-03-03 10:07:30.110 [info] Skipping acquiring lock for /home/crpier/.config/Code/User/workspaceStorage/e262ee66cd6fe8b1e3e886050db11693.
2023-03-03 10:07:30.156 [info] ExtensionService#_doActivateExtension vscode.microsoft-authentication, startup: false, activationEvent: 'onAuthenticationRequest:microsoft'
2023-03-03 10:07:30.156 [info] ExtensionService#_doActivateExtension vscode.git-base, startup: true, activationEvent: '*', root cause: vscode.git
2023-03-03 10:07:30.156 [info] ExtensionService#_doActivateExtension vscode.npm, startup: true, activationEvent: 'workspaceContains:package.json'
2023-03-03 10:07:30.228 [info] ExtensionService#_doActivateExtension vscode.git, startup: true, activationEvent: '*'
2023-03-03 10:07:30.228 [info] ExtensionService#_doActivateExtension vscode.github, startup: true, activationEvent: '*'
2023-03-03 10:07:30.292 [info] Eager extensions activated
2023-03-03 10:07:30.307 [info] ExtensionService#_doActivateExtension vscode.debug-auto-launch, startup: false, activationEvent: 'onStartupFinished'
2023-03-03 10:07:30.307 [info] ExtensionService#_doActivateExtension vscode.emmet, startup: false, activationEvent: 'onStartupFinished'
2023-03-03 10:07:30.307 [info] ExtensionService#_doActivateExtension vscode.merge-conflict, startup: false, activationEvent: 'onStartupFinished'
2023-03-03 10:07:30.361 [info] ExtensionService#_doActivateExtension vscode.github-authentication, startup: false, activationEvent: 'onAuthenticationRequest:github'
2023-03-03 10:07:37.638 [info] ExtensionService#_doActivateExtension vscode.typescript-language-features, startup: false, activationEvent: 'onLanguage:typescriptreact'
2023-03-03 10:07:51.707 [info] ExtensionService#_doActivateExtension vscodevim.vim, startup: false, activationEvent: '*'
2023-03-03 10:07:52.796 [error] Error: ENOENT: no such file or directory, open '/home/crpier/.config/Code/User/globalStorage/vscodevim.vim/.registers'
2023-03-03 10:13:44.110 [info] ExtensionService#_doActivateExtension vscode.configuration-editing, startup: false, activationEvent: 'onLanguage:jsonc'
2023-03-03 10:13:44.110 [info] ExtensionService#_doActivateExtension vscode.json-language-features, startup: false, activationEvent: 'onLanguage:jsonc'
2023-03-03 10:18:01.040 [info] ExtensionService#_doActivateExtension vscode.media-preview, startup: false, activationEvent: 'onCustomEditor:imagePreview.previewEditor'
2023-03-03 10:26:20.703 [info] Extension host terminating: received terminate message from renderer
2023-03-03 10:26:20.717 [error] TypeError: r.some is not a function
	at d.saveToDisk (/home/crpier/.vscode/extensions/vscodevim.vim-1.25.2/out/extension.js:2:669912)
	at t.deactivate (/home/crpier/.vscode/extensions/vscodevim.vim-1.25.2/out/extension.js:2:213764)
	at d.X (/usr/share/code/resources/app/out/vs/workbench/api/node/extensionHostProcess.js:106:11333)
	at /usr/share/code/resources/app/out/vs/workbench/api/node/extensionHostProcess.js:106:9301
	at Array.map (<anonymous>)
	at d.Q (/usr/share/code/resources/app/out/vs/workbench/api/node/extensionHostProcess.js:106:9288)
	at d.terminate (/usr/share/code/resources/app/out/vs/workbench/api/node/extensionHostProcess.js:106:9563)
	at f.terminate (/usr/share/code/resources/app/out/vs/workbench/api/node/extensionHostProcess.js:110:1397)
	at b (/usr/share/code/resources/app/out/vs/workbench/api/node/extensionHostProcess.js:120:17815)
	at /usr/share/code/resources/app/out/vs/workbench/api/node/extensionHostProcess.js:120:15750
	at d.invoke (/usr/share/code/resources/app/out/vs/workbench/api/node/extensionHostProcess.js:63:145)
	at w.deliver (/usr/share/code/resources/app/out/vs/workbench/api/node/extensionHostProcess.js:63:2029)
	at g.fire (/usr/share/code/resources/app/out/vs/workbench/api/node/extensionHostProcess.js:63:1667)
	at h.fire (/usr/share/code/resources/app/out/vs/workbench/api/node/extensionHostProcess.js:72:14314)
	at c.y (/usr/share/code/resources/app/out/vs/workbench/api/node/extensionHostProcess.js:72:17324)
	at /usr/share/code/resources/app/out/vs/workbench/api/node/extensionHostProcess.js:72:15795
	at d.invoke (/usr/share/code/resources/app/out/vs/workbench/api/node/extensionHostProcess.js:63:145)
	at w.deliver (/usr/share/code/resources/app/out/vs/workbench/api/node/extensionHostProcess.js:63:2029)
	at g.fire (/usr/share/code/resources/app/out/vs/workbench/api/node/extensionHostProcess.js:63:1667)
	at g.acceptChunk (/usr/share/code/resources/app/out/vs/workbench/api/node/extensionHostProcess.js:72:12045)
	at /usr/share/code/resources/app/out/vs/workbench/api/node/extensionHostProcess.js:72:11332
	at Socket.l (/usr/share/code/resources/app/out/vs/workbench/api/node/extensionHostProcess.js:72:19792)
	at Socket.emit (node:events:526:28)
	at addChunk (node:internal/streams/readable:315:12)
	at readableAddChunk (node:internal/streams/readable:289:9)
	at Readable.push (node:internal/streams/readable:228:10)
	at Pipe.onStreamRead (node:internal/stream_base_commons:190:23)
2023-03-03 10:26:20.724 [info] Extension host with pid 1418924 exiting with code 0
2023-03-03 10:26:21.678 [info] Extension host with pid 1421956 started
2023-03-03 10:26:21.678 [info] Skipping acquiring lock for /home/crpier/.config/Code/User/workspaceStorage/e262ee66cd6fe8b1e3e886050db11693.
2023-03-03 10:26:21.754 [info] ExtensionService#_doActivateExtension vscode.typescript-language-features, startup: false, activationEvent: 'onLanguage:typescriptreact'
2023-03-03 10:26:21.755 [info] ExtensionService#_doActivateExtension vscode.microsoft-authentication, startup: false, activationEvent: 'onAuthenticationRequest:microsoft'
2023-03-03 10:26:21.755 [info] ExtensionService#_doActivateExtension vscode.git-base, startup: true, activationEvent: '*', root cause: vscode.git
2023-03-03 10:26:21.755 [info] ExtensionService#_doActivateExtension vscodevim.vim, startup: true, activationEvent: '*'
2023-03-03 10:26:21.755 [info] ExtensionService#_doActivateExtension vscode.npm, startup: true, activationEvent: 'workspaceContains:package.json'
2023-03-03 10:26:22.128 [info] ExtensionService#_doActivateExtension vscode.git, startup: true, activationEvent: '*'
2023-03-03 10:26:22.128 [info] ExtensionService#_doActivateExtension vscode.github, startup: true, activationEvent: '*'
2023-03-03 10:26:22.231 [info] Eager extensions activated
2023-03-03 10:26:22.261 [info] ExtensionService#_doActivateExtension vscode.debug-auto-launch, startup: false, activationEvent: 'onStartupFinished'
2023-03-03 10:26:22.261 [info] ExtensionService#_doActivateExtension vscode.emmet, startup: false, activationEvent: 'onStartupFinished'
2023-03-03 10:26:22.261 [info] ExtensionService#_doActivateExtension vscode.merge-conflict, startup: false, activationEvent: 'onStartupFinished'
2023-03-03 10:26:22.306 [info] ExtensionService#_doActivateExtension vscode.github-authentication, startup: false, activationEvent: 'onAuthenticationRequest:github'
2023-03-03 10:26:23.088 [error] Error: ENOENT: no such file or directory, open '/home/crpier/.config/Code/User/globalStorage/vscodevim.vim/.registers'
2023-03-03 10:26:46.036 [info] ExtensionService#_doActivateExtension eamodio.gitlens, startup: false, activationEvent: 'onStartupFinished'
2023-03-03 10:27:04.352 [warning] TextEditor is closed/disposed
2023-03-03 10:27:04.726 [warning] TextEditor is closed/disposed
2023-03-03 10:27:05.098 [warning] TextEditor is closed/disposed
2023-03-03 10:27:05.517 [warning] TextEditor is closed/disposed
2023-03-03 10:30:03.379 [info] ExtensionService#_doActivateExtension GitHub.vscode-pull-request-github, startup: false, activationEvent: 'onStartupFinished'
2023-03-03 10:31:37.190 [info] ExtensionService#_doActivateExtension bradlc.vscode-tailwindcss, startup: false, activationEvent: 'onStartupFinished'
2023-03-03 10:33:28.534 [error] Error: 'github' authentication is required for this operation
	at GitHubGitProvider.r (/home/crpier/.vscode/extensions/eamodio.gitlens-13.3.1/dist/feature-github.js:1:84206)
	at process.processTicksAndRejections (node:internal/process/task_queues:96:5)
2023-03-03 10:50:31.478 [warning] TextEditor is closed/disposed
2023-03-03 13:03:51.243 [warning] TextEditor is closed/disposed
2023-03-03 13:03:54.186 [warning] TextEditor is closed/disposed
2023-03-03 13:09:22.081 [warning] TextEditor is closed/disposed
2023-03-03 13:09:34.378 [warning] TextEditor is closed/disposed
2023-03-03 13:09:39.013 [warning] TextEditor is closed/disposed
2023-03-03 13:09:39.083 [info] ExtensionService#_doActivateExtension vscode.configuration-editing, startup: false, activationEvent: 'onLanguage:jsonc'
2023-03-03 13:09:39.083 [info] ExtensionService#_doActivateExtension vscode.json-language-features, startup: false, activationEvent: 'onLanguage:jsonc'
2023-03-03 13:09:45.017 [warning] TextEditor is closed/disposed
2023-03-03 13:10:12.828 [warning] TextEditor is closed/disposed
2023-03-03 13:10:15.708 [warning] TextEditor is closed/disposed
2023-03-03 13:12:49.881 [info] Extension host terminating: received terminate message from renderer
2023-03-03 13:12:49.908 [warning] {"name":"Canceled"}
2023-03-03 13:12:49.910 [error] TypeError: r.some is not a function
	at d.saveToDisk (/home/crpier/.vscode/extensions/vscodevim.vim-1.25.2/out/extension.js:2:669912)
	at t.deactivate (/home/crpier/.vscode/extensions/vscodevim.vim-1.25.2/out/extension.js:2:213764)
	at d.X (/usr/share/code/resources/app/out/vs/workbench/api/node/extensionHostProcess.js:106:11333)
	at /usr/share/code/resources/app/out/vs/workbench/api/node/extensionHostProcess.js:106:9301
	at Array.map (<anonymous>)
	at d.Q (/usr/share/code/resources/app/out/vs/workbench/api/node/extensionHostProcess.js:106:9288)
	at d.terminate (/usr/share/code/resources/app/out/vs/workbench/api/node/extensionHostProcess.js:106:9563)
	at f.terminate (/usr/share/code/resources/app/out/vs/workbench/api/node/extensionHostProcess.js:110:1397)
	at b (/usr/share/code/resources/app/out/vs/workbench/api/node/extensionHostProcess.js:120:17815)
	at /usr/share/code/resources/app/out/vs/workbench/api/node/extensionHostProcess.js:120:15750
	at d.invoke (/usr/share/code/resources/app/out/vs/workbench/api/node/extensionHostProcess.js:63:145)
	at w.deliver (/usr/share/code/resources/app/out/vs/workbench/api/node/extensionHostProcess.js:63:2029)
	at g.fire (/usr/share/code/resources/app/out/vs/workbench/api/node/extensionHostProcess.js:63:1667)
	at h.fire (/usr/share/code/resources/app/out/vs/workbench/api/node/extensionHostProcess.js:72:14314)
	at c.y (/usr/share/code/resources/app/out/vs/workbench/api/node/extensionHostProcess.js:72:17324)
	at /usr/share/code/resources/app/out/vs/workbench/api/node/extensionHostProcess.js:72:15795
	at d.invoke (/usr/share/code/resources/app/out/vs/workbench/api/node/extensionHostProcess.js:63:145)
	at w.deliver (/usr/share/code/resources/app/out/vs/workbench/api/node/extensionHostProcess.js:63:2029)
	at g.fire (/usr/share/code/resources/app/out/vs/workbench/api/node/extensionHostProcess.js:63:1667)
	at g.acceptChunk (/usr/share/code/resources/app/out/vs/workbench/api/node/extensionHostProcess.js:72:12045)
	at /usr/share/code/resources/app/out/vs/workbench/api/node/extensionHostProcess.js:72:11332
	at Socket.l (/usr/share/code/resources/app/out/vs/workbench/api/node/extensionHostProcess.js:72:19792)
	at Socket.emit (node:events:526:28)
	at addChunk (node:internal/streams/readable:315:12)
	at readableAddChunk (node:internal/streams/readable:289:9)
	at Readable.push (node:internal/streams/readable:228:10)
	at Pipe.onStreamRead (node:internal/stream_base_commons:190:23)
2023-03-03 13:12:49.920 [info] Extension host with pid 1421956 exiting with code 0
2023-03-03 13:12:51.246 [info] Extension host with pid 1429713 started
2023-03-03 13:12:51.246 [info] Skipping acquiring lock for /home/crpier/.config/Code/User/workspaceStorage/e262ee66cd6fe8b1e3e886050db11693.
2023-03-03 13:12:51.460 [info] ExtensionService#_doActivateExtension vscode.typescript-language-features, startup: false, activationEvent: 'onLanguage:typescriptreact'
2023-03-03 13:12:51.460 [info] ExtensionService#_doActivateExtension vscode.microsoft-authentication, startup: false, activationEvent: 'onAuthenticationRequest:microsoft'
2023-03-03 13:12:51.460 [info] ExtensionService#_doActivateExtension vscode.git-base, startup: true, activationEvent: '*', root cause: vscode.git
2023-03-03 13:12:51.460 [info] ExtensionService#_doActivateExtension vscodevim.vim, startup: true, activationEvent: '*'
2023-03-03 13:12:51.460 [info] ExtensionService#_doActivateExtension vscode.npm, startup: true, activationEvent: 'workspaceContains:package.json'
2023-03-03 13:12:51.636 [info] ExtensionService#_doActivateExtension vscode.git, startup: true, activationEvent: '*'
2023-03-03 13:12:51.636 [info] ExtensionService#_doActivateExtension vscode.github, startup: true, activationEvent: '*'
2023-03-03 13:12:51.815 [info] Eager extensions activated
2023-03-03 13:12:51.855 [info] ExtensionService#_doActivateExtension vscode.github-authentication, startup: false, activationEvent: 'onAuthenticationRequest:github'
2023-03-03 13:12:51.855 [info] ExtensionService#_doActivateExtension vscode.debug-auto-launch, startup: false, activationEvent: 'onStartupFinished'
2023-03-03 13:12:51.855 [info] ExtensionService#_doActivateExtension vscode.emmet, startup: false, activationEvent: 'onStartupFinished'
2023-03-03 13:12:51.856 [info] ExtensionService#_doActivateExtension vscode.merge-conflict, startup: false, activationEvent: 'onStartupFinished'
2023-03-03 13:12:51.856 [info] ExtensionService#_doActivateExtension bradlc.vscode-tailwindcss, startup: false, activationEvent: 'onStartupFinished'
2023-03-03 13:12:51.856 [info] ExtensionService#_doActivateExtension eamodio.gitlens, startup: false, activationEvent: 'onStartupFinished'
2023-03-03 13:12:52.195 [info] ExtensionService#_doActivateExtension GitHub.vscode-pull-request-github, startup: false, activationEvent: 'onStartupFinished'
2023-03-03 13:12:52.599 [error] Error: ENOENT: no such file or directory, open '/home/crpier/.config/Code/User/globalStorage/vscodevim.vim/.registers'
2023-03-03 13:15:58.846 [warning] TextEditor is closed/disposed
2023-03-03 13:15:58.898 [info] ExtensionService#_doActivateExtension vscode.configuration-editing, startup: false, activationEvent: 'onLanguage:jsonc'
2023-03-03 13:15:58.898 [info] ExtensionService#_doActivateExtension vscode.json-language-features, startup: false, activationEvent: 'onLanguage:jsonc'
2023-03-03 13:17:19.078 [warning] TextEditor is closed/disposed
2023-03-03 14:13:27.369 [error] [eamodio.gitlens] provider FAILED
2023-03-03 14:13:27.370 [error] Error: Command failed: /usr/bin/git -c core.quotepath=false -c color.ui=false -c log.showSignature=false log --format=%x3cr%x3e%x20%H -n3 -m -L 2,2:src/root.tsx
fatal: There is no path src/root.tsx in the commit

	at /home/crpier/.vscode/extensions/eamodio.gitlens-13.3.1/dist/gitlens.js:1:55840
	at ChildProcess.exithandler (node:child_process:415:5)
	at ChildProcess.emit (node:events:526:28)
	at maybeClose (node:internal/child_process:1092:16)
	at ChildProcess._handle.onexit (node:internal/child_process:302:5)
2023-03-03 14:29:10.997 [warning] TextEditor is closed/disposed
2023-03-03 14:33:04.805 [info] Extension host terminating: received terminate message from renderer
2023-03-03 14:33:04.839 [warning] {"name":"Canceled"}
2023-03-03 14:33:04.840 [error] TypeError: r.some is not a function
	at d.saveToDisk (/home/crpier/.vscode/extensions/vscodevim.vim-1.25.2/out/extension.js:2:669912)
	at t.deactivate (/home/crpier/.vscode/extensions/vscodevim.vim-1.25.2/out/extension.js:2:213764)
	at d.X (/usr/share/code/resources/app/out/vs/workbench/api/node/extensionHostProcess.js:106:11333)
	at /usr/share/code/resources/app/out/vs/workbench/api/node/extensionHostProcess.js:106:9301
	at Array.map (<anonymous>)
	at d.Q (/usr/share/code/resources/app/out/vs/workbench/api/node/extensionHostProcess.js:106:9288)
	at d.terminate (/usr/share/code/resources/app/out/vs/workbench/api/node/extensionHostProcess.js:106:9563)
	at f.terminate (/usr/share/code/resources/app/out/vs/workbench/api/node/extensionHostProcess.js:110:1397)
	at b (/usr/share/code/resources/app/out/vs/workbench/api/node/extensionHostProcess.js:120:17815)
	at /usr/share/code/resources/app/out/vs/workbench/api/node/extensionHostProcess.js:120:15750
	at d.invoke (/usr/share/code/resources/app/out/vs/workbench/api/node/extensionHostProcess.js:63:145)
	at w.deliver (/usr/share/code/resources/app/out/vs/workbench/api/node/extensionHostProcess.js:63:2029)
	at g.fire (/usr/share/code/resources/app/out/vs/workbench/api/node/extensionHostProcess.js:63:1667)
	at h.fire (/usr/share/code/resources/app/out/vs/workbench/api/node/extensionHostProcess.js:72:14314)
	at c.y (/usr/share/code/resources/app/out/vs/workbench/api/node/extensionHostProcess.js:72:17324)
	at /usr/share/code/resources/app/out/vs/workbench/api/node/extensionHostProcess.js:72:15795
	at d.invoke (/usr/share/code/resources/app/out/vs/workbench/api/node/extensionHostProcess.js:63:145)
	at w.deliver (/usr/share/code/resources/app/out/vs/workbench/api/node/extensionHostProcess.js:63:2029)
	at g.fire (/usr/share/code/resources/app/out/vs/workbench/api/node/extensionHostProcess.js:63:1667)
	at g.acceptChunk (/usr/share/code/resources/app/out/vs/workbench/api/node/extensionHostProcess.js:72:12045)
	at /usr/share/code/resources/app/out/vs/workbench/api/node/extensionHostProcess.js:72:11332
	at Socket.l (/usr/share/code/resources/app/out/vs/workbench/api/node/extensionHostProcess.js:72:19792)
	at Socket.emit (node:events:526:28)
	at addChunk (node:internal/streams/readable:315:12)
	at readableAddChunk (node:internal/streams/readable:289:9)
	at Readable.push (node:internal/streams/readable:228:10)
	at Pipe.onStreamRead (node:internal/stream_base_commons:190:23)
2023-03-03 14:33:04.857 [info] Extension host with pid 1429713 exiting with code 0
2023-03-03 14:33:05.883 [info] Extension host with pid 1448881 started
2023-03-03 14:33:05.883 [info] Skipping acquiring lock for /home/crpier/.config/Code/User/workspaceStorage/fadb6031d14bf3aeef385df0d308e066.
2023-03-03 14:33:06.035 [info] ExtensionService#_doActivateExtension vscode.microsoft-authentication, startup: false, activationEvent: 'onAuthenticationRequest:microsoft'
2023-03-03 14:33:06.035 [info] ExtensionService#_doActivateExtension vscode.git-base, startup: true, activationEvent: '*', root cause: vscode.git
2023-03-03 14:33:06.035 [info] ExtensionService#_doActivateExtension vscodevim.vim, startup: true, activationEvent: '*'
2023-03-03 14:33:06.035 [info] ExtensionService#_doActivateExtension ms-python.python, startup: true, activationEvent: 'workspaceContains:pyproject.toml', root cause: ms-python.isort
2023-03-03 14:33:06.322 [info] ExtensionService#_doActivateExtension vscode.git, startup: true, activationEvent: '*'
2023-03-03 14:33:06.322 [info] ExtensionService#_doActivateExtension vscode.github, startup: true, activationEvent: '*'
2023-03-03 14:33:06.383 [info] ExtensionService#_doActivateExtension ms-python.isort, startup: true, activationEvent: 'workspaceContains:pyproject.toml'
2023-03-03 14:33:06.415 [info] Eager extensions activated
2023-03-03 14:33:06.455 [info] ExtensionService#_doActivateExtension vscode.github-authentication, startup: false, activationEvent: 'onAuthenticationRequest:github'
2023-03-03 14:33:06.455 [info] ExtensionService#_doActivateExtension vscode.debug-auto-launch, startup: false, activationEvent: 'onStartupFinished'
2023-03-03 14:33:06.455 [info] ExtensionService#_doActivateExtension vscode.emmet, startup: false, activationEvent: 'onStartupFinished'
2023-03-03 14:33:06.456 [info] ExtensionService#_doActivateExtension vscode.merge-conflict, startup: false, activationEvent: 'onStartupFinished'
2023-03-03 14:33:06.456 [info] ExtensionService#_doActivateExtension bradlc.vscode-tailwindcss, startup: false, activationEvent: 'onStartupFinished'
2023-03-03 14:33:06.456 [info] ExtensionService#_doActivateExtension eamodio.gitlens, startup: false, activationEvent: 'onStartupFinished'
2023-03-03 14:33:06.586 [info] ExtensionService#_doActivateExtension vscode.configuration-editing, startup: false, activationEvent: 'onLanguage:jsonc'
2023-03-03 14:33:06.586 [info] ExtensionService#_doActivateExtension vscode.json-language-features, startup: false, activationEvent: 'onLanguage:jsonc'
2023-03-03 14:33:06.586 [info] ExtensionService#_doActivateExtension vscode.typescript-language-features, startup: false, activationEvent: 'onLanguage:jsonc'
2023-03-03 14:33:06.670 [info] ExtensionService#_doActivateExtension GitHub.vscode-pull-request-github, startup: false, activationEvent: 'onStartupFinished'
2023-03-03 14:33:06.964 [info] ExtensionService#_doActivateExtension ms-python.vscode-pylance, startup: false, activationEvent: 'onLanguage:python'
2023-03-03 14:33:07.300 [error] Error: ENOENT: no such file or directory, open '/home/crpier/.config/Code/User/globalStorage/vscodevim.vim/.registers'
2023-03-03 14:33:14.897 [info] Extension host terminating: received terminate message from renderer
2023-03-03 14:33:14.919 [warning] {"name":"Canceled"}
2023-03-03 14:33:14.922 [error] ProxyResolver#resolveProxy DIRECT Canceled: Canceled
	at new k (/usr/share/code/resources/app/out/vs/workbench/api/node/extensionHostProcess.js:94:87831)
	at u.O (/usr/share/code/resources/app/out/vs/workbench/api/node/extensionHostProcess.js:104:11245)
	at G.<computed>.O.charCodeAt.G.<computed> (/usr/share/code/resources/app/out/vs/workbench/api/node/extensionHostProcess.js:104:8535)
	at U.resolveProxy (/usr/share/code/resources/app/out/vs/workbench/api/node/extensionHostProcess.js:105:20116)
	at Object.resolveProxy (/usr/share/code/resources/app/out/vs/workbench/api/node/extensionHostProcess.js:115:59336)
	at useProxySettings (/usr/share/code/resources/app/node_modules.asar/vscode-proxy-agent/out/index.js:159:16)
	at /usr/share/code/resources/app/node_modules.asar/vscode-proxy-agent/out/index.js:107:13
	at /usr/share/code/resources/app/node_modules.asar/vscode-proxy-agent/out/index.js:336:13
	at process.processTicksAndRejections (node:internal/process/task_queues:96:5) 
2023-03-03 14:33:14.952 [info] Extension host with pid 1448881 exiting with code 0
2023-03-03 14:33:15.970 [info] Extension host with pid 1449057 started
2023-03-03 14:33:15.970 [info] Skipping acquiring lock for /home/crpier/.config/Code/User/workspaceStorage/e262ee66cd6fe8b1e3e886050db11693.
2023-03-03 14:33:16.192 [info] ExtensionService#_doActivateExtension vscode.typescript-language-features, startup: false, activationEvent: 'onLanguage:typescriptreact'
2023-03-03 14:33:16.192 [info] ExtensionService#_doActivateExtension vscode.microsoft-authentication, startup: false, activationEvent: 'onAuthenticationRequest:microsoft'
2023-03-03 14:33:16.193 [info] ExtensionService#_doActivateExtension vscode.git-base, startup: true, activationEvent: '*', root cause: vscode.git
2023-03-03 14:33:16.193 [info] ExtensionService#_doActivateExtension vscodevim.vim, startup: true, activationEvent: '*'
2023-03-03 14:33:16.193 [info] ExtensionService#_doActivateExtension vscode.npm, startup: true, activationEvent: 'workspaceContains:package.json'
2023-03-03 14:33:16.374 [info] ExtensionService#_doActivateExtension vscode.git, startup: true, activationEvent: '*'
2023-03-03 14:33:16.374 [info] ExtensionService#_doActivateExtension vscode.github, startup: true, activationEvent: '*'
2023-03-03 14:33:16.469 [info] Eager extensions activated
2023-03-03 14:33:16.488 [info] ExtensionService#_doActivateExtension vscode.debug-auto-launch, startup: false, activationEvent: 'onStartupFinished'
2023-03-03 14:33:16.489 [info] ExtensionService#_doActivateExtension vscode.emmet, startup: false, activationEvent: 'onStartupFinished'
2023-03-03 14:33:16.489 [info] ExtensionService#_doActivateExtension vscode.merge-conflict, startup: false, activationEvent: 'onStartupFinished'
2023-03-03 14:33:16.489 [info] ExtensionService#_doActivateExtension bradlc.vscode-tailwindcss, startup: false, activationEvent: 'onStartupFinished'
2023-03-03 14:33:16.489 [info] ExtensionService#_doActivateExtension eamodio.gitlens, startup: false, activationEvent: 'onStartupFinished'
2023-03-03 14:33:16.489 [info] ExtensionService#_doActivateExtension vscode.github-authentication, startup: false, activationEvent: 'onStartupFinished', root cause: GitHub.vscode-pull-request-github
2023-03-03 14:33:16.857 [info] ExtensionService#_doActivateExtension GitHub.vscode-pull-request-github, startup: false, activationEvent: 'onStartupFinished'
2023-03-03 14:33:18.322 [info] Extension host terminating: received terminate message from renderer
2023-03-03 14:33:18.356 [warning] {"name":"Canceled"}
2023-03-03 14:33:18.360 [error] ProxyResolver#resolveProxy DIRECT Canceled: Canceled
	at new k (/usr/share/code/resources/app/out/vs/workbench/api/node/extensionHostProcess.js:94:87831)
	at u.O (/usr/share/code/resources/app/out/vs/workbench/api/node/extensionHostProcess.js:104:11245)
	at G.<computed>.O.charCodeAt.G.<computed> (/usr/share/code/resources/app/out/vs/workbench/api/node/extensionHostProcess.js:104:8535)
	at U.resolveProxy (/usr/share/code/resources/app/out/vs/workbench/api/node/extensionHostProcess.js:105:20116)
	at Object.resolveProxy (/usr/share/code/resources/app/out/vs/workbench/api/node/extensionHostProcess.js:115:59336)
	at useProxySettings (/usr/share/code/resources/app/node_modules.asar/vscode-proxy-agent/out/index.js:159:16)
	at /usr/share/code/resources/app/node_modules.asar/vscode-proxy-agent/out/index.js:107:13
	at /usr/share/code/resources/app/node_modules.asar/vscode-proxy-agent/out/index.js:336:13
	at runNextTicks (node:internal/process/task_queues:61:5)
	at listOnTimeout (node:internal/timers:528:9)
	at process.processTimers (node:internal/timers:502:7) 
2023-03-03 14:33:18.371 [error] ProxyResolver#resolveProxy DIRECT Canceled: Canceled
	at new k (/usr/share/code/resources/app/out/vs/workbench/api/node/extensionHostProcess.js:94:87831)
	at u.O (/usr/share/code/resources/app/out/vs/workbench/api/node/extensionHostProcess.js:104:11245)
	at G.<computed>.O.charCodeAt.G.<computed> (/usr/share/code/resources/app/out/vs/workbench/api/node/extensionHostProcess.js:104:8535)
	at U.resolveProxy (/usr/share/code/resources/app/out/vs/workbench/api/node/extensionHostProcess.js:105:20116)
	at Object.resolveProxy (/usr/share/code/resources/app/out/vs/workbench/api/node/extensionHostProcess.js:115:59336)
	at useProxySettings (/usr/share/code/resources/app/node_modules.asar/vscode-proxy-agent/out/index.js:159:16)
	at /usr/share/code/resources/app/node_modules.asar/vscode-proxy-agent/out/index.js:107:13
	at /usr/share/code/resources/app/node_modules.asar/vscode-proxy-agent/out/index.js:336:13
	at runNextTicks (node:internal/process/task_queues:61:5)
	at listOnTimeout (node:internal/timers:528:9)
	at process.processTimers (node:internal/timers:502:7) 
2023-03-03 14:33:18.377 [error] ProxyResolver#resolveProxy DIRECT Canceled: Canceled
	at new k (/usr/share/code/resources/app/out/vs/workbench/api/node/extensionHostProcess.js:94:87831)
	at u.O (/usr/share/code/resources/app/out/vs/workbench/api/node/extensionHostProcess.js:104:11245)
	at G.<computed>.O.charCodeAt.G.<computed> (/usr/share/code/resources/app/out/vs/workbench/api/node/extensionHostProcess.js:104:8535)
	at U.resolveProxy (/usr/share/code/resources/app/out/vs/workbench/api/node/extensionHostProcess.js:105:20116)
	at Object.resolveProxy (/usr/share/code/resources/app/out/vs/workbench/api/node/extensionHostProcess.js:115:59336)
	at useProxySettings (/usr/share/code/resources/app/node_modules.asar/vscode-proxy-agent/out/index.js:159:16)
	at /usr/share/code/resources/app/node_modules.asar/vscode-proxy-agent/out/index.js:107:13
	at /usr/share/code/resources/app/node_modules.asar/vscode-proxy-agent/out/index.js:336:13
	at runNextTicks (node:internal/process/task_queues:61:5)
	at process.processTimers (node:internal/timers:499:9) 
2023-03-03 14:33:18.573 [info] Extension host with pid 1449057 exiting with code 0
2023-03-03 14:33:19.276 [info] Extension host with pid 1449218 started
2023-03-03 14:33:19.276 [info] Skipping acquiring lock for /home/crpier/.config/Code/User/workspaceStorage/fadb6031d14bf3aeef385df0d308e066.
2023-03-03 14:33:19.331 [info] ExtensionService#_doActivateExtension ms-python.python, startup: false, activationEvent: 'onLanguage:python', root cause: ms-python.isort
2023-03-03 14:33:19.331 [info] ExtensionService#_doActivateExtension vscode.microsoft-authentication, startup: false, activationEvent: 'onAuthenticationRequest:microsoft'
2023-03-03 14:33:19.331 [info] ExtensionService#_doActivateExtension vscode.git-base, startup: true, activationEvent: '*', root cause: vscode.git
2023-03-03 14:33:19.331 [info] ExtensionService#_doActivateExtension vscodevim.vim, startup: true, activationEvent: '*'
2023-03-03 14:33:19.659 [info] ExtensionService#_doActivateExtension vscode.git, startup: true, activationEvent: '*'
2023-03-03 14:33:19.660 [info] ExtensionService#_doActivateExtension vscode.github, startup: true, activationEvent: '*'
2023-03-03 14:33:19.754 [info] ExtensionService#_doActivateExtension ms-python.isort, startup: false, activationEvent: 'onLanguage:python'
2023-03-03 14:33:19.754 [info] ExtensionService#_doActivateExtension ms-python.vscode-pylance, startup: false, activationEvent: 'onLanguage:python'
2023-03-03 14:33:19.869 [info] Eager extensions activated
2023-03-03 14:33:19.904 [info] ExtensionService#_doActivateExtension vscode.github-authentication, startup: false, activationEvent: 'onAuthenticationRequest:github'
2023-03-03 14:33:19.905 [info] ExtensionService#_doActivateExtension vscode.debug-auto-launch, startup: false, activationEvent: 'onStartupFinished'
2023-03-03 14:33:19.905 [info] ExtensionService#_doActivateExtension vscode.emmet, startup: false, activationEvent: 'onStartupFinished'
2023-03-03 14:33:19.905 [info] ExtensionService#_doActivateExtension vscode.merge-conflict, startup: false, activationEvent: 'onStartupFinished'
2023-03-03 14:33:19.905 [info] ExtensionService#_doActivateExtension bradlc.vscode-tailwindcss, startup: false, activationEvent: 'onStartupFinished'
2023-03-03 14:33:19.905 [info] ExtensionService#_doActivateExtension eamodio.gitlens, startup: false, activationEvent: 'onStartupFinished'
2023-03-03 14:33:20.114 [info] ExtensionService#_doActivateExtension GitHub.vscode-pull-request-github, startup: false, activationEvent: 'onStartupFinished'
2023-03-03 14:33:22.256 [info] Extension host terminating: received terminate message from renderer
2023-03-03 14:33:22.275 [warning] {"name":"Canceled"}
2023-03-03 14:33:22.288 [info] Extension host with pid 1449218 exiting with code 0
2023-03-03 14:33:23.228 [info] Extension host with pid 1449351 started
2023-03-03 14:33:23.228 [info] Skipping acquiring lock for /home/crpier/.config/Code/User/workspaceStorage/e262ee66cd6fe8b1e3e886050db11693.
2023-03-03 14:33:23.388 [info] ExtensionService#_doActivateExtension vscode.typescript-language-features, startup: false, activationEvent: 'onLanguage:typescriptreact'
2023-03-03 14:33:23.389 [info] ExtensionService#_doActivateExtension vscode.microsoft-authentication, startup: false, activationEvent: 'onAuthenticationRequest:microsoft'
2023-03-03 14:33:23.389 [info] ExtensionService#_doActivateExtension vscode.git-base, startup: true, activationEvent: '*', root cause: vscode.git
2023-03-03 14:33:23.389 [info] ExtensionService#_doActivateExtension vscodevim.vim, startup: true, activationEvent: '*'
2023-03-03 14:33:23.389 [info] ExtensionService#_doActivateExtension vscode.npm, startup: true, activationEvent: 'workspaceContains:package.json'
2023-03-03 14:33:23.594 [info] ExtensionService#_doActivateExtension vscode.git, startup: true, activationEvent: '*'
2023-03-03 14:33:23.594 [info] ExtensionService#_doActivateExtension vscode.github, startup: true, activationEvent: '*'
2023-03-03 14:33:23.683 [info] Eager extensions activated
2023-03-03 14:33:23.717 [info] ExtensionService#_doActivateExtension vscode.debug-auto-launch, startup: false, activationEvent: 'onStartupFinished'
2023-03-03 14:33:23.717 [info] ExtensionService#_doActivateExtension vscode.emmet, startup: false, activationEvent: 'onStartupFinished'
2023-03-03 14:33:23.717 [info] ExtensionService#_doActivateExtension vscode.merge-conflict, startup: false, activationEvent: 'onStartupFinished'
2023-03-03 14:33:23.717 [info] ExtensionService#_doActivateExtension bradlc.vscode-tailwindcss, startup: false, activationEvent: 'onStartupFinished'
2023-03-03 14:33:23.718 [info] ExtensionService#_doActivateExtension eamodio.gitlens, startup: false, activationEvent: 'onStartupFinished'
2023-03-03 14:33:23.718 [info] ExtensionService#_doActivateExtension vscode.github-authentication, startup: false, activationEvent: 'onStartupFinished', root cause: GitHub.vscode-pull-request-github
2023-03-03 14:33:23.980 [info] ExtensionService#_doActivateExtension GitHub.vscode-pull-request-github, startup: false, activationEvent: 'onStartupFinished'
2023-03-03 15:25:05.038 [warning] TextEditor is closed/disposed
2023-03-03 15:25:49.944 [warning] TextEditor is closed/disposed
2023-03-03 15:26:02.298 [warning] TextEditor is closed/disposed
2023-03-03 15:32:18.688 [warning] TextEditor is closed/disposed
2023-03-03 15:32:22.221 [warning] TextEditor is closed/disposed
2023-03-03 15:37:21.160 [info] Extension host terminating: received terminate message from renderer
2023-03-03 15:37:21.188 [warning] {"name":"Canceled"}
2023-03-03 15:37:21.189 [error] TypeError: r.some is not a function
	at d.saveToDisk (/home/crpier/.vscode/extensions/vscodevim.vim-1.25.2/out/extension.js:2:669912)
	at t.deactivate (/home/crpier/.vscode/extensions/vscodevim.vim-1.25.2/out/extension.js:2:213764)
	at d.X (/usr/share/code/resources/app/out/vs/workbench/api/node/extensionHostProcess.js:106:11333)
	at /usr/share/code/resources/app/out/vs/workbench/api/node/extensionHostProcess.js:106:9301
	at Array.map (<anonymous>)
	at d.Q (/usr/share/code/resources/app/out/vs/workbench/api/node/extensionHostProcess.js:106:9288)
	at d.terminate (/usr/share/code/resources/app/out/vs/workbench/api/node/extensionHostProcess.js:106:9563)
	at f.terminate (/usr/share/code/resources/app/out/vs/workbench/api/node/extensionHostProcess.js:110:1397)
	at b (/usr/share/code/resources/app/out/vs/workbench/api/node/extensionHostProcess.js:120:17815)
	at /usr/share/code/resources/app/out/vs/workbench/api/node/extensionHostProcess.js:120:15750
	at d.invoke (/usr/share/code/resources/app/out/vs/workbench/api/node/extensionHostProcess.js:63:145)
	at w.deliver (/usr/share/code/resources/app/out/vs/workbench/api/node/extensionHostProcess.js:63:2029)
	at g.fire (/usr/share/code/resources/app/out/vs/workbench/api/node/extensionHostProcess.js:63:1667)
	at h.fire (/usr/share/code/resources/app/out/vs/workbench/api/node/extensionHostProcess.js:72:14314)
	at c.y (/usr/share/code/resources/app/out/vs/workbench/api/node/extensionHostProcess.js:72:17324)
	at /usr/share/code/resources/app/out/vs/workbench/api/node/extensionHostProcess.js:72:15795
	at d.invoke (/usr/share/code/resources/app/out/vs/workbench/api/node/extensionHostProcess.js:63:145)
	at w.deliver (/usr/share/code/resources/app/out/vs/workbench/api/node/extensionHostProcess.js:63:2029)
	at g.fire (/usr/share/code/resources/app/out/vs/workbench/api/node/extensionHostProcess.js:63:1667)
	at g.acceptChunk (/usr/share/code/resources/app/out/vs/workbench/api/node/extensionHostProcess.js:72:12045)
	at /usr/share/code/resources/app/out/vs/workbench/api/node/extensionHostProcess.js:72:11332
	at Socket.l (/usr/share/code/resources/app/out/vs/workbench/api/node/extensionHostProcess.js:72:19792)
	at Socket.emit (node:events:526:28)
	at addChunk (node:internal/streams/readable:315:12)
	at readableAddChunk (node:internal/streams/readable:289:9)
	at Readable.push (node:internal/streams/readable:228:10)
	at Pipe.onStreamRead (node:internal/stream_base_commons:190:23)
2023-03-03 15:37:21.202 [info] Extension host with pid 1449351 exiting with code 0
2023-03-03 15:37:22.280 [info] Extension host with pid 1457904 started
2023-03-03 15:37:22.280 [info] Skipping acquiring lock for /home/crpier/.config/Code/User/workspaceStorage/3f4749af5636bd26f5018a488366bd34.
2023-03-03 15:37:22.324 [info] ExtensionService#_doActivateExtension vscode.microsoft-authentication, startup: false, activationEvent: 'onAuthenticationRequest:microsoft'
2023-03-03 15:37:22.325 [info] ExtensionService#_doActivateExtension vscode.git-base, startup: true, activationEvent: '*', root cause: vscode.git
2023-03-03 15:37:22.325 [info] ExtensionService#_doActivateExtension vscodevim.vim, startup: true, activationEvent: '*'
2023-03-03 15:37:22.421 [info] ExtensionService#_doActivateExtension vscode.git, startup: true, activationEvent: '*'
2023-03-03 15:37:22.421 [info] ExtensionService#_doActivateExtension vscode.github, startup: true, activationEvent: '*'
2023-03-03 15:37:22.443 [info] ExtensionService#_doActivateExtension ms-python.python, startup: true, activationEvent: 'workspaceContains:*.py', root cause: ms-python.isort
2023-03-03 15:37:22.670 [info] ExtensionService#_doActivateExtension vscode.github-authentication, startup: false, activationEvent: 'onAuthenticationRequest:github'
2023-03-03 15:37:22.670 [info] ExtensionService#_doActivateExtension ms-python.isort, startup: true, activationEvent: 'workspaceContains:*.py'
2023-03-03 15:37:22.703 [info] Eager extensions activated
2023-03-03 15:37:22.715 [info] ExtensionService#_doActivateExtension vscode.debug-auto-launch, startup: false, activationEvent: 'onStartupFinished'
2023-03-03 15:37:22.715 [info] ExtensionService#_doActivateExtension vscode.emmet, startup: false, activationEvent: 'onStartupFinished'
2023-03-03 15:37:22.715 [info] ExtensionService#_doActivateExtension vscode.merge-conflict, startup: false, activationEvent: 'onStartupFinished'
2023-03-03 15:37:22.716 [info] ExtensionService#_doActivateExtension bradlc.vscode-tailwindcss, startup: false, activationEvent: 'onStartupFinished'
2023-03-03 15:37:22.716 [info] ExtensionService#_doActivateExtension eamodio.gitlens, startup: false, activationEvent: 'onStartupFinished'
2023-03-03 15:37:22.716 [info] ExtensionService#_doActivateExtension GitHub.vscode-pull-request-github, startup: false, activationEvent: 'onStartupFinished'
2023-03-03 15:37:24.822 [info] Extension host terminating: received terminate message from renderer
2023-03-03 15:37:24.855 [info] Extension host with pid 1457904 exiting with code 0
2023-03-03 15:37:25.896 [info] Extension host with pid 1457998 started
2023-03-03 15:37:25.896 [info] Skipping acquiring lock for /home/crpier/.config/Code/User/workspaceStorage/e262ee66cd6fe8b1e3e886050db11693.
2023-03-03 15:37:26.083 [info] ExtensionService#_doActivateExtension vscode.typescript-language-features, startup: false, activationEvent: 'onLanguage:typescriptreact'
2023-03-03 15:37:26.083 [info] ExtensionService#_doActivateExtension vscode.microsoft-authentication, startup: false, activationEvent: 'onAuthenticationRequest:microsoft'
2023-03-03 15:37:26.083 [info] ExtensionService#_doActivateExtension vscode.git-base, startup: true, activationEvent: '*', root cause: vscode.git
2023-03-03 15:37:26.083 [info] ExtensionService#_doActivateExtension vscodevim.vim, startup: true, activationEvent: '*'
2023-03-03 15:37:26.083 [info] ExtensionService#_doActivateExtension vscode.npm, startup: true, activationEvent: 'workspaceContains:package.json'
2023-03-03 15:37:26.258 [info] ExtensionService#_doActivateExtension vscode.git, startup: true, activationEvent: '*'
2023-03-03 15:37:26.259 [info] ExtensionService#_doActivateExtension vscode.github, startup: true, activationEvent: '*'
2023-03-03 15:37:26.345 [info] Eager extensions activated
2023-03-03 15:37:26.383 [info] ExtensionService#_doActivateExtension vscode.debug-auto-launch, startup: false, activationEvent: 'onStartupFinished'
2023-03-03 15:37:26.383 [info] ExtensionService#_doActivateExtension vscode.emmet, startup: false, activationEvent: 'onStartupFinished'
2023-03-03 15:37:26.383 [info] ExtensionService#_doActivateExtension vscode.merge-conflict, startup: false, activationEvent: 'onStartupFinished'
2023-03-03 15:37:26.384 [info] ExtensionService#_doActivateExtension bradlc.vscode-tailwindcss, startup: false, activationEvent: 'onStartupFinished'
2023-03-03 15:37:26.384 [info] ExtensionService#_doActivateExtension eamodio.gitlens, startup: false, activationEvent: 'onStartupFinished'
2023-03-03 15:37:26.384 [info] ExtensionService#_doActivateExtension vscode.github-authentication, startup: false, activationEvent: 'onStartupFinished', root cause: GitHub.vscode-pull-request-github
2023-03-03 15:37:26.643 [info] ExtensionService#_doActivateExtension GitHub.vscode-pull-request-github, startup: false, activationEvent: 'onStartupFinished'
2023-03-03 15:39:05.279 [warning] TextEditor is closed/disposed
2023-03-03 15:39:06.153 [warning] TextEditor is closed/disposed
2023-03-03 16:58:17.198 [info] ExtensionService#_doActivateExtension vscode.configuration-editing, startup: false, activationEvent: 'onLanguage:jsonc'
2023-03-03 16:58:17.198 [info] ExtensionService#_doActivateExtension vscode.json-language-features, startup: false, activationEvent: 'onLanguage:jsonc'
2023-03-04 21:43:33.685 [warning] TextEditor is closed/disposed
2023-03-04 21:43:33.685 [warning] TextEditor is closed/disposed
2023-03-04 21:43:33.686 [warning] TextEditor is closed/disposed
2023-03-04 21:43:34.697 [warning] TextEditor is closed/disposed
2023-03-04 21:43:34.697 [warning] TextEditor is closed/disposed
2023-03-04 21:43:34.697 [warning] TextEditor is closed/disposed
2023-03-04 21:43:42.794 [info] Extension host terminating: received terminate message from renderer
2023-03-04 21:43:42.829 [error] TypeError: r.some is not a function
	at d.saveToDisk (/home/crpier/.vscode/extensions/vscodevim.vim-1.25.2/out/extension.js:2:669912)
	at t.deactivate (/home/crpier/.vscode/extensions/vscodevim.vim-1.25.2/out/extension.js:2:213764)
	at d.X (/usr/share/code/resources/app/out/vs/workbench/api/node/extensionHostProcess.js:106:11333)
	at /usr/share/code/resources/app/out/vs/workbench/api/node/extensionHostProcess.js:106:9301
	at Array.map (<anonymous>)
	at d.Q (/usr/share/code/resources/app/out/vs/workbench/api/node/extensionHostProcess.js:106:9288)
	at d.terminate (/usr/share/code/resources/app/out/vs/workbench/api/node/extensionHostProcess.js:106:9563)
	at f.terminate (/usr/share/code/resources/app/out/vs/workbench/api/node/extensionHostProcess.js:110:1397)
	at b (/usr/share/code/resources/app/out/vs/workbench/api/node/extensionHostProcess.js:120:17815)
	at /usr/share/code/resources/app/out/vs/workbench/api/node/extensionHostProcess.js:120:15750
	at d.invoke (/usr/share/code/resources/app/out/vs/workbench/api/node/extensionHostProcess.js:63:145)
	at w.deliver (/usr/share/code/resources/app/out/vs/workbench/api/node/extensionHostProcess.js:63:2029)
	at g.fire (/usr/share/code/resources/app/out/vs/workbench/api/node/extensionHostProcess.js:63:1667)
	at h.fire (/usr/share/code/resources/app/out/vs/workbench/api/node/extensionHostProcess.js:72:14314)
	at c.y (/usr/share/code/resources/app/out/vs/workbench/api/node/extensionHostProcess.js:72:17324)
	at /usr/share/code/resources/app/out/vs/workbench/api/node/extensionHostProcess.js:72:15795
	at d.invoke (/usr/share/code/resources/app/out/vs/workbench/api/node/extensionHostProcess.js:63:145)
	at w.deliver (/usr/share/code/resources/app/out/vs/workbench/api/node/extensionHostProcess.js:63:2029)
	at g.fire (/usr/share/code/resources/app/out/vs/workbench/api/node/extensionHostProcess.js:63:1667)
	at g.acceptChunk (/usr/share/code/resources/app/out/vs/workbench/api/node/extensionHostProcess.js:72:12045)
	at /usr/share/code/resources/app/out/vs/workbench/api/node/extensionHostProcess.js:72:11332
	at Socket.l (/usr/share/code/resources/app/out/vs/workbench/api/node/extensionHostProcess.js:72:19792)
	at Socket.emit (node:events:526:28)
	at addChunk (node:internal/streams/readable:315:12)
	at readableAddChunk (node:internal/streams/readable:289:9)
	at Readable.push (node:internal/streams/readable:228:10)
	at Pipe.onStreamRead (node:internal/stream_base_commons:190:23)
2023-03-04 21:43:42.844 [error] Error: read ECONNRESET
	at Pipe.onStreamRead (node:internal/stream_base_commons:217:20)
2023-03-04 21:43:42.864 [info] Extension host with pid 1457998 exiting with code 0
