[Info  - 1:59:24 PM] (1849461) Pylance language server 2023.3.10 (pyright 773a7cde) starting
[Info  - 1:59:24 PM] (1849461) Server root directory: /home/crpier/.vscode/extensions/ms-python.vscode-pylance-2023.3.10/dist
[Info  - 1:59:24 PM] (1849461) Starting service instance "frontend"
[Info  - 1:59:24 PM] (1849461) Auto-indent enabled
[Info  - 1:59:24 PM] (1849461) No configuration file found.
[Info  - 1:59:24 PM] (1849461) No pyproject.toml file found.
[Info  - 1:59:24 PM] (1849461) Setting pythonPath for service "frontend": "/home/crpier/.pyenv/versions/3.11.1/bin/python"
[Warn  - 1:59:25 PM] (1849461) stubPath /home/crpier/Projects/memecry/frontend/typings is not a valid directory.
[Info  - 1:59:25 PM] (1849461) Assuming Python version 3.11
[Info  - 1:59:25 PM] (1849461) Assuming Python platform Linux
[Info  - 1:59:25 PM] (1849461) Searching for source files
[Info  - 1:59:25 PM] (1849461) No source files found.
[Info  - 1:59:25 PM] (1849461) Background analysis(1) root directory: /home/crpier/.vscode/extensions/ms-python.vscode-pylance-2023.3.10/dist
[Info  - 1:59:25 PM] (1849461) Background analysis(1) started
[Info  - 2:02:01 PM] (1849461) No configuration file found.
[Info  - 2:02:01 PM] (1849461) No pyproject.toml file found.
[Info  - 2:02:01 PM] (1849461) Setting pythonPath for service "frontend": "/home/crpier/.pyenv/versions/3.11.1/bin/python"
[Warn  - 2:02:01 PM] (1849461) stubPath /home/crpier/Projects/memecry/frontend/typings is not a valid directory.
[Info  - 2:02:01 PM] (1849461) Assuming Python version 3.11
[Info  - 2:02:01 PM] (1849461) Assuming Python platform Linux
[Info  - 2:02:01 PM] (1849461) Searching for source files
[Info  - 2:02:01 PM] (1849461) No source files found.
