2023-01-10 23:32:15.057 [info] Log level: Info
2023-01-10 23:32:15.058 [info] Validating found git in: "git"
2023-01-10 23:32:15.058 [info] Using git "" from "git"
2023-01-10 23:32:15.058 [info] > git rev-parse --show-toplevel [82ms]
2023-01-10 23:32:15.058 [info] > git rev-parse --git-dir --git-common-dir [14ms]
2023-01-10 23:32:15.058 [info] Open repository: /home/crpier/Projects/mptreasury
2023-01-10 23:32:15.092 [info] > git rev-parse --show-toplevel [41ms]
2023-01-10 23:32:15.151 [info] > git config --get commit.template [76ms]
2023-01-10 23:32:15.152 [info] > git rev-parse --show-toplevel [46ms]
2023-01-10 23:32:15.166 [info] > git for-each-ref --format=%(refname)%00%(upstream:short)%00%(objectname)%00%(upstream:track)%00%(upstream:remotename)%00%(upstream:remoteref) refs/heads/main refs/remotes/main [3ms]
2023-01-10 23:32:15.215 [info] > git rev-parse --show-toplevel [57ms]
2023-01-10 23:32:15.241 [info] > git status -z -uall [50ms]
2023-01-10 23:32:15.241 [info] > git for-each-ref --sort -committerdate --format %(refname) %(objectname) %(*objectname) [28ms]
2023-01-10 23:32:15.254 [info] > git rev-parse --show-toplevel [32ms]
2023-01-10 23:32:15.278 [info] > git for-each-ref --format=%(refname)%00%(upstream:short)%00%(objectname)%00%(upstream:track)%00%(upstream:remotename)%00%(upstream:remoteref) refs/heads/main refs/remotes/main [9ms]
2023-01-10 23:32:15.279 [info] > git config --get commit.template [25ms]
2023-01-10 23:32:15.316 [info] > git status -z -uall [14ms]
2023-01-10 23:32:15.318 [info] > git for-each-ref --sort -committerdate --format %(refname) %(objectname) %(*objectname) [7ms]
2023-01-10 23:32:15.671 [info] > git check-ignore -v -z --stdin [23ms]
2023-01-10 23:32:15.851 [info] > git show --textconv :app/import_service.py [19ms]
2023-01-10 23:32:15.851 [info] > git ls-files --stage -- /home/crpier/Projects/mptreasury/app/import_service.py [3ms]
2023-01-10 23:32:15.880 [info] > git cat-file -s 72ee8d3b8bbaea943d9a33efb7bf32e5be53d531 [9ms]
2023-01-10 23:32:16.278 [info] > git ls-files --stage -- /home/crpier/Projects/mptreasury/app/import_service.py [1ms]
2023-01-10 23:32:16.285 [info] > git cat-file -s 72ee8d3b8bbaea943d9a33efb7bf32e5be53d531 [1ms]
2023-01-10 23:32:16.297 [info] > git show --textconv :app/import_service.py [1ms]
2023-01-10 23:32:16.631 [info] > git fetch [1590ms]
2023-01-10 23:32:16.644 [info] > git config --get commit.template [6ms]
2023-01-10 23:32:16.644 [info] > git for-each-ref --format=%(refname)%00%(upstream:short)%00%(objectname)%00%(upstream:track)%00%(upstream:remotename)%00%(upstream:remoteref) refs/heads/main refs/remotes/main [1ms]
2023-01-10 23:32:16.657 [info] > git status -z -uall [8ms]
2023-01-10 23:32:16.657 [info] > git for-each-ref --sort -committerdate --format %(refname) %(objectname) %(*objectname) [1ms]
2023-01-10 23:32:17.716 [info] > git ls-files --stage -- /home/crpier/Projects/mptreasury/app/import_service.py [2ms]
2023-01-10 23:32:17.728 [info] > git cat-file -s 72ee8d3b8bbaea943d9a33efb7bf32e5be53d531 [2ms]
2023-01-10 23:32:17.744 [info] > git show --textconv :app/import_service.py [2ms]
2023-01-10 23:32:18.434 [info] > git show --textconv :app/test_service.py [15ms]
2023-01-10 23:32:18.435 [info] > git ls-files --stage -- /home/crpier/Projects/mptreasury/app/test_service.py [3ms]
2023-01-10 23:32:18.442 [info] > git cat-file -s df964b1062df9477e9221e61a0ff387d64164e94 [1ms]
2023-01-10 23:34:00.065 [info] > git show --textconv :app/test_e2e.py [14ms]
2023-01-10 23:34:00.067 [info] > git ls-files --stage -- /home/crpier/Projects/mptreasury/app/test_e2e.py [4ms]
2023-01-10 23:34:00.089 [info] > git cat-file -s ebde42fdc5715d7b5c066da15f700971efad4103 [6ms]
