2023-03-03 10:07:29.905 [info] Starting worker process with pid 1418956 (type: fileWatcher, window: 1).
2023-03-03 10:07:30.251 [info] Deleted from disk ms-toolsai.jupyter-renderers /home/crpier/.vscode/extensions/ms-toolsai.jupyter-renderers-1.0.12
2023-03-03 10:07:30.472 [info] Deleted from disk ms-python.vscode-pylance /home/crpier/.vscode/extensions/ms-python.vscode-pylance-2023.1.10
2023-03-03 10:07:30.473 [info] Deleted from disk ms-python.python /home/crpier/.vscode/extensions/ms-python.python-2022.20.1
2023-03-03 10:07:32.388 [info] Getting Manifest... ms-python.vscode-pylance
2023-03-03 10:07:32.388 [info] Getting Manifest... ms-toolsai.jupyter-keymap
2023-03-03 10:07:33.031 [info] Installing extension: ms-python.vscode-pylance
2023-03-03 10:07:33.138 [info] Installing extension: ms-toolsai.jupyter-keymap
2023-03-03 10:07:33.921 [info] Getting Manifest... ms-python.python
2023-03-03 10:07:34.007 [info] Extracted extension to /home/crpier/.vscode/extensions/.ae7ece6d-01ec-43ef-abfb-3a3090063bc5: ms-toolsai.jupyter-keymap
2023-03-03 10:07:34.008 [info] Renamed to /home/crpier/.vscode/extensions/ms-toolsai.jupyter-keymap-1.1.0
2023-03-03 10:07:34.008 [info] Extracting completed. ms-toolsai.jupyter-keymap
2023-03-03 10:07:34.011 [info] Extension installed successfully: ms-toolsai.jupyter-keymap
2023-03-03 10:07:34.021 [info] Marked extension as uninstalled ms-toolsai.jupyter-keymap-1.0.0
2023-03-03 10:07:36.844 [info] Extracted extension to /home/crpier/.vscode/extensions/.e7568402-0259-4e25-8703-3669f883ebab: ms-python.vscode-pylance
2023-03-03 10:07:36.852 [info] Renamed to /home/crpier/.vscode/extensions/ms-python.vscode-pylance-2023.3.10
2023-03-03 10:07:36.853 [info] Extracting completed. ms-python.vscode-pylance
2023-03-03 10:07:36.856 [info] Extension installed successfully: ms-python.vscode-pylance
2023-03-03 10:07:36.871 [info] Marked extension as uninstalled ms-python.vscode-pylance-2023.2.30
2023-03-03 10:07:50.346 [info] Getting Manifest... vscodevim.vim
2023-03-03 10:07:50.351 [info] Installing extension: vscodevim.vim
2023-03-03 10:07:51.571 [info] Extracted extension to /home/crpier/.vscode/extensions/.05abc94d-fd7f-4af3-9578-93ebcfad751f: vscodevim.vim
2023-03-03 10:07:51.573 [info] Renamed to /home/crpier/.vscode/extensions/vscodevim.vim-1.25.2
2023-03-03 10:07:51.574 [info] Extracting completed. vscodevim.vim
2023-03-03 10:07:51.579 [info] Extension installed successfully: vscodevim.vim
2023-03-03 10:26:12.027 [info] Uninstalling extension from the profile: ms-toolsai.jupyter@2022.11.1003412109 vscode-userdata:/home/crpier/.vscode/extensions/extensions.json
2023-03-03 10:26:12.042 [info] Uninstalling extension from the profile: ms-toolsai.jupyter-keymap@1.1.0 vscode-userdata:/home/crpier/.vscode/extensions/extensions.json
2023-03-03 10:26:12.042 [info] Uninstalling extension from the profile: ms-toolsai.jupyter-renderers@1.0.14 vscode-userdata:/home/crpier/.vscode/extensions/extensions.json
2023-03-03 10:26:12.042 [info] Uninstalling extension from the profile: ms-toolsai.vscode-jupyter-cell-tags@0.1.6 vscode-userdata:/home/crpier/.vscode/extensions/extensions.json
2023-03-03 10:26:12.042 [info] Uninstalling extension from the profile: ms-toolsai.vscode-jupyter-slideshow@0.1.5 vscode-userdata:/home/crpier/.vscode/extensions/extensions.json
2023-03-03 10:26:12.078 [info] Marked extension as uninstalled ms-toolsai.jupyter-2022.11.1003412109
2023-03-03 10:26:12.078 [info] Marked extension as uninstalled ms-toolsai.jupyter-keymap-1.1.0
2023-03-03 10:26:12.079 [info] Marked extension as uninstalled ms-toolsai.jupyter-renderers-1.0.14
2023-03-03 10:26:12.079 [info] Marked extension as uninstalled ms-toolsai.vscode-jupyter-cell-tags-0.1.6
2023-03-03 10:26:12.093 [info] Marked extension as uninstalled ms-python.vscode-pylance-2023.2.30
2023-03-03 10:26:12.093 [info] Marked extension as uninstalled ms-toolsai.jupyter-2022.11.1003412109
2023-03-03 10:26:12.093 [info] Marked extension as uninstalled ms-toolsai.jupyter-keymap-1.0.0
2023-03-03 10:26:12.093 [info] Marked extension as uninstalled ms-toolsai.jupyter-keymap-1.1.0
2023-03-03 10:26:12.093 [info] Marked extension as uninstalled ms-toolsai.jupyter-renderers-1.0.14
2023-03-03 10:26:12.093 [info] Marked extension as uninstalled ms-toolsai.vscode-jupyter-cell-tags-0.1.6
2023-03-03 10:26:12.093 [info] Marked extension as uninstalled ms-toolsai.vscode-jupyter-slideshow-0.1.5
2023-03-03 10:26:12.101 [info] Marked extension as uninstalled ms-toolsai.vscode-jupyter-slideshow-0.1.5
2023-03-03 10:26:12.378 [info] Successfully uninstalled extension from the profile ms-toolsai.jupyter@2022.11.1003412109 vscode-userdata:/home/crpier/.vscode/extensions/extensions.json
2023-03-03 10:26:12.452 [info] Successfully uninstalled extension from the profile ms-toolsai.jupyter-renderers@1.0.14 vscode-userdata:/home/crpier/.vscode/extensions/extensions.json
2023-03-03 10:26:12.453 [info] Successfully uninstalled extension from the profile ms-toolsai.jupyter-keymap@1.1.0 vscode-userdata:/home/crpier/.vscode/extensions/extensions.json
2023-03-03 10:26:12.780 [info] Successfully uninstalled extension from the profile ms-toolsai.vscode-jupyter-cell-tags@0.1.6 vscode-userdata:/home/crpier/.vscode/extensions/extensions.json
2023-03-03 10:26:12.850 [info] Successfully uninstalled extension from the profile ms-toolsai.vscode-jupyter-slideshow@0.1.5 vscode-userdata:/home/crpier/.vscode/extensions/extensions.json
2023-03-03 10:26:20.720 [info] Worker process with pid 1418956 terminated normally (type: fileWatcher, window: 1).
2023-03-03 10:26:21.336 [info] Starting worker process with pid 1421958 (type: fileWatcher, window: 1).
2023-03-03 10:26:44.216 [info] Getting Manifest... eamodio.gitlens
2023-03-03 10:26:44.223 [info] Installing extension: eamodio.gitlens
2023-03-03 10:26:45.818 [info] Extracted extension to /home/crpier/.vscode/extensions/.ad58183d-f498-463a-b732-e6d4376d7596: eamodio.gitlens
2023-03-03 10:26:45.836 [info] Renamed to /home/crpier/.vscode/extensions/eamodio.gitlens-13.3.1
2023-03-03 10:26:45.839 [info] Extracting completed. eamodio.gitlens
2023-03-03 10:26:45.845 [info] Extension installed successfully: eamodio.gitlens
2023-03-03 10:30:01.045 [info] Getting Manifest... github.vscode-pull-request-github
2023-03-03 10:30:01.687 [info] Installing extension: github.vscode-pull-request-github
2023-03-03 10:30:03.195 [info] Extracted extension to /home/crpier/.vscode/extensions/.5d4ecaf1-205e-4b45-9c27-516aa83fa8fb: github.vscode-pull-request-github
2023-03-03 10:30:03.198 [info] Renamed to /home/crpier/.vscode/extensions/github.vscode-pull-request-github-0.56.0
2023-03-03 10:30:03.202 [info] Extracting completed. github.vscode-pull-request-github
2023-03-03 10:30:03.205 [info] Extension installed successfully: github.vscode-pull-request-github
2023-03-03 10:31:35.876 [info] Getting Manifest... bradlc.vscode-tailwindcss
2023-03-03 10:31:35.879 [info] Installing extension: bradlc.vscode-tailwindcss
2023-03-03 10:31:37.085 [info] Extracted extension to /home/crpier/.vscode/extensions/.73a27708-83c2-47fa-a397-ef34b4ce0dd2: bradlc.vscode-tailwindcss
2023-03-03 10:31:37.086 [info] Renamed to /home/crpier/.vscode/extensions/bradlc.vscode-tailwindcss-0.9.7
2023-03-03 10:31:37.087 [info] Extracting completed. bradlc.vscode-tailwindcss
2023-03-03 10:31:37.091 [info] Extension installed successfully: bradlc.vscode-tailwindcss
2023-03-03 13:12:49.917 [info] Worker process with pid 1421958 terminated normally (type: fileWatcher, window: 1).
2023-03-03 13:12:50.597 [info] Starting worker process with pid 1429725 (type: fileWatcher, window: 1).
2023-03-03 14:33:04.834 [info] Worker process with pid 1429725 terminated normally (type: fileWatcher, window: 1).
2023-03-03 14:33:05.649 [info] Starting worker process with pid 1448893 (type: fileWatcher, window: 1).
2023-03-03 14:33:14.940 [info] Worker process with pid 1448893 terminated normally (type: fileWatcher, window: 1).
2023-03-03 14:33:15.489 [info] Starting worker process with pid 1449058 (type: fileWatcher, window: 1).
2023-03-03 14:33:18.354 [info] Worker process with pid 1449058 terminated normally (type: fileWatcher, window: 1).
2023-03-03 14:33:19.121 [info] Starting worker process with pid 1449230 (type: fileWatcher, window: 1).
2023-03-03 14:33:22.280 [info] Worker process with pid 1449230 terminated normally (type: fileWatcher, window: 1).
2023-03-03 14:33:22.762 [info] Starting worker process with pid 1449353 (type: fileWatcher, window: 1).
2023-03-03 15:37:21.187 [info] Worker process with pid 1449353 terminated normally (type: fileWatcher, window: 1).
2023-03-03 15:37:21.772 [info] Starting worker process with pid 1457905 (type: fileWatcher, window: 1).
2023-03-03 15:37:24.829 [info] Worker process with pid 1457905 terminated normally (type: fileWatcher, window: 1).
2023-03-03 15:37:25.443 [info] Starting worker process with pid 1457999 (type: fileWatcher, window: 1).
2023-03-03 16:59:47.706 [error] SharedProcess (worker, fileWatcher): Worker process with pid 1457999 terminated by itself with code null, signal: SIGSEGV (type: fileWatcher, window: 1)
2023-03-03 16:59:47.741 [info] Starting worker process with pid 1464695 (type: fileWatcher, window: 1).
