2023-03-04 21:43:54.800 [info] Added views:workbench.panel.markers.view in workbench.panel.markers
2023-03-04 21:43:54.800 [info] Added views:workbench.panel.output in workbench.panel.output
2023-03-04 21:43:54.800 [info] Added views:terminal in terminal
2023-03-04 21:43:54.800 [info] Added views:outline in workbench.view.explorer
2023-03-04 21:43:54.800 [info] Added views:workbench.scm in workbench.view.scm
2023-03-04 21:43:54.800 [info] Added views:workbench.view.search in workbench.view.search
2023-03-04 21:43:54.800 [info] Added views:timeline in workbench.view.explorer
2023-03-04 21:43:54.800 [info] Added views:workbench.explorer.fileView in workbench.view.explorer
2023-03-04 21:43:54.800 [info] Added views:workbench.debug.variablesView,workbench.debug.watchExpressionsView,workbench.debug.callStackView,workbench.debug.breakPointsView in workbench.view.debug
2023-03-04 21:43:55.235 [info] Added views:gitlens.views.home,gitlens.views.contributors in workbench.view.extension.gitlens
2023-03-04 21:43:55.236 [info] Added views:gitlens.views.commits,gitlens.views.commitDetails,gitlens.views.fileHistory,gitlens.views.branches,gitlens.views.remotes,gitlens.views.stashes,gitlens.views.tags,gitlens.views.searchAndCompare in workbench.view.scm
2023-03-04 21:43:55.238 [info] Added views:pr:github,issues:github in workbench.view.extension.github-pull-requests
2023-03-04 21:43:55.600 [info] Added views:workbench.panel.repl.view in workbench.panel.repl
2023-03-04 21:43:55.600 [info] Removed views:workbench.debug.breakPointsView,workbench.debug.callStackView,workbench.debug.watchExpressionsView,workbench.debug.variablesView from workbench.view.debug
2023-03-04 21:43:55.601 [info] Added views:workbench.debug.welcome in workbench.view.debug
2023-03-04 21:43:56.440 [info] Removed views:issues:github,pr:github from workbench.view.extension.github-pull-requests
2023-03-04 21:43:56.442 [info] Added views:github:login in workbench.view.extension.github-pull-requests
2023-03-04 21:43:56.475 [info] Added views:github:activePullRequest:welcome in workbench.view.extension.github-pull-request
2023-03-04 21:43:56.476 [info] Removed views:github:activePullRequest:welcome from workbench.view.extension.github-pull-request
2023-03-04 21:43:57.298 [info] Added views:gitlens.views.timeline in workbench.view.extension.gitlensPanel
2023-03-04 21:43:57.298 [info] Added views:gitlens.views.worktrees in workbench.view.scm
