[2023-03-04 19:43:56.185] [     23ms] [/home/crpier/Projects/memecry/frontend] git rev-parse --show-toplevel
[2023-03-04 19:43:56.244] [     45ms] [/home/crpier/Projects/memecry] git rev-parse --git-dir --git-common-dir
[2023-03-04 19:43:56.270] [     10ms] [/home/crpier/Projects/memecry] git remote -v
[2023-03-04 19:43:56.338] [     28ms] [/home/crpier/Projects/memecry] git rev-parse --show-toplevel
[2023-03-04 19:43:56.774] [      5ms] [/home/crpier/Projects/memecry] git remote -v
[2023-03-04 19:44:01.122] [     10ms] [/home/crpier/Projects/memecry] git ls-files -- frontend/src/root.tsx
[2023-03-04 19:44:01.388] [     15ms] [/home/crpier/Projects/memecry] git blame --root --incremental -- frontend/src/root.tsx
[2023-03-04 19:44:01.405] [     16ms] [/home/crpier/Projects/memecry] git config --get-regex ^user\.
[2023-03-04 19:44:01.418] [     12ms] [/home/crpier/Projects/memecry] git check-mailmap crpier <crpier42@gmail.com>
[2023-03-04 19:44:02.015] [     88ms] [/home/crpier/Projects/memecry] git log -M -n1 --format=%H a5c875df0533cbc8c8ccaf94913243bdc501d98e^ -- src/root.tsx
[2023-03-04 19:44:02.015] [     89ms] [/home/crpier/Projects/memecry] git log --format=%x3c%x2ff%x3e%n%x3cr%x3e%x20%H%n%x3ca%x3e%x20%aN%n%x3ce%x3e%x20%aE%n%x3cd%x3e%x20%at%n%x3cn%x3e%x20%cN%n%x3cm%x3e%x20%cE%n%x3cc%x3e%x20%ct%n%x3cp%x3e%x20%P%n%x3cs%x3e%n%B%n%x3c%x2fs%x3e%n%x3cf%x3e -M -m --name-status --full-history -n3 a5c875df0533cbc8c8ccaf94913243bdc501d98e --
[2023-03-04 19:44:02.018] [     25ms] [/home/crpier/Projects/memecry] git rev-parse --verify --end-of-options a5c875df0533cbc8c8ccaf94913243bdc501d98e^:./src/root.tsx
[2023-03-04 19:44:51.555] [      8ms] [/home/crpier/Projects/memecry] git log --format=%x3cr%x3e%x20%H -n3 -m -L 2,2:src/root.tsx a5c875df0533cbc8c8ccaf94913243bdc501d98e
[2023-03-04 19:45:25.267] [      8ms] [/home/crpier/Projects/memecry] git for-each-ref --format=%3ch%3e%(HEAD)%3cn%3e%(refname)%3cu%3e%(upstream:short)%3ct%3e%(upstream:track)%3cr%3e%(objectname)%3cd%3e%(committerdate:iso8601) refs/heads refs/remotes
[2023-03-04 19:45:25.274] [      5ms] [/home/crpier/Projects/memecry] git tag -l --format=%3cn%3e%(refname)%3c*r%3e%(*objectname)%3cr%3e%(objectname)%3cd%3e%(creatordate:iso8601)%3cad%3e%(authordate:iso8601)%3cs%3e%(subject)
[2023-03-04 19:48:01.206] [     11ms] [/home/crpier/Projects/memecry] git blame --root --incremental --contents - -- frontend/src/root.tsx
[2023-03-04 19:48:01.728] [     19ms] [/home/crpier/Projects/memecry] git log -M -n1 --format=%H a5c875df0533cbc8c8ccaf94913243bdc501d98e^ -- src/root.tsx
[2023-03-04 19:48:01.729] [     19ms] [/home/crpier/Projects/memecry] git log --format=%x3c%x2ff%x3e%n%x3cr%x3e%x20%H%n%x3ca%x3e%x20%aN%n%x3ce%x3e%x20%aE%n%x3cd%x3e%x20%at%n%x3cn%x3e%x20%cN%n%x3cm%x3e%x20%cE%n%x3cc%x3e%x20%ct%n%x3cp%x3e%x20%P%n%x3cs%x3e%n%B%n%x3c%x2fs%x3e%n%x3cf%x3e -M -m --name-status --full-history -n3 a5c875df0533cbc8c8ccaf94913243bdc501d98e --
[2023-03-04 19:48:01.730] [      7ms] [/home/crpier/Projects/memecry] git rev-parse --verify --end-of-options a5c875df0533cbc8c8ccaf94913243bdc501d98e^:./src/root.tsx
[2023-03-04 19:48:05.294] [     11ms] [/home/crpier/Projects/memecry] git log --format=%x3cr%x3e%x20%H -n3 -m -L 2,2:src/root.tsx a5c875df0533cbc8c8ccaf94913243bdc501d98e
[2023-03-04 19:48:05.800] [     18ms] [/home/crpier/Projects/memecry] git ls-files -- frontend/src/memecry-backend/index.ts
[2023-03-04 19:48:05.818] [     17ms] [/home/crpier/Projects/memecry/frontend/src/memecry-backend] git ls-files -- index.ts
[2023-03-04 19:48:05.875] [     14ms] [/home/crpier/Projects/memecry/frontend/src/memecry-backend] git rev-parse --show-toplevel
[2023-03-04 19:48:13.512] [     11ms] [/home/crpier/Projects/memecry] git ls-files -- frontend/src/memecry-backend/models/AuthResponse.ts
[2023-03-04 19:48:13.531] [     19ms] [/home/crpier/Projects/memecry/frontend/src/memecry-backend/models] git ls-files -- AuthResponse.ts
[2023-03-04 19:48:13.586] [      8ms] [/home/crpier/Projects/memecry/frontend/src/memecry-backend/models] git rev-parse --show-toplevel
[2023-03-04 19:49:01.044] [      9ms] [/home/crpier/Projects/memecry] git ls-files -- frontend/src/memecry-backend/services/DefaultService.ts
[2023-03-04 19:49:01.059] [     15ms] [/home/crpier/Projects/memecry/frontend/src/memecry-backend/services] git ls-files -- DefaultService.ts
[2023-03-04 19:49:01.106] [     15ms] [/home/crpier/Projects/memecry/frontend/src/memecry-backend/services] git rev-parse --show-toplevel
[2023-03-04 19:58:24.443] [     17ms] [/home/crpier/Projects/memecry] git blame --root --incremental --contents - -- frontend/src/root.tsx
[2023-03-04 19:58:24.967] [     18ms] [/home/crpier/Projects/memecry] git log --format=%x3cr%x3e%x20%H -n3 -m -L 2,2:src/root.tsx a5c875df0533cbc8c8ccaf94913243bdc501d98e
[2023-03-04 19:59:09.242] [     10ms] [/home/crpier/Projects/memecry] git blame --root --incremental --contents - -- frontend/src/root.tsx
[2023-03-04 19:59:09.753] [      7ms] [/home/crpier/Projects/memecry] git log --format=%x3cr%x3e%x20%H -n3 -m -L 2,2:src/root.tsx a5c875df0533cbc8c8ccaf94913243bdc501d98e
[2023-03-04 19:59:17.001] [     16ms] [/home/crpier/Projects/memecry] git blame --root --incremental --contents - -- frontend/src/root.tsx
[2023-03-04 19:59:17.525] [     15ms] [/home/crpier/Projects/memecry] git log --format=%x3cr%x3e%x20%H -n3 -m -L 2,2:src/root.tsx a5c875df0533cbc8c8ccaf94913243bdc501d98e
[2023-03-04 19:59:24.265] [     15ms] [/home/crpier/Projects/memecry] git blame --root --incremental --contents - -- frontend/src/root.tsx
[2023-03-04 19:59:24.784] [     14ms] [/home/crpier/Projects/memecry] git log --format=%x3cr%x3e%x20%H -n3 -m -L 2,2:src/root.tsx a5c875df0533cbc8c8ccaf94913243bdc501d98e
[2023-03-04 20:01:30.529] [     32ms] [/home/crpier/Projects/memecry] git log -M -n1 --format=%H a5c875df0533cbc8c8ccaf94913243bdc501d98e^ -- src/root.tsx
[2023-03-04 20:01:30.529] [     32ms] [/home/crpier/Projects/memecry] git log --format=%x3c%x2ff%x3e%n%x3cr%x3e%x20%H%n%x3ca%x3e%x20%aN%n%x3ce%x3e%x20%aE%n%x3cd%x3e%x20%at%n%x3cn%x3e%x20%cN%n%x3cm%x3e%x20%cE%n%x3cc%x3e%x20%ct%n%x3cp%x3e%x20%P%n%x3cs%x3e%n%B%n%x3c%x2fs%x3e%n%x3cf%x3e -M -m --name-status --full-history -n3 a5c875df0533cbc8c8ccaf94913243bdc501d98e --
[2023-03-04 20:01:30.529] [     15ms] [/home/crpier/Projects/memecry] git rev-parse --verify --end-of-options a5c875df0533cbc8c8ccaf94913243bdc501d98e^:./src/root.tsx
[2023-03-04 20:01:34.176] [     10ms] [/home/crpier/Projects/memecry] git blame --root --incremental -- frontend/src/root.tsx
[2023-03-04 20:01:34.686] [      8ms] [/home/crpier/Projects/memecry] git log --format=%x3cr%x3e%x20%H -n3 -m -L 2,2:src/root.tsx a5c875df0533cbc8c8ccaf94913243bdc501d98e
[2023-03-04 20:01:36.979] [     13ms] [/home/crpier/Projects/memecry] git blame --root --incremental -- frontend/src/root.tsx
[2023-03-04 20:01:37.495] [     14ms] [/home/crpier/Projects/memecry] git log --format=%x3cr%x3e%x20%H -n3 -m -L 2,2:src/root.tsx a5c875df0533cbc8c8ccaf94913243bdc501d98e
[2023-03-04 20:01:57.764] [     12ms] [/home/crpier/Projects/memecry] git blame --root --incremental -- frontend/src/root.tsx
[2023-03-04 20:01:58.558] [     27ms] [/home/crpier/Projects/memecry] git log --format=%x3cr%x3e%x20%H -n3 -m -L 2,2:src/root.tsx a5c875df0533cbc8c8ccaf94913243bdc501d98e
[2023-03-04 20:01:59.170] [     43ms] [/home/crpier/Projects/memecry] git log -M -n1 --format=%H a5c875df0533cbc8c8ccaf94913243bdc501d98e^ -- src/root.tsx
[2023-03-04 20:01:59.170] [     44ms] [/home/crpier/Projects/memecry] git log --format=%x3c%x2ff%x3e%n%x3cr%x3e%x20%H%n%x3ca%x3e%x20%aN%n%x3ce%x3e%x20%aE%n%x3cd%x3e%x20%at%n%x3cn%x3e%x20%cN%n%x3cm%x3e%x20%cE%n%x3cc%x3e%x20%ct%n%x3cp%x3e%x20%P%n%x3cs%x3e%n%B%n%x3c%x2fs%x3e%n%x3cf%x3e -M -m --name-status --full-history -n3 a5c875df0533cbc8c8ccaf94913243bdc501d98e --
[2023-03-04 20:01:59.172] [     17ms] [/home/crpier/Projects/memecry] git rev-parse --verify --end-of-options a5c875df0533cbc8c8ccaf94913243bdc501d98e^:./src/root.tsx
[2023-03-04 20:02:04.076] [     14ms] [/home/crpier/Projects/memecry] git ls-files -- frontend/src/memecry-backend/index.ts
[2023-03-04 20:02:04.088] [     12ms] [/home/crpier/Projects/memecry/frontend/src/memecry-backend] git ls-files -- index.ts
[2023-03-04 20:07:58.029] [     13ms] [/home/crpier/Projects/memecry] git blame --root --incremental --contents - -- frontend/src/root.tsx
[2023-03-04 20:07:58.543] [     10ms] [/home/crpier/Projects/memecry] git log --format=%x3cr%x3e%x20%H -n3 -m -L 2,2:src/root.tsx a5c875df0533cbc8c8ccaf94913243bdc501d98e
[2023-03-04 20:07:59.476] [     24ms] [/home/crpier/Projects/memecry] git log -M -n1 --format=%H a5c875df0533cbc8c8ccaf94913243bdc501d98e^ -- src/root.tsx
[2023-03-04 20:07:59.476] [     24ms] [/home/crpier/Projects/memecry] git log --format=%x3c%x2ff%x3e%n%x3cr%x3e%x20%H%n%x3ca%x3e%x20%aN%n%x3ce%x3e%x20%aE%n%x3cd%x3e%x20%at%n%x3cn%x3e%x20%cN%n%x3cm%x3e%x20%cE%n%x3cc%x3e%x20%ct%n%x3cp%x3e%x20%P%n%x3cs%x3e%n%B%n%x3c%x2fs%x3e%n%x3cf%x3e -M -m --name-status --full-history -n3 a5c875df0533cbc8c8ccaf94913243bdc501d98e --
[2023-03-04 20:07:59.477] [     10ms] [/home/crpier/Projects/memecry] git rev-parse --verify --end-of-options a5c875df0533cbc8c8ccaf94913243bdc501d98e^:./src/root.tsx
[2023-03-04 20:08:14.958] [     17ms] [/home/crpier/Projects/memecry] git blame --root --incremental --contents - -- frontend/src/root.tsx
[2023-03-04 20:08:15.482] [     19ms] [/home/crpier/Projects/memecry] git log --format=%x3cr%x3e%x20%H -n3 -m -L 2,2:src/root.tsx a5c875df0533cbc8c8ccaf94913243bdc501d98e
[2023-03-04 20:08:16.269] [     33ms] [/home/crpier/Projects/memecry] git log -M -n1 --format=%H a5c875df0533cbc8c8ccaf94913243bdc501d98e^ -- src/root.tsx
[2023-03-04 20:08:16.270] [     34ms] [/home/crpier/Projects/memecry] git log --format=%x3c%x2ff%x3e%n%x3cr%x3e%x20%H%n%x3ca%x3e%x20%aN%n%x3ce%x3e%x20%aE%n%x3cd%x3e%x20%at%n%x3cn%x3e%x20%cN%n%x3cm%x3e%x20%cE%n%x3cc%x3e%x20%ct%n%x3cp%x3e%x20%P%n%x3cs%x3e%n%B%n%x3c%x2fs%x3e%n%x3cf%x3e -M -m --name-status --full-history -n3 a5c875df0533cbc8c8ccaf94913243bdc501d98e --
[2023-03-04 20:08:16.271] [     13ms] [/home/crpier/Projects/memecry] git rev-parse --verify --end-of-options a5c875df0533cbc8c8ccaf94913243bdc501d98e^:./src/root.tsx
[2023-03-04 20:08:22.336] [      8ms] [/home/crpier/Projects/memecry] git ls-files -- frontend/src/memecry.ts
[2023-03-04 20:08:22.350] [     13ms] [/home/crpier/Projects/memecry/frontend/src] git ls-files -- memecry.ts
[2023-03-04 20:08:44.489] [      9ms] [/home/crpier/Projects/memecry] git blame --root --incremental --contents - -- frontend/src/root.tsx
[2023-03-04 20:08:44.999] [      7ms] [/home/crpier/Projects/memecry] git log --format=%x3cr%x3e%x20%H -n3 -m -L 22,22:src/root.tsx a5c875df0533cbc8c8ccaf94913243bdc501d98e
[2023-03-04 20:08:48.733] [     12ms] [/home/crpier/Projects/memecry] git diff --no-ext-diff --minimal -U0 -M --diff-filter=M -- frontend/src/root.tsx
[2023-03-04 20:08:48.741] [     12ms] [/home/crpier/Projects/memecry] git status --porcelain=v2 --find-renames -- frontend/src/root.tsx
[2023-03-04 20:08:48.747] [     12ms] [/home/crpier/Projects/memecry] git diff --no-ext-diff --minimal -U0 -M --diff-filter=M --staged -- frontend/src/root.tsx
[2023-03-04 20:08:48.748] [      6ms] [/home/crpier/Projects/memecry] git log --format=%x3cr%x3e%x20%H -n3 -m -L 21,21:frontend/src/root.tsx
[2023-03-04 20:09:08.655] [      9ms] [/home/crpier/Projects/memecry] git blame --root --incremental -- frontend/src/root.tsx
[2023-03-04 20:09:09.488] [      7ms] [/home/crpier/Projects/memecry] git log --format=%x3cr%x3e%x20%H -n3 -m -L 2,2:src/root.tsx a5c875df0533cbc8c8ccaf94913243bdc501d98e
