2023-03-03 10:07:32.220 [info] [perf] Render performance baseline is 33ms
2023-03-03 10:07:52.800 [error] ENOENT: no such file or directory, open '/home/crpier/.config/Code/User/globalStorage/vscodevim.vim/.registers': Error: ENOENT: no such file or directory, open '/home/crpier/.config/Code/User/globalStorage/vscodevim.vim/.registers'
2023-03-03 10:08:14.037 [error] RequestService#request (browser) - error https://bingsettingssearch.trafficmanager.net/api/Search {}
2023-03-03 10:08:14.037 [info] Setting search error: XHR failed
2023-03-03 10:08:14.059 [error] RequestService#request (browser) - error https://bingsettingssearch.trafficmanager.net/api/Search {}
2023-03-03 10:08:14.060 [info] Setting search error: XHR failed
2023-03-03 10:10:22.399 [error] RequestService#request (browser) - error https://bingsettingssearch.trafficmanager.net/api/Search {}
2023-03-03 10:10:22.400 [info] Setting search error: XHR failed
2023-03-03 10:10:22.401 [error] RequestService#request (browser) - error https://bingsettingssearch.trafficmanager.net/api/Search {}
2023-03-03 10:10:22.401 [info] Setting search error: XHR failed
2023-03-03 10:10:23.731 [error] RequestService#request (browser) - error https://bingsettingssearch.trafficmanager.net/api/Search {}
2023-03-03 10:10:23.731 [info] Setting search error: XHR failed
2023-03-03 10:10:23.769 [error] RequestService#request (browser) - error https://bingsettingssearch.trafficmanager.net/api/Search {}
2023-03-03 10:10:23.770 [info] Setting search error: XHR failed
2023-03-03 10:10:27.994 [error] RequestService#request (browser) - error https://bingsettingssearch.trafficmanager.net/api/Search {}
2023-03-03 10:10:27.995 [info] Setting search error: XHR failed
2023-03-03 10:10:28.025 [error] RequestService#request (browser) - error https://bingsettingssearch.trafficmanager.net/api/Search {}
2023-03-03 10:10:28.025 [info] Setting search error: XHR failed
2023-03-03 10:20:38.218 [info] [lifecycle]: Shutdown was prevented by final veto (id: veto.backups)
2023-03-03 10:21:15.787 [error] RequestService#request (browser) - error https://bingsettingssearch.trafficmanager.net/api/Search {}
2023-03-03 10:21:15.787 [info] Setting search error: XHR failed
2023-03-03 10:21:15.788 [error] RequestService#request (browser) - error https://bingsettingssearch.trafficmanager.net/api/Search {}
2023-03-03 10:21:15.788 [info] Setting search error: XHR failed
2023-03-03 10:26:23.089 [error] ENOENT: no such file or directory, open '/home/crpier/.config/Code/User/globalStorage/vscodevim.vim/.registers': Error: ENOENT: no such file or directory, open '/home/crpier/.config/Code/User/globalStorage/vscodevim.vim/.registers'
2023-03-03 10:26:23.903 [info] [perf] Render performance baseline is 45ms
2023-03-03 13:12:52.602 [error] ENOENT: no such file or directory, open '/home/crpier/.config/Code/User/globalStorage/vscodevim.vim/.registers': Error: ENOENT: no such file or directory, open '/home/crpier/.config/Code/User/globalStorage/vscodevim.vim/.registers'
2023-03-03 13:12:53.153 [info] [perf] Render performance baseline is 34ms
2023-03-03 13:35:26.872 [info] [lifecycle]: Shutdown was prevented by final veto (id: veto.backups)
2023-03-03 14:13:27.373 [error] Command failed: /usr/bin/git -c core.quotepath=false -c color.ui=false -c log.showSignature=false log --format=%x3cr%x3e%x20%H -n3 -m -L 2,2:src/root.tsx
fatal: There is no path src/root.tsx in the commit
: Error: Command failed: /usr/bin/git -c core.quotepath=false -c color.ui=false -c log.showSignature=false log --format=%x3cr%x3e%x20%H -n3 -m -L 2,2:src/root.tsx
fatal: There is no path src/root.tsx in the commit

	at /home/crpier/.vscode/extensions/eamodio.gitlens-13.3.1/dist/gitlens.js:1:55840
	at ChildProcess.exithandler (node:child_process:415:5)
	at ChildProcess.emit (node:events:526:28)
	at maybeClose (node:internal/child_process:1092:16)
	at ChildProcess._handle.onexit (node:internal/child_process:302:5)
2023-03-03 14:33:05.356 [error] Error: File not found
    at p.Yb (vscode-file://vscode-app/usr/share/code/resources/app/out/vs/workbench/workbench.desktop.main.js:2465:87671)
    at async p.setInput (vscode-file://vscode-app/usr/share/code/resources/app/out/vs/workbench/workbench.desktop.main.js:2465:87009)
    at async n.H (vscode-file://vscode-app/usr/share/code/resources/app/out/vs/workbench/workbench.desktop.main.js:2463:5097)
    at async n.y (vscode-file://vscode-app/usr/share/code/resources/app/out/vs/workbench/workbench.desktop.main.js:2463:3926)
    at async n.openEditor (vscode-file://vscode-app/usr/share/code/resources/app/out/vs/workbench/workbench.desktop.main.js:2463:3041)
    at async vscode-file://vscode-app/usr/share/code/resources/app/out/vs/workbench/workbench.desktop.main.js:2674:13506
2023-03-03 14:33:06.082 [error] Error: File not found
    at p.Yb (vscode-file://vscode-app/usr/share/code/resources/app/out/vs/workbench/workbench.desktop.main.js:2465:87671)
    at async p.setInput (vscode-file://vscode-app/usr/share/code/resources/app/out/vs/workbench/workbench.desktop.main.js:2465:87009)
    at async n.H (vscode-file://vscode-app/usr/share/code/resources/app/out/vs/workbench/workbench.desktop.main.js:2463:5097)
    at async n.y (vscode-file://vscode-app/usr/share/code/resources/app/out/vs/workbench/workbench.desktop.main.js:2463:3926)
    at async n.openEditor (vscode-file://vscode-app/usr/share/code/resources/app/out/vs/workbench/workbench.desktop.main.js:2463:3041)
    at async vscode-file://vscode-app/usr/share/code/resources/app/out/vs/workbench/workbench.desktop.main.js:2674:13506
2023-03-03 14:33:07.301 [error] ENOENT: no such file or directory, open '/home/crpier/.config/Code/User/globalStorage/vscodevim.vim/.registers': Error: ENOENT: no such file or directory, open '/home/crpier/.config/Code/User/globalStorage/vscodevim.vim/.registers'
2023-03-03 14:33:08.106 [info] [perf] Render performance baseline is 33ms
2023-03-03 14:33:18.072 [info] [perf] Render performance baseline is 35ms
2023-03-03 14:33:21.571 [info] [perf] Render performance baseline is 38ms
2023-03-03 14:33:25.361 [info] [perf] Render performance baseline is 37ms
2023-03-03 15:37:24.324 [info] [perf] Render performance baseline is 32ms
2023-03-03 15:37:27.948 [info] [perf] Render performance baseline is 38ms
2023-03-03 16:59:47.730 [error] [File Watcher (universal)] restarting watcher after error: terminated by itself with code undefined, signal: SIGSEGV
2023-03-04 21:43:37.604 [error] Error: File not found
    at p.Yb (vscode-file://vscode-app/usr/share/code/resources/app/out/vs/workbench/workbench.desktop.main.js:2465:87671)
    at async p.setInput (vscode-file://vscode-app/usr/share/code/resources/app/out/vs/workbench/workbench.desktop.main.js:2465:87009)
    at async n.H (vscode-file://vscode-app/usr/share/code/resources/app/out/vs/workbench/workbench.desktop.main.js:2463:5097)
    at async n.y (vscode-file://vscode-app/usr/share/code/resources/app/out/vs/workbench/workbench.desktop.main.js:2463:3926)
    at async n.openEditor (vscode-file://vscode-app/usr/share/code/resources/app/out/vs/workbench/workbench.desktop.main.js:2463:3041)
    at async vscode-file://vscode-app/usr/share/code/resources/app/out/vs/workbench/workbench.desktop.main.js:2674:13506
    at async Ci.jb (vscode-file://vscode-app/usr/share/code/resources/app/out/vs/workbench/workbench.desktop.main.js:2477:58221)
