2023-03-03 10:07:29.526 [info] Added views:workbench.panel.markers.view in workbench.panel.markers
2023-03-03 10:07:29.526 [info] Added views:workbench.panel.output in workbench.panel.output
2023-03-03 10:07:29.526 [info] Added views:terminal in terminal
2023-03-03 10:07:29.526 [info] Added views:outline in workbench.view.explorer
2023-03-03 10:07:29.526 [info] Added views:workbench.scm in workbench.view.scm
2023-03-03 10:07:29.526 [info] Added views:workbench.view.search in workbench.view.search
2023-03-03 10:07:29.526 [info] Added views:timeline in workbench.view.explorer
2023-03-03 10:07:29.526 [info] Added views:workbench.explorer.fileView in workbench.view.explorer
2023-03-03 10:07:29.526 [info] Added views:workbench.debug.variablesView,workbench.debug.watchExpressionsView,workbench.debug.callStackView,workbench.debug.breakPointsView in workbench.view.debug
2023-03-03 10:07:29.876 [info] Added views:cell-tag in workbench.view.extension.jupyter
2023-03-03 10:07:30.150 [info] Added views:workbench.panel.repl.view in workbench.panel.repl
2023-03-03 10:07:30.151 [info] Removed views:workbench.debug.breakPointsView,workbench.debug.callStackView,workbench.debug.watchExpressionsView,workbench.debug.variablesView from workbench.view.debug
2023-03-03 10:07:30.152 [info] Added views:workbench.debug.welcome in workbench.view.debug
2023-03-03 10:07:43.951 [info] Added views:workbench.views.extensions.installed,workbench.views.extensions.popular,extensions.recommendedList in workbench.view.extensions
2023-03-03 10:07:43.955 [info] Removed views:workbench.views.extensions.popular from workbench.view.extensions
2023-03-03 10:07:46.063 [info] Removed views:extensions.recommendedList,workbench.views.extensions.installed from workbench.view.extensions
2023-03-03 10:07:46.081 [info] Added views:workbench.views.extensions.marketplace in workbench.view.extensions
2023-03-03 10:25:59.740 [info] Removed views:workbench.views.extensions.marketplace from workbench.view.extensions
2023-03-03 10:25:59.757 [info] Added views:workbench.views.extensions.installed,extensions.recommendedList in workbench.view.extensions
2023-03-03 10:26:12.436 [info] Removed views:cell-tag from workbench.view.extension.jupyter
2023-03-03 10:26:12.441 [info] Added views:cell-tag in workbench.view.explorer
2023-03-03 10:26:12.789 [info] Removed views:cell-tag from workbench.view.explorer
2023-03-03 10:26:21.132 [info] Added views:workbench.panel.markers.view in workbench.panel.markers
2023-03-03 10:26:21.132 [info] Added views:workbench.panel.output in workbench.panel.output
2023-03-03 10:26:21.132 [info] Added views:terminal in terminal
2023-03-03 10:26:21.132 [info] Added views:outline in workbench.view.explorer
2023-03-03 10:26:21.132 [info] Added views:workbench.scm in workbench.view.scm
2023-03-03 10:26:21.132 [info] Added views:workbench.view.search in workbench.view.search
2023-03-03 10:26:21.132 [info] Added views:timeline in workbench.view.explorer
2023-03-03 10:26:21.132 [info] Added views:workbench.explorer.fileView in workbench.view.explorer
2023-03-03 10:26:21.176 [info] Added views:workbench.debug.welcome in workbench.view.debug
2023-03-03 10:26:21.221 [info] Added views:workbench.views.extensions.installed,extensions.recommendedList in workbench.view.extensions
2023-03-03 10:26:21.752 [info] Added views:workbench.panel.repl.view in workbench.panel.repl
2023-03-03 10:26:45.950 [info] Added views:gitlens.views.home,gitlens.views.contributors in workbench.view.extension.gitlens
2023-03-03 10:26:45.952 [info] Added views:gitlens.views.commits,gitlens.views.commitDetails,gitlens.views.fileHistory,gitlens.views.branches,gitlens.views.remotes,gitlens.views.stashes,gitlens.views.tags,gitlens.views.searchAndCompare in workbench.view.scm
2023-03-03 10:26:47.530 [info] Added views:gitlens.views.timeline in workbench.view.extension.gitlensPanel
2023-03-03 10:26:47.532 [info] Added views:gitlens.views.worktrees in workbench.view.scm
2023-03-03 10:30:03.320 [info] Added views:pr:github,issues:github in workbench.view.extension.github-pull-requests
2023-03-03 10:30:03.518 [info] Removed views:issues:github,pr:github from workbench.view.extension.github-pull-requests
2023-03-03 10:30:03.518 [info] Added views:github:login in workbench.view.extension.github-pull-requests
2023-03-03 10:30:03.547 [info] Added views:github:activePullRequest:welcome in workbench.view.extension.github-pull-request
2023-03-03 10:30:03.548 [info] Removed views:github:activePullRequest:welcome from workbench.view.extension.github-pull-request
2023-03-03 10:30:19.194 [info] Removed views:extensions.recommendedList,workbench.views.extensions.installed from workbench.view.extensions
2023-03-03 10:30:19.201 [info] Added views:workbench.views.extensions.marketplace in workbench.view.extensions
2023-03-03 10:30:52.342 [info] Removed views:workbench.views.extensions.marketplace from workbench.view.extensions
2023-03-03 10:30:52.357 [info] Added views:workbench.views.extensions.installed,extensions.recommendedList in workbench.view.extensions
2023-03-03 10:30:54.338 [info] Removed views:extensions.recommendedList,workbench.views.extensions.installed from workbench.view.extensions
2023-03-03 10:30:54.344 [info] Added views:workbench.views.extensions.marketplace in workbench.view.extensions
2023-03-03 10:31:28.770 [info] Removed views:workbench.views.extensions.marketplace from workbench.view.extensions
2023-03-03 10:31:28.785 [info] Added views:workbench.views.extensions.installed,extensions.recommendedList in workbench.view.extensions
2023-03-03 10:31:31.474 [info] Removed views:extensions.recommendedList,workbench.views.extensions.installed from workbench.view.extensions
2023-03-03 10:31:31.479 [info] Added views:workbench.views.extensions.marketplace in workbench.view.extensions
2023-03-03 10:33:27.471 [info] Removed views:github:login from workbench.view.extension.github-pull-requests
2023-03-03 10:33:27.475 [info] Added views:pr:github,issues:github in workbench.view.extension.github-pull-requests
2023-03-03 13:12:50.345 [info] Added views:workbench.panel.markers.view in workbench.panel.markers
2023-03-03 13:12:50.345 [info] Added views:workbench.panel.output in workbench.panel.output
2023-03-03 13:12:50.345 [info] Added views:terminal in terminal
2023-03-03 13:12:50.345 [info] Added views:outline in workbench.view.explorer
2023-03-03 13:12:50.345 [info] Added views:workbench.scm in workbench.view.scm
2023-03-03 13:12:50.345 [info] Added views:workbench.view.search in workbench.view.search
2023-03-03 13:12:50.345 [info] Added views:timeline in workbench.view.explorer
2023-03-03 13:12:50.345 [info] Added views:workbench.explorer.fileView in workbench.view.explorer
2023-03-03 13:12:50.421 [info] Added views:workbench.debug.welcome in workbench.view.debug
2023-03-03 13:12:50.848 [info] Added views:gitlens.views.home,gitlens.views.contributors in workbench.view.extension.gitlens
2023-03-03 13:12:50.849 [info] Added views:gitlens.views.commits,gitlens.views.commitDetails,gitlens.views.fileHistory,gitlens.views.branches,gitlens.views.remotes,gitlens.views.stashes,gitlens.views.tags,gitlens.views.searchAndCompare in workbench.view.scm
2023-03-03 13:12:50.850 [info] Added views:pr:github,issues:github in workbench.view.extension.github-pull-requests
2023-03-03 13:12:51.303 [info] Added views:workbench.panel.repl.view in workbench.panel.repl
2023-03-03 13:12:52.522 [info] Removed views:issues:github,pr:github from workbench.view.extension.github-pull-requests
2023-03-03 13:12:52.522 [info] Added views:github:login in workbench.view.extension.github-pull-requests
2023-03-03 13:12:52.579 [info] Added views:github:activePullRequest:welcome in workbench.view.extension.github-pull-request
2023-03-03 13:12:52.579 [info] Removed views:github:activePullRequest:welcome from workbench.view.extension.github-pull-request
2023-03-03 13:12:53.339 [info] Added views:gitlens.views.timeline in workbench.view.extension.gitlensPanel
2023-03-03 13:12:53.340 [info] Added views:gitlens.views.worktrees in workbench.view.scm
2023-03-03 14:33:05.310 [info] Added views:workbench.panel.markers.view in workbench.panel.markers
2023-03-03 14:33:05.310 [info] Added views:workbench.panel.output in workbench.panel.output
2023-03-03 14:33:05.310 [info] Added views:terminal in terminal
2023-03-03 14:33:05.310 [info] Added views:outline in workbench.view.explorer
2023-03-03 14:33:05.310 [info] Added views:workbench.scm in workbench.view.scm
2023-03-03 14:33:05.310 [info] Added views:workbench.view.search in workbench.view.search
2023-03-03 14:33:05.310 [info] Added views:timeline in workbench.view.explorer
2023-03-03 14:33:05.310 [info] Added views:workbench.explorer.fileView in workbench.view.explorer
2023-03-03 14:33:05.420 [info] Added views:workbench.debug.variablesView,workbench.debug.watchExpressionsView,workbench.debug.callStackView,workbench.debug.breakPointsView in workbench.view.debug
2023-03-03 14:33:05.598 [info] Added views:gitlens.views.home,gitlens.views.contributors in workbench.view.extension.gitlens
2023-03-03 14:33:05.599 [info] Added views:gitlens.views.commits,gitlens.views.commitDetails,gitlens.views.fileHistory,gitlens.views.branches,gitlens.views.remotes,gitlens.views.stashes,gitlens.views.tags,gitlens.views.searchAndCompare in workbench.view.scm
2023-03-03 14:33:05.600 [info] Added views:pr:github,issues:github in workbench.view.extension.github-pull-requests
2023-03-03 14:33:06.026 [info] Added views:workbench.panel.repl.view in workbench.panel.repl
2023-03-03 14:33:06.027 [info] Removed views:workbench.debug.breakPointsView,workbench.debug.callStackView,workbench.debug.watchExpressionsView,workbench.debug.variablesView from workbench.view.debug
2023-03-03 14:33:06.027 [info] Added views:workbench.debug.welcome in workbench.view.debug
2023-03-03 14:33:06.375 [info] Added views:workbench.view.testing in workbench.view.extension.test
2023-03-03 14:33:07.282 [info] Removed views:issues:github,pr:github from workbench.view.extension.github-pull-requests
2023-03-03 14:33:07.283 [info] Added views:github:login in workbench.view.extension.github-pull-requests
2023-03-03 14:33:07.311 [info] Added views:github:activePullRequest:welcome in workbench.view.extension.github-pull-request
2023-03-03 14:33:07.311 [info] Removed views:github:activePullRequest:welcome from workbench.view.extension.github-pull-request
2023-03-03 14:33:07.987 [info] Added views:gitlens.views.timeline in workbench.view.extension.gitlensPanel
2023-03-03 14:33:07.990 [info] Added views:gitlens.views.worktrees in workbench.view.scm
2023-03-03 14:33:14.914 [info] Removed views:workbench.view.testing from workbench.view.extension.test
2023-03-03 14:33:15.317 [info] Added views:workbench.panel.markers.view in workbench.panel.markers
2023-03-03 14:33:15.317 [info] Added views:workbench.panel.output in workbench.panel.output
2023-03-03 14:33:15.317 [info] Added views:terminal in terminal
2023-03-03 14:33:15.317 [info] Added views:outline in workbench.view.explorer
2023-03-03 14:33:15.317 [info] Added views:workbench.scm in workbench.view.scm
2023-03-03 14:33:15.317 [info] Added views:workbench.view.search in workbench.view.search
2023-03-03 14:33:15.317 [info] Added views:timeline in workbench.view.explorer
2023-03-03 14:33:15.317 [info] Added views:workbench.explorer.fileView in workbench.view.explorer
2023-03-03 14:33:15.354 [info] Added views:workbench.debug.welcome in workbench.view.debug
2023-03-03 14:33:15.625 [info] Added views:gitlens.views.home,gitlens.views.contributors in workbench.view.extension.gitlens
2023-03-03 14:33:15.627 [info] Added views:gitlens.views.commits,gitlens.views.commitDetails,gitlens.views.fileHistory,gitlens.views.branches,gitlens.views.remotes,gitlens.views.stashes,gitlens.views.tags,gitlens.views.searchAndCompare in workbench.view.scm
2023-03-03 14:33:15.628 [info] Added views:pr:github,issues:github in workbench.view.extension.github-pull-requests
2023-03-03 14:33:16.161 [info] Added views:workbench.panel.repl.view in workbench.panel.repl
2023-03-03 14:33:17.120 [info] Removed views:issues:github,pr:github from workbench.view.extension.github-pull-requests
2023-03-03 14:33:17.121 [info] Added views:github:login in workbench.view.extension.github-pull-requests
2023-03-03 14:33:17.227 [info] Added views:github:activePullRequest:welcome in workbench.view.extension.github-pull-request
2023-03-03 14:33:17.228 [info] Removed views:github:activePullRequest:welcome from workbench.view.extension.github-pull-request
2023-03-03 14:33:18.026 [info] Added views:gitlens.views.timeline in workbench.view.extension.gitlensPanel
2023-03-03 14:33:18.027 [info] Added views:gitlens.views.worktrees in workbench.view.scm
2023-03-03 14:33:18.773 [info] Added views:workbench.panel.markers.view in workbench.panel.markers
2023-03-03 14:33:18.773 [info] Added views:workbench.panel.output in workbench.panel.output
2023-03-03 14:33:18.773 [info] Added views:terminal in terminal
2023-03-03 14:33:18.773 [info] Added views:outline in workbench.view.explorer
2023-03-03 14:33:18.773 [info] Added views:workbench.scm in workbench.view.scm
2023-03-03 14:33:18.773 [info] Added views:workbench.view.search in workbench.view.search
2023-03-03 14:33:18.773 [info] Added views:timeline in workbench.view.explorer
2023-03-03 14:33:18.773 [info] Added views:workbench.explorer.fileView in workbench.view.explorer
2023-03-03 14:33:18.814 [info] Added views:workbench.debug.welcome in workbench.view.debug
2023-03-03 14:33:19.051 [info] Added views:gitlens.views.home,gitlens.views.contributors in workbench.view.extension.gitlens
2023-03-03 14:33:19.052 [info] Added views:gitlens.views.commits,gitlens.views.commitDetails,gitlens.views.fileHistory,gitlens.views.branches,gitlens.views.remotes,gitlens.views.stashes,gitlens.views.tags,gitlens.views.searchAndCompare in workbench.view.scm
2023-03-03 14:33:19.053 [info] Added views:pr:github,issues:github in workbench.view.extension.github-pull-requests
2023-03-03 14:33:19.328 [info] Added views:workbench.panel.repl.view in workbench.panel.repl
2023-03-03 14:33:19.739 [info] Added views:workbench.view.testing in workbench.view.extension.test
2023-03-03 14:33:20.364 [info] Removed views:issues:github,pr:github from workbench.view.extension.github-pull-requests
2023-03-03 14:33:20.365 [info] Added views:github:login in workbench.view.extension.github-pull-requests
2023-03-03 14:33:20.390 [info] Added views:github:activePullRequest:welcome in workbench.view.extension.github-pull-request
2023-03-03 14:33:20.390 [info] Removed views:github:activePullRequest:welcome from workbench.view.extension.github-pull-request
2023-03-03 14:33:21.456 [info] Added views:gitlens.views.timeline in workbench.view.extension.gitlensPanel
2023-03-03 14:33:21.457 [info] Added views:gitlens.views.worktrees in workbench.view.scm
2023-03-03 14:33:22.269 [info] Removed views:workbench.view.testing from workbench.view.extension.test
2023-03-03 14:33:22.592 [info] Added views:workbench.panel.markers.view in workbench.panel.markers
2023-03-03 14:33:22.592 [info] Added views:workbench.panel.output in workbench.panel.output
2023-03-03 14:33:22.592 [info] Added views:terminal in terminal
2023-03-03 14:33:22.592 [info] Added views:outline in workbench.view.explorer
2023-03-03 14:33:22.592 [info] Added views:workbench.scm in workbench.view.scm
2023-03-03 14:33:22.592 [info] Added views:workbench.view.search in workbench.view.search
2023-03-03 14:33:22.592 [info] Added views:timeline in workbench.view.explorer
2023-03-03 14:33:22.592 [info] Added views:workbench.explorer.fileView in workbench.view.explorer
2023-03-03 14:33:22.624 [info] Added views:workbench.debug.welcome in workbench.view.debug
2023-03-03 14:33:22.866 [info] Added views:gitlens.views.home,gitlens.views.contributors in workbench.view.extension.gitlens
2023-03-03 14:33:22.867 [info] Added views:gitlens.views.commits,gitlens.views.commitDetails,gitlens.views.fileHistory,gitlens.views.branches,gitlens.views.remotes,gitlens.views.stashes,gitlens.views.tags,gitlens.views.searchAndCompare in workbench.view.scm
2023-03-03 14:33:22.867 [info] Added views:pr:github,issues:github in workbench.view.extension.github-pull-requests
2023-03-03 14:33:23.291 [info] Added views:workbench.panel.repl.view in workbench.panel.repl
2023-03-03 14:33:24.389 [info] Removed views:issues:github,pr:github from workbench.view.extension.github-pull-requests
2023-03-03 14:33:24.390 [info] Added views:github:login in workbench.view.extension.github-pull-requests
2023-03-03 14:33:24.422 [info] Added views:github:activePullRequest:welcome in workbench.view.extension.github-pull-request
2023-03-03 14:33:24.423 [info] Removed views:github:activePullRequest:welcome from workbench.view.extension.github-pull-request
2023-03-03 14:33:25.155 [info] Added views:gitlens.views.timeline in workbench.view.extension.gitlensPanel
2023-03-03 14:33:25.158 [info] Added views:gitlens.views.worktrees in workbench.view.scm
2023-03-03 15:37:21.650 [info] Added views:workbench.panel.markers.view in workbench.panel.markers
2023-03-03 15:37:21.650 [info] Added views:workbench.panel.output in workbench.panel.output
2023-03-03 15:37:21.650 [info] Added views:terminal in terminal
2023-03-03 15:37:21.650 [info] Added views:outline in workbench.view.explorer
2023-03-03 15:37:21.650 [info] Added views:workbench.scm in workbench.view.scm
2023-03-03 15:37:21.650 [info] Added views:workbench.view.search in workbench.view.search
2023-03-03 15:37:21.650 [info] Added views:timeline in workbench.view.explorer
2023-03-03 15:37:21.650 [info] Added views:workbench.explorer.fileView in workbench.view.explorer
2023-03-03 15:37:21.650 [info] Added views:workbench.debug.variablesView,workbench.debug.watchExpressionsView,workbench.debug.callStackView,workbench.debug.breakPointsView in workbench.view.debug
2023-03-03 15:37:21.947 [info] Added views:gitlens.views.home,gitlens.views.contributors in workbench.view.extension.gitlens
2023-03-03 15:37:21.948 [info] Added views:gitlens.views.commits,gitlens.views.commitDetails,gitlens.views.fileHistory,gitlens.views.branches,gitlens.views.remotes,gitlens.views.stashes,gitlens.views.tags,gitlens.views.searchAndCompare in workbench.view.scm
2023-03-03 15:37:21.949 [info] Added views:pr:github,issues:github in workbench.view.extension.github-pull-requests
2023-03-03 15:37:22.322 [info] Added views:workbench.panel.repl.view in workbench.panel.repl
2023-03-03 15:37:22.323 [info] Removed views:workbench.debug.breakPointsView,workbench.debug.callStackView,workbench.debug.watchExpressionsView,workbench.debug.variablesView from workbench.view.debug
2023-03-03 15:37:22.324 [info] Added views:workbench.debug.welcome in workbench.view.debug
2023-03-03 15:37:22.654 [info] Added views:workbench.view.testing in workbench.view.extension.test
2023-03-03 15:37:22.867 [info] Removed views:gitlens.views.searchAndCompare,gitlens.views.tags,gitlens.views.stashes,gitlens.views.remotes,gitlens.views.branches,gitlens.views.fileHistory,gitlens.views.commitDetails,gitlens.views.commits from workbench.view.scm
2023-03-03 15:37:22.867 [info] Removed views:gitlens.views.contributors from workbench.view.extension.gitlens
2023-03-03 15:37:24.825 [info] Removed views:workbench.view.testing from workbench.view.extension.test
2023-03-03 15:37:25.187 [info] Added views:workbench.panel.markers.view in workbench.panel.markers
2023-03-03 15:37:25.187 [info] Added views:workbench.panel.output in workbench.panel.output
2023-03-03 15:37:25.187 [info] Added views:terminal in terminal
2023-03-03 15:37:25.187 [info] Added views:outline in workbench.view.explorer
2023-03-03 15:37:25.187 [info] Added views:workbench.scm in workbench.view.scm
2023-03-03 15:37:25.187 [info] Added views:workbench.view.search in workbench.view.search
2023-03-03 15:37:25.187 [info] Added views:timeline in workbench.view.explorer
2023-03-03 15:37:25.187 [info] Added views:workbench.explorer.fileView in workbench.view.explorer
2023-03-03 15:37:25.234 [info] Added views:workbench.debug.welcome in workbench.view.debug
2023-03-03 15:37:25.568 [info] Added views:gitlens.views.home,gitlens.views.contributors in workbench.view.extension.gitlens
2023-03-03 15:37:25.569 [info] Added views:gitlens.views.commits,gitlens.views.commitDetails,gitlens.views.fileHistory,gitlens.views.branches,gitlens.views.remotes,gitlens.views.stashes,gitlens.views.tags,gitlens.views.searchAndCompare in workbench.view.scm
2023-03-03 15:37:25.570 [info] Added views:pr:github,issues:github in workbench.view.extension.github-pull-requests
2023-03-03 15:37:26.044 [info] Added views:workbench.panel.repl.view in workbench.panel.repl
2023-03-03 15:37:27.028 [info] Removed views:issues:github,pr:github from workbench.view.extension.github-pull-requests
2023-03-03 15:37:27.029 [info] Added views:github:login in workbench.view.extension.github-pull-requests
2023-03-03 15:37:27.070 [info] Added views:github:activePullRequest:welcome in workbench.view.extension.github-pull-request
2023-03-03 15:37:27.070 [info] Removed views:github:activePullRequest:welcome from workbench.view.extension.github-pull-request
2023-03-03 15:37:28.079 [info] Added views:gitlens.views.timeline in workbench.view.extension.gitlensPanel
2023-03-03 15:37:28.080 [info] Added views:gitlens.views.worktrees in workbench.view.scm
