2023-03-06 02:02:57.621 [info] Reading sessions from keychain...
2023-03-06 02:02:57.621 [info] Getting sessions for user:email...
2023-03-06 02:02:57.621 [info] Getting sessions for all scopes...
2023-03-06 02:02:57.621 [info] Got 0 sessions for user:email...
2023-03-06 02:02:57.621 [info] Got 0 sessions for ...
2023-03-06 02:02:57.703 [info] Getting sessions for read:user,repo,user:email,workflow...
2023-03-06 02:02:57.703 [info] Got 0 sessions for read:user,repo,user:email,workflow...
2023-03-06 02:02:57.726 [info] Getting sessions for read:user,repo,user:email...
2023-03-06 02:02:57.726 [info] Got 0 sessions for read:user,repo,user:email...
2023-03-06 02:02:57.753 [info] Getting sessions for read:user,repo,user:email...
2023-03-06 02:02:57.753 [info] Got 0 sessions for read:user,repo,user:email...
2023-03-10 20:18:02.512 [info] Getting sessions for read:user,repo,user:email...
2023-03-10 20:18:02.513 [info] Got 0 sessions for read:user,repo,user:email...
2023-03-11 11:09:09.128 [info] Getting sessions for read:user,repo,user:email...
2023-03-11 11:09:09.134 [info] Got 0 sessions for read:user,repo,user:email...
2023-03-11 14:53:07.443 [info] Getting sessions for read:user,repo,user:email...
2023-03-11 14:53:07.443 [info] Got 0 sessions for read:user,repo,user:email...
2023-03-11 20:35:58.508 [info] Getting sessions for read:user,repo,user:email...
2023-03-11 20:35:58.508 [info] Got 0 sessions for read:user,repo,user:email...
2023-03-11 21:50:17.188 [info] Getting sessions for read:user,repo,user:email...
2023-03-11 21:50:17.188 [info] Got 0 sessions for read:user,repo,user:email...
2023-03-12 00:14:37.408 [info] Getting sessions for read:user,repo,user:email...
2023-03-12 00:14:37.408 [info] Got 0 sessions for read:user,repo,user:email...
2023-03-12 12:32:42.725 [info] Getting sessions for read:user,repo,user:email...
2023-03-12 12:32:42.725 [info] Got 0 sessions for read:user,repo,user:email...
2023-03-12 18:42:16.801 [info] Getting sessions for read:user,repo,user:email...
2023-03-12 18:42:16.801 [info] Got 0 sessions for read:user,repo,user:email...
