2023-03-10 21:55:04.709 [info] Active editor: file:///home/crpier/Projects/solid-realworld/src/store/index.js
2023-03-10 21:57:35.425 [info] /home/crpier/Projects/solid-realworld/src/store/index.js closed
2023-03-10 21:57:35.425 [info] /home/crpier/Projects/solid-realworld/src/store/index.js.git closed
2023-03-10 21:57:35.447 [info] Active editor: file:///home/crpier/Projects/solid-realworld/src/pages/Article/Article.js
2023-03-10 21:57:53.739 [info] /home/crpier/Projects/solid-realworld/src/pages/Article/Article.js closed
2023-03-10 21:57:53.739 [info] /home/crpier/Projects/solid-realworld/src/pages/Article/Article.js.git closed
2023-03-10 21:57:53.784 [info] Active editor: file:///home/crpier/Projects/solid-realworld/src/pages/Auth.js
2023-03-10 21:58:11.383 [info] /home/crpier/Projects/solid-realworld/.vscode/settings.json closed
2023-03-10 21:58:11.407 [info] Configuration changed
2023-03-10 21:58:11.674 [info] /home/crpier/Projects/solid-realworld/.vscode/settings.json closed
2023-03-10 21:58:11.694 [info] Configuration changed
2023-03-10 21:58:38.790 [info] /home/crpier/Projects/solid-realworld/src/pages/Auth.js closed
2023-03-10 21:58:38.790 [info] /home/crpier/Projects/solid-realworld/src/pages/Auth.js.git closed
2023-03-10 21:58:38.819 [info] Active editor: file:///home/crpier/Projects/solid-realworld/src/components/ListErrors.js
2023-03-10 21:58:42.217 [info] /home/crpier/Projects/solid-realworld/src/components/ListErrors.js closed
2023-03-10 21:58:42.218 [info] /home/crpier/Projects/solid-realworld/src/components/ListErrors.js.git closed
2023-03-10 21:58:42.251 [info] Active editor: file:///home/crpier/Projects/solid-realworld/src/pages/Settings.js
2023-03-10 21:58:56.834 [info] Active editor: file:///home/crpier/Projects/solid-realworld/src/store/index.js
2023-03-10 21:58:56.836 [warning] invalid cursor position. [[5, 45] | [5, 45]].
2023-03-10 21:58:56.836 [warning] invalid cursor position. [[5, 45] | [5, 45]].
2023-03-10 21:58:59.146 [info] /home/crpier/Projects/solid-realworld/src/store/createRouteHandler.js closed
2023-03-10 21:58:59.409 [info] Active editor: file:///home/crpier/Projects/solid-realworld/src/pages/Settings.js
2023-03-10 21:59:06.406 [info] Active editor: file:///home/crpier/Projects/solid-realworld/src/store/index.js
2023-03-10 21:59:06.407 [warning] invalid cursor position. [[5, 45] | [5, 45]].
2023-03-10 21:59:06.407 [warning] invalid cursor position. [[5, 45] | [5, 45]].
2023-03-10 22:08:44.872 [info] Active editor: file:///home/crpier/Projects/solid-realworld/src/store/createAgent.js
2023-03-10 22:08:44.874 [warning] invalid cursor position. [[38, 20] | [38, 20]].
2023-03-10 22:08:44.882 [warning] invalid cursor position. [[38, 20] | [38, 20]].
2023-03-10 22:08:51.322 [info] Active editor: file:///home/crpier/Projects/solid-realworld/src/store/index.js
2023-03-10 22:09:56.573 [info] /home/crpier/Projects/solid-realworld/src/store/createAgent.js closed
2023-03-10 22:09:56.573 [info] /home/crpier/Projects/solid-realworld/src/store/createAgent.js.git closed
2023-03-10 22:09:56.605 [info] Active editor: file:///home/crpier/Projects/solid-realworld/src/store/createRouteHandler.js
2023-03-10 22:11:25.905 [info] Active editor: file:///home/crpier/Projects/solid-realworld/src/store/index.js
2023-03-10 22:16:39.693 [info] /home/crpier/Projects/solid-realworld/src/store/createRouteHandler.js closed
2023-03-10 22:16:39.693 [info] /home/crpier/Projects/solid-realworld/src/store/createRouteHandler.js.git closed
2023-03-10 22:16:39.729 [info] Active editor: file:///home/crpier/Projects/solid-realworld/src/App.js
2023-03-10 22:16:44.026 [info] Searching for store
2023-03-10 22:16:46.755 [info] Active editor: file:///home/crpier/Projects/solid-realworld/src/store/index.js
2023-03-10 22:17:33.227 [info] Active editor: file:///home/crpier/Projects/solid-realworld/src/App.js
2023-03-10 22:17:37.961 [info] Searching for store
2023-03-10 22:18:06.176 [info] /home/crpier/Projects/solid-realworld/src/App.js closed
2023-03-10 22:18:06.176 [info] /home/crpier/Projects/solid-realworld/src/App.js.git closed
2023-03-10 22:18:06.193 [info] Active editor: file:///home/crpier/Projects/solid-realworld/src/index.js
2023-03-10 22:28:41.547 [info] Active editor: file:///home/crpier/Projects/solid-realworld/src/App.js
2023-03-10 22:28:46.190 [info] Active editor: file:///home/crpier/Projects/solid-realworld/src/index.js
2023-03-10 22:29:03.245 [info] Active editor: file:///home/crpier/Projects/solid-realworld/src/App.js
2023-03-10 22:29:04.964 [info] Active editor: file:///home/crpier/Projects/solid-realworld/src/index.js
2023-03-10 22:29:50.715 [info] Active editor: file:///home/crpier/Projects/solid-realworld/src/App.js
2023-03-10 22:31:37.416 [info] Active editor: file:///home/crpier/Projects/solid-realworld/src/store/index.js
2023-03-10 22:31:37.417 [warning] invalid cursor position. [[12, 37] | [12, 37]].
2023-03-10 22:31:37.417 [warning] invalid cursor position. [[12, 37] | [12, 37]].
2023-03-10 22:31:46.404 [info] Searching for pull
2023-03-10 22:32:02.054 [info] Searching for user
2023-03-10 22:32:02.981 [info] Active editor: file:///home/crpier/Projects/solid-realworld/src/App.js
2023-03-10 22:32:10.855 [info] Active editor: file:///home/crpier/Projects/solid-realworld/src/store/index.js
2023-03-10 22:32:10.856 [warning] invalid cursor position. [[12, 39] | [12, 39]].
2023-03-10 22:32:10.856 [warning] invalid cursor position. [[12, 39] | [12, 39]].
2023-03-10 22:32:26.063 [info] Active editor: file:///home/crpier/Projects/solid-realworld/src/App.js
2023-03-10 22:32:27.184 [info] Active editor: file:///home/crpier/Projects/solid-realworld/src/store/index.js
2023-03-10 22:33:22.912 [info] Active editor: file:///home/crpier/Projects/solid-realworld/src/App.js
2023-03-10 22:33:29.822 [info] Active editor: file:///home/crpier/Projects/solid-realworld/src/store/createAuth.js
2023-03-10 22:33:49.952 [info] Active editor: file:///home/crpier/Projects/solid-realworld/src/App.js
2023-03-10 22:34:22.967 [info] /home/crpier/Projects/solid-realworld/src/store/createAuth.js closed
2023-03-10 22:34:22.967 [info] /home/crpier/Projects/solid-realworld/src/store/createAuth.js.git closed
2023-03-10 22:34:22.986 [info] Active editor: file:///home/crpier/Projects/solid-realworld/src/components/NavBar.js
2023-03-10 22:35:29.028 [info] Active editor: file:///home/crpier/Projects/solid-realworld/src/store/index.js
2023-03-10 23:39:58.836 [info] Active editor: file:///home/crpier/Projects/solid-realworld/src/components/NavBar.js
2023-03-10 23:40:00.531 [info] Active editor: file:///home/crpier/Projects/solid-realworld/src/store/index.js
2023-03-10 23:40:04.650 [info] Active editor: file:///home/crpier/Projects/solid-realworld/src/components/NavBar.js
2023-03-10 23:40:05.534 [info] Active editor: file:///home/crpier/Projects/solid-realworld/src/store/index.js
2023-03-10 23:40:10.757 [info] Active editor: file:///home/crpier/Projects/solid-realworld/src/index.js
2023-03-10 23:40:14.383 [info] Active editor: file:///home/crpier/Projects/solid-realworld/src/store/index.js
2023-03-10 23:40:15.460 [info] Active editor: file:///home/crpier/Projects/solid-realworld/src/index.js
2023-03-10 23:40:47.624 [info] Active editor: file:///home/crpier/Projects/solid-realworld/src/App.js
2023-03-10 23:40:52.120 [info] Searching for nav
2023-03-10 23:40:53.380 [info] Active editor: file:///home/crpier/Projects/solid-realworld/src/components/NavBar.js
2023-03-10 23:40:55.034 [info] Active editor: file:///home/crpier/Projects/solid-realworld/src/App.js
2023-03-10 23:40:56.066 [info] Active editor: file:///home/crpier/Projects/solid-realworld/src/components/NavBar.js
2023-03-10 23:44:03.424 [info] Active editor: file:///home/crpier/Projects/solid-realworld/src/store/index.js
2023-03-10 23:44:05.490 [info] Searching for currentuser
2023-03-10 23:44:46.753 [info] Active editor: file:///home/crpier/Projects/solid-realworld/src/store/createAuth.js
2023-03-10 23:44:46.754 [warning] getLineLength() called with out-of-bounds line 44
2023-03-10 23:44:46.754 [warning] invalid cursor position. [[44, 16] | [44, 16]].
2023-03-10 23:44:46.755 [warning] getLineLength() called with out-of-bounds line 44
2023-03-10 23:44:46.755 [warning] invalid cursor position. [[44, 16] | [44, 16]].
2023-03-10 23:44:49.318 [info] Active editor: file:///home/crpier/Projects/solid-realworld/src/store/index.js
2023-03-10 23:45:01.384 [info] Active editor: file:///home/crpier/Projects/solid-realworld/src/store/createAuth.js
2023-03-10 23:45:01.384 [warning] getLineLength() called with out-of-bounds line 44
2023-03-10 23:45:01.384 [warning] invalid cursor position. [[44, 16] | [44, 16]].
2023-03-10 23:45:01.384 [warning] getLineLength() called with out-of-bounds line 44
2023-03-10 23:45:01.385 [warning] invalid cursor position. [[44, 16] | [44, 16]].
2023-03-10 23:46:00.776 [info] Active editor: file:///home/crpier/Projects/solid-realworld/src/store/index.js
2023-03-10 23:46:05.447 [info] Active editor: file:///home/crpier/Projects/solid-realworld/src/store/createAuth.js
2023-03-10 23:46:06.358 [info] Active editor: file:///home/crpier/Projects/solid-realworld/src/store/index.js
2023-03-10 23:46:43.791 [info] /home/crpier/Projects/solid-realworld/src/store/createAuth.js closed
2023-03-10 23:46:43.791 [info] /home/crpier/Projects/solid-realworld/src/store/createAuth.js.git closed
2023-03-10 23:46:43.841 [info] Active editor: file:///home/crpier/Projects/solid-realworld/src/store/createAgent.js
2023-03-10 23:46:43.842 [warning] invalid cursor position. [[38, 12] | [38, 12]].
2023-03-10 23:46:43.842 [warning] invalid cursor position. [[38, 12] | [38, 12]].
2023-03-10 23:46:45.112 [info] Active editor: file:///home/crpier/Projects/solid-realworld/src/store/index.js
2023-03-10 23:46:45.882 [info] Active editor: file:///home/crpier/Projects/solid-realworld/src/store/createAgent.js
2023-03-10 23:47:27.420 [info] Active editor: file:///home/crpier/Projects/solid-realworld/src/store/index.js
2023-03-10 23:47:30.406 [info] Active editor: file:///home/crpier/Projects/solid-realworld/src/store/createAgent.js
2023-03-10 23:50:41.293 [info] Configuration changed
2023-03-11 00:00:28.305 [info] Searching for currentuser
2023-03-11 00:00:29.219 [info] Active editor: file:///home/crpier/Projects/solid-realworld/src/store/index.js
2023-03-11 00:00:34.400 [info] Active editor: file:///home/crpier/Projects/solid-realworld/src/store/createAgent.js
2023-03-11 00:00:35.616 [info] Active editor: file:///home/crpier/Projects/solid-realworld/src/store/index.js
2023-03-11 00:01:19.563 [info] /home/crpier/Projects/solid-realworld/src/store/createAgent.js closed
2023-03-11 00:01:19.564 [info] /home/crpier/Projects/solid-realworld/src/store/createAgent.js.git closed
2023-03-11 00:01:19.613 [info] Active editor: file:///home/crpier/Projects/solid-realworld/src/store/createAuth.js
2023-03-11 00:01:19.614 [warning] getLineLength() called with out-of-bounds line 44
2023-03-11 00:01:19.614 [warning] invalid cursor position. [[44, 16] | [44, 16]].
2023-03-11 00:01:19.615 [warning] getLineLength() called with out-of-bounds line 44
2023-03-11 00:01:19.615 [warning] invalid cursor position. [[44, 16] | [44, 16]].
2023-03-11 00:01:28.318 [info] Searching for currentuser
2023-03-11 00:13:36.188 [info] Active editor: file:///home/crpier/Projects/solid-realworld/src/store/index.js
2023-03-11 00:13:39.119 [info] Searching for agent
2023-03-11 00:17:08.984 [info] Active editor: file:///home/crpier/Projects/solid-realworld/src/store/createAuth.js
2023-03-11 00:17:08.985 [warning] getLineLength() called with out-of-bounds line 44
2023-03-11 00:17:08.985 [warning] invalid cursor position. [[44, 16] | [44, 16]].
2023-03-11 00:17:08.985 [warning] getLineLength() called with out-of-bounds line 44
2023-03-11 00:17:08.985 [warning] invalid cursor position. [[44, 16] | [44, 16]].
2023-03-11 00:17:10.997 [info] Active editor: file:///home/crpier/Projects/solid-realworld/src/store/index.js
2023-03-11 00:17:14.803 [info] Active editor: file:///home/crpier/Projects/solid-realworld/src/store/createAuth.js
2023-03-11 00:21:05.193 [info] Active editor: file:///home/crpier/Projects/solid-realworld/src/components/NavBar.js
2023-03-11 00:21:06.857 [info] Searching for store
2023-03-11 00:21:13.115 [info] Active editor: file:///home/crpier/Projects/solid-realworld/src/store/createAuth.js
2023-03-11 00:22:01.167 [info] Active editor: file:///home/crpier/Projects/solid-realworld/src/store/index.js
2023-03-11 00:24:11.485 [info] Active editor: file:///home/crpier/Projects/solid-realworld/src/store/createAuth.js
2023-03-11 00:24:11.486 [warning] getLineLength() called with out-of-bounds line 44
2023-03-11 00:24:11.486 [warning] invalid cursor position. [[44, 20] | [44, 20]].
2023-03-11 00:24:11.486 [warning] getLineLength() called with out-of-bounds line 44
2023-03-11 00:24:11.486 [warning] invalid cursor position. [[44, 20] | [44, 20]].
2023-03-11 00:31:28.750 [info] Active editor: file:///home/crpier/Projects/solid-realworld/src/store/createAgent.js
2023-03-11 00:31:31.293 [info] Searching for send
2023-03-11 00:35:51.423 [info] Active editor: file:///home/crpier/Projects/solid-realworld/src/store/createAuth.js
2023-03-11 00:36:44.401 [info] Active editor: file:///home/crpier/Projects/solid-realworld/src/store/createAgent.js
2023-03-11 00:37:47.521 [info] Active editor: file:///home/crpier/Projects/solid-realworld/src/store/createAuth.js
2023-03-11 00:38:19.428 [info] Active editor: file:///home/crpier/Projects/solid-realworld/src/store/index.js
2023-03-11 00:38:24.083 [info] Active editor: file:///home/crpier/Projects/solid-realworld/src/components/NavLink.js
2023-03-11 00:38:24.913 [info] Active editor: file:///home/crpier/Projects/solid-realworld/src/components/NavBar.js
2023-03-11 00:38:25.629 [info] Active editor: file:///home/crpier/Projects/solid-realworld/src/components/NavLink.js
2023-03-11 00:38:27.682 [info] Active editor: file:///home/crpier/Projects/solid-realworld/src/components/NavBar.js
2023-03-11 01:25:18.818 [info] Active editor: file:///home/crpier/Projects/solid-realworld/src/App.js
2023-03-11 01:25:19.121 [info] Active editor: file:///home/crpier/Projects/solid-realworld/src/index.js
2023-03-11 01:25:19.443 [info] Active editor: file:///home/crpier/Projects/solid-realworld/src/store/createAgent.js
2023-03-11 01:25:19.818 [info] Active editor: file:///home/crpier/Projects/solid-realworld/src/store/createAuth.js
2023-03-11 01:25:27.940 [info] Searching for current
2023-03-11 01:25:40.951 [info] Active editor: file:///home/crpier/Projects/solid-realworld/src/store/index.js
2023-03-11 01:25:53.322 [info] Active editor: file:///home/crpier/Projects/solid-realworld/src/components/NavBar.js
2023-03-11 01:28:23.895 [info] Active editor: file:///home/crpier/Projects/solid-realworld/src/index.js
2023-03-11 01:32:19.310 [info] Active editor: file:///home/crpier/Projects/solid-realworld/src/App.js
2023-03-11 01:32:23.108 [info] Searching for store
2023-03-11 01:43:18.293 [info] Active editor: file:///home/crpier/Projects/solid-realworld/src/store/index.js
