[Info  - 15:04:04.958] Starting TS Server
[Info  - 15:04:04.958] Using tsserver from: /snap/code/108/usr/share/code/resources/app/extensions/node_modules/typescript/lib/tsserver.js
[Info  - 15:04:04.959] <syntax> Forking...
[Info  - 15:04:04.964] <syntax> Starting...
[Info  - 15:04:04.964] <semantic> Forking...
[Info  - 15:04:04.969] <semantic> Starting...
[Error  - 10:01:30.769] TSServer errored with error.
Error: write EPIPE
    at ChildProcess.target._send (node:internal/child_process:866:20)
    at ChildProcess.target.send (node:internal/child_process:739:19)
    at S.write (/snap/code/108/usr/share/code/resources/app/extensions/typescript-language-features/dist/extension.js:1:515267)
    at d.write (/snap/code/108/usr/share/code/resources/app/extensions/typescript-language-features/dist/extension.js:1:504107)
    at d.sendRequest (/snap/code/108/usr/share/code/resources/app/extensions/typescript-language-features/dist/extension.js:1:506511)
    at d.sendNextRequests (/snap/code/108/usr/share/code/resources/app/extensions/typescript-language-features/dist/extension.js:1:506292)
    at d.executeImpl (/snap/code/108/usr/share/code/resources/app/extensions/typescript-language-features/dist/extension.js:1:506137)
    at h.execute (/snap/code/108/usr/share/code/resources/app/extensions/typescript-language-features/dist/extension.js:1:507691)
    at g.executeImpl (/snap/code/108/usr/share/code/resources/app/extensions/typescript-language-features/dist/extension.js:1:510595)
    at w.executeImpl (/snap/code/108/usr/share/code/resources/app/extensions/typescript-language-features/dist/extension.js:1:548820)
    at w.executeAsync (/snap/code/108/usr/share/code/resources/app/extensions/typescript-language-features/dist/extension.js:1:548650)
    at new S (/snap/code/108/usr/share/code/resources/app/extensions/typescript-language-features/dist/extension.js:1:492537)
    at Function.executeGetErrRequest (/snap/code/108/usr/share/code/resources/app/extensions/typescript-language-features/dist/extension.js:1:492726)
    at T.sendPendingDiagnostics (/snap/code/108/usr/share/code/resources/app/extensions/typescript-language-features/dist/extension.js:1:498790)
    at t.Delayer.<anonymous> (/snap/code/108/usr/share/code/resources/app/extensions/typescript-language-features/dist/extension.js:1:498130)
    at /snap/code/108/usr/share/code/resources/app/extensions/typescript-language-features/dist/extension.js:1:560283
    at runNextTicks (node:internal/process/task_queues:61:5)
    at processTimers (node:internal/timers:499:9)
[Error  - 10:01:30.775] TSServer exited. Code: null. Signal: SIGTERM
[Info  - 10:01:30.776] Starting TS Server
[Info  - 10:01:30.776] Not starting server: disposed
