2023-03-04 21:43:55.945 [info] Log level: Info
2023-03-04 21:43:55.945 [info] Validating found git in: "git"
2023-03-04 21:43:55.945 [info] Using git "2.34.1" from "git"
2023-03-04 21:43:55.945 [info] > git rev-parse --show-toplevel [9ms]
2023-03-04 21:43:55.945 [info] > git rev-parse --git-dir --git-common-dir [5ms]
2023-03-04 21:43:55.945 [info] Open repository: /home/crpier/Projects/memecry
2023-03-04 21:43:56.052 [info] > git config --get commit.template [2ms]
2023-03-04 21:43:56.053 [info] > git rev-parse --show-toplevel [127ms]
2023-03-04 21:43:56.149 [info] > git rev-parse --show-toplevel [87ms]
2023-03-04 21:43:56.170 [info] > git for-each-ref --format=%(refname)%00%(upstream:short)%00%(objectname)%00%(upstream:track)%00%(upstream:remotename)%00%(upstream:remoteref) refs/heads/main refs/remotes/main [38ms]
2023-03-04 21:43:56.183 [info] > git status -z -uall [7ms]
2023-03-04 21:43:56.186 [info] > git rev-parse --show-toplevel [27ms]
2023-03-04 21:43:56.187 [info] > git for-each-ref --sort -committerdate --format %(refname) %(objectname) %(*objectname) [5ms]
2023-03-04 21:43:56.197 [info] > git config --get commit.template [1ms]
2023-03-04 21:43:56.245 [info] > git for-each-ref --format=%(refname)%00%(upstream:short)%00%(objectname)%00%(upstream:track)%00%(upstream:remotename)%00%(upstream:remoteref) refs/heads/main refs/remotes/main [34ms]
2023-03-04 21:43:56.258 [info] > git status -z -uall [6ms]
2023-03-04 21:43:56.267 [info] > git for-each-ref --sort -committerdate --format %(refname) %(objectname) %(*objectname) [10ms]
2023-03-04 21:43:56.438 [info] > git config --local branch.main.github-pr-owner-number [0ms]
2023-03-04 21:43:56.568 [info] > git check-ignore -v -z --stdin [6ms]
2023-03-04 21:43:57.727 [info] > git fetch [1811ms]
2023-03-04 21:43:57.727 [info] Auto packing the repository in background for optimum performance.
See "git help gc" for manual housekeeping.
warning: The last gc run reported the following. Please correct the root cause
and remove .git/gc.log
Automatic cleanup will not be performed until the file is removed.

warning: There are too many unreachable loose objects; run 'git prune' to remove them.
2023-03-04 21:43:57.740 [info] > git config --get commit.template [6ms]
2023-03-04 21:43:57.740 [info] > git for-each-ref --format=%(refname)%00%(upstream:short)%00%(objectname)%00%(upstream:track)%00%(upstream:remotename)%00%(upstream:remoteref) refs/heads/main refs/remotes/main [1ms]
2023-03-04 21:43:57.753 [info] > git status -z -uall [5ms]
2023-03-04 21:43:57.754 [info] > git for-each-ref --sort -committerdate --format %(refname) %(objectname) %(*objectname) [1ms]
2023-03-04 21:44:01.774 [info] > git check-ignore -v -z --stdin [3ms]
2023-03-04 21:44:01.840 [info] > git show --textconv :frontend/src/root.tsx [31ms]
2023-03-04 21:44:01.840 [info] > git ls-files --stage -- /home/crpier/Projects/memecry/frontend/src/root.tsx [7ms]
2023-03-04 21:44:01.861 [info] > git cat-file -s cecb12bedade2b9426c35663639054bc365cf08c [3ms]
2023-03-04 21:44:11.110 [info] > git check-ignore -v -z --stdin [1ms]
2023-03-04 21:44:11.840 [info] > git config --get commit.template [6ms]
2023-03-04 21:44:11.841 [info] > git for-each-ref --format=%(refname)%00%(upstream:short)%00%(objectname)%00%(upstream:track)%00%(upstream:remotename)%00%(upstream:remoteref) refs/heads/main refs/remotes/main [2ms]
2023-03-04 21:44:11.854 [info] > git status -z -uall [7ms]
2023-03-04 21:44:11.855 [info] > git for-each-ref --sort -committerdate --format %(refname) %(objectname) %(*objectname) [1ms]
2023-03-04 21:45:18.064 [info] > git config --get commit.template [8ms]
2023-03-04 21:45:18.065 [info] > git for-each-ref --format=%(refname)%00%(upstream:short)%00%(objectname)%00%(upstream:track)%00%(upstream:remotename)%00%(upstream:remoteref) refs/heads/main refs/remotes/main [1ms]
2023-03-04 21:45:18.085 [info] > git status -z -uall [15ms]
2023-03-04 21:45:18.085 [info] > git for-each-ref --sort -committerdate --format %(refname) %(objectname) %(*objectname) [2ms]
2023-03-04 21:45:29.985 [info] > git config --get commit.template [9ms]
2023-03-04 21:45:29.985 [info] > git for-each-ref --format=%(refname)%00%(upstream:short)%00%(objectname)%00%(upstream:track)%00%(upstream:remotename)%00%(upstream:remoteref) refs/heads/main refs/remotes/main [2ms]
2023-03-04 21:45:29.999 [info] > git status -z -uall [6ms]
2023-03-04 21:45:30.000 [info] > git for-each-ref --sort -committerdate --format %(refname) %(objectname) %(*objectname) [2ms]
2023-03-04 21:45:39.870 [info] > git check-ignore -v -z --stdin [0ms]
2023-03-04 21:47:32.874 [info] > git config --get commit.template [14ms]
2023-03-04 21:47:32.874 [info] > git for-each-ref --format=%(refname)%00%(upstream:short)%00%(objectname)%00%(upstream:track)%00%(upstream:remotename)%00%(upstream:remoteref) refs/heads/main refs/remotes/main [3ms]
2023-03-04 21:47:32.902 [info] > git status -z -uall [15ms]
2023-03-04 21:47:32.903 [info] > git for-each-ref --sort -committerdate --format %(refname) %(objectname) %(*objectname) [2ms]
2023-03-04 21:47:34.017 [info] > git ls-files --stage -- /home/crpier/Projects/memecry/frontend/src/root.tsx [1ms]
2023-03-04 21:47:34.023 [info] > git cat-file -s cecb12bedade2b9426c35663639054bc365cf08c [1ms]
2023-03-04 21:47:34.032 [info] > git show --textconv :frontend/src/root.tsx [1ms]
2023-03-04 21:47:34.448 [info] > git fetch [1613ms]
2023-03-04 21:47:34.448 [info] Auto packing the repository in background for optimum performance.
See "git help gc" for manual housekeeping.
warning: The last gc run reported the following. Please correct the root cause
and remove .git/gc.log
Automatic cleanup will not be performed until the file is removed.

warning: There are too many unreachable loose objects; run 'git prune' to remove them.
2023-03-04 21:47:34.471 [info] > git config --get commit.template [16ms]
2023-03-04 21:47:34.475 [info] > git for-each-ref --format=%(refname)%00%(upstream:short)%00%(objectname)%00%(upstream:track)%00%(upstream:remotename)%00%(upstream:remoteref) refs/heads/main refs/remotes/main [5ms]
2023-03-04 21:47:34.500 [info] > git status -z -uall [13ms]
2023-03-04 21:47:34.501 [info] > git for-each-ref --sort -committerdate --format %(refname) %(objectname) %(*objectname) [1ms]
2023-03-04 21:47:35.480 [info] > git ls-files --stage -- /home/crpier/Projects/memecry/frontend/src/root.tsx [0ms]
2023-03-04 21:47:35.485 [info] > git cat-file -s cecb12bedade2b9426c35663639054bc365cf08c [1ms]
2023-03-04 21:47:35.494 [info] > git show --textconv :frontend/src/root.tsx [2ms]
2023-03-04 21:48:05.986 [info] > git show --textconv :frontend/src/memecry-backend/index.ts [12ms]
2023-03-04 21:48:05.987 [info] > git ls-files --stage -- /home/crpier/Projects/memecry/frontend/src/memecry-backend/index.ts [4ms]
2023-03-04 21:48:06.371 [info] > git check-ignore -v -z --stdin [2ms]
2023-03-04 21:48:13.725 [info] > git show --textconv :frontend/src/memecry-backend/models/AuthResponse.ts [12ms]
2023-03-04 21:48:13.727 [info] > git ls-files --stage -- /home/crpier/Projects/memecry/frontend/src/memecry-backend/models/AuthResponse.ts [2ms]
2023-03-04 21:48:14.097 [info] > git check-ignore -v -z --stdin [1ms]
2023-03-04 21:49:01.256 [info] > git show --textconv :frontend/src/memecry-backend/services/DefaultService.ts [9ms]
2023-03-04 21:49:01.257 [info] > git ls-files --stage -- /home/crpier/Projects/memecry/frontend/src/memecry-backend/services/DefaultService.ts [1ms]
2023-03-04 21:49:01.487 [info] > git check-ignore -v -z --stdin [1ms]
2023-03-04 21:49:36.145 [info] > git config --get commit.template [8ms]
2023-03-04 21:49:36.145 [info] > git for-each-ref --format=%(refname)%00%(upstream:short)%00%(objectname)%00%(upstream:track)%00%(upstream:remotename)%00%(upstream:remoteref) refs/heads/main refs/remotes/main [1ms]
2023-03-04 21:49:36.155 [info] > git status -z -uall [5ms]
2023-03-04 21:49:36.156 [info] > git for-each-ref --sort -committerdate --format %(refname) %(objectname) %(*objectname) [1ms]
2023-03-04 21:58:04.470 [info] > git config --get commit.template [8ms]
2023-03-04 21:58:04.470 [info] > git for-each-ref --format=%(refname)%00%(upstream:short)%00%(objectname)%00%(upstream:track)%00%(upstream:remotename)%00%(upstream:remoteref) refs/heads/main refs/remotes/main [1ms]
2023-03-04 21:58:04.486 [info] > git status -z -uall [8ms]
2023-03-04 21:58:04.487 [info] > git for-each-ref --sort -committerdate --format %(refname) %(objectname) %(*objectname) [2ms]
2023-03-04 21:58:05.661 [info] > git ls-files --stage -- /home/crpier/Projects/memecry/frontend/src/memecry-backend/index.ts [14ms]
2023-03-04 21:58:05.662 [info] > git ls-files --stage -- /home/crpier/Projects/memecry/frontend/src/root.tsx [25ms]
2023-03-04 21:58:05.678 [info] > git ls-files --stage -- /home/crpier/Projects/memecry/frontend/src/memecry-backend/services/DefaultService.ts [18ms]
2023-03-04 21:58:05.694 [info] > git cat-file -s cecb12bedade2b9426c35663639054bc365cf08c [16ms]
2023-03-04 21:58:05.696 [info] > git show --textconv :frontend/src/memecry-backend/index.ts [3ms]
2023-03-04 21:58:05.727 [info] > git show --textconv :frontend/src/memecry-backend/services/DefaultService.ts [17ms]
2023-03-04 21:58:05.727 [info] > git show --textconv :frontend/src/root.tsx [2ms]
2023-03-04 21:58:06.044 [info] > git fetch [1592ms]
2023-03-04 21:58:06.044 [info] Auto packing the repository in background for optimum performance.
See "git help gc" for manual housekeeping.
warning: The last gc run reported the following. Please correct the root cause
and remove .git/gc.log
Automatic cleanup will not be performed until the file is removed.

warning: There are too many unreachable loose objects; run 'git prune' to remove them.
2023-03-04 21:58:06.077 [info] > git for-each-ref --format=%(refname)%00%(upstream:short)%00%(objectname)%00%(upstream:track)%00%(upstream:remotename)%00%(upstream:remoteref) refs/heads/main refs/remotes/main [1ms]
2023-03-04 21:58:06.078 [info] > git config --get commit.template [19ms]
2023-03-04 21:58:06.104 [info] > git status -z -uall [13ms]
2023-03-04 21:58:06.105 [info] > git for-each-ref --sort -committerdate --format %(refname) %(objectname) %(*objectname) [2ms]
2023-03-04 21:58:07.087 [info] > git ls-files --stage -- /home/crpier/Projects/memecry/frontend/src/memecry-backend/index.ts [7ms]
2023-03-04 21:58:07.087 [info] > git ls-files --stage -- /home/crpier/Projects/memecry/frontend/src/root.tsx [14ms]
2023-03-04 21:58:07.104 [info] > git cat-file -s cecb12bedade2b9426c35663639054bc365cf08c [2ms]
2023-03-04 21:58:07.104 [info] > git ls-files --stage -- /home/crpier/Projects/memecry/frontend/src/memecry-backend/services/DefaultService.ts [18ms]
2023-03-04 21:58:07.124 [info] > git show --textconv :frontend/src/memecry-backend/index.ts [12ms]
2023-03-04 21:58:07.124 [info] > git show --textconv :frontend/src/root.tsx [6ms]
2023-03-04 21:58:07.126 [info] > git show --textconv :frontend/src/memecry-backend/services/DefaultService.ts [2ms]
2023-03-04 21:58:09.513 [info] > git config --get commit.template [12ms]
2023-03-04 21:58:09.514 [info] > git for-each-ref --format=%(refname)%00%(upstream:short)%00%(objectname)%00%(upstream:track)%00%(upstream:remotename)%00%(upstream:remoteref) refs/heads/main refs/remotes/main [2ms]
2023-03-04 21:58:09.535 [info] > git status -z -uall [10ms]
2023-03-04 21:58:09.537 [info] > git for-each-ref --sort -committerdate --format %(refname) %(objectname) %(*objectname) [4ms]
2023-03-04 22:01:26.451 [info] > git config --get commit.template [7ms]
2023-03-04 22:01:26.452 [info] > git for-each-ref --format=%(refname)%00%(upstream:short)%00%(objectname)%00%(upstream:track)%00%(upstream:remotename)%00%(upstream:remoteref) refs/heads/main refs/remotes/main [2ms]
2023-03-04 22:01:26.468 [info] > git status -z -uall [7ms]
2023-03-04 22:01:26.469 [info] > git for-each-ref --sort -committerdate --format %(refname) %(objectname) %(*objectname) [2ms]
2023-03-04 22:01:27.605 [info] > git ls-files --stage -- /home/crpier/Projects/memecry/frontend/src/root.tsx [1ms]
2023-03-04 22:01:27.620 [info] > git cat-file -s cecb12bedade2b9426c35663639054bc365cf08c [4ms]
2023-03-04 22:01:27.639 [info] > git show --textconv :frontend/src/root.tsx [3ms]
2023-03-04 22:01:28.012 [info] > git fetch [1583ms]
2023-03-04 22:01:28.012 [info] Auto packing the repository in background for optimum performance.
See "git help gc" for manual housekeeping.
warning: The last gc run reported the following. Please correct the root cause
and remove .git/gc.log
Automatic cleanup will not be performed until the file is removed.

warning: There are too many unreachable loose objects; run 'git prune' to remove them.
2023-03-04 22:01:28.030 [info] > git config --get commit.template [8ms]
2023-03-04 22:01:28.031 [info] > git for-each-ref --format=%(refname)%00%(upstream:short)%00%(objectname)%00%(upstream:track)%00%(upstream:remotename)%00%(upstream:remoteref) refs/heads/main refs/remotes/main [2ms]
2023-03-04 22:01:28.046 [info] > git status -z -uall [8ms]
2023-03-04 22:01:28.047 [info] > git for-each-ref --sort -committerdate --format %(refname) %(objectname) %(*objectname) [2ms]
2023-03-04 22:01:29.062 [info] > git ls-files --stage -- /home/crpier/Projects/memecry/frontend/src/root.tsx [3ms]
2023-03-04 22:01:29.076 [info] > git cat-file -s cecb12bedade2b9426c35663639054bc365cf08c [1ms]
2023-03-04 22:01:29.093 [info] > git show --textconv :frontend/src/root.tsx [2ms]
2023-03-04 22:01:31.491 [info] > git config --get commit.template [11ms]
2023-03-04 22:01:31.491 [info] > git for-each-ref --format=%(refname)%00%(upstream:short)%00%(objectname)%00%(upstream:track)%00%(upstream:remotename)%00%(upstream:remoteref) refs/heads/main refs/remotes/main [1ms]
2023-03-04 22:01:31.508 [info] > git status -z -uall [10ms]
2023-03-04 22:01:31.508 [info] > git for-each-ref --sort -committerdate --format %(refname) %(objectname) %(*objectname) [1ms]
2023-03-04 22:01:36.942 [info] > git show --textconv :frontend/src/root.tsx [20ms]
2023-03-04 22:01:36.945 [info] > git ls-files --stage -- /home/crpier/Projects/memecry/frontend/src/root.tsx [9ms]
2023-03-04 22:01:36.977 [info] > git cat-file -s cecb12bedade2b9426c35663639054bc365cf08c [14ms]
2023-03-04 22:01:58.546 [info] > git config --get commit.template [18ms]
2023-03-04 22:01:58.561 [info] > git for-each-ref --format=%(refname)%00%(upstream:short)%00%(objectname)%00%(upstream:track)%00%(upstream:remotename)%00%(upstream:remoteref) refs/heads/main refs/remotes/main [3ms]
2023-03-04 22:01:58.586 [info] > git status -z -uall [14ms]
2023-03-04 22:01:58.590 [info] > git for-each-ref --sort -committerdate --format %(refname) %(objectname) %(*objectname) [7ms]
2023-03-04 22:02:04.270 [info] > git show --textconv :frontend/src/memecry-backend/index.ts [14ms]
2023-03-04 22:02:04.271 [info] > git ls-files --stage -- /home/crpier/Projects/memecry/frontend/src/memecry-backend/index.ts [1ms]
2023-03-04 22:05:37.172 [info] > git ls-files --stage -- /home/crpier/Projects/memecry/frontend/src/root.tsx [11ms]
2023-03-04 22:05:37.183 [info] > git ls-files --stage -- /home/crpier/Projects/memecry/frontend/src/memecry-backend/index.ts [13ms]
2023-03-04 22:05:37.184 [info] > git cat-file -s cecb12bedade2b9426c35663639054bc365cf08c [2ms]
2023-03-04 22:05:37.212 [info] > git show --textconv :frontend/src/memecry-backend/index.ts [13ms]
2023-03-04 22:05:37.213 [info] > git show --textconv :frontend/src/root.tsx [2ms]
2023-03-04 22:05:37.626 [info] > git fetch [1633ms]
2023-03-04 22:05:37.626 [info] Auto packing the repository in background for optimum performance.
See "git help gc" for manual housekeeping.
warning: The last gc run reported the following. Please correct the root cause
and remove .git/gc.log
Automatic cleanup will not be performed until the file is removed.

warning: There are too many unreachable loose objects; run 'git prune' to remove them.
2023-03-04 22:05:37.645 [info] > git config --get commit.template [9ms]
2023-03-04 22:05:37.647 [info] > git for-each-ref --format=%(refname)%00%(upstream:short)%00%(objectname)%00%(upstream:track)%00%(upstream:remotename)%00%(upstream:remoteref) refs/heads/main refs/remotes/main [3ms]
2023-03-04 22:05:37.664 [info] > git status -z -uall [9ms]
2023-03-04 22:05:37.666 [info] > git for-each-ref --sort -committerdate --format %(refname) %(objectname) %(*objectname) [2ms]
2023-03-04 22:05:38.667 [info] > git ls-files --stage -- /home/crpier/Projects/memecry/frontend/src/root.tsx [11ms]
2023-03-04 22:05:38.674 [info] > git ls-files --stage -- /home/crpier/Projects/memecry/frontend/src/memecry-backend/index.ts [8ms]
2023-03-04 22:05:38.675 [info] > git cat-file -s cecb12bedade2b9426c35663639054bc365cf08c [2ms]
2023-03-04 22:05:38.690 [info] > git show --textconv :frontend/src/memecry-backend/index.ts [7ms]
2023-03-04 22:05:38.691 [info] > git show --textconv :frontend/src/root.tsx [1ms]
2023-03-04 22:07:37.288 [info] > git check-ignore -v -z --stdin [0ms]
2023-03-04 22:07:42.278 [info] > git config --get commit.template [17ms]
2023-03-04 22:07:42.279 [info] > git for-each-ref --format=%(refname)%00%(upstream:short)%00%(objectname)%00%(upstream:track)%00%(upstream:remotename)%00%(upstream:remoteref) refs/heads/main refs/remotes/main [2ms]
2023-03-04 22:07:42.293 [info] > git status -z -uall [6ms]
2023-03-04 22:07:42.294 [info] > git for-each-ref --sort -committerdate --format %(refname) %(objectname) %(*objectname) [1ms]
2023-03-04 22:07:47.310 [info] > git config --get commit.template [5ms]
2023-03-04 22:07:47.311 [info] > git for-each-ref --format=%(refname)%00%(upstream:short)%00%(objectname)%00%(upstream:track)%00%(upstream:remotename)%00%(upstream:remoteref) refs/heads/main refs/remotes/main [2ms]
2023-03-04 22:07:47.324 [info] > git status -z -uall [6ms]
2023-03-04 22:07:47.325 [info] > git for-each-ref --sort -committerdate --format %(refname) %(objectname) %(*objectname) [1ms]
2023-03-04 22:08:22.523 [info] > git show --textconv :frontend/src/memecry.ts [8ms]
2023-03-04 22:08:22.524 [info] > git ls-files --stage -- /home/crpier/Projects/memecry/frontend/src/memecry.ts [2ms]
2023-03-04 22:08:38.854 [info] > git ls-files --stage -- /home/crpier/Projects/memecry/frontend/src/root.tsx [11ms]
2023-03-04 22:08:38.865 [info] > git ls-files --stage -- /home/crpier/Projects/memecry/frontend/src/memecry.ts [12ms]
2023-03-04 22:08:38.866 [info] > git cat-file -s cecb12bedade2b9426c35663639054bc365cf08c [2ms]
2023-03-04 22:08:38.902 [info] > git show --textconv :frontend/src/memecry.ts [10ms]
2023-03-04 22:08:38.902 [info] > git show --textconv :frontend/src/root.tsx [2ms]
2023-03-04 22:08:39.305 [info] > git fetch [1629ms]
2023-03-04 22:08:39.305 [info] Auto packing the repository in background for optimum performance.
See "git help gc" for manual housekeeping.
warning: The last gc run reported the following. Please correct the root cause
and remove .git/gc.log
Automatic cleanup will not be performed until the file is removed.

warning: There are too many unreachable loose objects; run 'git prune' to remove them.
2023-03-04 22:08:39.327 [info] > git config --get commit.template [10ms]
2023-03-04 22:08:39.329 [info] > git for-each-ref --format=%(refname)%00%(upstream:short)%00%(objectname)%00%(upstream:track)%00%(upstream:remotename)%00%(upstream:remoteref) refs/heads/main refs/remotes/main [4ms]
2023-03-04 22:08:39.348 [info] > git status -z -uall [9ms]
2023-03-04 22:08:39.349 [info] > git for-each-ref --sort -committerdate --format %(refname) %(objectname) %(*objectname) [2ms]
2023-03-04 22:08:40.339 [info] > git ls-files --stage -- /home/crpier/Projects/memecry/frontend/src/root.tsx [8ms]
2023-03-04 22:08:40.345 [info] > git ls-files --stage -- /home/crpier/Projects/memecry/frontend/src/memecry.ts [6ms]
2023-03-04 22:08:40.345 [info] > git cat-file -s cecb12bedade2b9426c35663639054bc365cf08c [0ms]
2023-03-04 22:08:40.362 [info] > git show --textconv :frontend/src/memecry.ts [6ms]
2023-03-04 22:08:40.363 [info] > git show --textconv :frontend/src/root.tsx [2ms]
2023-03-04 22:09:09.445 [info] > git config --get commit.template [7ms]
2023-03-04 22:09:09.446 [info] > git for-each-ref --format=%(refname)%00%(upstream:short)%00%(objectname)%00%(upstream:track)%00%(upstream:remotename)%00%(upstream:remoteref) refs/heads/main refs/remotes/main [1ms]
2023-03-04 22:09:09.460 [info] > git status -z -uall [7ms]
2023-03-04 22:09:09.461 [info] > git for-each-ref --sort -committerdate --format %(refname) %(objectname) %(*objectname) [0ms]
