2023-01-10 23:31:14.977 [info] Log level: Info
2023-01-10 23:31:14.977 [info] Validating found git in: "git"
2023-01-10 23:31:14.977 [info] Using git "2.34.1" from "git"
2023-01-10 23:31:14.977 [info] > git rev-parse --show-toplevel [5ms]
2023-01-10 23:31:14.977 [info] > git rev-parse --git-dir --git-common-dir [4ms]
2023-01-10 23:31:14.977 [info] Open repository: /home/crpier/Projects/mptreasury
2023-01-10 23:31:14.977 [info] > git rev-parse --show-toplevel [5ms]
2023-01-10 23:31:14.982 [info] > git rev-parse --show-toplevel [1ms]
2023-01-10 23:31:14.986 [info] > git config --get commit.template [9ms]
2023-01-10 23:31:14.987 [info] > git rev-parse --show-toplevel [2ms]
2023-01-10 23:31:14.998 [info] > git for-each-ref --format=%(refname)%00%(upstream:short)%00%(objectname)%00%(upstream:track)%00%(upstream:remotename)%00%(upstream:remoteref) refs/heads/main refs/remotes/main [1ms]
2023-01-10 23:31:15.006 [info] > git status -z -uall [4ms]
2023-01-10 23:31:15.006 [info] > git for-each-ref --sort -committerdate --format %(refname) %(objectname) %(*objectname) [1ms]
2023-01-10 23:31:15.015 [info] > git config --get commit.template [3ms]
2023-01-10 23:31:15.016 [info] > git for-each-ref --format=%(refname)%00%(upstream:short)%00%(objectname)%00%(upstream:track)%00%(upstream:remotename)%00%(upstream:remoteref) refs/heads/main refs/remotes/main [1ms]
2023-01-10 23:31:15.023 [info] > git status -z -uall [5ms]
2023-01-10 23:31:15.024 [info] > git for-each-ref --sort -committerdate --format %(refname) %(objectname) %(*objectname) [3ms]
2023-01-10 23:31:15.483 [info] > git check-ignore -v -z --stdin [2ms]
2023-01-10 23:31:16.452 [info] > git fetch [1485ms]
2023-01-10 23:31:16.457 [info] > git config --get commit.template [2ms]
2023-01-10 23:31:16.458 [info] > git for-each-ref --format=%(refname)%00%(upstream:short)%00%(objectname)%00%(upstream:track)%00%(upstream:remotename)%00%(upstream:remoteref) refs/heads/main refs/remotes/main [1ms]
2023-01-10 23:31:16.462 [info] > git status -z -uall [2ms]
2023-01-10 23:31:16.462 [info] > git for-each-ref --sort -committerdate --format %(refname) %(objectname) %(*objectname) [0ms]
2023-01-10 23:31:25.952 [info] > git show --textconv :app/import_service.py [6ms]
2023-01-10 23:31:25.952 [info] > git ls-files --stage -- /home/crpier/Projects/mptreasury/app/import_service.py [3ms]
2023-01-10 23:31:25.959 [info] > git cat-file -s 72ee8d3b8bbaea943d9a33efb7bf32e5be53d531 [2ms]
2023-01-10 23:31:26.444 [info] > git check-ignore -v -z --stdin [2ms]
