2023-03-04 21:43:56.376 [info] Configuration changed
2023-03-04 21:44:01.110 [info] Active editor: file:///home/crpier/Projects/memecry/frontend/src/root.tsx
2023-03-04 21:48:05.780 [info] Active editor: file:///home/crpier/Projects/memecry/frontend/src/memecry-backend/index.ts
2023-03-04 21:48:05.782 [warning] invalid cursor position. [[1, 61] | [1, 61]].
2023-03-04 21:48:05.794 [warning] invalid cursor position. [[1, 61] | [1, 61]].
2023-03-04 21:48:13.500 [info] Active editor: file:///home/crpier/Projects/memecry/frontend/src/memecry-backend/models/AuthResponse.ts
2023-03-04 21:48:13.500 [warning] getLineLength() called with out-of-bounds line 11
2023-03-04 21:48:13.500 [warning] invalid cursor position. [[11, 14] | [11, 14]].
2023-03-04 21:48:13.510 [warning] getLineLength() called with out-of-bounds line 11
2023-03-04 21:48:13.510 [warning] invalid cursor position. [[11, 14] | [11, 14]].
2023-03-04 21:48:25.795 [info] Active editor: file:///home/crpier/Projects/memecry/frontend/src/memecry-backend/index.ts
2023-03-04 21:49:00.972 [info] /home/crpier/Projects/memecry/frontend/src/memecry-backend/models/AuthResponse.ts closed
2023-03-04 21:49:00.972 [info] /home/crpier/Projects/memecry/frontend/src/memecry-backend/models/AuthResponse.ts.git closed
2023-03-04 21:49:01.034 [info] Active editor: file:///home/crpier/Projects/memecry/frontend/src/memecry-backend/services/DefaultService.ts
2023-03-04 21:58:10.359 [info] /home/crpier/Projects/memecry/frontend/src/memecry-backend/services/DefaultService.ts closed
2023-03-04 21:58:10.359 [info] /home/crpier/Projects/memecry/frontend/src/memecry-backend/services/DefaultService.ts.git closed
2023-03-04 21:58:10.359 [info] Active editor: file:///home/crpier/Projects/memecry/frontend/src/memecry-backend/index.ts
2023-03-04 21:58:11.743 [info] /home/crpier/Projects/memecry/frontend/src/memecry-backend/index.ts closed
2023-03-04 21:58:11.743 [info] /home/crpier/Projects/memecry/frontend/src/memecry-backend/index.ts.git closed
2023-03-04 21:58:11.743 [info] Active editor: file:///home/crpier/Projects/memecry/frontend/src/root.tsx
2023-03-04 21:59:13.782 [info] Active editor: untitled:Untitled-1
2023-03-04 21:59:15.760 [info] Untitled-1 closed
2023-03-04 21:59:15.760 [info] Active editor: file:///home/crpier/Projects/memecry/frontend/src/root.tsx
2023-03-04 22:01:33.599 [info] Executing :e!
2023-03-04 22:01:35.263 [info] /home/crpier/Projects/memecry/frontend/src/root.tsx closed
2023-03-04 22:01:35.263 [info] /home/crpier/Projects/memecry/frontend/src/root.tsx.git closed
2023-03-04 22:01:36.721 [info] Active editor: file:///home/crpier/Projects/memecry/frontend/src/root.tsx
2023-03-04 22:01:59.702 [info] Searching for meme
2023-03-04 22:02:04.061 [info] Active editor: file:///home/crpier/Projects/memecry/frontend/src/memecry-backend/index.ts
2023-03-04 22:02:04.061 [warning] invalid cursor position. [[1, 33] | [1, 33]].
2023-03-04 22:02:04.071 [warning] invalid cursor position. [[1, 33] | [1, 33]].
2023-03-04 22:02:14.974 [info] Searching for path
2023-03-04 22:07:57.764 [info] /home/crpier/Projects/memecry/frontend/src/memecry-backend/index.ts closed
2023-03-04 22:07:57.764 [info] /home/crpier/Projects/memecry/frontend/src/memecry-backend/index.ts.git closed
2023-03-04 22:07:57.764 [info] Active editor: file:///home/crpier/Projects/memecry/frontend/src/root.tsx
2023-03-04 22:08:22.327 [info] Active editor: file:///home/crpier/Projects/memecry/frontend/src/memecry.ts
2023-03-04 22:08:26.848 [info] Active editor: file:///home/crpier/Projects/memecry/frontend/src/root.tsx
2023-03-04 22:08:27.846 [info] Active editor: file:///home/crpier/Projects/memecry/frontend/src/memecry.ts
2023-03-04 22:08:29.497 [info] Active editor: file:///home/crpier/Projects/memecry/frontend/src/root.tsx
2023-03-04 22:08:50.720 [info] Active editor: file:///home/crpier/Projects/memecry/frontend/src/memecry.ts
2023-03-04 22:08:58.110 [info] Active editor: file:///home/crpier/Projects/memecry/frontend/src/root.tsx
