2023-03-04 22:09:19.679 [info] Extension host with pid 1555314 started
2023-03-04 22:09:19.679 [info] Skipping acquiring lock for /home/crpier/.config/Code/User/workspaceStorage/be21fbd5609fd4c215a1b9b23294b80d.
2023-03-04 22:09:19.799 [info] ExtensionService#_doActivateExtension vscode.typescript-language-features, startup: false, activationEvent: 'onLanguage:typescriptreact'
2023-03-04 22:09:19.799 [info] ExtensionService#_doActivateExtension vscode.microsoft-authentication, startup: false, activationEvent: 'onAuthenticationRequest:microsoft'
2023-03-04 22:09:19.799 [info] ExtensionService#_doActivateExtension vscode.git-base, startup: true, activationEvent: '*', root cause: vscode.git
2023-03-04 22:09:19.799 [info] ExtensionService#_doActivateExtension vscodevim.vim, startup: true, activationEvent: '*'
2023-03-04 22:09:19.799 [info] ExtensionService#_doActivateExtension vscode.npm, startup: true, activationEvent: 'workspaceContains:package.json'
2023-03-04 22:09:20.331 [info] ExtensionService#_doActivateExtension vscode.git, startup: true, activationEvent: '*'
2023-03-04 22:09:20.331 [info] ExtensionService#_doActivateExtension vscode.github, startup: true, activationEvent: '*'
2023-03-04 22:09:20.529 [info] Eager extensions activated
2023-03-04 22:09:20.566 [info] ExtensionService#_doActivateExtension vscode.github-authentication, startup: false, activationEvent: 'onAuthenticationRequest:github'
2023-03-04 22:09:20.566 [info] ExtensionService#_doActivateExtension vscode.debug-auto-launch, startup: false, activationEvent: 'onStartupFinished'
2023-03-04 22:09:20.567 [info] ExtensionService#_doActivateExtension vscode.emmet, startup: false, activationEvent: 'onStartupFinished'
2023-03-04 22:09:20.567 [info] ExtensionService#_doActivateExtension vscode.merge-conflict, startup: false, activationEvent: 'onStartupFinished'
2023-03-04 22:09:20.568 [info] ExtensionService#_doActivateExtension bradlc.vscode-tailwindcss, startup: false, activationEvent: 'onStartupFinished'
2023-03-04 22:09:20.569 [info] ExtensionService#_doActivateExtension eamodio.gitlens, startup: false, activationEvent: 'onStartupFinished'
2023-03-04 22:09:21.127 [info] ExtensionService#_doActivateExtension GitHub.vscode-pull-request-github, startup: false, activationEvent: 'onStartupFinished'
2023-03-04 22:11:10.670 [warning] TextEditor is closed/disposed
2023-03-04 22:43:08.954 [warning] TextEditor is closed/disposed
2023-03-04 22:43:08.954 [warning] TextEditor is closed/disposed
2023-03-04 22:43:13.536 [warning] TextEditor is closed/disposed
2023-03-04 22:43:13.542 [warning] TextEditor is closed/disposed
2023-03-04 22:43:13.542 [warning] TextEditor is closed/disposed
2023-03-04 22:50:17.422 [info] Extension host terminating: received terminate message from renderer
2023-03-04 22:50:17.448 [warning] {"name":"Canceled"}
2023-03-04 22:50:17.461 [info] Extension host with pid 1555314 exiting with code 0
2023-03-04 22:50:18.525 [info] Extension host with pid 1557960 started
2023-03-04 22:50:18.525 [info] Skipping acquiring lock for /home/crpier/.config/Code/User/workspaceStorage/3f4749af5636bd26f5018a488366bd34.
2023-03-04 22:50:18.576 [info] ExtensionService#_doActivateExtension vscode.microsoft-authentication, startup: false, activationEvent: 'onAuthenticationRequest:microsoft'
2023-03-04 22:50:18.576 [info] ExtensionService#_doActivateExtension vscode.git-base, startup: true, activationEvent: '*', root cause: vscode.git
2023-03-04 22:50:18.576 [info] ExtensionService#_doActivateExtension vscodevim.vim, startup: true, activationEvent: '*'
2023-03-04 22:50:18.661 [info] ExtensionService#_doActivateExtension vscode.git, startup: true, activationEvent: '*'
2023-03-04 22:50:18.661 [info] ExtensionService#_doActivateExtension vscode.github, startup: true, activationEvent: '*'
2023-03-04 22:50:18.681 [info] ExtensionService#_doActivateExtension ms-python.python, startup: true, activationEvent: 'workspaceContains:*.py', root cause: ms-python.isort
2023-03-04 22:50:18.876 [info] ExtensionService#_doActivateExtension vscode.github-authentication, startup: false, activationEvent: 'onAuthenticationRequest:github'
2023-03-04 22:50:18.920 [info] ExtensionService#_doActivateExtension ms-python.isort, startup: true, activationEvent: 'workspaceContains:*.py'
2023-03-04 22:50:18.953 [info] Eager extensions activated
2023-03-04 22:50:18.959 [info] ExtensionService#_doActivateExtension vscode.debug-auto-launch, startup: false, activationEvent: 'onStartupFinished'
2023-03-04 22:50:18.959 [info] ExtensionService#_doActivateExtension vscode.emmet, startup: false, activationEvent: 'onStartupFinished'
2023-03-04 22:50:18.959 [info] ExtensionService#_doActivateExtension vscode.merge-conflict, startup: false, activationEvent: 'onStartupFinished'
2023-03-04 22:50:18.959 [info] ExtensionService#_doActivateExtension bradlc.vscode-tailwindcss, startup: false, activationEvent: 'onStartupFinished'
2023-03-04 22:50:18.960 [info] ExtensionService#_doActivateExtension eamodio.gitlens, startup: false, activationEvent: 'onStartupFinished'
2023-03-04 22:50:18.960 [info] ExtensionService#_doActivateExtension GitHub.vscode-pull-request-github, startup: false, activationEvent: 'onStartupFinished'
2023-03-04 22:50:20.268 [info] Extension host terminating: received terminate message from renderer
2023-03-04 22:50:20.291 [error] ProxyResolver#resolveProxy DIRECT Canceled: Canceled
	at new k (/usr/share/code/resources/app/out/vs/workbench/api/node/extensionHostProcess.js:94:87831)
	at u.O (/usr/share/code/resources/app/out/vs/workbench/api/node/extensionHostProcess.js:104:11245)
	at G.<computed>.O.charCodeAt.G.<computed> (/usr/share/code/resources/app/out/vs/workbench/api/node/extensionHostProcess.js:104:8535)
	at U.resolveProxy (/usr/share/code/resources/app/out/vs/workbench/api/node/extensionHostProcess.js:105:20116)
	at Object.resolveProxy (/usr/share/code/resources/app/out/vs/workbench/api/node/extensionHostProcess.js:115:59336)
	at useProxySettings (/usr/share/code/resources/app/node_modules.asar/vscode-proxy-agent/out/index.js:159:16)
	at /usr/share/code/resources/app/node_modules.asar/vscode-proxy-agent/out/index.js:107:13
	at /usr/share/code/resources/app/node_modules.asar/vscode-proxy-agent/out/index.js:336:13
	at runNextTicks (node:internal/process/task_queues:61:5)
	at listOnTimeout (node:internal/timers:528:9)
	at process.processTimers (node:internal/timers:502:7) 
2023-03-04 22:50:20.298 [error] ProxyResolver#resolveProxy DIRECT Canceled: Canceled
	at new k (/usr/share/code/resources/app/out/vs/workbench/api/node/extensionHostProcess.js:94:87831)
	at u.O (/usr/share/code/resources/app/out/vs/workbench/api/node/extensionHostProcess.js:104:11245)
	at G.<computed>.O.charCodeAt.G.<computed> (/usr/share/code/resources/app/out/vs/workbench/api/node/extensionHostProcess.js:104:8535)
	at U.resolveProxy (/usr/share/code/resources/app/out/vs/workbench/api/node/extensionHostProcess.js:105:20116)
	at Object.resolveProxy (/usr/share/code/resources/app/out/vs/workbench/api/node/extensionHostProcess.js:115:59336)
	at useProxySettings (/usr/share/code/resources/app/node_modules.asar/vscode-proxy-agent/out/index.js:159:16)
	at /usr/share/code/resources/app/node_modules.asar/vscode-proxy-agent/out/index.js:107:13
	at /usr/share/code/resources/app/node_modules.asar/vscode-proxy-agent/out/index.js:336:13
	at runNextTicks (node:internal/process/task_queues:61:5)
	at process.processTimers (node:internal/timers:499:9) 
2023-03-04 22:50:20.307 [info] Extension host with pid 1557960 exiting with code 0
2023-03-04 22:50:21.074 [info] Extension host with pid 1558025 started
2023-03-04 22:50:21.074 [info] Skipping acquiring lock for /home/crpier/.config/Code/User/workspaceStorage/e262ee66cd6fe8b1e3e886050db11693.
2023-03-04 22:50:21.125 [info] ExtensionService#_doActivateExtension vscode.microsoft-authentication, startup: false, activationEvent: 'onAuthenticationRequest:microsoft'
2023-03-04 22:50:21.126 [info] ExtensionService#_doActivateExtension vscode.git-base, startup: true, activationEvent: '*', root cause: vscode.git
2023-03-04 22:50:21.126 [info] ExtensionService#_doActivateExtension vscodevim.vim, startup: true, activationEvent: '*'
2023-03-04 22:50:21.213 [info] ExtensionService#_doActivateExtension vscode.git, startup: true, activationEvent: '*'
2023-03-04 22:50:21.213 [info] ExtensionService#_doActivateExtension vscode.github, startup: true, activationEvent: '*'
2023-03-04 22:50:21.252 [info] Eager extensions activated
2023-03-04 22:50:21.261 [info] ExtensionService#_doActivateExtension vscode.debug-auto-launch, startup: false, activationEvent: 'onStartupFinished'
2023-03-04 22:50:21.262 [info] ExtensionService#_doActivateExtension vscode.emmet, startup: false, activationEvent: 'onStartupFinished'
2023-03-04 22:50:21.262 [info] ExtensionService#_doActivateExtension vscode.merge-conflict, startup: false, activationEvent: 'onStartupFinished'
2023-03-04 22:50:21.262 [info] ExtensionService#_doActivateExtension bradlc.vscode-tailwindcss, startup: false, activationEvent: 'onStartupFinished'
2023-03-04 22:50:21.263 [info] ExtensionService#_doActivateExtension eamodio.gitlens, startup: false, activationEvent: 'onStartupFinished'
2023-03-04 22:50:21.263 [info] ExtensionService#_doActivateExtension vscode.github-authentication, startup: false, activationEvent: 'onStartupFinished', root cause: GitHub.vscode-pull-request-github
2023-03-04 22:50:21.426 [info] ExtensionService#_doActivateExtension GitHub.vscode-pull-request-github, startup: false, activationEvent: 'onStartupFinished'
2023-03-04 22:50:23.393 [info] Extension host terminating: received terminate message from renderer
2023-03-04 22:50:23.417 [error] ProxyResolver#resolveProxy DIRECT Canceled: Canceled
	at new k (/usr/share/code/resources/app/out/vs/workbench/api/node/extensionHostProcess.js:94:87831)
	at u.O (/usr/share/code/resources/app/out/vs/workbench/api/node/extensionHostProcess.js:104:11245)
	at G.<computed>.O.charCodeAt.G.<computed> (/usr/share/code/resources/app/out/vs/workbench/api/node/extensionHostProcess.js:104:8535)
	at U.resolveProxy (/usr/share/code/resources/app/out/vs/workbench/api/node/extensionHostProcess.js:105:20116)
	at Object.resolveProxy (/usr/share/code/resources/app/out/vs/workbench/api/node/extensionHostProcess.js:115:59336)
	at useProxySettings (/usr/share/code/resources/app/node_modules.asar/vscode-proxy-agent/out/index.js:159:16)
	at /usr/share/code/resources/app/node_modules.asar/vscode-proxy-agent/out/index.js:107:13
	at /usr/share/code/resources/app/node_modules.asar/vscode-proxy-agent/out/index.js:336:13
	at runNextTicks (node:internal/process/task_queues:61:5)
	at listOnTimeout (node:internal/timers:528:9)
	at process.processTimers (node:internal/timers:502:7) 
2023-03-04 22:50:23.426 [error] ProxyResolver#resolveProxy DIRECT Canceled: Canceled
	at new k (/usr/share/code/resources/app/out/vs/workbench/api/node/extensionHostProcess.js:94:87831)
	at u.O (/usr/share/code/resources/app/out/vs/workbench/api/node/extensionHostProcess.js:104:11245)
	at G.<computed>.O.charCodeAt.G.<computed> (/usr/share/code/resources/app/out/vs/workbench/api/node/extensionHostProcess.js:104:8535)
	at U.resolveProxy (/usr/share/code/resources/app/out/vs/workbench/api/node/extensionHostProcess.js:105:20116)
	at Object.resolveProxy (/usr/share/code/resources/app/out/vs/workbench/api/node/extensionHostProcess.js:115:59336)
	at useProxySettings (/usr/share/code/resources/app/node_modules.asar/vscode-proxy-agent/out/index.js:159:16)
	at /usr/share/code/resources/app/node_modules.asar/vscode-proxy-agent/out/index.js:107:13
	at /usr/share/code/resources/app/node_modules.asar/vscode-proxy-agent/out/index.js:336:13
	at runNextTicks (node:internal/process/task_queues:61:5)
	at process.processTimers (node:internal/timers:499:9) 
2023-03-04 22:50:23.432 [info] Extension host with pid 1558025 exiting with code 0
2023-03-04 22:50:24.404 [info] Extension host with pid 1558096 started
2023-03-04 22:50:24.404 [info] Skipping acquiring lock for /home/crpier/.config/Code/User/workspaceStorage/be21fbd5609fd4c215a1b9b23294b80d.
2023-03-04 22:50:24.639 [info] ExtensionService#_doActivateExtension vscode.typescript-language-features, startup: false, activationEvent: 'onLanguage:typescriptreact'
2023-03-04 22:50:24.640 [info] ExtensionService#_doActivateExtension vscode.microsoft-authentication, startup: false, activationEvent: 'onAuthenticationRequest:microsoft'
2023-03-04 22:50:24.640 [info] ExtensionService#_doActivateExtension vscode.git-base, startup: true, activationEvent: '*', root cause: vscode.git
2023-03-04 22:50:24.640 [info] ExtensionService#_doActivateExtension vscodevim.vim, startup: true, activationEvent: '*'
2023-03-04 22:50:24.640 [info] ExtensionService#_doActivateExtension vscode.npm, startup: true, activationEvent: 'workspaceContains:package.json'
2023-03-04 22:50:24.904 [info] ExtensionService#_doActivateExtension vscode.git, startup: true, activationEvent: '*'
2023-03-04 22:50:24.905 [info] ExtensionService#_doActivateExtension vscode.github, startup: true, activationEvent: '*'
2023-03-04 22:50:25.006 [info] Eager extensions activated
2023-03-04 22:50:25.028 [info] ExtensionService#_doActivateExtension vscode.debug-auto-launch, startup: false, activationEvent: 'onStartupFinished'
2023-03-04 22:50:25.028 [info] ExtensionService#_doActivateExtension vscode.emmet, startup: false, activationEvent: 'onStartupFinished'
2023-03-04 22:50:25.028 [info] ExtensionService#_doActivateExtension vscode.merge-conflict, startup: false, activationEvent: 'onStartupFinished'
2023-03-04 22:50:25.029 [info] ExtensionService#_doActivateExtension bradlc.vscode-tailwindcss, startup: false, activationEvent: 'onStartupFinished'
2023-03-04 22:50:25.029 [info] ExtensionService#_doActivateExtension eamodio.gitlens, startup: false, activationEvent: 'onStartupFinished'
2023-03-04 22:50:25.029 [info] ExtensionService#_doActivateExtension vscode.github-authentication, startup: false, activationEvent: 'onStartupFinished', root cause: GitHub.vscode-pull-request-github
2023-03-04 22:50:25.349 [info] ExtensionService#_doActivateExtension GitHub.vscode-pull-request-github, startup: false, activationEvent: 'onStartupFinished'
2023-03-04 22:51:56.815 [warning] TextEditor is closed/disposed
2023-03-04 22:51:56.904 [warning] TextEditor is closed/disposed
2023-03-04 22:51:56.904 [warning] TextEditor is closed/disposed
2023-03-04 22:52:02.370 [warning] TextEditor is closed/disposed
2023-03-04 22:52:02.405 [warning] TextEditor is closed/disposed
2023-03-04 22:52:02.405 [warning] TextEditor is closed/disposed
2023-03-04 22:52:02.419 [error] [bradlc.vscode-tailwindcss] provider FAILED
2023-03-04 22:52:02.420 [error] TypeError: Cannot read properties of undefined (reading 'filter')
	at Object.<anonymous> (/home/crpier/.vscode/extensions/bradlc.vscode-tailwindcss-0.9.7/dist/extension.js:43:11485)
	at Generator.next (<anonymous>)
	at s (/home/crpier/.vscode/extensions/bradlc.vscode-tailwindcss-0.9.7/dist/extension.js:1:1247)
2023-03-04 22:52:17.359 [warning] TextEditor is closed/disposed
2023-03-04 22:52:17.418 [warning] TextEditor is closed/disposed
2023-03-04 22:52:17.418 [warning] TextEditor is closed/disposed
2023-03-04 22:52:55.921 [warning] TextEditor is closed/disposed
2023-03-04 22:52:55.959 [warning] TextEditor is closed/disposed
2023-03-04 22:52:55.959 [warning] TextEditor is closed/disposed
2023-03-04 22:52:55.961 [error] [bradlc.vscode-tailwindcss] provider FAILED
2023-03-04 22:52:55.961 [error] TypeError: Cannot read properties of undefined (reading 'filter')
	at Object.<anonymous> (/home/crpier/.vscode/extensions/bradlc.vscode-tailwindcss-0.9.7/dist/extension.js:43:11485)
	at Generator.next (<anonymous>)
	at s (/home/crpier/.vscode/extensions/bradlc.vscode-tailwindcss-0.9.7/dist/extension.js:1:1247)
2023-03-04 22:53:06.295 [warning] TextEditor is closed/disposed
2023-03-04 22:53:06.295 [warning] TextEditor is closed/disposed
2023-03-04 22:53:06.307 [error] [bradlc.vscode-tailwindcss] provider FAILED
2023-03-04 22:53:06.307 [error] TypeError: Cannot read properties of undefined (reading 'filter')
	at Object.<anonymous> (/home/crpier/.vscode/extensions/bradlc.vscode-tailwindcss-0.9.7/dist/extension.js:43:11485)
	at Generator.next (<anonymous>)
	at s (/home/crpier/.vscode/extensions/bradlc.vscode-tailwindcss-0.9.7/dist/extension.js:1:1247)
2023-03-04 22:53:11.752 [error] [bradlc.vscode-tailwindcss] provider FAILED
2023-03-04 22:53:11.752 [error] TypeError: Cannot read properties of undefined (reading 'filter')
	at Object.<anonymous> (/home/crpier/.vscode/extensions/bradlc.vscode-tailwindcss-0.9.7/dist/extension.js:43:11485)
	at Generator.next (<anonymous>)
	at s (/home/crpier/.vscode/extensions/bradlc.vscode-tailwindcss-0.9.7/dist/extension.js:1:1247)
2023-03-04 22:53:55.560 [warning] TextEditor is closed/disposed
2023-03-04 22:53:55.562 [warning] TextEditor is closed/disposed
2023-03-04 22:53:55.562 [warning] TextEditor is closed/disposed
2023-03-04 22:53:55.564 [error] [bradlc.vscode-tailwindcss] provider FAILED
2023-03-04 22:53:55.564 [error] TypeError: Cannot read properties of undefined (reading 'filter')
	at Object.<anonymous> (/home/crpier/.vscode/extensions/bradlc.vscode-tailwindcss-0.9.7/dist/extension.js:43:11485)
	at Generator.next (<anonymous>)
	at s (/home/crpier/.vscode/extensions/bradlc.vscode-tailwindcss-0.9.7/dist/extension.js:1:1247)
2023-03-04 22:54:20.918 [error] [bradlc.vscode-tailwindcss] provider FAILED
2023-03-04 22:54:20.918 [error] TypeError: Cannot read properties of undefined (reading 'filter')
	at Object.<anonymous> (/home/crpier/.vscode/extensions/bradlc.vscode-tailwindcss-0.9.7/dist/extension.js:43:11485)
	at Generator.next (<anonymous>)
	at s (/home/crpier/.vscode/extensions/bradlc.vscode-tailwindcss-0.9.7/dist/extension.js:1:1247)
2023-03-04 22:54:40.707 [error] [bradlc.vscode-tailwindcss] provider FAILED
2023-03-04 22:54:40.707 [error] TypeError: Cannot read properties of undefined (reading 'filter')
	at Object.<anonymous> (/home/crpier/.vscode/extensions/bradlc.vscode-tailwindcss-0.9.7/dist/extension.js:43:11485)
	at Generator.next (<anonymous>)
	at s (/home/crpier/.vscode/extensions/bradlc.vscode-tailwindcss-0.9.7/dist/extension.js:1:1247)
2023-03-04 22:55:04.451 [warning] TextEditor is closed/disposed
2023-03-04 22:55:04.490 [info] ExtensionService#_doActivateExtension vscode.configuration-editing, startup: false, activationEvent: 'onLanguage:json'
2023-03-04 22:55:04.490 [info] ExtensionService#_doActivateExtension vscode.extension-editing, startup: false, activationEvent: 'onLanguage:json'
2023-03-04 22:55:04.490 [info] ExtensionService#_doActivateExtension vscode.json-language-features, startup: false, activationEvent: 'onLanguage:json'
2023-03-04 22:55:04.490 [info] ExtensionService#_doActivateExtension ms-python.python, startup: false, activationEvent: 'onLanguage:json'
2023-03-04 22:55:13.845 [warning] TextEditor is closed/disposed
2023-03-04 22:55:17.309 [warning] TextEditor is closed/disposed
2023-03-04 22:55:17.859 [warning] TextEditor is closed/disposed
2023-03-04 22:55:34.042 [warning] TextEditor is closed/disposed
2023-03-04 22:56:37.989 [warning] TextEditor is closed/disposed
2023-03-04 22:56:38.028 [warning] TextEditor is closed/disposed
2023-03-04 22:56:38.028 [warning] TextEditor is closed/disposed
2023-03-04 22:56:38.047 [error] [bradlc.vscode-tailwindcss] provider FAILED
2023-03-04 22:56:38.047 [error] TypeError: Cannot read properties of undefined (reading 'filter')
	at Object.<anonymous> (/home/crpier/.vscode/extensions/bradlc.vscode-tailwindcss-0.9.7/dist/extension.js:43:11485)
	at Generator.next (<anonymous>)
	at s (/home/crpier/.vscode/extensions/bradlc.vscode-tailwindcss-0.9.7/dist/extension.js:1:1247)
2023-03-04 22:56:57.204 [warning] TextEditor is closed/disposed
2023-03-04 22:56:57.204 [warning] TextEditor is closed/disposed
2023-03-04 22:56:57.207 [error] [bradlc.vscode-tailwindcss] provider FAILED
2023-03-04 22:56:57.207 [error] TypeError: Cannot read properties of undefined (reading 'filter')
	at Object.<anonymous> (/home/crpier/.vscode/extensions/bradlc.vscode-tailwindcss-0.9.7/dist/extension.js:43:11485)
	at Generator.next (<anonymous>)
	at s (/home/crpier/.vscode/extensions/bradlc.vscode-tailwindcss-0.9.7/dist/extension.js:1:1247)
2023-03-04 22:57:03.752 [error] [bradlc.vscode-tailwindcss] provider FAILED
2023-03-04 22:57:03.752 [error] TypeError: Cannot read properties of undefined (reading 'filter')
	at Object.<anonymous> (/home/crpier/.vscode/extensions/bradlc.vscode-tailwindcss-0.9.7/dist/extension.js:43:11485)
	at Generator.next (<anonymous>)
	at s (/home/crpier/.vscode/extensions/bradlc.vscode-tailwindcss-0.9.7/dist/extension.js:1:1247)
2023-03-04 23:30:42.666 [warning] TextEditor is closed/disposed
2023-03-04 23:30:42.666 [warning] TextEditor is closed/disposed
2023-03-04 23:30:51.983 [warning] TextEditor is closed/disposed
2023-03-04 23:30:51.983 [warning] TextEditor is closed/disposed
2023-03-04 23:31:02.963 [warning] TextEditor is closed/disposed
2023-03-04 23:31:32.408 [warning] TextEditor is closed/disposed
2023-03-04 23:31:32.408 [warning] TextEditor is closed/disposed
2023-03-04 23:31:32.408 [warning] TextEditor is closed/disposed
2023-03-04 23:31:34.423 [warning] TextEditor is closed/disposed
2023-03-04 23:31:34.423 [warning] TextEditor is closed/disposed
2023-03-04 23:31:42.225 [warning] TextEditor is closed/disposed
2023-03-04 23:31:42.225 [warning] TextEditor is closed/disposed
2023-03-04 23:32:06.285 [warning] TextEditor is closed/disposed
2023-03-04 23:32:06.285 [warning] TextEditor is closed/disposed
2023-03-04 23:32:08.361 [warning] TextEditor is closed/disposed
2023-03-04 23:32:08.361 [warning] TextEditor is closed/disposed
2023-03-04 23:36:06.997 [warning] TextEditor is closed/disposed
2023-03-04 23:36:06.997 [warning] TextEditor is closed/disposed
2023-03-04 23:36:11.499 [warning] TextEditor is closed/disposed
2023-03-04 23:36:11.499 [warning] TextEditor is closed/disposed
2023-03-04 23:36:18.833 [warning] TextEditor is closed/disposed
2023-03-04 23:36:18.833 [warning] TextEditor is closed/disposed
2023-03-04 23:38:25.208 [warning] TextEditor is closed/disposed
2023-03-04 23:38:41.026 [warning] TextEditor is closed/disposed
2023-03-04 23:38:45.406 [error] [bradlc.vscode-tailwindcss] provider FAILED
2023-03-04 23:38:45.406 [error] TypeError: Cannot read properties of undefined (reading 'filter')
	at Object.<anonymous> (/home/crpier/.vscode/extensions/bradlc.vscode-tailwindcss-0.9.7/dist/extension.js:43:11485)
	at Generator.next (<anonymous>)
	at s (/home/crpier/.vscode/extensions/bradlc.vscode-tailwindcss-0.9.7/dist/extension.js:1:1247)
2023-03-04 23:38:47.960 [warning] TextEditor is closed/disposed
2023-03-04 23:39:03.893 [warning] TextEditor is closed/disposed
2023-03-04 23:39:03.896 [error] [bradlc.vscode-tailwindcss] provider FAILED
2023-03-04 23:39:03.896 [error] TypeError: Cannot read properties of undefined (reading 'filter')
	at Object.<anonymous> (/home/crpier/.vscode/extensions/bradlc.vscode-tailwindcss-0.9.7/dist/extension.js:43:11485)
	at Generator.next (<anonymous>)
	at s (/home/crpier/.vscode/extensions/bradlc.vscode-tailwindcss-0.9.7/dist/extension.js:1:1247)
2023-03-04 23:40:33.282 [warning] TextEditor is closed/disposed
2023-03-04 23:40:33.283 [warning] TextEditor is closed/disposed
2023-03-04 23:40:33.283 [warning] TextEditor is closed/disposed
2023-03-05 00:14:30.696 [warning] TextEditor is closed/disposed
2023-03-05 00:14:30.736 [warning] TextEditor is closed/disposed
2023-03-05 00:14:30.736 [warning] TextEditor is closed/disposed
2023-03-05 00:14:36.694 [warning] TextEditor is closed/disposed
2023-03-05 00:14:36.694 [warning] TextEditor is closed/disposed
2023-03-05 00:14:49.080 [warning] TextEditor is closed/disposed
2023-03-05 00:14:49.080 [warning] TextEditor is closed/disposed
2023-03-05 00:15:12.274 [warning] TextEditor is closed/disposed
2023-03-05 00:15:12.275 [error] [bradlc.vscode-tailwindcss] provider FAILED
2023-03-05 00:15:12.276 [error] TypeError: Cannot read properties of undefined (reading 'filter')
	at Object.<anonymous> (/home/crpier/.vscode/extensions/bradlc.vscode-tailwindcss-0.9.7/dist/extension.js:43:11485)
	at Generator.next (<anonymous>)
	at s (/home/crpier/.vscode/extensions/bradlc.vscode-tailwindcss-0.9.7/dist/extension.js:1:1247)
2023-03-05 00:32:53.238 [warning] TextEditor is closed/disposed
2023-03-05 00:33:24.503 [warning] TextEditor is closed/disposed
2023-03-05 00:33:55.524 [warning] TextEditor is closed/disposed
2023-03-05 01:02:17.058 [info] ExtensionService#_doActivateExtension esbenp.prettier-vscode, startup: false, activationEvent: 'onStartupFinished'
2023-03-05 01:02:38.319 [error] [bradlc.vscode-tailwindcss] provider FAILED
2023-03-05 01:02:38.319 [error] TypeError: Cannot read properties of null (reading 'filter')
	at Object.<anonymous> (/home/crpier/.vscode/extensions/bradlc.vscode-tailwindcss-0.9.7/dist/extension.js:43:11485)
	at Generator.next (<anonymous>)
	at s (/home/crpier/.vscode/extensions/bradlc.vscode-tailwindcss-0.9.7/dist/extension.js:1:1247)
2023-03-05 01:02:52.005 [error] [bradlc.vscode-tailwindcss] provider FAILED
2023-03-05 01:02:52.005 [error] TypeError: Cannot read properties of null (reading 'filter')
	at Object.<anonymous> (/home/crpier/.vscode/extensions/bradlc.vscode-tailwindcss-0.9.7/dist/extension.js:43:11485)
	at Generator.next (<anonymous>)
	at s (/home/crpier/.vscode/extensions/bradlc.vscode-tailwindcss-0.9.7/dist/extension.js:1:1247)
2023-03-05 01:08:38.990 [warning] TextEditor is closed/disposed
2023-03-05 01:08:38.990 [warning] TextEditor is closed/disposed
2023-03-05 01:08:39.005 [error] [bradlc.vscode-tailwindcss] provider FAILED
2023-03-05 01:08:39.005 [error] TypeError: Cannot read properties of undefined (reading 'filter')
	at Object.<anonymous> (/home/crpier/.vscode/extensions/bradlc.vscode-tailwindcss-0.9.7/dist/extension.js:43:11485)
	at Generator.next (<anonymous>)
	at s (/home/crpier/.vscode/extensions/bradlc.vscode-tailwindcss-0.9.7/dist/extension.js:1:1247)
2023-03-05 01:09:59.969 [warning] TextEditor is closed/disposed
2023-03-05 01:09:59.969 [warning] TextEditor is closed/disposed
2023-03-05 01:09:59.970 [error] [bradlc.vscode-tailwindcss] provider FAILED
2023-03-05 01:09:59.970 [error] TypeError: Cannot read properties of undefined (reading 'filter')
	at Object.<anonymous> (/home/crpier/.vscode/extensions/bradlc.vscode-tailwindcss-0.9.7/dist/extension.js:43:11485)
	at Generator.next (<anonymous>)
	at s (/home/crpier/.vscode/extensions/bradlc.vscode-tailwindcss-0.9.7/dist/extension.js:1:1247)
2023-03-05 01:10:26.001 [error] [vscode.typescript-language-features] provider FAILED
2023-03-05 01:10:26.001 [error] Error: <semantic> TypeScript Server Error (4.9.4)
Debug Failure.
Error: Debug Failure.
    at Object.getImportCompletionAction (/usr/share/code/resources/app/extensions/node_modules/typescript/lib/tsserver.js:156493:22)
    at getCompletionEntryCodeActionsAndSourceDisplay (/usr/share/code/resources/app/extensions/node_modules/typescript/lib/tsserver.js:136317:33)
    at Object.getCompletionEntryDetails (/usr/share/code/resources/app/extensions/node_modules/typescript/lib/tsserver.js:136256:30)
    at Object.getCompletionEntryDetails (/usr/share/code/resources/app/extensions/node_modules/typescript/lib/tsserver.js:169146:35)
    at /usr/share/code/resources/app/extensions/node_modules/typescript/lib/tsserver.js:181337:57
    at Object.mapDefined (/usr/share/code/resources/app/extensions/node_modules/typescript/lib/tsserver.js:621:30)
    at Session.getCompletionEntryDetails (/usr/share/code/resources/app/extensions/node_modules/typescript/lib/tsserver.js:181335:33)
    at Session.handlers.ts.Map.ts.getEntries._a.<computed> (/usr/share/code/resources/app/extensions/node_modules/typescript/lib/tsserver.js:179972:61)
    at /usr/share/code/resources/app/extensions/node_modules/typescript/lib/tsserver.js:182024:96
    at Session.executeWithRequestId (/usr/share/code/resources/app/extensions/node_modules/typescript/lib/tsserver.js:182015:28)
    at Session.executeCommand (/usr/share/code/resources/app/extensions/node_modules/typescript/lib/tsserver.js:182024:41)
    at Session.onMessage (/usr/share/code/resources/app/extensions/node_modules/typescript/lib/tsserver.js:182052:35)
    at process.<anonymous> (/usr/share/code/resources/app/extensions/node_modules/typescript/lib/tsserver.js:186208:31)
    at process.emit (node:events:526:28)
    at emit (node:internal/child_process:938:14)
    at process.processTicksAndRejections (node:internal/process/task_queues:84:21)
	at n.create (/usr/share/code/resources/app/extensions/typescript-language-features/dist/extension.js:2:1499744)
	at d.w (/usr/share/code/resources/app/extensions/typescript-language-features/dist/extension.js:2:1495016)
	at d.u (/usr/share/code/resources/app/extensions/typescript-language-features/dist/extension.js:2:1494095)
	at ChildProcess.<anonymous> (/usr/share/code/resources/app/extensions/typescript-language-features/dist/extension.js:2:1493723)
	at ChildProcess.emit (node:events:526:28)
	at emit (node:internal/child_process:938:14)
	at process.processTicksAndRejections (node:internal/process/task_queues:84:21)
2023-03-05 01:10:26.493 [error] Error: <semantic> TypeScript Server Error (4.9.4)
Debug Failure.
Error: Debug Failure.
    at Object.getImportCompletionAction (/usr/share/code/resources/app/extensions/node_modules/typescript/lib/tsserver.js:156493:22)
    at getCompletionEntryCodeActionsAndSourceDisplay (/usr/share/code/resources/app/extensions/node_modules/typescript/lib/tsserver.js:136317:33)
    at Object.getCompletionEntryDetails (/usr/share/code/resources/app/extensions/node_modules/typescript/lib/tsserver.js:136256:30)
    at Object.getCompletionEntryDetails (/usr/share/code/resources/app/extensions/node_modules/typescript/lib/tsserver.js:169146:35)
    at /usr/share/code/resources/app/extensions/node_modules/typescript/lib/tsserver.js:181337:57
    at Object.mapDefined (/usr/share/code/resources/app/extensions/node_modules/typescript/lib/tsserver.js:621:30)
    at Session.getCompletionEntryDetails (/usr/share/code/resources/app/extensions/node_modules/typescript/lib/tsserver.js:181335:33)
    at Session.handlers.ts.Map.ts.getEntries._a.<computed> (/usr/share/code/resources/app/extensions/node_modules/typescript/lib/tsserver.js:179972:61)
    at /usr/share/code/resources/app/extensions/node_modules/typescript/lib/tsserver.js:182024:96
    at Session.executeWithRequestId (/usr/share/code/resources/app/extensions/node_modules/typescript/lib/tsserver.js:182015:28)
    at Session.executeCommand (/usr/share/code/resources/app/extensions/node_modules/typescript/lib/tsserver.js:182024:41)
    at Session.onMessage (/usr/share/code/resources/app/extensions/node_modules/typescript/lib/tsserver.js:182052:35)
    at process.<anonymous> (/usr/share/code/resources/app/extensions/node_modules/typescript/lib/tsserver.js:186208:31)
    at process.emit (node:events:526:28)
    at emit (node:internal/child_process:938:14)
    at process.processTicksAndRejections (node:internal/process/task_queues:84:21)
	at n.create (/usr/share/code/resources/app/extensions/typescript-language-features/dist/extension.js:2:1499744)
	at d.w (/usr/share/code/resources/app/extensions/typescript-language-features/dist/extension.js:2:1495016)
	at d.u (/usr/share/code/resources/app/extensions/typescript-language-features/dist/extension.js:2:1494095)
	at ChildProcess.<anonymous> (/usr/share/code/resources/app/extensions/typescript-language-features/dist/extension.js:2:1493723)
	at ChildProcess.emit (node:events:526:28)
	at emit (node:internal/child_process:938:14)
	at process.processTicksAndRejections (node:internal/process/task_queues:84:21) _typescript.applyCompletionCommand {"value":"vscode.typescript-language-features","c":"vscode.typescript-language-features"}
2023-03-05 01:10:26.493 [error] Error: <semantic> TypeScript Server Error (4.9.4)
Debug Failure.
Error: Debug Failure.
    at Object.getImportCompletionAction (/usr/share/code/resources/app/extensions/node_modules/typescript/lib/tsserver.js:156493:22)
    at getCompletionEntryCodeActionsAndSourceDisplay (/usr/share/code/resources/app/extensions/node_modules/typescript/lib/tsserver.js:136317:33)
    at Object.getCompletionEntryDetails (/usr/share/code/resources/app/extensions/node_modules/typescript/lib/tsserver.js:136256:30)
    at Object.getCompletionEntryDetails (/usr/share/code/resources/app/extensions/node_modules/typescript/lib/tsserver.js:169146:35)
    at /usr/share/code/resources/app/extensions/node_modules/typescript/lib/tsserver.js:181337:57
    at Object.mapDefined (/usr/share/code/resources/app/extensions/node_modules/typescript/lib/tsserver.js:621:30)
    at Session.getCompletionEntryDetails (/usr/share/code/resources/app/extensions/node_modules/typescript/lib/tsserver.js:181335:33)
    at Session.handlers.ts.Map.ts.getEntries._a.<computed> (/usr/share/code/resources/app/extensions/node_modules/typescript/lib/tsserver.js:179972:61)
    at /usr/share/code/resources/app/extensions/node_modules/typescript/lib/tsserver.js:182024:96
    at Session.executeWithRequestId (/usr/share/code/resources/app/extensions/node_modules/typescript/lib/tsserver.js:182015:28)
    at Session.executeCommand (/usr/share/code/resources/app/extensions/node_modules/typescript/lib/tsserver.js:182024:41)
    at Session.onMessage (/usr/share/code/resources/app/extensions/node_modules/typescript/lib/tsserver.js:182052:35)
    at process.<anonymous> (/usr/share/code/resources/app/extensions/node_modules/typescript/lib/tsserver.js:186208:31)
    at process.emit (node:events:526:28)
    at emit (node:internal/child_process:938:14)
    at process.processTicksAndRejections (node:internal/process/task_queues:84:21)
	at n.create (/usr/share/code/resources/app/extensions/typescript-language-features/dist/extension.js:2:1499744)
	at d.w (/usr/share/code/resources/app/extensions/typescript-language-features/dist/extension.js:2:1495016)
	at d.u (/usr/share/code/resources/app/extensions/typescript-language-features/dist/extension.js:2:1494095)
	at ChildProcess.<anonymous> (/usr/share/code/resources/app/extensions/typescript-language-features/dist/extension.js:2:1493723)
	at ChildProcess.emit (node:events:526:28)
	at emit (node:internal/child_process:938:14)
	at process.processTicksAndRejections (node:internal/process/task_queues:84:21) _typescript.applyCompletionCommand undefined
2023-03-05 01:10:32.856 [error] [vscode.typescript-language-features] provider FAILED
2023-03-05 01:10:32.856 [error] Error: <semantic> TypeScript Server Error (4.9.4)
Debug Failure.
Error: Debug Failure.
    at Object.getImportCompletionAction (/usr/share/code/resources/app/extensions/node_modules/typescript/lib/tsserver.js:156493:22)
    at getCompletionEntryCodeActionsAndSourceDisplay (/usr/share/code/resources/app/extensions/node_modules/typescript/lib/tsserver.js:136317:33)
    at Object.getCompletionEntryDetails (/usr/share/code/resources/app/extensions/node_modules/typescript/lib/tsserver.js:136256:30)
    at Object.getCompletionEntryDetails (/usr/share/code/resources/app/extensions/node_modules/typescript/lib/tsserver.js:169146:35)
    at /usr/share/code/resources/app/extensions/node_modules/typescript/lib/tsserver.js:181337:57
    at Object.mapDefined (/usr/share/code/resources/app/extensions/node_modules/typescript/lib/tsserver.js:621:30)
    at Session.getCompletionEntryDetails (/usr/share/code/resources/app/extensions/node_modules/typescript/lib/tsserver.js:181335:33)
    at Session.handlers.ts.Map.ts.getEntries._a.<computed> (/usr/share/code/resources/app/extensions/node_modules/typescript/lib/tsserver.js:179972:61)
    at /usr/share/code/resources/app/extensions/node_modules/typescript/lib/tsserver.js:182024:96
    at Session.executeWithRequestId (/usr/share/code/resources/app/extensions/node_modules/typescript/lib/tsserver.js:182015:28)
    at Session.executeCommand (/usr/share/code/resources/app/extensions/node_modules/typescript/lib/tsserver.js:182024:41)
    at Session.onMessage (/usr/share/code/resources/app/extensions/node_modules/typescript/lib/tsserver.js:182052:35)
    at process.<anonymous> (/usr/share/code/resources/app/extensions/node_modules/typescript/lib/tsserver.js:186208:31)
    at process.emit (node:events:526:28)
    at emit (node:internal/child_process:938:14)
    at process.processTicksAndRejections (node:internal/process/task_queues:84:21)
	at n.create (/usr/share/code/resources/app/extensions/typescript-language-features/dist/extension.js:2:1499744)
	at d.w (/usr/share/code/resources/app/extensions/typescript-language-features/dist/extension.js:2:1495016)
	at d.u (/usr/share/code/resources/app/extensions/typescript-language-features/dist/extension.js:2:1494095)
	at ChildProcess.<anonymous> (/usr/share/code/resources/app/extensions/typescript-language-features/dist/extension.js:2:1493723)
	at ChildProcess.emit (node:events:526:28)
	at emit (node:internal/child_process:938:14)
	at process.processTicksAndRejections (node:internal/process/task_queues:84:21)
2023-03-05 01:10:37.049 [error] [bradlc.vscode-tailwindcss] provider FAILED
2023-03-05 01:10:37.049 [error] TypeError: Cannot read properties of undefined (reading 'filter')
	at Object.<anonymous> (/home/crpier/.vscode/extensions/bradlc.vscode-tailwindcss-0.9.7/dist/extension.js:43:11485)
	at Generator.next (<anonymous>)
	at s (/home/crpier/.vscode/extensions/bradlc.vscode-tailwindcss-0.9.7/dist/extension.js:1:1247)
2023-03-05 01:11:50.955 [warning] TextEditor is closed/disposed
2023-03-05 01:11:50.955 [warning] TextEditor is closed/disposed
2023-03-05 01:11:50.956 [error] [bradlc.vscode-tailwindcss] provider FAILED
2023-03-05 01:11:50.956 [error] TypeError: Cannot read properties of undefined (reading 'filter')
	at Object.<anonymous> (/home/crpier/.vscode/extensions/bradlc.vscode-tailwindcss-0.9.7/dist/extension.js:43:11485)
	at Generator.next (<anonymous>)
	at s (/home/crpier/.vscode/extensions/bradlc.vscode-tailwindcss-0.9.7/dist/extension.js:1:1247)
2023-03-05 01:11:55.524 [warning] TextEditor is closed/disposed
2023-03-05 01:11:55.525 [warning] TextEditor is closed/disposed
2023-03-05 01:11:55.540 [error] [bradlc.vscode-tailwindcss] provider FAILED
2023-03-05 01:11:55.540 [error] TypeError: Cannot read properties of undefined (reading 'filter')
	at Object.<anonymous> (/home/crpier/.vscode/extensions/bradlc.vscode-tailwindcss-0.9.7/dist/extension.js:43:11485)
	at Generator.next (<anonymous>)
	at s (/home/crpier/.vscode/extensions/bradlc.vscode-tailwindcss-0.9.7/dist/extension.js:1:1247)
2023-03-05 01:12:04.765 [error] [bradlc.vscode-tailwindcss] provider FAILED
2023-03-05 01:12:04.765 [error] TypeError: Cannot read properties of undefined (reading 'filter')
	at Object.<anonymous> (/home/crpier/.vscode/extensions/bradlc.vscode-tailwindcss-0.9.7/dist/extension.js:43:11485)
	at Generator.next (<anonymous>)
	at s (/home/crpier/.vscode/extensions/bradlc.vscode-tailwindcss-0.9.7/dist/extension.js:1:1247)
2023-03-05 01:12:32.211 [warning] TextEditor is closed/disposed
2023-03-05 01:12:32.211 [warning] TextEditor is closed/disposed
2023-03-05 01:12:32.212 [error] [bradlc.vscode-tailwindcss] provider FAILED
2023-03-05 01:12:32.212 [error] TypeError: Cannot read properties of undefined (reading 'filter')
	at Object.<anonymous> (/home/crpier/.vscode/extensions/bradlc.vscode-tailwindcss-0.9.7/dist/extension.js:43:11485)
	at Generator.next (<anonymous>)
	at s (/home/crpier/.vscode/extensions/bradlc.vscode-tailwindcss-0.9.7/dist/extension.js:1:1247)
2023-03-05 01:12:34.551 [warning] TextEditor is closed/disposed
2023-03-05 01:12:34.551 [warning] TextEditor is closed/disposed
2023-03-05 01:12:34.552 [error] [bradlc.vscode-tailwindcss] provider FAILED
2023-03-05 01:12:34.553 [error] TypeError: Cannot read properties of undefined (reading 'filter')
	at Object.<anonymous> (/home/crpier/.vscode/extensions/bradlc.vscode-tailwindcss-0.9.7/dist/extension.js:43:11485)
	at Generator.next (<anonymous>)
	at s (/home/crpier/.vscode/extensions/bradlc.vscode-tailwindcss-0.9.7/dist/extension.js:1:1247)
2023-03-05 01:12:47.718 [warning] TextEditor is closed/disposed
2023-03-05 01:12:47.718 [warning] TextEditor is closed/disposed
2023-03-05 01:12:47.734 [error] [bradlc.vscode-tailwindcss] provider FAILED
2023-03-05 01:12:47.734 [error] TypeError: Cannot read properties of undefined (reading 'filter')
	at Object.<anonymous> (/home/crpier/.vscode/extensions/bradlc.vscode-tailwindcss-0.9.7/dist/extension.js:43:11485)
	at Generator.next (<anonymous>)
	at s (/home/crpier/.vscode/extensions/bradlc.vscode-tailwindcss-0.9.7/dist/extension.js:1:1247)
2023-03-05 01:12:51.153 [error] [bradlc.vscode-tailwindcss] provider FAILED
2023-03-05 01:12:51.153 [error] TypeError: Cannot read properties of undefined (reading 'filter')
	at Object.<anonymous> (/home/crpier/.vscode/extensions/bradlc.vscode-tailwindcss-0.9.7/dist/extension.js:43:11485)
	at Generator.next (<anonymous>)
	at s (/home/crpier/.vscode/extensions/bradlc.vscode-tailwindcss-0.9.7/dist/extension.js:1:1247)
2023-03-05 01:12:52.675 [warning] TextEditor is closed/disposed
2023-03-05 01:12:52.675 [warning] TextEditor is closed/disposed
2023-03-05 01:12:52.676 [error] [bradlc.vscode-tailwindcss] provider FAILED
2023-03-05 01:12:52.676 [error] TypeError: Cannot read properties of undefined (reading 'filter')
	at Object.<anonymous> (/home/crpier/.vscode/extensions/bradlc.vscode-tailwindcss-0.9.7/dist/extension.js:43:11485)
	at Generator.next (<anonymous>)
	at s (/home/crpier/.vscode/extensions/bradlc.vscode-tailwindcss-0.9.7/dist/extension.js:1:1247)
2023-03-05 01:12:54.420 [error] [bradlc.vscode-tailwindcss] provider FAILED
2023-03-05 01:12:54.420 [error] TypeError: Cannot read properties of undefined (reading 'filter')
	at Object.<anonymous> (/home/crpier/.vscode/extensions/bradlc.vscode-tailwindcss-0.9.7/dist/extension.js:43:11485)
	at Generator.next (<anonymous>)
	at s (/home/crpier/.vscode/extensions/bradlc.vscode-tailwindcss-0.9.7/dist/extension.js:1:1247)
2023-03-05 01:13:00.331 [error] [bradlc.vscode-tailwindcss] provider FAILED
2023-03-05 01:13:00.331 [error] TypeError: Cannot read properties of undefined (reading 'filter')
	at Object.<anonymous> (/home/crpier/.vscode/extensions/bradlc.vscode-tailwindcss-0.9.7/dist/extension.js:43:11485)
	at Generator.next (<anonymous>)
	at s (/home/crpier/.vscode/extensions/bradlc.vscode-tailwindcss-0.9.7/dist/extension.js:1:1247)
2023-03-05 01:13:02.205 [warning] TextEditor is closed/disposed
2023-03-05 01:13:02.205 [warning] TextEditor is closed/disposed
2023-03-05 01:13:02.206 [error] [bradlc.vscode-tailwindcss] provider FAILED
2023-03-05 01:13:02.206 [error] TypeError: Cannot read properties of undefined (reading 'filter')
	at Object.<anonymous> (/home/crpier/.vscode/extensions/bradlc.vscode-tailwindcss-0.9.7/dist/extension.js:43:11485)
	at Generator.next (<anonymous>)
	at s (/home/crpier/.vscode/extensions/bradlc.vscode-tailwindcss-0.9.7/dist/extension.js:1:1247)
2023-03-05 01:13:19.896 [error] [bradlc.vscode-tailwindcss] provider FAILED
2023-03-05 01:13:19.896 [error] TypeError: Cannot read properties of undefined (reading 'filter')
	at Object.<anonymous> (/home/crpier/.vscode/extensions/bradlc.vscode-tailwindcss-0.9.7/dist/extension.js:43:11485)
	at Generator.next (<anonymous>)
	at s (/home/crpier/.vscode/extensions/bradlc.vscode-tailwindcss-0.9.7/dist/extension.js:1:1247)
2023-03-05 01:13:20.065 [error] [bradlc.vscode-tailwindcss] provider FAILED
2023-03-05 01:13:20.065 [error] TypeError: Cannot read properties of undefined (reading 'filter')
	at Object.<anonymous> (/home/crpier/.vscode/extensions/bradlc.vscode-tailwindcss-0.9.7/dist/extension.js:43:11485)
	at Generator.next (<anonymous>)
	at s (/home/crpier/.vscode/extensions/bradlc.vscode-tailwindcss-0.9.7/dist/extension.js:1:1247)
2023-03-05 01:13:20.222 [error] [bradlc.vscode-tailwindcss] provider FAILED
2023-03-05 01:13:20.222 [error] TypeError: Cannot read properties of undefined (reading 'filter')
	at Object.<anonymous> (/home/crpier/.vscode/extensions/bradlc.vscode-tailwindcss-0.9.7/dist/extension.js:43:11485)
	at Generator.next (<anonymous>)
	at s (/home/crpier/.vscode/extensions/bradlc.vscode-tailwindcss-0.9.7/dist/extension.js:1:1247)
	at runNextTicks (node:internal/process/task_queues:61:5)
	at process.processImmediate (node:internal/timers:437:9)
2023-03-05 01:13:40.360 [warning] TextEditor is closed/disposed
2023-03-05 01:28:39.602 [warning] TextEditor is closed/disposed
2023-03-05 01:28:39.602 [warning] TextEditor is closed/disposed
2023-03-05 01:28:39.622 [error] [bradlc.vscode-tailwindcss] provider FAILED
2023-03-05 01:28:39.622 [error] TypeError: Cannot read properties of undefined (reading 'filter')
	at Object.<anonymous> (/home/crpier/.vscode/extensions/bradlc.vscode-tailwindcss-0.9.7/dist/extension.js:43:11485)
	at Generator.next (<anonymous>)
	at s (/home/crpier/.vscode/extensions/bradlc.vscode-tailwindcss-0.9.7/dist/extension.js:1:1247)
2023-03-05 01:28:51.311 [warning] TextEditor is closed/disposed
2023-03-05 01:28:51.311 [warning] TextEditor is closed/disposed
2023-03-05 01:28:53.477 [error] [bradlc.vscode-tailwindcss] provider FAILED
2023-03-05 01:28:53.477 [error] TypeError: Cannot read properties of undefined (reading 'filter')
	at Object.<anonymous> (/home/crpier/.vscode/extensions/bradlc.vscode-tailwindcss-0.9.7/dist/extension.js:43:11485)
	at Generator.next (<anonymous>)
	at s (/home/crpier/.vscode/extensions/bradlc.vscode-tailwindcss-0.9.7/dist/extension.js:1:1247)
2023-03-05 01:29:32.192 [warning] TextEditor is closed/disposed
2023-03-05 01:29:32.192 [warning] TextEditor is closed/disposed
2023-03-05 01:32:42.738 [warning] TextEditor is closed/disposed
2023-03-05 01:32:53.164 [warning] TextEditor is closed/disposed
2023-03-05 01:32:55.041 [warning] TextEditor is closed/disposed
2023-03-05 01:45:14.413 [warning] TextEditor is closed/disposed
2023-03-05 01:49:58.599 [warning] TextEditor is closed/disposed
2023-03-05 01:50:11.591 [warning] TextEditor is closed/disposed
2023-03-05 01:58:41.296 [warning] TextEditor is closed/disposed
2023-03-05 01:58:48.396 [warning] TextEditor is closed/disposed
2023-03-05 02:00:47.094 [warning] TextEditor is closed/disposed
2023-03-05 02:02:22.424 [warning] TextEditor is closed/disposed
2023-03-05 02:02:23.880 [warning] TextEditor is closed/disposed
2023-03-05 02:06:17.229 [warning] TextEditor is closed/disposed
2023-03-05 02:06:18.443 [warning] TextEditor is closed/disposed
2023-03-05 02:06:21.237 [warning] TextEditor is closed/disposed
2023-03-05 02:10:59.405 [warning] TextEditor is closed/disposed
2023-03-05 02:41:29.194 [warning] TextEditor is closed/disposed
2023-03-05 03:48:49.992 [warning] TextEditor is closed/disposed
2023-03-05 03:48:49.992 [warning] TextEditor is closed/disposed
2023-03-05 03:53:18.091 [warning] TextEditor is closed/disposed
2023-03-05 03:57:14.930 [warning] TextEditor is closed/disposed
2023-03-05 04:02:25.850 [warning] TextEditor is closed/disposed
2023-03-05 04:07:15.716 [warning] TextEditor is closed/disposed
2023-03-05 04:08:09.305 [warning] TextEditor is closed/disposed
2023-03-05 04:08:28.336 [warning] TextEditor is closed/disposed
2023-03-05 04:09:00.035 [warning] TextEditor is closed/disposed
2023-03-05 04:09:39.811 [info] ExtensionService#_doActivateExtension vscode.css-language-features, startup: false, activationEvent: 'onLanguage:css'
2023-03-05 04:29:38.029 [warning] TextEditor is closed/disposed
2023-03-05 04:29:38.797 [warning] TextEditor is closed/disposed
2023-03-05 04:29:39.413 [error] [bradlc.vscode-tailwindcss] provider FAILED
2023-03-05 04:29:39.413 [error] TypeError: Cannot read properties of undefined (reading 'filter')
	at Object.<anonymous> (/home/crpier/.vscode/extensions/bradlc.vscode-tailwindcss-0.9.7/dist/extension.js:43:11485)
	at Generator.next (<anonymous>)
	at s (/home/crpier/.vscode/extensions/bradlc.vscode-tailwindcss-0.9.7/dist/extension.js:1:1247)
2023-03-05 04:29:39.883 [error] [bradlc.vscode-tailwindcss] provider FAILED
2023-03-05 04:29:39.884 [error] TypeError: Cannot read properties of undefined (reading 'filter')
	at Object.<anonymous> (/home/crpier/.vscode/extensions/bradlc.vscode-tailwindcss-0.9.7/dist/extension.js:43:11485)
	at Generator.next (<anonymous>)
	at s (/home/crpier/.vscode/extensions/bradlc.vscode-tailwindcss-0.9.7/dist/extension.js:1:1247)
2023-03-05 04:29:40.098 [error] [bradlc.vscode-tailwindcss] provider FAILED
2023-03-05 04:29:40.098 [error] TypeError: Cannot read properties of undefined (reading 'filter')
	at Object.<anonymous> (/home/crpier/.vscode/extensions/bradlc.vscode-tailwindcss-0.9.7/dist/extension.js:43:11485)
	at Generator.next (<anonymous>)
	at s (/home/crpier/.vscode/extensions/bradlc.vscode-tailwindcss-0.9.7/dist/extension.js:1:1247)
2023-03-05 04:30:05.963 [warning] TextEditor is closed/disposed
2023-03-05 04:30:23.678 [warning] TextEditor is closed/disposed
2023-03-05 04:37:44.819 [warning] TextEditor is closed/disposed
2023-03-05 04:39:48.569 [warning] TextEditor is closed/disposed
2023-03-05 04:39:56.750 [warning] TextEditor is closed/disposed
2023-03-05 04:40:02.370 [warning] TextEditor is closed/disposed
2023-03-05 04:40:02.380 [warning] TextEditor is closed/disposed
2023-03-05 04:40:02.380 [warning] TextEditor is closed/disposed
2023-03-05 04:40:08.498 [warning] TextEditor is closed/disposed
2023-03-05 04:40:11.195 [warning] TextEditor is closed/disposed
2023-03-05 04:40:39.447 [error] [vscode.typescript-language-features] provider FAILED
2023-03-05 04:40:39.447 [error] Error: <semantic> TypeScript Server Error (4.9.4)
Cannot read properties of undefined (reading 'getStart')
TypeError: Cannot read properties of undefined (reading 'getStart')
    at ChangeTracker.tryInsertThisTypeAnnotation (/usr/share/code/resources/app/extensions/node_modules/typescript/lib/tsserver.js:152513:101)
    at annotateThis (/usr/share/code/resources/app/extensions/node_modules/typescript/lib/tsserver.js:160459:25)
    at doChange (/usr/share/code/resources/app/extensions/node_modules/typescript/lib/tsserver.js:160407:25)
    at /usr/share/code/resources/app/extensions/node_modules/typescript/lib/tsserver.js:160279:35
    at ChangeTracker.with (/usr/share/code/resources/app/extensions/node_modules/typescript/lib/tsserver.js:152296:17)
    at Object.getCodeActions (/usr/share/code/resources/app/extensions/node_modules/typescript/lib/tsserver.js:160278:64)
    at /usr/share/code/resources/app/extensions/node_modules/typescript/lib/tsserver.js:153564:77
    at Object.flatMap (/usr/share/code/resources/app/extensions/node_modules/typescript/lib/tsserver.js:524:25)
    at Object.getFixes (/usr/share/code/resources/app/extensions/node_modules/typescript/lib/tsserver.js:153564:23)
    at /usr/share/code/resources/app/extensions/node_modules/typescript/lib/tsserver.js:169463:35
    at Object.flatMap (/usr/share/code/resources/app/extensions/node_modules/typescript/lib/tsserver.js:524:25)
    at Object.getCodeFixesAtPosition (/usr/share/code/resources/app/extensions/node_modules/typescript/lib/tsserver.js:169461:23)
    at Session.getCodeFixes (/usr/share/code/resources/app/extensions/node_modules/typescript/lib/tsserver.js:181711:64)
    at Session.handlers.ts.Map.ts.getEntries._a.<computed> (/usr/share/code/resources/app/extensions/node_modules/typescript/lib/tsserver.js:180090:61)
    at /usr/share/code/resources/app/extensions/node_modules/typescript/lib/tsserver.js:182024:96
    at Session.executeWithRequestId (/usr/share/code/resources/app/extensions/node_modules/typescript/lib/tsserver.js:182015:28)
    at Session.executeCommand (/usr/share/code/resources/app/extensions/node_modules/typescript/lib/tsserver.js:182024:41)
    at Session.onMessage (/usr/share/code/resources/app/extensions/node_modules/typescript/lib/tsserver.js:182052:35)
    at process.<anonymous> (/usr/share/code/resources/app/extensions/node_modules/typescript/lib/tsserver.js:186208:31)
    at process.emit (node:events:526:28)
    at emit (node:internal/child_process:938:14)
    at process.processTicksAndRejections (node:internal/process/task_queues:84:21)
	at n.create (/usr/share/code/resources/app/extensions/typescript-language-features/dist/extension.js:2:1499744)
	at d.w (/usr/share/code/resources/app/extensions/typescript-language-features/dist/extension.js:2:1495016)
	at d.u (/usr/share/code/resources/app/extensions/typescript-language-features/dist/extension.js:2:1494095)
	at ChildProcess.<anonymous> (/usr/share/code/resources/app/extensions/typescript-language-features/dist/extension.js:2:1493723)
	at ChildProcess.emit (node:events:526:28)
	at emit (node:internal/child_process:938:14)
	at process.processTicksAndRejections (node:internal/process/task_queues:84:21)
2023-03-05 04:42:06.223 [warning] TextEditor is closed/disposed
2023-03-05 04:42:21.668 [warning] TextEditor is closed/disposed
2023-03-05 04:42:35.640 [warning] TextEditor is closed/disposed
2023-03-05 04:42:43.034 [warning] TextEditor is closed/disposed
2023-03-05 04:43:23.915 [warning] TextEditor is closed/disposed
2023-03-05 04:43:23.917 [warning] TextEditor is closed/disposed
2023-03-05 04:43:23.917 [warning] TextEditor is closed/disposed
2023-03-05 04:43:26.615 [warning] TextEditor is closed/disposed
2023-03-05 04:43:50.139 [warning] TextEditor is closed/disposed
2023-03-05 04:45:56.888 [warning] TextEditor is closed/disposed
2023-03-05 04:46:06.566 [warning] TextEditor is closed/disposed
2023-03-05 04:47:42.629 [warning] TextEditor is closed/disposed
2023-03-05 04:47:53.232 [warning] TextEditor is closed/disposed
2023-03-05 04:47:53.788 [warning] TextEditor is closed/disposed
2023-03-05 04:47:54.453 [warning] TextEditor is closed/disposed
2023-03-05 04:49:53.222 [warning] TextEditor is closed/disposed
2023-03-05 04:49:53.508 [warning] TextEditor is closed/disposed
2023-03-05 04:49:55.693 [warning] TextEditor is closed/disposed
2023-03-05 04:49:56.097 [warning] TextEditor is closed/disposed
2023-03-05 04:49:56.664 [warning] TextEditor is closed/disposed
2023-03-05 04:50:29.402 [warning] TextEditor is closed/disposed
2023-03-05 04:52:17.968 [warning] TextEditor is closed/disposed
2023-03-05 04:52:23.092 [warning] TextEditor is closed/disposed
2023-03-05 04:52:24.081 [warning] TextEditor is closed/disposed
2023-03-05 04:52:25.023 [warning] TextEditor is closed/disposed
2023-03-05 04:52:27.046 [warning] TextEditor is closed/disposed
2023-03-05 04:52:27.551 [warning] TextEditor is closed/disposed
2023-03-05 04:52:29.376 [warning] TextEditor is closed/disposed
2023-03-05 04:54:55.624 [warning] TextEditor is closed/disposed
2023-03-05 04:54:55.662 [warning] TextEditor is closed/disposed
2023-03-05 04:54:55.662 [warning] TextEditor is closed/disposed
2023-03-05 04:54:55.680 [error] [bradlc.vscode-tailwindcss] provider FAILED
2023-03-05 04:54:55.680 [error] TypeError: Cannot read properties of undefined (reading 'filter')
	at Object.<anonymous> (/home/crpier/.vscode/extensions/bradlc.vscode-tailwindcss-0.9.7/dist/extension.js:43:11485)
	at Generator.next (<anonymous>)
	at s (/home/crpier/.vscode/extensions/bradlc.vscode-tailwindcss-0.9.7/dist/extension.js:1:1247)
2023-03-05 04:55:04.108 [warning] TextEditor is closed/disposed
2023-03-05 04:55:04.109 [warning] TextEditor is closed/disposed
2023-03-05 04:55:04.109 [warning] TextEditor is closed/disposed
2023-03-05 04:55:04.110 [error] [bradlc.vscode-tailwindcss] provider FAILED
2023-03-05 04:55:04.111 [error] TypeError: Cannot read properties of undefined (reading 'filter')
	at Object.<anonymous> (/home/crpier/.vscode/extensions/bradlc.vscode-tailwindcss-0.9.7/dist/extension.js:43:11485)
	at Generator.next (<anonymous>)
	at s (/home/crpier/.vscode/extensions/bradlc.vscode-tailwindcss-0.9.7/dist/extension.js:1:1247)
2023-03-05 04:55:24.066 [warning] TextEditor is closed/disposed
2023-03-05 04:55:28.739 [warning] TextEditor is closed/disposed
2023-03-05 04:55:30.257 [warning] TextEditor is closed/disposed
2023-03-05 04:56:30.725 [warning] TextEditor is closed/disposed
2023-03-05 04:58:38.618 [warning] TextEditor is closed/disposed
2023-03-05 04:58:56.978 [warning] TextEditor is closed/disposed
2023-03-05 04:58:59.797 [warning] TextEditor is closed/disposed
2023-03-05 04:59:00.488 [warning] TextEditor is closed/disposed
2023-03-05 04:59:01.464 [warning] TextEditor is closed/disposed
2023-03-05 04:59:32.206 [warning] TextEditor is closed/disposed
2023-03-05 05:01:03.564 [warning] TextEditor is closed/disposed
2023-03-05 05:04:06.787 [warning] TextEditor is closed/disposed
2023-03-05 05:04:17.769 [warning] TextEditor is closed/disposed
2023-03-05 05:04:17.815 [warning] TextEditor is closed/disposed
2023-03-05 05:04:17.815 [warning] TextEditor is closed/disposed
2023-03-05 05:04:32.063 [warning] TextEditor is closed/disposed
2023-03-05 05:05:29.182 [warning] TextEditor is closed/disposed
2023-03-05 05:05:29.183 [warning] TextEditor is closed/disposed
2023-03-05 05:05:29.183 [warning] TextEditor is closed/disposed
2023-03-05 05:06:09.478 [warning] TextEditor is closed/disposed
2023-03-05 05:07:43.699 [warning] TextEditor is closed/disposed
2023-03-05 05:07:59.552 [warning] TextEditor is closed/disposed
2023-03-05 05:07:59.607 [error] [bradlc.vscode-tailwindcss] provider FAILED
2023-03-05 05:07:59.607 [error] TypeError: Cannot read properties of undefined (reading 'filter')
	at Object.<anonymous> (/home/crpier/.vscode/extensions/bradlc.vscode-tailwindcss-0.9.7/dist/extension.js:43:11485)
	at Generator.next (<anonymous>)
	at s (/home/crpier/.vscode/extensions/bradlc.vscode-tailwindcss-0.9.7/dist/extension.js:1:1247)
2023-03-05 05:08:03.156 [warning] TextEditor is closed/disposed
2023-03-05 05:08:03.449 [warning] TextEditor is closed/disposed
2023-03-05 05:41:03.092 [warning] TextEditor is closed/disposed
2023-03-05 05:41:03.137 [warning] TextEditor is closed/disposed
2023-03-05 05:41:03.137 [warning] TextEditor is closed/disposed
2023-03-05 05:41:14.627 [warning] TextEditor is closed/disposed
2023-03-05 05:47:27.528 [warning] TextEditor is closed/disposed
2023-03-05 05:47:29.805 [warning] TextEditor is closed/disposed
2023-03-05 05:47:31.746 [warning] TextEditor is closed/disposed
2023-03-05 05:47:32.433 [warning] TextEditor is closed/disposed
2023-03-05 05:47:43.540 [warning] TextEditor is closed/disposed
2023-03-05 05:59:43.530 [warning] TextEditor is closed/disposed
2023-03-05 06:01:24.270 [warning] TextEditor is closed/disposed
2023-03-05 06:11:49.207 [warning] TextEditor is closed/disposed
2023-03-05 06:12:01.402 [warning] TextEditor is closed/disposed
2023-03-05 06:17:09.550 [warning] TextEditor is closed/disposed
2023-03-05 06:17:09.571 [warning] TextEditor is closed/disposed
2023-03-05 06:17:09.571 [warning] TextEditor is closed/disposed
2023-03-05 06:17:26.269 [error] [vscode.typescript-language-features] provider FAILED
2023-03-05 06:17:26.269 [error] Error: <semantic> TypeScript Server Error (4.9.4)
BADCLIENT: Bad error code, 7027 not found in range 308..2081 (found: 6133); could have caused this error:
Debug Failure. Token and statement should start at the same point. {"statementKind":"ReturnStatement","tokenKind":"EqualsToken","errorCode":7027,"start":308,"length":1773}
Error: BADCLIENT: Bad error code, 7027 not found in range 308..2081 (found: 6133); could have caused this error:
Debug Failure. Token and statement should start at the same point. {"statementKind":"ReturnStatement","tokenKind":"EqualsToken","errorCode":7027,"start":308,"length":1773}
    at doChange (/usr/share/code/resources/app/extensions/node_modules/typescript/lib/tsserver.js:159897:26)
    at /usr/share/code/resources/app/extensions/node_modules/typescript/lib/tsserver.js:159880:96
    at ChangeTracker.with (/usr/share/code/resources/app/extensions/node_modules/typescript/lib/tsserver.js:152296:17)
    at Object.getCodeActions (/usr/share/code/resources/app/extensions/node_modules/typescript/lib/tsserver.js:159880:64)
    at /usr/share/code/resources/app/extensions/node_modules/typescript/lib/tsserver.js:153564:77
    at Object.flatMap (/usr/share/code/resources/app/extensions/node_modules/typescript/lib/tsserver.js:524:25)
    at Object.getFixes (/usr/share/code/resources/app/extensions/node_modules/typescript/lib/tsserver.js:153564:23)
    at /usr/share/code/resources/app/extensions/node_modules/typescript/lib/tsserver.js:169463:35
    at Object.flatMap (/usr/share/code/resources/app/extensions/node_modules/typescript/lib/tsserver.js:524:25)
    at Object.getCodeFixesAtPosition (/usr/share/code/resources/app/extensions/node_modules/typescript/lib/tsserver.js:169461:23)
    at Session.getCodeFixes (/usr/share/code/resources/app/extensions/node_modules/typescript/lib/tsserver.js:181711:64)
    at Session.handlers.ts.Map.ts.getEntries._a.<computed> (/usr/share/code/resources/app/extensions/node_modules/typescript/lib/tsserver.js:180090:61)
    at /usr/share/code/resources/app/extensions/node_modules/typescript/lib/tsserver.js:182024:96
    at Session.executeWithRequestId (/usr/share/code/resources/app/extensions/node_modules/typescript/lib/tsserver.js:182015:28)
    at Session.executeCommand (/usr/share/code/resources/app/extensions/node_modules/typescript/lib/tsserver.js:182024:41)
    at Session.onMessage (/usr/share/code/resources/app/extensions/node_modules/typescript/lib/tsserver.js:182052:35)
    at process.<anonymous> (/usr/share/code/resources/app/extensions/node_modules/typescript/lib/tsserver.js:186208:31)
    at process.emit (node:events:526:28)
    at emit (node:internal/child_process:938:14)
    at process.processTicksAndRejections (node:internal/process/task_queues:84:21)
	at n.create (/usr/share/code/resources/app/extensions/typescript-language-features/dist/extension.js:2:1499744)
	at d.w (/usr/share/code/resources/app/extensions/typescript-language-features/dist/extension.js:2:1495016)
	at d.u (/usr/share/code/resources/app/extensions/typescript-language-features/dist/extension.js:2:1494095)
	at ChildProcess.<anonymous> (/usr/share/code/resources/app/extensions/typescript-language-features/dist/extension.js:2:1493723)
	at ChildProcess.emit (node:events:526:28)
	at emit (node:internal/child_process:938:14)
	at process.processTicksAndRejections (node:internal/process/task_queues:84:21)
2023-03-05 06:17:26.452 [error] [vscode.typescript-language-features] provider FAILED
2023-03-05 06:17:26.452 [error] Error: <semantic> TypeScript Server Error (4.9.4)
BADCLIENT: Bad error code, 7027 not found in range 308..2081 (found: 6133); could have caused this error:
Debug Failure. Token and statement should start at the same point. {"statementKind":"ReturnStatement","tokenKind":"EqualsToken","errorCode":7027,"start":308,"length":1773}
Error: BADCLIENT: Bad error code, 7027 not found in range 308..2081 (found: 6133); could have caused this error:
Debug Failure. Token and statement should start at the same point. {"statementKind":"ReturnStatement","tokenKind":"EqualsToken","errorCode":7027,"start":308,"length":1773}
    at doChange (/usr/share/code/resources/app/extensions/node_modules/typescript/lib/tsserver.js:159897:26)
    at /usr/share/code/resources/app/extensions/node_modules/typescript/lib/tsserver.js:159880:96
    at ChangeTracker.with (/usr/share/code/resources/app/extensions/node_modules/typescript/lib/tsserver.js:152296:17)
    at Object.getCodeActions (/usr/share/code/resources/app/extensions/node_modules/typescript/lib/tsserver.js:159880:64)
    at /usr/share/code/resources/app/extensions/node_modules/typescript/lib/tsserver.js:153564:77
    at Object.flatMap (/usr/share/code/resources/app/extensions/node_modules/typescript/lib/tsserver.js:524:25)
    at Object.getFixes (/usr/share/code/resources/app/extensions/node_modules/typescript/lib/tsserver.js:153564:23)
    at /usr/share/code/resources/app/extensions/node_modules/typescript/lib/tsserver.js:169463:35
    at Object.flatMap (/usr/share/code/resources/app/extensions/node_modules/typescript/lib/tsserver.js:524:25)
    at Object.getCodeFixesAtPosition (/usr/share/code/resources/app/extensions/node_modules/typescript/lib/tsserver.js:169461:23)
    at Session.getCodeFixes (/usr/share/code/resources/app/extensions/node_modules/typescript/lib/tsserver.js:181711:64)
    at Session.handlers.ts.Map.ts.getEntries._a.<computed> (/usr/share/code/resources/app/extensions/node_modules/typescript/lib/tsserver.js:180090:61)
    at /usr/share/code/resources/app/extensions/node_modules/typescript/lib/tsserver.js:182024:96
    at Session.executeWithRequestId (/usr/share/code/resources/app/extensions/node_modules/typescript/lib/tsserver.js:182015:28)
    at Session.executeCommand (/usr/share/code/resources/app/extensions/node_modules/typescript/lib/tsserver.js:182024:41)
    at Session.onMessage (/usr/share/code/resources/app/extensions/node_modules/typescript/lib/tsserver.js:182052:35)
    at process.<anonymous> (/usr/share/code/resources/app/extensions/node_modules/typescript/lib/tsserver.js:186208:31)
    at process.emit (node:events:526:28)
    at emit (node:internal/child_process:938:14)
    at process.processTicksAndRejections (node:internal/process/task_queues:84:21)
	at n.create (/usr/share/code/resources/app/extensions/typescript-language-features/dist/extension.js:2:1499744)
	at d.w (/usr/share/code/resources/app/extensions/typescript-language-features/dist/extension.js:2:1495016)
	at d.u (/usr/share/code/resources/app/extensions/typescript-language-features/dist/extension.js:2:1494095)
	at ChildProcess.<anonymous> (/usr/share/code/resources/app/extensions/typescript-language-features/dist/extension.js:2:1493723)
	at ChildProcess.emit (node:events:526:28)
	at emit (node:internal/child_process:938:14)
	at process.processTicksAndRejections (node:internal/process/task_queues:84:21)
2023-03-05 06:21:09.816 [warning] TextEditor is closed/disposed
2023-03-05 10:36:44.022 [info] ExtensionService#_doActivateExtension vscode.simple-browser, startup: false, activationEvent: 'onOpenExternalUri:https'
2023-03-05 10:58:21.875 [warning] TextEditor is closed/disposed
2023-03-05 10:58:35.081 [warning] TextEditor is closed/disposed
2023-03-05 10:58:35.937 [warning] TextEditor is closed/disposed
2023-03-05 11:36:02.489 [warning] TextEditor is closed/disposed
2023-03-05 11:36:02.544 [warning] TextEditor is closed/disposed
2023-03-05 11:36:02.544 [warning] TextEditor is closed/disposed
2023-03-05 11:41:40.123 [warning] TextEditor is closed/disposed
2023-03-05 11:41:40.166 [warning] TextEditor is closed/disposed
2023-03-05 11:41:40.166 [warning] TextEditor is closed/disposed
2023-03-05 11:41:48.697 [warning] TextEditor is closed/disposed
2023-03-05 11:41:48.697 [warning] TextEditor is closed/disposed
2023-03-05 11:42:40.633 [warning] TextEditor is closed/disposed
2023-03-05 11:43:01.620 [warning] TextEditor is closed/disposed
2023-03-05 11:43:01.655 [warning] TextEditor is closed/disposed
2023-03-05 11:43:01.655 [warning] TextEditor is closed/disposed
2023-03-05 11:43:13.539 [warning] TextEditor is closed/disposed
2023-03-05 11:43:50.756 [warning] TextEditor is closed/disposed
2023-03-05 11:44:24.537 [warning] TextEditor is closed/disposed
2023-03-05 11:44:42.048 [warning] TextEditor is closed/disposed
2023-03-05 11:44:42.050 [warning] TextEditor is closed/disposed
2023-03-05 11:44:42.050 [warning] TextEditor is closed/disposed
2023-03-05 11:44:49.816 [warning] TextEditor is closed/disposed
2023-03-05 11:44:50.781 [warning] TextEditor is closed/disposed
2023-03-05 11:45:50.879 [warning] TextEditor is closed/disposed
2023-03-05 11:46:13.828 [warning] TextEditor is closed/disposed
2023-03-05 12:00:36.933 [warning] TextEditor is closed/disposed
2023-03-05 12:00:39.169 [warning] TextEditor is closed/disposed
2023-03-05 12:00:48.375 [warning] TextEditor is closed/disposed
2023-03-05 12:01:25.099 [warning] TextEditor is closed/disposed
2023-03-05 12:03:13.540 [warning] TextEditor is closed/disposed
2023-03-05 12:03:24.175 [warning] TextEditor is closed/disposed
2023-03-05 12:05:01.406 [warning] TextEditor is closed/disposed
2023-03-05 12:12:59.476 [warning] TextEditor is closed/disposed
2023-03-05 20:07:29.223 [error] [vscode.typescript-language-features] provider FAILED
2023-03-05 20:07:29.223 [error] Error: <semantic> TypeScript Server Error (4.9.4)
Debug Failure. False expression: Token end is child end
Error: Debug Failure. False expression: Token end is child end
    at processChildNode (/usr/share/code/resources/app/extensions/node_modules/typescript/lib/tsserver.js:150867:38)
    at /usr/share/code/resources/app/extensions/node_modules/typescript/lib/tsserver.js:150803:21
    at visitNode (/usr/share/code/resources/app/extensions/node_modules/typescript/lib/tsserver.js:31215:24)
    at forEachChildInJsxAttribute (/usr/share/code/resources/app/extensions/node_modules/typescript/lib/tsserver.js:31805:17)
    at Object.forEachChild (/usr/share/code/resources/app/extensions/node_modules/typescript/lib/tsserver.js:31998:47)
    at processNode (/usr/share/code/resources/app/extensions/node_modules/typescript/lib/tsserver.js:150802:20)
    at processChildNode (/usr/share/code/resources/app/extensions/node_modules/typescript/lib/tsserver.js:150874:21)
    at processChildNodes (/usr/share/code/resources/app/extensions/node_modules/typescript/lib/tsserver.js:150929:48)
    at /usr/share/code/resources/app/extensions/node_modules/typescript/lib/tsserver.js:150805:21
    at visitNodes (/usr/share/code/resources/app/extensions/node_modules/typescript/lib/tsserver.js:31220:24)
    at forEachChildInJsxAttributes (/usr/share/code/resources/app/extensions/node_modules/typescript/lib/tsserver.js:31801:20)
    at Object.forEachChild (/usr/share/code/resources/app/extensions/node_modules/typescript/lib/tsserver.js:31998:47)
    at processNode (/usr/share/code/resources/app/extensions/node_modules/typescript/lib/tsserver.js:150802:20)
    at processChildNode (/usr/share/code/resources/app/extensions/node_modules/typescript/lib/tsserver.js:150874:21)
    at /usr/share/code/resources/app/extensions/node_modules/typescript/lib/tsserver.js:150803:21
    at visitNode (/usr/share/code/resources/app/extensions/node_modules/typescript/lib/tsserver.js:31215:24)
    at forEachChildInJsxOpeningOrSelfClosingElement (/usr/share/code/resources/app/extensions/node_modules/typescript/lib/tsserver.js:31953:13)
    at Object.forEachChild (/usr/share/code/resources/app/extensions/node_modules/typescript/lib/tsserver.js:31998:47)
    at processNode (/usr/share/code/resources/app/extensions/node_modules/typescript/lib/tsserver.js:150802:20)
    at processChildNode (/usr/share/code/resources/app/extensions/node_modules/typescript/lib/tsserver.js:150874:21)
    at /usr/share/code/resources/app/extensions/node_modules/typescript/lib/tsserver.js:150803:21
    at visitNode (/usr/share/code/resources/app/extensions/node_modules/typescript/lib/tsserver.js:31215:24)
    at forEachChildInJsxElement (/usr/share/code/resources/app/extensions/node_modules/typescript/lib/tsserver.js:31789:20)
    at Object.forEachChild (/usr/share/code/resources/app/extensions/node_modules/typescript/lib/tsserver.js:31998:47)
    at processNode (/usr/share/code/resources/app/extensions/node_modules/typescript/lib/tsserver.js:150802:20)
    at processChildNode (/usr/share/code/resources/app/extensions/node_modules/typescript/lib/tsserver.js:150874:21)
    at processChildNodes (/usr/share/code/resources/app/extensions/node_modules/typescript/lib/tsserver.js:150929:48)
    at /usr/share/code/resources/app/extensions/node_modules/typescript/lib/tsserver.js:150805:21
    at visitNodes (/usr/share/code/resources/app/extensions/node_modules/typescript/lib/tsserver.js:31220:24)
    at forEachChildInJsxElement (/usr/share/code/resources/app/extensions/node_modules/typescript/lib/tsserver.js:31790:17)
    at Object.forEachChild (/usr/share/code/resources/app/extensions/node_modules/typescript/lib/tsserver.js:31998:47)
    at processNode (/usr/share/code/resources/app/extensions/node_modules/typescript/lib/tsserver.js:150802:20)
    at processChildNode (/usr/share/code/resources/app/extensions/node_modules/typescript/lib/tsserver.js:150874:21)
    at processChildNodes (/usr/share/code/resources/app/extensions/node_modules/typescript/lib/tsserver.js:150929:48)
    at /usr/share/code/resources/app/extensions/node_modules/typescript/lib/tsserver.js:150805:21
    at visitNodes (/usr/share/code/resources/app/extensions/node_modules/typescript/lib/tsserver.js:31220:24)
    at forEachChildInJsxElement (/usr/share/code/resources/app/extensions/node_modules/typescript/lib/tsserver.js:31790:17)
    at Object.forEachChild (/usr/share/code/resources/app/extensions/node_modules/typescript/lib/tsserver.js:31998:47)
    at processNode (/usr/share/code/resources/app/extensions/node_modules/typescript/lib/tsserver.js:150802:20)
    at processChildNode (/usr/share/code/resources/app/extensions/node_modules/typescript/lib/tsserver.js:150874:21)
    at processChildNodes (/usr/share/code/resources/app/extensions/node_modules/typescript/lib/tsserver.js:150929:48)
    at /usr/share/code/resources/app/extensions/node_modules/typescript/lib/tsserver.js:150805:21
    at visitNodes (/usr/share/code/resources/app/extensions/node_modules/typescript/lib/tsserver.js:31220:24)
    at forEachChildInJsxFragment (/usr/share/code/resources/app/extensions/node_modules/typescript/lib/tsserver.js:31795:17)
    at Object.forEachChild (/usr/share/code/resources/app/extensions/node_modules/typescript/lib/tsserver.js:31998:47)
    at processNode (/usr/share/code/resources/app/extensions/node_modules/typescript/lib/tsserver.js:150802:20)
    at formatSpanWorker (/usr/share/code/resources/app/extensions/node_modules/typescript/lib/tsserver.js:150581:17)
    at /usr/share/code/resources/app/extensions/node_modules/typescript/lib/tsserver.js:150543:140
    at Object.getFormattingScanner (/usr/share/code/resources/app/extensions/node_modules/typescript/lib/tsserver.js:149163:23)
    at Object.formatNodeGivenIndentation (/usr/share/code/resources/app/extensions/node_modules/typescript/lib/tsserver.js:150543:31)
    at getFormattedTextOfNode (/usr/share/code/resources/app/extensions/node_modules/typescript/lib/tsserver.js:153036:45)
    at format (/usr/share/code/resources/app/extensions/node_modules/typescript/lib/tsserver.js:153007:52)
    at computeNewText (/usr/share/code/resources/app/extensions/node_modules/typescript/lib/tsserver.js:153010:23)
    at /usr/share/code/resources/app/extensions/node_modules/typescript/lib/tsserver.js:152974:39
    at Object.mapDefined (/usr/share/code/resources/app/extensions/node_modules/typescript/lib/tsserver.js:621:30)
    at /usr/share/code/resources/app/extensions/node_modules/typescript/lib/tsserver.js:152972:42
    at Object.mapDefined (/usr/share/code/resources/app/extensions/node_modules/typescript/lib/tsserver.js:621:30)
    at Object.getTextChangesFromChanges (/usr/share/code/resources/app/extensions/node_modules/typescript/lib/tsserver.js:152958:27)
    at ChangeTracker.getChanges (/usr/share/code/resources/app/extensions/node_modules/typescript/lib/tsserver.js:152877:45)
    at ChangeTracker.with (/usr/share/code/resources/app/extensions/node_modules/typescript/lib/tsserver.js:152297:32)
    at Object.getCodeActionsToWrapJsxInFragment [as getCodeActions] (/usr/share/code/resources/app/extensions/node_modules/typescript/lib/tsserver.js:162505:64)
    at /usr/share/code/resources/app/extensions/node_modules/typescript/lib/tsserver.js:153564:77
    at Object.flatMap (/usr/share/code/resources/app/extensions/node_modules/typescript/lib/tsserver.js:524:25)
    at Object.getFixes (/usr/share/code/resources/app/extensions/node_modules/typescript/lib/tsserver.js:153564:23)
    at /usr/share/code/resources/app/extensions/node_modules/typescript/lib/tsserver.js:169463:35
    at Object.flatMap (/usr/share/code/resources/app/extensions/node_modules/typescript/lib/tsserver.js:524:25)
    at Object.getCodeFixesAtPosition (/usr/share/code/resources/app/extensions/node_modules/typescript/lib/tsserver.js:169461:23)
    at Session.getCodeFixes (/usr/share/code/resources/app/extensions/node_modules/typescript/lib/tsserver.js:181711:64)
    at Session.handlers.ts.Map.ts.getEntries._a.<computed> (/usr/share/code/resources/app/extensions/node_modules/typescript/lib/tsserver.js:180090:61)
    at /usr/share/code/resources/app/extensions/node_modules/typescript/lib/tsserver.js:182024:96
    at Session.executeWithRequestId (/usr/share/code/resources/app/extensions/node_modules/typescript/lib/tsserver.js:182015:28)
    at Session.executeCommand (/usr/share/code/resources/app/extensions/node_modules/typescript/lib/tsserver.js:182024:41)
    at Session.onMessage (/usr/share/code/resources/app/extensions/node_modules/typescript/lib/tsserver.js:182052:35)
    at process.<anonymous> (/usr/share/code/resources/app/extensions/node_modules/typescript/lib/tsserver.js:186208:31)
    at process.emit (node:events:526:28)
    at emit (node:internal/child_process:938:14)
    at process.processTicksAndRejections (node:internal/process/task_queues:84:21)
	at n.create (/usr/share/code/resources/app/extensions/typescript-language-features/dist/extension.js:2:1499744)
	at d.w (/usr/share/code/resources/app/extensions/typescript-language-features/dist/extension.js:2:1495016)
	at d.u (/usr/share/code/resources/app/extensions/typescript-language-features/dist/extension.js:2:1494095)
	at ChildProcess.<anonymous> (/usr/share/code/resources/app/extensions/typescript-language-features/dist/extension.js:2:1493723)
	at ChildProcess.emit (node:events:526:28)
	at emit (node:internal/child_process:938:14)
	at process.processTicksAndRejections (node:internal/process/task_queues:84:21)
2023-03-05 20:07:30.006 [error] [vscode.typescript-language-features] provider FAILED
2023-03-05 20:07:30.006 [error] Error: <semantic> TypeScript Server Error (4.9.4)
Debug Failure. False expression: Token end is child end
Error: Debug Failure. False expression: Token end is child end
    at processChildNode (/usr/share/code/resources/app/extensions/node_modules/typescript/lib/tsserver.js:150867:38)
    at /usr/share/code/resources/app/extensions/node_modules/typescript/lib/tsserver.js:150803:21
    at visitNode (/usr/share/code/resources/app/extensions/node_modules/typescript/lib/tsserver.js:31215:24)
    at forEachChildInJsxAttribute (/usr/share/code/resources/app/extensions/node_modules/typescript/lib/tsserver.js:31805:17)
    at Object.forEachChild (/usr/share/code/resources/app/extensions/node_modules/typescript/lib/tsserver.js:31998:47)
    at processNode (/usr/share/code/resources/app/extensions/node_modules/typescript/lib/tsserver.js:150802:20)
    at processChildNode (/usr/share/code/resources/app/extensions/node_modules/typescript/lib/tsserver.js:150874:21)
    at processChildNodes (/usr/share/code/resources/app/extensions/node_modules/typescript/lib/tsserver.js:150929:48)
    at /usr/share/code/resources/app/extensions/node_modules/typescript/lib/tsserver.js:150805:21
    at visitNodes (/usr/share/code/resources/app/extensions/node_modules/typescript/lib/tsserver.js:31220:24)
    at forEachChildInJsxAttributes (/usr/share/code/resources/app/extensions/node_modules/typescript/lib/tsserver.js:31801:20)
    at Object.forEachChild (/usr/share/code/resources/app/extensions/node_modules/typescript/lib/tsserver.js:31998:47)
    at processNode (/usr/share/code/resources/app/extensions/node_modules/typescript/lib/tsserver.js:150802:20)
    at processChildNode (/usr/share/code/resources/app/extensions/node_modules/typescript/lib/tsserver.js:150874:21)
    at /usr/share/code/resources/app/extensions/node_modules/typescript/lib/tsserver.js:150803:21
    at visitNode (/usr/share/code/resources/app/extensions/node_modules/typescript/lib/tsserver.js:31215:24)
    at forEachChildInJsxOpeningOrSelfClosingElement (/usr/share/code/resources/app/extensions/node_modules/typescript/lib/tsserver.js:31953:13)
    at Object.forEachChild (/usr/share/code/resources/app/extensions/node_modules/typescript/lib/tsserver.js:31998:47)
    at processNode (/usr/share/code/resources/app/extensions/node_modules/typescript/lib/tsserver.js:150802:20)
    at processChildNode (/usr/share/code/resources/app/extensions/node_modules/typescript/lib/tsserver.js:150874:21)
    at /usr/share/code/resources/app/extensions/node_modules/typescript/lib/tsserver.js:150803:21
    at visitNode (/usr/share/code/resources/app/extensions/node_modules/typescript/lib/tsserver.js:31215:24)
    at forEachChildInJsxElement (/usr/share/code/resources/app/extensions/node_modules/typescript/lib/tsserver.js:31789:20)
    at Object.forEachChild (/usr/share/code/resources/app/extensions/node_modules/typescript/lib/tsserver.js:31998:47)
    at processNode (/usr/share/code/resources/app/extensions/node_modules/typescript/lib/tsserver.js:150802:20)
    at processChildNode (/usr/share/code/resources/app/extensions/node_modules/typescript/lib/tsserver.js:150874:21)
    at processChildNodes (/usr/share/code/resources/app/extensions/node_modules/typescript/lib/tsserver.js:150929:48)
    at /usr/share/code/resources/app/extensions/node_modules/typescript/lib/tsserver.js:150805:21
    at visitNodes (/usr/share/code/resources/app/extensions/node_modules/typescript/lib/tsserver.js:31220:24)
    at forEachChildInJsxElement (/usr/share/code/resources/app/extensions/node_modules/typescript/lib/tsserver.js:31790:17)
    at Object.forEachChild (/usr/share/code/resources/app/extensions/node_modules/typescript/lib/tsserver.js:31998:47)
    at processNode (/usr/share/code/resources/app/extensions/node_modules/typescript/lib/tsserver.js:150802:20)
    at processChildNode (/usr/share/code/resources/app/extensions/node_modules/typescript/lib/tsserver.js:150874:21)
    at processChildNodes (/usr/share/code/resources/app/extensions/node_modules/typescript/lib/tsserver.js:150929:48)
    at /usr/share/code/resources/app/extensions/node_modules/typescript/lib/tsserver.js:150805:21
    at visitNodes (/usr/share/code/resources/app/extensions/node_modules/typescript/lib/tsserver.js:31220:24)
    at forEachChildInJsxElement (/usr/share/code/resources/app/extensions/node_modules/typescript/lib/tsserver.js:31790:17)
    at Object.forEachChild (/usr/share/code/resources/app/extensions/node_modules/typescript/lib/tsserver.js:31998:47)
    at processNode (/usr/share/code/resources/app/extensions/node_modules/typescript/lib/tsserver.js:150802:20)
    at processChildNode (/usr/share/code/resources/app/extensions/node_modules/typescript/lib/tsserver.js:150874:21)
    at processChildNodes (/usr/share/code/resources/app/extensions/node_modules/typescript/lib/tsserver.js:150929:48)
    at /usr/share/code/resources/app/extensions/node_modules/typescript/lib/tsserver.js:150805:21
    at visitNodes (/usr/share/code/resources/app/extensions/node_modules/typescript/lib/tsserver.js:31220:24)
    at forEachChildInJsxFragment (/usr/share/code/resources/app/extensions/node_modules/typescript/lib/tsserver.js:31795:17)
    at Object.forEachChild (/usr/share/code/resources/app/extensions/node_modules/typescript/lib/tsserver.js:31998:47)
    at processNode (/usr/share/code/resources/app/extensions/node_modules/typescript/lib/tsserver.js:150802:20)
    at formatSpanWorker (/usr/share/code/resources/app/extensions/node_modules/typescript/lib/tsserver.js:150581:17)
    at /usr/share/code/resources/app/extensions/node_modules/typescript/lib/tsserver.js:150543:140
    at Object.getFormattingScanner (/usr/share/code/resources/app/extensions/node_modules/typescript/lib/tsserver.js:149163:23)
    at Object.formatNodeGivenIndentation (/usr/share/code/resources/app/extensions/node_modules/typescript/lib/tsserver.js:150543:31)
    at getFormattedTextOfNode (/usr/share/code/resources/app/extensions/node_modules/typescript/lib/tsserver.js:153036:45)
    at format (/usr/share/code/resources/app/extensions/node_modules/typescript/lib/tsserver.js:153007:52)
    at computeNewText (/usr/share/code/resources/app/extensions/node_modules/typescript/lib/tsserver.js:153010:23)
    at /usr/share/code/resources/app/extensions/node_modules/typescript/lib/tsserver.js:152974:39
    at Object.mapDefined (/usr/share/code/resources/app/extensions/node_modules/typescript/lib/tsserver.js:621:30)
    at /usr/share/code/resources/app/extensions/node_modules/typescript/lib/tsserver.js:152972:42
    at Object.mapDefined (/usr/share/code/resources/app/extensions/node_modules/typescript/lib/tsserver.js:621:30)
    at Object.getTextChangesFromChanges (/usr/share/code/resources/app/extensions/node_modules/typescript/lib/tsserver.js:152958:27)
    at ChangeTracker.getChanges (/usr/share/code/resources/app/extensions/node_modules/typescript/lib/tsserver.js:152877:45)
    at ChangeTracker.with (/usr/share/code/resources/app/extensions/node_modules/typescript/lib/tsserver.js:152297:32)
    at Object.getCodeActionsToWrapJsxInFragment [as getCodeActions] (/usr/share/code/resources/app/extensions/node_modules/typescript/lib/tsserver.js:162505:64)
    at /usr/share/code/resources/app/extensions/node_modules/typescript/lib/tsserver.js:153564:77
    at Object.flatMap (/usr/share/code/resources/app/extensions/node_modules/typescript/lib/tsserver.js:524:25)
    at Object.getFixes (/usr/share/code/resources/app/extensions/node_modules/typescript/lib/tsserver.js:153564:23)
    at /usr/share/code/resources/app/extensions/node_modules/typescript/lib/tsserver.js:169463:35
    at Object.flatMap (/usr/share/code/resources/app/extensions/node_modules/typescript/lib/tsserver.js:524:25)
    at Object.getCodeFixesAtPosition (/usr/share/code/resources/app/extensions/node_modules/typescript/lib/tsserver.js:169461:23)
    at Session.getCodeFixes (/usr/share/code/resources/app/extensions/node_modules/typescript/lib/tsserver.js:181711:64)
    at Session.handlers.ts.Map.ts.getEntries._a.<computed> (/usr/share/code/resources/app/extensions/node_modules/typescript/lib/tsserver.js:180090:61)
    at /usr/share/code/resources/app/extensions/node_modules/typescript/lib/tsserver.js:182024:96
    at Session.executeWithRequestId (/usr/share/code/resources/app/extensions/node_modules/typescript/lib/tsserver.js:182015:28)
    at Session.executeCommand (/usr/share/code/resources/app/extensions/node_modules/typescript/lib/tsserver.js:182024:41)
    at Session.onMessage (/usr/share/code/resources/app/extensions/node_modules/typescript/lib/tsserver.js:182052:35)
    at process.<anonymous> (/usr/share/code/resources/app/extensions/node_modules/typescript/lib/tsserver.js:186208:31)
    at process.emit (node:events:526:28)
    at emit (node:internal/child_process:938:14)
    at process.processTicksAndRejections (node:internal/process/task_queues:84:21)
	at n.create (/usr/share/code/resources/app/extensions/typescript-language-features/dist/extension.js:2:1499744)
	at d.w (/usr/share/code/resources/app/extensions/typescript-language-features/dist/extension.js:2:1495016)
	at d.u (/usr/share/code/resources/app/extensions/typescript-language-features/dist/extension.js:2:1494095)
	at ChildProcess.<anonymous> (/usr/share/code/resources/app/extensions/typescript-language-features/dist/extension.js:2:1493723)
	at ChildProcess.emit (node:events:526:28)
	at emit (node:internal/child_process:938:14)
	at process.processTicksAndRejections (node:internal/process/task_queues:84:21)
2023-03-06 01:46:44.242 [info] Extension host terminating: received terminate message from renderer
2023-03-06 01:46:44.297 [warning] {"name":"Canceled"}
2023-03-06 01:46:44.299 [error] TypeError: r.some is not a function
	at d.saveToDisk (/home/crpier/.vscode/extensions/vscodevim.vim-1.25.2/out/extension.js:2:669912)
	at t.deactivate (/home/crpier/.vscode/extensions/vscodevim.vim-1.25.2/out/extension.js:2:213764)
	at d.X (/usr/share/code/resources/app/out/vs/workbench/api/node/extensionHostProcess.js:106:11333)
	at /usr/share/code/resources/app/out/vs/workbench/api/node/extensionHostProcess.js:106:9301
	at Array.map (<anonymous>)
	at d.Q (/usr/share/code/resources/app/out/vs/workbench/api/node/extensionHostProcess.js:106:9288)
	at d.terminate (/usr/share/code/resources/app/out/vs/workbench/api/node/extensionHostProcess.js:106:9563)
	at f.terminate (/usr/share/code/resources/app/out/vs/workbench/api/node/extensionHostProcess.js:110:1397)
	at b (/usr/share/code/resources/app/out/vs/workbench/api/node/extensionHostProcess.js:120:17815)
	at /usr/share/code/resources/app/out/vs/workbench/api/node/extensionHostProcess.js:120:15750
	at d.invoke (/usr/share/code/resources/app/out/vs/workbench/api/node/extensionHostProcess.js:63:145)
	at w.deliver (/usr/share/code/resources/app/out/vs/workbench/api/node/extensionHostProcess.js:63:2029)
	at g.fire (/usr/share/code/resources/app/out/vs/workbench/api/node/extensionHostProcess.js:63:1667)
	at h.fire (/usr/share/code/resources/app/out/vs/workbench/api/node/extensionHostProcess.js:72:14314)
	at c.y (/usr/share/code/resources/app/out/vs/workbench/api/node/extensionHostProcess.js:72:17324)
	at /usr/share/code/resources/app/out/vs/workbench/api/node/extensionHostProcess.js:72:15795
	at d.invoke (/usr/share/code/resources/app/out/vs/workbench/api/node/extensionHostProcess.js:63:145)
	at w.deliver (/usr/share/code/resources/app/out/vs/workbench/api/node/extensionHostProcess.js:63:2029)
	at g.fire (/usr/share/code/resources/app/out/vs/workbench/api/node/extensionHostProcess.js:63:1667)
	at g.acceptChunk (/usr/share/code/resources/app/out/vs/workbench/api/node/extensionHostProcess.js:72:12045)
	at /usr/share/code/resources/app/out/vs/workbench/api/node/extensionHostProcess.js:72:11332
	at Socket.l (/usr/share/code/resources/app/out/vs/workbench/api/node/extensionHostProcess.js:72:19792)
	at Socket.emit (node:events:526:28)
	at addChunk (node:internal/streams/readable:315:12)
	at readableAddChunk (node:internal/streams/readable:289:9)
	at Readable.push (node:internal/streams/readable:228:10)
	at Pipe.onStreamRead (node:internal/stream_base_commons:190:23)
2023-03-06 01:46:44.353 [info] Extension host with pid 1558096 exiting with code 0
