[2023-03-03 12:33:23.931] [     29ms] [/home/crpier/Projects/memecry] git rev-parse --show-toplevel
[2023-03-03 12:33:24.080] [     58ms] [/home/crpier/Projects/memecry] git rev-parse --show-toplevel
[2023-03-03 12:33:24.081] [     58ms] [/home/crpier/Projects/memecry/src] git rev-parse --show-toplevel
[2023-03-03 12:33:24.122] [     22ms] [/home/crpier/Projects/memecry] git rev-parse --git-dir --git-common-dir
[2023-03-03 12:33:24.161] [     37ms] [/home/crpier/Projects/memecry] git remote -v
[2023-03-03 12:33:24.183] [     35ms] [/home/crpier/Projects/memecry] git ls-files -- src/root.tsx
[2023-03-03 12:33:24.236] [     51ms] [/home/crpier/Projects/memecry] git blame --root --incremental -- src/root.tsx
[2023-03-03 12:33:24.248] [     84ms] [/home/crpier/Projects/memecry] git remote -v
[2023-03-03 12:33:24.250] [     13ms] [/home/crpier/Projects/memecry] git config --get-regex ^user\.
[2023-03-03 12:33:24.282] [     32ms] [/home/crpier/Projects/memecry] git check-mailmap crpier <crpier42@gmail.com>
[2023-03-03 12:33:24.641] [     10ms] [/home/crpier/Projects/memecry] git remote -v
[2023-03-03 12:33:24.829] [      9ms] [/home/crpier/Projects/memecry] git diff --no-ext-diff --minimal -U0 -M --diff-filter=M -- src/root.tsx
[2023-03-03 12:33:24.838] [      8ms] [/home/crpier/Projects/memecry] git log --format=%x3cr%x3e%x20%H -n3 -m -L 2,2:src/root.tsx
[2023-03-03 12:33:25.411] [     12ms] [/home/crpier/Projects/memecry] git blame --root --incremental -- src/root.tsx
[2023-03-03 12:33:26.157] [     11ms] [/home/crpier/Projects/memecry] git diff --no-ext-diff --minimal -U0 -M --diff-filter=M -- src/root.tsx
[2023-03-03 12:33:26.167] [      8ms] [/home/crpier/Projects/memecry] git log --format=%x3cr%x3e%x20%H -n3 -m -L 2,2:src/root.tsx
[2023-03-03 13:15:59.853] [      6ms] [/home/crpier/Projects/memecry] git blame --root --incremental -- src/root.tsx
[2023-03-03 13:16:00.669] [     10ms] [/home/crpier/Projects/memecry] git diff --no-ext-diff --minimal -U0 -M --diff-filter=M -- src/root.tsx
[2023-03-03 13:16:00.676] [      5ms] [/home/crpier/Projects/memecry] git log --format=%x3cr%x3e%x20%H -n3 -m -L 2,2:src/root.tsx
[2023-03-03 13:16:03.128] [      9ms] [/home/crpier/Projects/memecry] git blame --root --incremental -- src/root.tsx
[2023-03-03 13:16:03.956] [      8ms] [/home/crpier/Projects/memecry] git diff --no-ext-diff --minimal -U0 -M --diff-filter=M -- src/root.tsx
[2023-03-03 13:16:03.968] [     10ms] [/home/crpier/Projects/memecry] git log --format=%x3cr%x3e%x20%H -n3 -m -L 2,2:src/root.tsx
[2023-03-03 13:16:04.255] [     12ms] [/home/crpier/Projects/memecry] git blame --root --incremental -- src/root.tsx
[2023-03-03 13:16:05.039] [      7ms] [/home/crpier/Projects/memecry] git diff --no-ext-diff --minimal -U0 -M --diff-filter=M -- src/root.tsx
[2023-03-03 13:16:05.049] [      9ms] [/home/crpier/Projects/memecry] git log --format=%x3cr%x3e%x20%H -n3 -m -L 2,2:src/root.tsx
[2023-03-03 13:16:05.914] [     12ms] [/home/crpier/Projects/memecry] git blame --root --incremental -- src/root.tsx
[2023-03-03 13:16:06.423] [      6ms] [/home/crpier/Projects/memecry] git diff --no-ext-diff --minimal -U0 -M --diff-filter=M -- src/root.tsx
[2023-03-03 13:16:06.428] [      5ms] [/home/crpier/Projects/memecry] git log --format=%x3cr%x3e%x20%H -n3 -m -L 2,2:src/root.tsx
[2023-03-03 13:16:34.634] [      8ms] [/home/crpier/Projects/memecry] git blame --root --incremental -- src/root.tsx
[2023-03-03 13:16:35.443] [     19ms] [/home/crpier/Projects/memecry] git diff --no-ext-diff --minimal -U0 -M --diff-filter=M -- src/root.tsx
[2023-03-03 13:16:35.450] [      6ms] [/home/crpier/Projects/memecry] git log --format=%x3cr%x3e%x20%H -n3 -m -L 2,2:src/root.tsx
[2023-03-03 13:16:38.752] [      6ms] [/home/crpier/Projects/memecry] git blame --root --incremental -- src/root.tsx
[2023-03-03 13:16:39.546] [     12ms] [/home/crpier/Projects/memecry] git diff --no-ext-diff --minimal -U0 -M --diff-filter=M -- src/root.tsx
[2023-03-03 13:16:39.556] [      9ms] [/home/crpier/Projects/memecry] git log --format=%x3cr%x3e%x20%H -n3 -m -L 2,2:src/root.tsx
[2023-03-03 13:16:53.222] [      7ms] [/home/crpier/Projects/memecry] git blame --root --incremental -- src/root.tsx
[2023-03-03 13:16:54.026] [     13ms] [/home/crpier/Projects/memecry] git diff --no-ext-diff --minimal -U0 -M --diff-filter=M -- src/root.tsx
[2023-03-03 13:16:54.033] [      5ms] [/home/crpier/Projects/memecry] git log --format=%x3cr%x3e%x20%H -n3 -m -L 2,2:src/root.tsx
[2023-03-03 13:16:56.799] [      6ms] [/home/crpier/Projects/memecry] git blame --root --incremental -- src/root.tsx
[2023-03-03 13:16:57.714] [     11ms] [/home/crpier/Projects/memecry] git diff --no-ext-diff --minimal -U0 -M --diff-filter=M -- src/root.tsx
[2023-03-03 13:16:57.727] [     11ms] [/home/crpier/Projects/memecry] git log --format=%x3cr%x3e%x20%H -n3 -m -L 2,2:src/root.tsx
[2023-03-03 13:17:31.185] [     10ms] [/home/crpier/Projects/memecry] git blame --root --incremental -- src/root.tsx
[2023-03-03 13:17:31.984] [      6ms] [/home/crpier/Projects/memecry] git diff --no-ext-diff --minimal -U0 -M --diff-filter=M -- src/root.tsx
[2023-03-03 13:17:31.991] [      7ms] [/home/crpier/Projects/memecry] git log --format=%x3cr%x3e%x20%H -n3 -m -L 2,2:src/root.tsx
[2023-03-03 13:17:43.079] [      8ms] [/home/crpier/Projects/memecry] git blame --root --incremental -- src/root.tsx
[2023-03-03 13:17:43.882] [     13ms] [/home/crpier/Projects/memecry] git diff --no-ext-diff --minimal -U0 -M --diff-filter=M -- src/root.tsx
[2023-03-03 13:17:43.897] [     14ms] [/home/crpier/Projects/memecry] git log --format=%x3cr%x3e%x20%H -n3 -m -L 2,2:src/root.tsx
[2023-03-03 13:17:44.675] [      9ms] [/home/crpier/Projects/memecry] git blame --root --incremental -- src/root.tsx
[2023-03-03 13:17:45.472] [     11ms] [/home/crpier/Projects/memecry] git diff --no-ext-diff --minimal -U0 -M --diff-filter=M -- src/root.tsx
[2023-03-03 13:17:45.482] [      9ms] [/home/crpier/Projects/memecry] git log --format=%x3cr%x3e%x20%H -n3 -m -L 2,2:src/root.tsx
[2023-03-03 13:17:52.539] [      9ms] [/home/crpier/Projects/memecry] git blame --root --incremental -- src/root.tsx
[2023-03-03 13:17:53.341] [     13ms] [/home/crpier/Projects/memecry] git diff --no-ext-diff --minimal -U0 -M --diff-filter=M -- src/root.tsx
[2023-03-03 13:17:53.354] [     11ms] [/home/crpier/Projects/memecry] git log --format=%x3cr%x3e%x20%H -n3 -m -L 2,2:src/root.tsx
[2023-03-03 13:18:11.407] [      8ms] [/home/crpier/Projects/memecry] git blame --root --incremental -- src/root.tsx
[2023-03-03 13:18:12.210] [     16ms] [/home/crpier/Projects/memecry] git diff --no-ext-diff --minimal -U0 -M --diff-filter=M -- src/root.tsx
[2023-03-03 13:18:12.227] [     16ms] [/home/crpier/Projects/memecry] git log --format=%x3cr%x3e%x20%H -n3 -m -L 2,2:src/root.tsx
[2023-03-03 13:18:20.901] [      8ms] [/home/crpier/Projects/memecry] git blame --root --incremental -- src/root.tsx
[2023-03-03 13:18:21.704] [     16ms] [/home/crpier/Projects/memecry] git diff --no-ext-diff --minimal -U0 -M --diff-filter=M -- src/root.tsx
[2023-03-03 13:18:21.722] [     16ms] [/home/crpier/Projects/memecry] git log --format=%x3cr%x3e%x20%H -n3 -m -L 2,2:src/root.tsx
[2023-03-03 13:18:26.846] [      9ms] [/home/crpier/Projects/memecry] git blame --root --incremental -- src/root.tsx
[2023-03-03 13:18:27.630] [      7ms] [/home/crpier/Projects/memecry] git diff --no-ext-diff --minimal -U0 -M --diff-filter=M -- src/root.tsx
[2023-03-03 13:18:27.637] [      6ms] [/home/crpier/Projects/memecry] git log --format=%x3cr%x3e%x20%H -n3 -m -L 2,2:src/root.tsx
[2023-03-03 13:18:28.811] [      6ms] [/home/crpier/Projects/memecry] git blame --root --incremental -- src/root.tsx
[2023-03-03 13:18:29.614] [     10ms] [/home/crpier/Projects/memecry] git diff --no-ext-diff --minimal -U0 -M --diff-filter=M -- src/root.tsx
[2023-03-03 13:18:29.625] [     10ms] [/home/crpier/Projects/memecry] git log --format=%x3cr%x3e%x20%H -n3 -m -L 2,2:src/root.tsx
[2023-03-03 13:18:34.016] [      8ms] [/home/crpier/Projects/memecry] git blame --root --incremental -- src/root.tsx
[2023-03-03 13:18:34.816] [     10ms] [/home/crpier/Projects/memecry] git diff --no-ext-diff --minimal -U0 -M --diff-filter=M -- src/root.tsx
[2023-03-03 13:18:34.827] [     10ms] [/home/crpier/Projects/memecry] git log --format=%x3cr%x3e%x20%H -n3 -m -L 2,2:src/root.tsx
[2023-03-03 13:18:48.490] [     10ms] [/home/crpier/Projects/memecry] git blame --root --incremental -- src/root.tsx
[2023-03-03 13:18:49.290] [      7ms] [/home/crpier/Projects/memecry] git diff --no-ext-diff --minimal -U0 -M --diff-filter=M -- src/root.tsx
[2023-03-03 13:18:49.296] [      5ms] [/home/crpier/Projects/memecry] git log --format=%x3cr%x3e%x20%H -n3 -m -L 2,2:src/root.tsx
[2023-03-03 13:19:00.817] [     11ms] [/home/crpier/Projects/memecry] git blame --root --incremental --contents - -- src/root.tsx
[2023-03-03 13:19:01.330] [     10ms] [/home/crpier/Projects/memecry] git status --porcelain=v2 --find-renames -- src/root.tsx
[2023-03-03 13:19:12.405] [      9ms] [/home/crpier/Projects/memecry] git blame --root --incremental -- src/root.tsx
[2023-03-03 13:19:13.210] [      6ms] [/home/crpier/Projects/memecry] git diff --no-ext-diff --minimal -U0 -M --diff-filter=M -- src/root.tsx
[2023-03-03 13:19:13.221] [     10ms] [/home/crpier/Projects/memecry] git log --format=%x3cr%x3e%x20%H -n3 -m -L 2,2:src/root.tsx
[2023-03-03 13:19:28.446] [      7ms] [/home/crpier/Projects/memecry] git blame --root --incremental -- src/root.tsx
[2023-03-03 13:19:29.250] [     12ms] [/home/crpier/Projects/memecry] git diff --no-ext-diff --minimal -U0 -M --diff-filter=M -- src/root.tsx
[2023-03-03 13:19:29.256] [      5ms] [/home/crpier/Projects/memecry] git log --format=%x3cr%x3e%x20%H -n3 -m -L 2,2:src/root.tsx
[2023-03-03 13:19:32.844] [      6ms] [/home/crpier/Projects/memecry] git blame --root --incremental -- src/root.tsx
[2023-03-03 13:19:33.640] [     10ms] [/home/crpier/Projects/memecry] git diff --no-ext-diff --minimal -U0 -M --diff-filter=M -- src/root.tsx
[2023-03-03 13:19:33.647] [      6ms] [/home/crpier/Projects/memecry] git log --format=%x3cr%x3e%x20%H -n3 -m -L 2,2:src/root.tsx
[2023-03-03 13:19:34.478] [      6ms] [/home/crpier/Projects/memecry] git blame --root --incremental -- src/root.tsx
[2023-03-03 13:19:35.287] [     11ms] [/home/crpier/Projects/memecry] git diff --no-ext-diff --minimal -U0 -M --diff-filter=M -- src/root.tsx
[2023-03-03 13:19:35.297] [      9ms] [/home/crpier/Projects/memecry] git log --format=%x3cr%x3e%x20%H -n3 -m -L 2,2:src/root.tsx
[2023-03-03 13:19:49.183] [      8ms] [/home/crpier/Projects/memecry] git blame --root --incremental -- src/root.tsx
[2023-03-03 13:19:49.995] [     18ms] [/home/crpier/Projects/memecry] git diff --no-ext-diff --minimal -U0 -M --diff-filter=M -- src/root.tsx
[2023-03-03 13:19:50.003] [      7ms] [/home/crpier/Projects/memecry] git log --format=%x3cr%x3e%x20%H -n3 -m -L 2,2:src/root.tsx
[2023-03-03 13:19:52.833] [      7ms] [/home/crpier/Projects/memecry] git blame --root --incremental -- src/root.tsx
[2023-03-03 13:19:53.634] [     10ms] [/home/crpier/Projects/memecry] git diff --no-ext-diff --minimal -U0 -M --diff-filter=M -- src/root.tsx
[2023-03-03 13:19:53.646] [     10ms] [/home/crpier/Projects/memecry] git log --format=%x3cr%x3e%x20%H -n3 -m -L 2,2:src/root.tsx
[2023-03-03 13:19:55.922] [     10ms] [/home/crpier/Projects/memecry] git blame --root --incremental -- src/root.tsx
[2023-03-03 13:19:56.721] [     11ms] [/home/crpier/Projects/memecry] git diff --no-ext-diff --minimal -U0 -M --diff-filter=M -- src/root.tsx
[2023-03-03 13:19:56.734] [     11ms] [/home/crpier/Projects/memecry] git log --format=%x3cr%x3e%x20%H -n3 -m -L 2,2:src/root.tsx
[2023-03-03 13:19:58.331] [      7ms] [/home/crpier/Projects/memecry] git blame --root --incremental -- src/root.tsx
[2023-03-03 13:19:59.137] [     11ms] [/home/crpier/Projects/memecry] git diff --no-ext-diff --minimal -U0 -M --diff-filter=M -- src/root.tsx
[2023-03-03 13:19:59.150] [     11ms] [/home/crpier/Projects/memecry] git log --format=%x3cr%x3e%x20%H -n3 -m -L 2,2:src/root.tsx
[2023-03-03 13:20:04.166] [     15ms] [/home/crpier/Projects/memecry] git blame --root --incremental -- src/root.tsx
[2023-03-03 13:20:04.954] [      7ms] [/home/crpier/Projects/memecry] git diff --no-ext-diff --minimal -U0 -M --diff-filter=M -- src/root.tsx
[2023-03-03 13:20:04.961] [      5ms] [/home/crpier/Projects/memecry] git log --format=%x3cr%x3e%x20%H -n3 -m -L 2,2:src/root.tsx
[2023-03-03 13:20:15.693] [      9ms] [/home/crpier/Projects/memecry] git blame --root --incremental -- src/root.tsx
[2023-03-03 13:20:16.505] [     17ms] [/home/crpier/Projects/memecry] git diff --no-ext-diff --minimal -U0 -M --diff-filter=M -- src/root.tsx
[2023-03-03 13:20:16.511] [      5ms] [/home/crpier/Projects/memecry] git log --format=%x3cr%x3e%x20%H -n3 -m -L 2,2:src/root.tsx
[2023-03-03 13:20:35.636] [     11ms] [/home/crpier/Projects/memecry] git blame --root --incremental -- src/root.tsx
[2023-03-03 13:20:36.447] [     25ms] [/home/crpier/Projects/memecry] git diff --no-ext-diff --minimal -U0 -M --diff-filter=M -- src/root.tsx
[2023-03-03 13:20:36.454] [      7ms] [/home/crpier/Projects/memecry] git log --format=%x3cr%x3e%x20%H -n3 -m -L 2,2:src/root.tsx
[2023-03-03 13:20:43.513] [      9ms] [/home/crpier/Projects/memecry] git blame --root --incremental -- src/root.tsx
[2023-03-03 13:20:44.328] [     21ms] [/home/crpier/Projects/memecry] git diff --no-ext-diff --minimal -U0 -M --diff-filter=M -- src/root.tsx
[2023-03-03 13:20:44.335] [      6ms] [/home/crpier/Projects/memecry] git log --format=%x3cr%x3e%x20%H -n3 -m -L 2,2:src/root.tsx
[2023-03-03 13:20:54.408] [     14ms] [/home/crpier/Projects/memecry] git blame --root --incremental -- src/root.tsx
[2023-03-03 13:20:55.207] [     14ms] [/home/crpier/Projects/memecry] git diff --no-ext-diff --minimal -U0 -M --diff-filter=M -- src/root.tsx
[2023-03-03 13:20:55.226] [     18ms] [/home/crpier/Projects/memecry] git log --format=%x3cr%x3e%x20%H -n3 -m -L 2,2:src/root.tsx
[2023-03-03 13:21:09.621] [      5ms] [/home/crpier/Projects/memecry] git blame --root --incremental -- src/root.tsx
[2023-03-03 13:21:10.423] [      5ms] [/home/crpier/Projects/memecry] git diff --no-ext-diff --minimal -U0 -M --diff-filter=M -- src/root.tsx
[2023-03-03 13:21:10.429] [      5ms] [/home/crpier/Projects/memecry] git log --format=%x3cr%x3e%x20%H -n3 -m -L 2,2:src/root.tsx
[2023-03-03 13:21:18.341] [      7ms] [/home/crpier/Projects/memecry] git blame --root --incremental -- src/root.tsx
[2023-03-03 13:21:19.158] [     23ms] [/home/crpier/Projects/memecry] git diff --no-ext-diff --minimal -U0 -M --diff-filter=M -- src/root.tsx
[2023-03-03 13:21:19.165] [      6ms] [/home/crpier/Projects/memecry] git log --format=%x3cr%x3e%x20%H -n3 -m -L 2,2:src/root.tsx
[2023-03-03 13:21:22.845] [      6ms] [/home/crpier/Projects/memecry] git blame --root --incremental -- src/root.tsx
[2023-03-03 13:21:23.642] [      6ms] [/home/crpier/Projects/memecry] git blame --root --incremental --contents - -- src/root.tsx
[2023-03-03 13:21:23.648] [      5ms] [/home/crpier/Projects/memecry] git status --porcelain=v2 --find-renames -- src/root.tsx
[2023-03-03 13:21:27.026] [      8ms] [/home/crpier/Projects/memecry] git blame --root --incremental -- src/root.tsx
[2023-03-03 13:21:27.825] [     10ms] [/home/crpier/Projects/memecry] git diff --no-ext-diff --minimal -U0 -M --diff-filter=M -- src/root.tsx
[2023-03-03 13:21:27.835] [      9ms] [/home/crpier/Projects/memecry] git log --format=%x3cr%x3e%x20%H -n3 -m -L 2,2:src/root.tsx
[2023-03-03 13:22:04.080] [     11ms] [/home/crpier/Projects/memecry] git blame --root --incremental --contents - -- src/root.tsx
[2023-03-03 13:22:04.590] [      7ms] [/home/crpier/Projects/memecry] git status --porcelain=v2 --find-renames -- src/root.tsx
[2023-03-03 13:22:08.463] [     13ms] [/home/crpier/Projects/memecry] git blame --root --incremental -- src/root.tsx
[2023-03-03 13:22:09.250] [     18ms] [/home/crpier/Projects/memecry] git diff --no-ext-diff --minimal -U0 -M --diff-filter=M -- src/root.tsx
[2023-03-03 13:22:09.257] [      7ms] [/home/crpier/Projects/memecry] git log --format=%x3cr%x3e%x20%H -n3 -m -L 2,2:src/root.tsx
[2023-03-03 13:22:17.018] [     10ms] [/home/crpier/Projects/memecry] git blame --root --incremental -- src/root.tsx
[2023-03-03 13:22:17.824] [     20ms] [/home/crpier/Projects/memecry] git diff --no-ext-diff --minimal -U0 -M --diff-filter=M -- src/root.tsx
[2023-03-03 13:22:17.844] [     19ms] [/home/crpier/Projects/memecry] git log --format=%x3cr%x3e%x20%H -n3 -m -L 2,2:src/root.tsx
[2023-03-03 13:22:24.081] [      6ms] [/home/crpier/Projects/memecry] git blame --root --incremental -- src/root.tsx
[2023-03-03 13:22:24.893] [     17ms] [/home/crpier/Projects/memecry] git diff --no-ext-diff --minimal -U0 -M --diff-filter=M -- src/root.tsx
[2023-03-03 13:22:24.899] [      5ms] [/home/crpier/Projects/memecry] git log --format=%x3cr%x3e%x20%H -n3 -m -L 2,2:src/root.tsx
[2023-03-03 13:22:30.112] [      8ms] [/home/crpier/Projects/memecry] git blame --root --incremental -- src/root.tsx
[2023-03-03 13:22:30.926] [     19ms] [/home/crpier/Projects/memecry] git diff --no-ext-diff --minimal -U0 -M --diff-filter=M -- src/root.tsx
[2023-03-03 13:22:30.951] [     23ms] [/home/crpier/Projects/memecry] git log --format=%x3cr%x3e%x20%H -n3 -m -L 2,2:src/root.tsx
[2023-03-03 13:22:37.190] [      7ms] [/home/crpier/Projects/memecry] git blame --root --incremental -- src/root.tsx
[2023-03-03 13:22:38.008] [     22ms] [/home/crpier/Projects/memecry] git diff --no-ext-diff --minimal -U0 -M --diff-filter=M -- src/root.tsx
[2023-03-03 13:22:38.015] [      6ms] [/home/crpier/Projects/memecry] git log --format=%x3cr%x3e%x20%H -n3 -m -L 2,2:src/root.tsx
[2023-03-03 13:22:43.384] [      7ms] [/home/crpier/Projects/memecry] git blame --root --incremental -- src/root.tsx
[2023-03-03 13:22:44.196] [     18ms] [/home/crpier/Projects/memecry] git diff --no-ext-diff --minimal -U0 -M --diff-filter=M -- src/root.tsx
[2023-03-03 13:22:44.214] [     17ms] [/home/crpier/Projects/memecry] git log --format=%x3cr%x3e%x20%H -n3 -m -L 2,2:src/root.tsx
[2023-03-03 13:22:48.887] [      7ms] [/home/crpier/Projects/memecry] git blame --root --incremental -- src/root.tsx
[2023-03-03 13:22:49.696] [     20ms] [/home/crpier/Projects/memecry] git diff --no-ext-diff --minimal -U0 -M --diff-filter=M -- src/root.tsx
[2023-03-03 13:22:49.718] [     20ms] [/home/crpier/Projects/memecry] git log --format=%x3cr%x3e%x20%H -n3 -m -L 2,2:src/root.tsx
[2023-03-03 13:22:57.171] [      8ms] [/home/crpier/Projects/memecry] git blame --root --incremental -- src/root.tsx
[2023-03-03 13:22:58.231] [     11ms] [/home/crpier/Projects/memecry] git diff --no-ext-diff --minimal -U0 -M --diff-filter=M -- src/root.tsx
[2023-03-03 13:22:58.240] [      8ms] [/home/crpier/Projects/memecry] git log --format=%x3cr%x3e%x20%H -n3 -m -L 2,2:src/root.tsx
[2023-03-03 13:23:09.502] [      9ms] [/home/crpier/Projects/memecry] git blame --root --incremental -- src/root.tsx
[2023-03-03 13:23:10.312] [     18ms] [/home/crpier/Projects/memecry] git diff --no-ext-diff --minimal -U0 -M --diff-filter=M -- src/root.tsx
[2023-03-03 13:23:10.319] [      6ms] [/home/crpier/Projects/memecry] git log --format=%x3cr%x3e%x20%H -n3 -m -L 2,2:src/root.tsx
[2023-03-03 13:23:14.705] [      7ms] [/home/crpier/Projects/memecry] git blame --root --incremental -- src/root.tsx
[2023-03-03 13:23:15.515] [     17ms] [/home/crpier/Projects/memecry] git diff --no-ext-diff --minimal -U0 -M --diff-filter=M -- src/root.tsx
[2023-03-03 13:23:15.533] [     17ms] [/home/crpier/Projects/memecry] git log --format=%x3cr%x3e%x20%H -n3 -m -L 2,2:src/root.tsx
[2023-03-03 13:23:25.891] [     11ms] [/home/crpier/Projects/memecry] git blame --root --incremental -- src/root.tsx
[2023-03-03 13:23:26.691] [     17ms] [/home/crpier/Projects/memecry] git diff --no-ext-diff --minimal -U0 -M --diff-filter=M -- src/root.tsx
[2023-03-03 13:23:26.713] [     21ms] [/home/crpier/Projects/memecry] git log --format=%x3cr%x3e%x20%H -n3 -m -L 2,2:src/root.tsx
[2023-03-03 13:23:31.117] [      6ms] [/home/crpier/Projects/memecry] git blame --root --incremental -- src/root.tsx
[2023-03-03 13:23:31.927] [     16ms] [/home/crpier/Projects/memecry] git diff --no-ext-diff --minimal -U0 -M --diff-filter=M -- src/root.tsx
[2023-03-03 13:23:31.949] [     21ms] [/home/crpier/Projects/memecry] git log --format=%x3cr%x3e%x20%H -n3 -m -L 2,2:src/root.tsx
[2023-03-03 13:23:35.189] [      8ms] [/home/crpier/Projects/memecry] git blame --root --incremental -- src/root.tsx
[2023-03-03 13:23:35.990] [     11ms] [/home/crpier/Projects/memecry] git diff --no-ext-diff --minimal -U0 -M --diff-filter=M -- src/root.tsx
[2023-03-03 13:23:35.999] [      8ms] [/home/crpier/Projects/memecry] git log --format=%x3cr%x3e%x20%H -n3 -m -L 2,2:src/root.tsx
[2023-03-03 13:23:47.127] [      7ms] [/home/crpier/Projects/memecry] git blame --root --incremental -- src/root.tsx
[2023-03-03 13:23:47.937] [     16ms] [/home/crpier/Projects/memecry] git diff --no-ext-diff --minimal -U0 -M --diff-filter=M -- src/root.tsx
[2023-03-03 13:23:47.946] [      9ms] [/home/crpier/Projects/memecry] git log --format=%x3cr%x3e%x20%H -n3 -m -L 2,2:src/root.tsx
[2023-03-03 13:23:54.120] [      8ms] [/home/crpier/Projects/memecry] git blame --root --incremental -- src/root.tsx
[2023-03-03 13:23:54.935] [     18ms] [/home/crpier/Projects/memecry] git diff --no-ext-diff --minimal -U0 -M --diff-filter=M -- src/root.tsx
[2023-03-03 13:23:54.942] [      6ms] [/home/crpier/Projects/memecry] git log --format=%x3cr%x3e%x20%H -n3 -m -L 2,2:src/root.tsx
[2023-03-03 13:23:57.471] [      9ms] [/home/crpier/Projects/memecry] git blame --root --incremental -- src/root.tsx
[2023-03-03 13:23:58.272] [     11ms] [/home/crpier/Projects/memecry] git diff --no-ext-diff --minimal -U0 -M --diff-filter=M -- src/root.tsx
[2023-03-03 13:23:58.284] [     10ms] [/home/crpier/Projects/memecry] git log --format=%x3cr%x3e%x20%H -n3 -m -L 2,2:src/root.tsx
[2023-03-03 13:23:59.308] [     12ms] [/home/crpier/Projects/memecry] git blame --root --incremental -- src/root.tsx
[2023-03-03 13:24:00.102] [      8ms] [/home/crpier/Projects/memecry] git diff --no-ext-diff --minimal -U0 -M --diff-filter=M -- src/root.tsx
[2023-03-03 13:24:00.113] [     10ms] [/home/crpier/Projects/memecry] git log --format=%x3cr%x3e%x20%H -n3 -m -L 2,2:src/root.tsx
[2023-03-03 13:24:03.991] [      9ms] [/home/crpier/Projects/memecry] git blame --root --incremental -- src/root.tsx
[2023-03-03 13:24:04.791] [     10ms] [/home/crpier/Projects/memecry] git diff --no-ext-diff --minimal -U0 -M --diff-filter=M -- src/root.tsx
[2023-03-03 13:24:04.803] [     10ms] [/home/crpier/Projects/memecry] git log --format=%x3cr%x3e%x20%H -n3 -m -L 2,2:src/root.tsx
[2023-03-03 13:24:21.209] [     10ms] [/home/crpier/Projects/memecry] git blame --root --incremental -- src/root.tsx
[2023-03-03 13:24:22.010] [     15ms] [/home/crpier/Projects/memecry] git diff --no-ext-diff --minimal -U0 -M --diff-filter=M -- src/root.tsx
[2023-03-03 13:24:22.026] [     15ms] [/home/crpier/Projects/memecry] git log --format=%x3cr%x3e%x20%H -n3 -m -L 2,2:src/root.tsx
[2023-03-03 13:24:51.292] [     11ms] [/home/crpier/Projects/memecry] git blame --root --incremental -- src/root.tsx
[2023-03-03 13:24:52.102] [     23ms] [/home/crpier/Projects/memecry] git diff --no-ext-diff --minimal -U0 -M --diff-filter=M -- src/root.tsx
[2023-03-03 13:24:52.108] [      5ms] [/home/crpier/Projects/memecry] git log --format=%x3cr%x3e%x20%H -n3 -m -L 2,2:src/root.tsx
[2023-03-03 13:25:05.085] [      7ms] [/home/crpier/Projects/memecry] git ls-files -- src/routes/index.tsx
[2023-03-03 13:25:05.312] [      5ms] [/home/crpier/Projects/memecry] git blame --root --incremental -- src/routes/index.tsx
[2023-03-03 13:25:05.844] [     13ms] [/home/crpier/Projects/memecry] git diff --no-ext-diff --minimal -U0 -M --diff-filter=M -- src/routes/index.tsx
[2023-03-03 13:25:05.858] [     12ms] [/home/crpier/Projects/memecry] git diff --no-ext-diff --minimal -U0 -M --diff-filter=M --staged -- src/routes/index.tsx
[2023-03-03 13:25:05.867] [      8ms] [/home/crpier/Projects/memecry] git log --format=%x3cr%x3e%x20%H -n3 -m -L 2,2:src/routes/index.tsx
[2023-03-03 13:25:41.293] [     14ms] [/home/crpier/Projects/memecry] git blame --root --incremental -- src/routes/index.tsx
[2023-03-03 13:25:42.087] [      5ms] [/home/crpier/Projects/memecry] git diff --no-ext-diff --minimal -U0 -M --diff-filter=M -- src/routes/index.tsx
[2023-03-03 13:25:42.094] [      7ms] [/home/crpier/Projects/memecry] git diff --no-ext-diff --minimal -U0 -M --diff-filter=M --staged -- src/routes/index.tsx
[2023-03-03 13:25:42.099] [      4ms] [/home/crpier/Projects/memecry] git log --format=%x3cr%x3e%x20%H -n3 -m -L 2,2:src/routes/index.tsx
[2023-03-03 13:25:45.002] [     13ms] [/home/crpier/Projects/memecry] git blame --root --incremental -- src/routes/index.tsx
[2023-03-03 13:25:45.791] [      7ms] [/home/crpier/Projects/memecry] git blame --root --incremental --contents - -- src/routes/index.tsx
[2023-03-03 13:25:45.797] [      4ms] [/home/crpier/Projects/memecry] git status --porcelain=v2 --find-renames -- src/routes/index.tsx
[2023-03-03 13:25:47.512] [     17ms] [/home/crpier/Projects/memecry] git blame --root --incremental -- src/routes/index.tsx
[2023-03-03 13:25:48.307] [     10ms] [/home/crpier/Projects/memecry] git diff --no-ext-diff --minimal -U0 -M --diff-filter=M -- src/routes/index.tsx
[2023-03-03 13:25:48.318] [     10ms] [/home/crpier/Projects/memecry] git diff --no-ext-diff --minimal -U0 -M --diff-filter=M --staged -- src/routes/index.tsx
[2023-03-03 13:25:48.329] [      9ms] [/home/crpier/Projects/memecry] git log --format=%x3cr%x3e%x20%H -n3 -m -L 2,2:src/routes/index.tsx
[2023-03-03 13:25:59.488] [     13ms] [/home/crpier/Projects/memecry] git blame --root --incremental -- src/root.tsx
[2023-03-03 13:26:00.662] [      9ms] [/home/crpier/Projects/memecry] git diff --no-ext-diff --minimal -U0 -M --diff-filter=M -- src/root.tsx
[2023-03-03 13:26:00.672] [     10ms] [/home/crpier/Projects/memecry] git log --format=%x3cr%x3e%x20%H -n3 -m -L 2,2:src/root.tsx
[2023-03-03 13:26:29.968] [     12ms] [/home/crpier/Projects/memecry] git blame --root --incremental --contents - -- src/routes/index.tsx
[2023-03-03 13:26:30.481] [      8ms] [/home/crpier/Projects/memecry] git status --porcelain=v2 --find-renames -- src/routes/index.tsx
[2023-03-03 13:27:10.064] [     10ms] [/home/crpier/Projects/memecry] git blame --root --incremental -- src/routes/index.tsx
[2023-03-03 13:27:10.864] [      9ms] [/home/crpier/Projects/memecry] git diff --no-ext-diff --minimal -U0 -M --diff-filter=M -- src/routes/index.tsx
[2023-03-03 13:27:10.871] [      6ms] [/home/crpier/Projects/memecry] git diff --no-ext-diff --minimal -U0 -M --diff-filter=M --staged -- src/routes/index.tsx
[2023-03-03 13:27:10.876] [      5ms] [/home/crpier/Projects/memecry] git log --format=%x3cr%x3e%x20%H -n3 -m -L 2,2:src/routes/index.tsx
[2023-03-03 13:27:50.964] [     12ms] [/home/crpier/Projects/memecry] git blame --root --incremental -- src/routes/index.tsx
[2023-03-03 13:27:51.759] [     10ms] [/home/crpier/Projects/memecry] git diff --no-ext-diff --minimal -U0 -M --diff-filter=M -- src/routes/index.tsx
[2023-03-03 13:27:51.770] [      9ms] [/home/crpier/Projects/memecry] git diff --no-ext-diff --minimal -U0 -M --diff-filter=M --staged -- src/routes/index.tsx
[2023-03-03 13:27:51.780] [      9ms] [/home/crpier/Projects/memecry] git log --format=%x3cr%x3e%x20%H -n3 -m -L 2,2:src/routes/index.tsx
[2023-03-03 13:27:53.627] [      5ms] [/home/crpier/Projects/memecry] git blame --root --incremental -- src/routes/index.tsx
[2023-03-03 13:27:54.455] [      6ms] [/home/crpier/Projects/memecry] git diff --no-ext-diff --minimal -U0 -M --diff-filter=M -- src/routes/index.tsx
[2023-03-03 13:27:54.463] [      6ms] [/home/crpier/Projects/memecry] git diff --no-ext-diff --minimal -U0 -M --diff-filter=M --staged -- src/routes/index.tsx
[2023-03-03 13:27:54.468] [      5ms] [/home/crpier/Projects/memecry] git log --format=%x3cr%x3e%x20%H -n3 -m -L 2,2:src/routes/index.tsx
[2023-03-03 13:28:01.218] [     19ms] [/home/crpier/Projects/memecry] git blame --root --incremental -- src/routes/index.tsx
[2023-03-03 13:28:02.023] [     20ms] [/home/crpier/Projects/memecry] git diff --no-ext-diff --minimal -U0 -M --diff-filter=M -- src/routes/index.tsx
[2023-03-03 13:28:02.030] [      7ms] [/home/crpier/Projects/memecry] git diff --no-ext-diff --minimal -U0 -M --diff-filter=M --staged -- src/routes/index.tsx
[2023-03-03 13:28:02.036] [      5ms] [/home/crpier/Projects/memecry] git log --format=%x3cr%x3e%x20%H -n3 -m -L 2,2:src/routes/index.tsx
[2023-03-03 13:28:29.784] [     15ms] [/home/crpier/Projects/memecry] git blame --root --incremental -- src/routes/index.tsx
[2023-03-03 13:28:30.587] [      7ms] [/home/crpier/Projects/memecry] git diff --no-ext-diff --minimal -U0 -M --diff-filter=M -- src/routes/index.tsx
[2023-03-03 13:28:30.593] [      5ms] [/home/crpier/Projects/memecry] git diff --no-ext-diff --minimal -U0 -M --diff-filter=M --staged -- src/routes/index.tsx
[2023-03-03 13:28:30.598] [      5ms] [/home/crpier/Projects/memecry] git log --format=%x3cr%x3e%x20%H -n3 -m -L 2,2:src/routes/index.tsx
[2023-03-03 13:28:36.890] [     10ms] [/home/crpier/Projects/memecry] git blame --root --incremental --contents - -- src/routes/index.tsx
[2023-03-03 13:28:37.403] [      8ms] [/home/crpier/Projects/memecry] git status --porcelain=v2 --find-renames -- src/routes/index.tsx
[2023-03-03 13:28:55.876] [      9ms] [/home/crpier/Projects/memecry] git blame --root --incremental --contents - -- src/routes/index.tsx
[2023-03-03 13:28:56.386] [      8ms] [/home/crpier/Projects/memecry] git status --porcelain=v2 --find-renames -- src/routes/index.tsx
[2023-03-03 13:29:02.604] [     12ms] [/home/crpier/Projects/memecry] git blame --root --incremental -- src/routes/index.tsx
[2023-03-03 13:29:03.414] [      7ms] [/home/crpier/Projects/memecry] git diff --no-ext-diff --minimal -U0 -M --diff-filter=M -- src/routes/index.tsx
[2023-03-03 13:29:03.421] [      5ms] [/home/crpier/Projects/memecry] git diff --no-ext-diff --minimal -U0 -M --diff-filter=M --staged -- src/routes/index.tsx
[2023-03-03 13:29:03.426] [      4ms] [/home/crpier/Projects/memecry] git log --format=%x3cr%x3e%x20%H -n3 -m -L 2,2:src/routes/index.tsx
[2023-03-03 13:29:16.710] [     10ms] [/home/crpier/Projects/memecry] git blame --root --incremental -- src/routes/index.tsx
[2023-03-03 13:29:17.482] [      5ms] [/home/crpier/Projects/memecry] git diff --no-ext-diff --minimal -U0 -M --diff-filter=M -- src/routes/index.tsx
[2023-03-03 13:29:17.487] [      4ms] [/home/crpier/Projects/memecry] git diff --no-ext-diff --minimal -U0 -M --diff-filter=M --staged -- src/routes/index.tsx
[2023-03-03 13:29:17.492] [      4ms] [/home/crpier/Projects/memecry] git log --format=%x3cr%x3e%x20%H -n3 -m -L 2,2:src/routes/index.tsx
[2023-03-03 13:29:23.804] [     10ms] [/home/crpier/Projects/memecry] git blame --root --incremental -- src/routes/index.tsx
[2023-03-03 13:29:24.663] [     10ms] [/home/crpier/Projects/memecry] git diff --no-ext-diff --minimal -U0 -M --diff-filter=M -- src/routes/index.tsx
[2023-03-03 13:29:24.673] [      9ms] [/home/crpier/Projects/memecry] git diff --no-ext-diff --minimal -U0 -M --diff-filter=M --staged -- src/routes/index.tsx
[2023-03-03 13:29:24.684] [      9ms] [/home/crpier/Projects/memecry] git log --format=%x3cr%x3e%x20%H -n3 -m -L 2,2:src/routes/index.tsx
[2023-03-03 13:29:31.122] [     12ms] [/home/crpier/Projects/memecry] git blame --root --incremental -- src/routes/index.tsx
[2023-03-03 13:29:31.934] [     23ms] [/home/crpier/Projects/memecry] git diff --no-ext-diff --minimal -U0 -M --diff-filter=M -- src/routes/index.tsx
[2023-03-03 13:29:31.943] [      7ms] [/home/crpier/Projects/memecry] git diff --no-ext-diff --minimal -U0 -M --diff-filter=M --staged -- src/routes/index.tsx
[2023-03-03 13:29:31.949] [      6ms] [/home/crpier/Projects/memecry] git log --format=%x3cr%x3e%x20%H -n3 -m -L 2,2:src/routes/index.tsx
[2023-03-03 13:29:50.465] [     10ms] [/home/crpier/Projects/memecry] git blame --root --incremental -- src/routes/index.tsx
[2023-03-03 13:29:51.269] [      6ms] [/home/crpier/Projects/memecry] git diff --no-ext-diff --minimal -U0 -M --diff-filter=M -- src/routes/index.tsx
[2023-03-03 13:29:51.275] [      5ms] [/home/crpier/Projects/memecry] git diff --no-ext-diff --minimal -U0 -M --diff-filter=M --staged -- src/routes/index.tsx
[2023-03-03 13:29:51.280] [      5ms] [/home/crpier/Projects/memecry] git log --format=%x3cr%x3e%x20%H -n3 -m -L 2,2:src/routes/index.tsx
[2023-03-03 13:29:57.564] [      9ms] [/home/crpier/Projects/memecry] git blame --root --incremental --contents - -- src/routes/index.tsx
[2023-03-03 13:29:58.075] [      7ms] [/home/crpier/Projects/memecry] git status --porcelain=v2 --find-renames -- src/routes/index.tsx
[2023-03-03 13:30:09.817] [     10ms] [/home/crpier/Projects/memecry] git blame --root --incremental -- src/routes/index.tsx
[2023-03-03 13:30:10.823] [     11ms] [/home/crpier/Projects/memecry] git diff --no-ext-diff --minimal -U0 -M --diff-filter=M -- src/routes/index.tsx
[2023-03-03 13:30:10.835] [     10ms] [/home/crpier/Projects/memecry] git diff --no-ext-diff --minimal -U0 -M --diff-filter=M --staged -- src/routes/index.tsx
[2023-03-03 13:30:10.844] [      8ms] [/home/crpier/Projects/memecry] git log --format=%x3cr%x3e%x20%H -n3 -m -L 2,2:src/routes/index.tsx
[2023-03-03 13:30:18.596] [     13ms] [/home/crpier/Projects/memecry] git blame --root --incremental -- src/routes/index.tsx
[2023-03-03 13:30:19.440] [      9ms] [/home/crpier/Projects/memecry] git diff --no-ext-diff --minimal -U0 -M --diff-filter=M -- src/routes/index.tsx
[2023-03-03 13:30:19.449] [      8ms] [/home/crpier/Projects/memecry] git diff --no-ext-diff --minimal -U0 -M --diff-filter=M --staged -- src/routes/index.tsx
[2023-03-03 13:30:19.459] [      9ms] [/home/crpier/Projects/memecry] git log --format=%x3cr%x3e%x20%H -n3 -m -L 2,2:src/routes/index.tsx
[2023-03-03 13:30:30.586] [     12ms] [/home/crpier/Projects/memecry] git blame --root --incremental --contents - -- src/routes/index.tsx
[2023-03-03 13:30:31.439] [     11ms] [/home/crpier/Projects/memecry] git status --porcelain=v2 --find-renames -- src/routes/index.tsx
[2023-03-03 13:30:41.134] [      8ms] [/home/crpier/Projects/memecry] git blame --root --incremental -- src/routes/index.tsx
[2023-03-03 13:30:41.930] [      5ms] [/home/crpier/Projects/memecry] git diff --no-ext-diff --minimal -U0 -M --diff-filter=M -- src/routes/index.tsx
[2023-03-03 13:30:41.936] [      6ms] [/home/crpier/Projects/memecry] git diff --no-ext-diff --minimal -U0 -M --diff-filter=M --staged -- src/routes/index.tsx
[2023-03-03 13:30:41.942] [      5ms] [/home/crpier/Projects/memecry] git log --format=%x3cr%x3e%x20%H -n3 -m -L 2,2:src/routes/index.tsx
[2023-03-03 13:30:47.318] [     16ms] [/home/crpier/Projects/memecry] git blame --root --incremental -- src/routes/index.tsx
[2023-03-03 13:30:48.128] [     24ms] [/home/crpier/Projects/memecry] git diff --no-ext-diff --minimal -U0 -M --diff-filter=M -- src/routes/index.tsx
[2023-03-03 13:30:48.137] [      7ms] [/home/crpier/Projects/memecry] git diff --no-ext-diff --minimal -U0 -M --diff-filter=M --staged -- src/routes/index.tsx
[2023-03-03 13:30:48.143] [      6ms] [/home/crpier/Projects/memecry] git log --format=%x3cr%x3e%x20%H -n3 -m -L 2,2:src/routes/index.tsx
[2023-03-03 13:30:49.600] [      9ms] [/home/crpier/Projects/memecry] git blame --root --incremental -- src/routes/index.tsx
[2023-03-03 13:30:50.350] [      8ms] [/home/crpier/Projects/memecry] git diff --no-ext-diff --minimal -U0 -M --diff-filter=M -- src/routes/index.tsx
[2023-03-03 13:30:50.361] [      9ms] [/home/crpier/Projects/memecry] git diff --no-ext-diff --minimal -U0 -M --diff-filter=M --staged -- src/routes/index.tsx
[2023-03-03 13:30:50.368] [      7ms] [/home/crpier/Projects/memecry] git log --format=%x3cr%x3e%x20%H -n3 -m -L 2,2:src/routes/index.tsx
[2023-03-03 13:30:51.300] [     12ms] [/home/crpier/Projects/memecry] git blame --root --incremental -- src/routes/index.tsx
[2023-03-03 13:30:51.812] [      8ms] [/home/crpier/Projects/memecry] git diff --no-ext-diff --minimal -U0 -M --diff-filter=M -- src/routes/index.tsx
[2023-03-03 13:30:51.822] [      9ms] [/home/crpier/Projects/memecry] git diff --no-ext-diff --minimal -U0 -M --diff-filter=M --staged -- src/routes/index.tsx
[2023-03-03 13:30:51.829] [      6ms] [/home/crpier/Projects/memecry] git log --format=%x3cr%x3e%x20%H -n3 -m -L 2,2:src/routes/index.tsx
[2023-03-03 13:31:10.055] [     12ms] [/home/crpier/Projects/memecry] git blame --root --incremental -- src/routes/index.tsx
[2023-03-03 13:31:10.871] [      8ms] [/home/crpier/Projects/memecry] git diff --no-ext-diff --minimal -U0 -M --diff-filter=M -- src/routes/index.tsx
[2023-03-03 13:31:10.877] [      5ms] [/home/crpier/Projects/memecry] git diff --no-ext-diff --minimal -U0 -M --diff-filter=M --staged -- src/routes/index.tsx
[2023-03-03 13:31:10.883] [      5ms] [/home/crpier/Projects/memecry] git log --format=%x3cr%x3e%x20%H -n3 -m -L 2,2:src/routes/index.tsx
[2023-03-03 13:31:19.806] [      9ms] [/home/crpier/Projects/memecry] git blame --root --incremental -- src/routes/index.tsx
[2023-03-03 13:31:20.615] [      6ms] [/home/crpier/Projects/memecry] git diff --no-ext-diff --minimal -U0 -M --diff-filter=M -- src/routes/index.tsx
[2023-03-03 13:31:20.622] [      6ms] [/home/crpier/Projects/memecry] git diff --no-ext-diff --minimal -U0 -M --diff-filter=M --staged -- src/routes/index.tsx
[2023-03-03 13:31:20.627] [      4ms] [/home/crpier/Projects/memecry] git log --format=%x3cr%x3e%x20%H -n3 -m -L 2,2:src/routes/index.tsx
[2023-03-03 13:31:21.762] [     14ms] [/home/crpier/Projects/memecry] git blame --root --incremental -- src/routes/index.tsx
[2023-03-03 13:31:22.767] [      5ms] [/home/crpier/Projects/memecry] git diff --no-ext-diff --minimal -U0 -M --diff-filter=M -- src/routes/index.tsx
[2023-03-03 13:31:22.774] [      5ms] [/home/crpier/Projects/memecry] git diff --no-ext-diff --minimal -U0 -M --diff-filter=M --staged -- src/routes/index.tsx
[2023-03-03 13:31:22.780] [      5ms] [/home/crpier/Projects/memecry] git log --format=%x3cr%x3e%x20%H -n3 -m -L 2,2:src/routes/index.tsx
[2023-03-03 13:31:55.639] [     14ms] [/home/crpier/Projects/memecry] git blame --root --incremental -- src/routes/index.tsx
[2023-03-03 13:31:57.010] [     11ms] [/home/crpier/Projects/memecry] git diff --no-ext-diff --minimal -U0 -M --diff-filter=M -- src/routes/index.tsx
[2023-03-03 13:31:57.021] [     10ms] [/home/crpier/Projects/memecry] git diff --no-ext-diff --minimal -U0 -M --diff-filter=M --staged -- src/routes/index.tsx
[2023-03-03 13:31:57.034] [     12ms] [/home/crpier/Projects/memecry] git log --format=%x3cr%x3e%x20%H -n3 -m -L 2,2:src/routes/index.tsx
[2023-03-03 13:31:58.911] [     13ms] [/home/crpier/Projects/memecry] git blame --root --incremental -- src/routes/index.tsx
[2023-03-03 13:31:59.798] [     11ms] [/home/crpier/Projects/memecry] git diff --no-ext-diff --minimal -U0 -M --diff-filter=M -- src/routes/index.tsx
[2023-03-03 13:31:59.810] [     11ms] [/home/crpier/Projects/memecry] git diff --no-ext-diff --minimal -U0 -M --diff-filter=M --staged -- src/routes/index.tsx
[2023-03-03 13:31:59.819] [      9ms] [/home/crpier/Projects/memecry] git log --format=%x3cr%x3e%x20%H -n3 -m -L 2,2:src/routes/index.tsx
[2023-03-03 13:32:06.951] [     13ms] [/home/crpier/Projects/memecry] git blame --root --incremental -- src/routes/index.tsx
[2023-03-03 13:32:07.881] [      7ms] [/home/crpier/Projects/memecry] git diff --no-ext-diff --minimal -U0 -M --diff-filter=M -- src/routes/index.tsx
[2023-03-03 13:32:07.888] [      6ms] [/home/crpier/Projects/memecry] git diff --no-ext-diff --minimal -U0 -M --diff-filter=M --staged -- src/routes/index.tsx
[2023-03-03 13:32:07.896] [      7ms] [/home/crpier/Projects/memecry] git log --format=%x3cr%x3e%x20%H -n3 -m -L 2,2:src/routes/index.tsx
[2023-03-03 13:32:12.805] [     12ms] [/home/crpier/Projects/memecry] git blame --root --incremental -- src/routes/index.tsx
[2023-03-03 13:32:13.673] [     10ms] [/home/crpier/Projects/memecry] git diff --no-ext-diff --minimal -U0 -M --diff-filter=M -- src/routes/index.tsx
[2023-03-03 13:32:13.684] [      9ms] [/home/crpier/Projects/memecry] git diff --no-ext-diff --minimal -U0 -M --diff-filter=M --staged -- src/routes/index.tsx
[2023-03-03 13:32:13.690] [      6ms] [/home/crpier/Projects/memecry] git log --format=%x3cr%x3e%x20%H -n3 -m -L 2,2:src/routes/index.tsx
[2023-03-03 13:32:31.177] [     11ms] [/home/crpier/Projects/memecry] git blame --root --incremental --contents - -- src/routes/index.tsx
[2023-03-03 13:32:31.687] [      7ms] [/home/crpier/Projects/memecry] git status --porcelain=v2 --find-renames -- src/routes/index.tsx
[2023-03-03 13:32:54.166] [      9ms] [/home/crpier/Projects/memecry] git blame --root --incremental --contents - -- src/routes/index.tsx
[2023-03-03 13:32:54.676] [      8ms] [/home/crpier/Projects/memecry] git status --porcelain=v2 --find-renames -- src/routes/index.tsx
[2023-03-03 13:33:41.356] [     13ms] [/home/crpier/Projects/memecry] git blame --root --incremental -- src/routes/index.tsx
[2023-03-03 13:33:42.152] [     11ms] [/home/crpier/Projects/memecry] git diff --no-ext-diff --minimal -U0 -M --diff-filter=M -- src/routes/index.tsx
[2023-03-03 13:33:42.162] [      9ms] [/home/crpier/Projects/memecry] git diff --no-ext-diff --minimal -U0 -M --diff-filter=M --staged -- src/routes/index.tsx
[2023-03-03 13:33:42.169] [      6ms] [/home/crpier/Projects/memecry] git log --format=%x3cr%x3e%x20%H -n3 -m -L 2,2:src/routes/index.tsx
[2023-03-03 13:34:26.045] [     13ms] [/home/crpier/Projects/memecry] git blame --root --incremental -- src/routes/index.tsx
[2023-03-03 13:34:26.841] [     11ms] [/home/crpier/Projects/memecry] git diff --no-ext-diff --minimal -U0 -M --diff-filter=M -- src/routes/index.tsx
[2023-03-03 13:34:26.852] [     10ms] [/home/crpier/Projects/memecry] git diff --no-ext-diff --minimal -U0 -M --diff-filter=M --staged -- src/routes/index.tsx
[2023-03-03 13:34:26.862] [      9ms] [/home/crpier/Projects/memecry] git log --format=%x3cr%x3e%x20%H -n3 -m -L 2,2:src/routes/index.tsx
[2023-03-03 13:35:06.478] [     13ms] [/home/crpier/Projects/memecry] git blame --root --incremental --contents - -- src/routes/index.tsx
[2023-03-03 13:35:06.986] [      6ms] [/home/crpier/Projects/memecry] git status --porcelain=v2 --find-renames -- src/routes/index.tsx
[2023-03-03 13:35:55.776] [     14ms] [/home/crpier/Projects/memecry] git blame --root --incremental -- src/routes/index.tsx
[2023-03-03 13:35:56.590] [     19ms] [/home/crpier/Projects/memecry] git diff --no-ext-diff --minimal -U0 -M --diff-filter=M -- src/routes/index.tsx
[2023-03-03 13:35:56.596] [      6ms] [/home/crpier/Projects/memecry] git log --format=%x3cr%x3e%x20%H -n3 -m -L 2,2:src/routes/index.tsx
[2023-03-03 13:36:08.063] [     12ms] [/home/crpier/Projects/memecry] git blame --root --incremental -- src/routes/index.tsx
[2023-03-03 13:36:08.869] [     17ms] [/home/crpier/Projects/memecry] git diff --no-ext-diff --minimal -U0 -M --diff-filter=M -- src/routes/index.tsx
[2023-03-03 13:36:08.876] [      5ms] [/home/crpier/Projects/memecry] git log --format=%x3cr%x3e%x20%H -n3 -m -L 2,2:src/routes/index.tsx
[2023-03-03 13:36:18.533] [      9ms] [/home/crpier/Projects/memecry] git blame --root --incremental -- src/routes/index.tsx
[2023-03-03 13:36:19.469] [      8ms] [/home/crpier/Projects/memecry] git diff --no-ext-diff --minimal -U0 -M --diff-filter=M -- src/routes/index.tsx
[2023-03-03 13:36:19.478] [      8ms] [/home/crpier/Projects/memecry] git log --format=%x3cr%x3e%x20%H -n3 -m -L 2,2:src/routes/index.tsx
[2023-03-03 13:36:22.146] [     12ms] [/home/crpier/Projects/memecry] git blame --root --incremental -- src/routes/index.tsx
[2023-03-03 13:36:22.938] [      6ms] [/home/crpier/Projects/memecry] git diff --no-ext-diff --minimal -U0 -M --diff-filter=M -- src/routes/index.tsx
[2023-03-03 13:36:22.947] [      9ms] [/home/crpier/Projects/memecry] git log --format=%x3cr%x3e%x20%H -n3 -m -L 2,2:src/routes/index.tsx
[2023-03-03 13:36:26.783] [     12ms] [/home/crpier/Projects/memecry] git blame --root --incremental -- src/routes/index.tsx
[2023-03-03 13:36:27.592] [      7ms] [/home/crpier/Projects/memecry] git diff --no-ext-diff --minimal -U0 -M --diff-filter=M -- src/routes/index.tsx
[2023-03-03 13:36:27.601] [      9ms] [/home/crpier/Projects/memecry] git log --format=%x3cr%x3e%x20%H -n3 -m -L 2,2:src/routes/index.tsx
[2023-03-03 13:36:32.784] [     12ms] [/home/crpier/Projects/memecry] git blame --root --incremental -- src/routes/index.tsx
[2023-03-03 13:36:33.575] [      7ms] [/home/crpier/Projects/memecry] git diff --no-ext-diff --minimal -U0 -M --diff-filter=M -- src/routes/index.tsx
[2023-03-03 13:36:33.586] [      9ms] [/home/crpier/Projects/memecry] git log --format=%x3cr%x3e%x20%H -n3 -m -L 2,2:src/routes/index.tsx
[2023-03-03 13:36:36.425] [     14ms] [/home/crpier/Projects/memecry] git blame --root --incremental -- src/routes/index.tsx
[2023-03-03 13:36:37.221] [      8ms] [/home/crpier/Projects/memecry] git diff --no-ext-diff --minimal -U0 -M --diff-filter=M -- src/routes/index.tsx
[2023-03-03 13:36:37.232] [      9ms] [/home/crpier/Projects/memecry] git log --format=%x3cr%x3e%x20%H -n3 -m -L 2,2:src/routes/index.tsx
[2023-03-03 13:36:40.277] [     13ms] [/home/crpier/Projects/memecry] git blame --root --incremental -- src/routes/index.tsx
[2023-03-03 13:36:41.069] [      9ms] [/home/crpier/Projects/memecry] git diff --no-ext-diff --minimal -U0 -M --diff-filter=M -- src/routes/index.tsx
[2023-03-03 13:36:41.077] [      7ms] [/home/crpier/Projects/memecry] git log --format=%x3cr%x3e%x20%H -n3 -m -L 2,2:src/routes/index.tsx
[2023-03-03 13:36:43.533] [      9ms] [/home/crpier/Projects/memecry] git blame --root --incremental -- src/routes/index.tsx
[2023-03-03 13:36:44.326] [     10ms] [/home/crpier/Projects/memecry] git diff --no-ext-diff --minimal -U0 -M --diff-filter=M -- src/routes/index.tsx
[2023-03-03 13:36:44.336] [      9ms] [/home/crpier/Projects/memecry] git log --format=%x3cr%x3e%x20%H -n3 -m -L 2,2:src/routes/index.tsx
[2023-03-03 13:36:46.989] [     15ms] [/home/crpier/Projects/memecry] git blame --root --incremental -- src/routes/index.tsx
[2023-03-03 13:36:47.776] [      6ms] [/home/crpier/Projects/memecry] git diff --no-ext-diff --minimal -U0 -M --diff-filter=M -- src/routes/index.tsx
[2023-03-03 13:36:47.786] [      9ms] [/home/crpier/Projects/memecry] git log --format=%x3cr%x3e%x20%H -n3 -m -L 2,2:src/routes/index.tsx
[2023-03-03 13:36:50.408] [      5ms] [/home/crpier/Projects/memecry] git blame --root --incremental -- src/routes/index.tsx
[2023-03-03 13:36:51.208] [      6ms] [/home/crpier/Projects/memecry] git diff --no-ext-diff --minimal -U0 -M --diff-filter=M -- src/routes/index.tsx
[2023-03-03 13:36:51.218] [      9ms] [/home/crpier/Projects/memecry] git log --format=%x3cr%x3e%x20%H -n3 -m -L 2,2:src/routes/index.tsx
[2023-03-03 13:36:54.425] [      8ms] [/home/crpier/Projects/memecry] git blame --root --incremental -- src/routes/index.tsx
[2023-03-03 13:36:55.227] [      6ms] [/home/crpier/Projects/memecry] git diff --no-ext-diff --minimal -U0 -M --diff-filter=M -- src/routes/index.tsx
[2023-03-03 13:36:55.238] [     10ms] [/home/crpier/Projects/memecry] git log --format=%x3cr%x3e%x20%H -n3 -m -L 2,2:src/routes/index.tsx
[2023-03-03 13:36:57.366] [     12ms] [/home/crpier/Projects/memecry] git blame --root --incremental -- src/routes/index.tsx
[2023-03-03 13:36:58.163] [      9ms] [/home/crpier/Projects/memecry] git blame --root --incremental -- src/routes/index.tsx
[2023-03-03 13:36:58.173] [     10ms] [/home/crpier/Projects/memecry] git diff --no-ext-diff --minimal -U0 -M --diff-filter=M -- src/routes/index.tsx
[2023-03-03 13:36:58.185] [     11ms] [/home/crpier/Projects/memecry] git log --format=%x3cr%x3e%x20%H -n3 -m -L 2,2:src/routes/index.tsx
[2023-03-03 13:36:58.421] [     14ms] [/home/crpier/Projects/memecry] git blame --root --incremental -- src/routes/index.tsx
[2023-03-03 13:36:59.213] [      8ms] [/home/crpier/Projects/memecry] git diff --no-ext-diff --minimal -U0 -M --diff-filter=M -- src/routes/index.tsx
[2023-03-03 13:36:59.224] [     10ms] [/home/crpier/Projects/memecry] git log --format=%x3cr%x3e%x20%H -n3 -m -L 2,2:src/routes/index.tsx
[2023-03-03 13:37:08.676] [     13ms] [/home/crpier/Projects/memecry] git blame --root --incremental -- src/routes/index.tsx
[2023-03-03 13:37:09.307] [     10ms] [/home/crpier/Projects/memecry] git diff --no-ext-diff --minimal -U0 -M --diff-filter=M -- src/routes/index.tsx
[2023-03-03 13:37:09.314] [      6ms] [/home/crpier/Projects/memecry] git log --format=%x3cr%x3e%x20%H -n3 -m -L 2,2:src/routes/index.tsx
[2023-03-03 13:37:18.512] [     13ms] [/home/crpier/Projects/memecry] git blame --root --incremental -- src/routes/index.tsx
[2023-03-03 13:37:19.323] [     24ms] [/home/crpier/Projects/memecry] git diff --no-ext-diff --minimal -U0 -M --diff-filter=M -- src/routes/index.tsx
[2023-03-03 13:37:19.333] [      9ms] [/home/crpier/Projects/memecry] git log --format=%x3cr%x3e%x20%H -n3 -m -L 2,2:src/routes/index.tsx
[2023-03-03 13:37:20.497] [     11ms] [/home/crpier/Projects/memecry] git blame --root --incremental -- src/routes/index.tsx
