2023-03-04 22:09:21.519 [info] Reading sessions from keychain...
2023-03-04 22:09:21.519 [info] Getting sessions for user:email...
2023-03-04 22:09:21.519 [info] Got 0 sessions for user:email...
2023-03-04 22:09:21.519 [info] Getting sessions for all scopes...
2023-03-04 22:09:21.519 [info] Got 0 sessions for ...
2023-03-04 22:09:21.585 [info] Getting sessions for read:user,repo,user:email,workflow...
2023-03-04 22:09:21.585 [info] Getting sessions for read:user,repo,user:email...
2023-03-04 22:09:21.597 [info] Got 0 sessions for read:user,repo,user:email,workflow...
2023-03-04 22:09:21.597 [info] Got 0 sessions for read:user,repo,user:email...
2023-03-04 22:09:21.833 [info] Getting sessions for read:user,repo,user:email...
2023-03-04 22:09:21.833 [info] Got 0 sessions for read:user,repo,user:email...
2023-03-04 22:50:19.030 [info] Reading sessions from keychain...
2023-03-04 22:50:19.030 [info] Getting sessions for user:email...
2023-03-04 22:50:19.030 [info] Getting sessions for all scopes...
2023-03-04 22:50:19.030 [info] Got 0 sessions for user:email...
2023-03-04 22:50:19.030 [info] Got 0 sessions for ...
2023-03-04 22:50:19.107 [info] Getting sessions for all scopes...
2023-03-04 22:50:19.107 [info] Got 0 sessions for ...
2023-03-04 22:50:19.113 [info] Getting sessions for read:user,repo,user:email,workflow...
2023-03-04 22:50:19.113 [info] Got 0 sessions for read:user,repo,user:email,workflow...
2023-03-04 22:50:19.122 [info] Getting sessions for read:user,repo,user:email...
2023-03-04 22:50:19.122 [info] Got 0 sessions for read:user,repo,user:email...
2023-03-04 22:50:21.481 [info] Reading sessions from keychain...
2023-03-04 22:50:21.481 [info] Getting sessions for user:email...
2023-03-04 22:50:21.481 [info] Got 0 sessions for user:email...
2023-03-04 22:50:21.481 [info] Getting sessions for all scopes...
2023-03-04 22:50:21.481 [info] Got 0 sessions for ...
2023-03-04 22:50:21.518 [info] Getting sessions for read:user,repo,user:email,workflow...
2023-03-04 22:50:21.518 [info] Got 0 sessions for read:user,repo,user:email,workflow...
2023-03-04 22:50:21.523 [info] Getting sessions for read:user,repo,user:email...
2023-03-04 22:50:21.523 [info] Got 0 sessions for read:user,repo,user:email...
2023-03-04 22:50:21.525 [info] Getting sessions for read:user,repo,user:email...
2023-03-04 22:50:21.525 [info] Got 0 sessions for read:user,repo,user:email...
2023-03-04 22:50:25.545 [info] Reading sessions from keychain...
2023-03-04 22:50:25.545 [info] Getting sessions for user:email...
2023-03-04 22:50:25.545 [info] Getting sessions for all scopes...
2023-03-04 22:50:25.545 [info] Got 0 sessions for user:email...
2023-03-04 22:50:25.546 [info] Got 0 sessions for ...
2023-03-04 22:50:25.648 [info] Getting sessions for read:user,repo,user:email...
2023-03-04 22:50:25.648 [info] Getting sessions for read:user,repo,user:email,workflow...
2023-03-04 22:50:25.648 [info] Got 0 sessions for read:user,repo,user:email...
2023-03-04 22:50:25.648 [info] Got 0 sessions for read:user,repo,user:email,workflow...
2023-03-04 22:50:25.693 [info] Getting sessions for read:user,repo,user:email...
2023-03-04 22:50:25.694 [info] Got 0 sessions for read:user,repo,user:email...
2023-03-05 04:29:38.322 [info] Getting sessions for read:user,repo,user:email...
2023-03-05 04:29:38.322 [info] Got 0 sessions for read:user,repo,user:email...
2023-03-05 06:21:07.374 [info] Getting sessions for read:user,repo,user:email...
2023-03-05 06:21:07.374 [info] Got 0 sessions for read:user,repo,user:email...
2023-03-05 12:13:57.999 [info] Getting sessions for read:user,repo,user:email...
2023-03-05 12:13:57.999 [info] Got 0 sessions for read:user,repo,user:email...
2023-03-05 20:05:39.227 [info] Getting sessions for read:user,repo,user:email...
2023-03-05 20:05:39.227 [info] Got 0 sessions for read:user,repo,user:email...
2023-03-05 20:05:41.599 [info] Getting sessions for read:user,repo,user:email...
2023-03-05 20:05:41.599 [info] Got 0 sessions for read:user,repo,user:email...
