2023-03-03 10:07:59.161 [info] Active editor: file:///home/crpier/Projects/memecry/src/routes/%5B...404%5D.tsx
2023-03-03 10:08:01.140 [info] /home/crpier/Projects/memecry/src/routes/[...404].tsx closed
2023-03-03 10:08:01.140 [info] /home/crpier/Projects/memecry/src/routes/[...404].tsx.git closed
2023-03-03 10:08:01.169 [info] Active editor: file:///home/crpier/Projects/memecry/src/routes/index.tsx
2023-03-03 10:08:39.115 [info] Active editor: file:///home/crpier/Projects/memecry/src/routes/index.tsx
2023-03-03 10:08:52.909 [info] /home/crpier/Projects/memecry/src/components/Counter.tsx closed
2023-03-03 10:08:58.465 [info] Active editor: file:///home/crpier/Projects/memecry/src/components/Counter.tsx
2023-03-03 10:09:14.351 [info] Active editor: file:///home/crpier/Projects/memecry/src/routes/index.tsx
2023-03-03 10:09:23.977 [info] Executing :w
2023-03-03 10:12:42.403 [info] /home/crpier/Projects/memecry/src/routes/index.tsx closed
2023-03-03 10:13:44.172 [info] /home/crpier/.config/Code/User/settings.json closed
2023-03-03 10:13:44.180 [info] Configuration changed
2023-03-03 10:14:10.485 [info] /home/crpier/.config/Code/User/settings.json closed
2023-03-03 10:14:10.507 [info] Configuration changed
2023-03-03 10:14:42.517 [info] Active editor: file:///home/crpier/Projects/memecry/src/routes/index.tsx
2023-03-03 10:15:08.827 [info] Active editor: file:///home/crpier/Projects/memecry/src/components/Counter.tsx
2023-03-03 10:15:10.241 [info] Active editor: file:///home/crpier/Projects/memecry/src/routes/index.tsx
2023-03-03 10:15:10.923 [info] Active editor: file:///home/crpier/Projects/memecry/src/components/Counter.tsx
2023-03-03 10:15:11.445 [info] Active editor: file:///home/crpier/Projects/memecry/src/routes/index.tsx
2023-03-03 10:17:29.877 [info] /home/crpier/Projects/memecry/node_modules/solid-js/types/jsx.d.ts closed
2023-03-03 10:17:48.655 [info] /home/crpier/Projects/memecry/node_modules/solid-js/types/jsx.d.ts closed
2023-03-03 10:18:03.698 [info] Active editor: file:///home/crpier/Projects/memecry/src/routes/index.tsx
2023-03-03 10:18:09.167 [info] /home/crpier/Projects/memecry/node_modules/solid-js/types/jsx.d.ts closed
2023-03-03 10:18:17.068 [info] /home/crpier/Projects/memecry/node_modules/solid-js/types/jsx.d.ts closed
2023-03-03 10:18:20.986 [info] /home/crpier/Projects/memecry/node_modules/solid-js/types/jsx.d.ts closed
2023-03-03 10:18:42.480 [info] Searching for hello
2023-03-03 10:19:00.255 [info] Executing :w
2023-03-03 10:20:28.752 [info] Active editor: file:///home/crpier/Projects/memecry/src/routes/about.tsx
2023-03-03 10:20:33.556 [info] Active editor: file:///home/crpier/Projects/memecry/src/routes/index.tsx
2023-03-03 10:21:15.791 [info] Active editor: file:///home/crpier/Projects/memecry/src/routes/index.tsx
2023-03-03 10:21:18.923 [info] Active editor: untitled:Untitled-1
2023-03-03 10:21:22.827 [info] Untitled-1 closed
2023-03-03 10:21:22.827 [info] Active editor: file:///home/crpier/Projects/memecry/src/routes/index.tsx
2023-03-03 10:21:32.506 [info] Active editor: file:///home/crpier/Projects/memecry/src/routes/index.tsx
2023-03-03 10:21:50.118 [info] Active editor: file:///home/crpier/Projects/memecry/src/routes/index.tsx
2023-03-03 10:22:27.561 [info] /home/crpier/.config/Code/User/keybindings.json closed
2023-03-03 10:22:28.739 [info] Active editor: file:///home/crpier/Projects/memecry/src/routes/index.tsx
2023-03-03 10:22:42.124 [info] /home/crpier/.config/Code/User/keybindings.json closed
2023-03-03 10:22:44.629 [info] Active editor: file:///home/crpier/Projects/memecry/src/routes/index.tsx
2023-03-03 10:23:10.827 [info] /home/crpier/.config/Code/User/keybindings.json closed
2023-03-03 10:23:16.536 [info] /home/crpier/.config/Code/User/keybindings.json closed
2023-03-03 10:23:19.393 [info] Active editor: file:///home/crpier/Projects/memecry/src/routes/index.tsx
2023-03-03 10:23:24.225 [info] Active editor: file:///home/crpier/Projects/memecry/src/routes/index.tsx
2023-03-03 10:25:02.552 [info] Active editor: file:///home/crpier/Projects/memecry/src/entry-client.tsx
2023-03-03 10:25:05.581 [info] Active editor: file:///home/crpier/Projects/memecry/src/entry-server.tsx
2023-03-03 10:25:35.165 [info] Configuration changed
2023-03-03 10:25:52.895 [info] /home/crpier/Projects/memecry/src/routes/index.tsx closed
2023-03-03 10:26:05.275 [info] /home/crpier/Projects/memecry/src/routes/about.tsx closed
2023-03-03 10:26:05.275 [info] /home/crpier/Projects/memecry/src/routes/about.tsx.git closed
2023-03-03 10:26:12.467 [info] Configuration changed
2023-03-03 10:26:22.306 [info] Configuration changed
2023-03-03 10:26:45.986 [info] Configuration changed
2023-03-03 10:26:46.017 [info] Configuration changed
2023-03-03 10:26:46.149 [info] Configuration changed
2023-03-03 10:27:03.764 [info] Active editor: file:///home/crpier/Projects/memecry/src/entry-server.tsx
2023-03-03 10:27:04.352 [info] /home/crpier/Projects/memecry/src/entry-server.tsx closed
2023-03-03 10:27:04.352 [info] /home/crpier/Projects/memecry/src/entry-server.tsx.git closed
2023-03-03 10:27:04.372 [info] Active editor: file:///home/crpier/Projects/memecry/src/entry-client.tsx
2023-03-03 10:27:04.725 [info] /home/crpier/Projects/memecry/src/entry-client.tsx closed
2023-03-03 10:27:04.725 [info] /home/crpier/Projects/memecry/src/entry-client.tsx.git closed
2023-03-03 10:27:04.813 [info] Active editor: file:///home/crpier/Projects/memecry/src/routes/index.tsx
2023-03-03 10:27:05.097 [info] /home/crpier/Projects/memecry/src/routes/index.tsx closed
2023-03-03 10:27:05.097 [info] /home/crpier/Projects/memecry/src/routes/index.tsx.git closed
2023-03-03 10:27:05.137 [info] Active editor: file:///home/crpier/Projects/memecry/src/components/Counter.tsx
2023-03-03 10:27:05.517 [info] /home/crpier/Projects/memecry/src/components/Counter.tsx closed
2023-03-03 10:27:05.517 [info] /home/crpier/Projects/memecry/src/components/Counter.tsx.git closed
2023-03-03 10:30:03.363 [info] Configuration changed
2023-03-03 10:30:04.552 [info] /home/crpier/Projects/memecry/src/entry-server.tsx closed
2023-03-03 10:30:05.903 [info] /home/crpier/Projects/memecry/src/components/Counter.tsx closed
2023-03-03 10:31:37.177 [info] Configuration changed
2023-03-03 10:34:08.361 [info] Configuration changed
2023-03-03 10:34:14.673 [info] Active editor: file:///home/crpier/Projects/memecry/src/routes/index.tsx
2023-03-03 10:50:31.477 [info] /home/crpier/Projects/memecry/src/routes/index.tsx closed
2023-03-03 10:50:31.478 [info] /home/crpier/Projects/memecry/src/routes/index.tsx.git closed
2023-03-03 10:50:31.528 [info] Active editor: file:///home/crpier/Projects/memecry/src/root.tsx
2023-03-03 13:03:51.243 [info] /home/crpier/Projects/memecry/src/root.tsx closed
2023-03-03 13:03:51.243 [info] /home/crpier/Projects/memecry/src/root.tsx.git closed
2023-03-03 13:03:51.276 [info] Active editor: file:///home/crpier/Projects/memecry/vite.config.ts
2023-03-03 13:03:54.186 [info] /home/crpier/Projects/memecry/vite.config.ts closed
2023-03-03 13:03:54.186 [info] /home/crpier/Projects/memecry/vite.config.ts.git closed
2023-03-03 13:03:54.215 [info] Active editor: file:///home/crpier/Projects/memecry/src/components/Counter.tsx
2023-03-03 13:09:22.080 [info] /home/crpier/Projects/memecry/src/components/Counter.tsx closed
2023-03-03 13:09:22.080 [info] /home/crpier/Projects/memecry/src/components/Counter.tsx.git closed
2023-03-03 13:09:22.132 [info] Active editor: file:///home/crpier/Projects/memecry/src/root.tsx
2023-03-03 13:09:34.377 [info] /home/crpier/Projects/memecry/src/root.tsx closed
2023-03-03 13:09:34.377 [info] /home/crpier/Projects/memecry/src/root.tsx.git closed
2023-03-03 13:09:34.407 [info] Active editor: file:///home/crpier/Projects/memecry/src/components/Counter.tsx
2023-03-03 13:09:39.037 [info] Active editor: file:///home/crpier/Projects/memecry/src/components/Navbar.tsx
2023-03-03 13:09:43.109 [info] Active editor: file:///home/crpier/Projects/memecry/src/components/Counter.tsx
2023-03-03 13:09:45.016 [info] Active editor: file:///home/crpier/Projects/memecry/src/components/Navbar.tsx
2023-03-03 13:10:11.616 [info] Active editor: file:///home/crpier/Projects/memecry/src/components/Counter.tsx
2023-03-03 13:10:12.828 [info] Active editor: file:///home/crpier/Projects/memecry/src/components/Navbar.tsx
2023-03-03 13:10:13.381 [info] Active editor: file:///home/crpier/Projects/memecry/src/components/Counter.tsx
2023-03-03 13:10:15.708 [info] Active editor: file:///home/crpier/Projects/memecry/src/components/Navbar.tsx
2023-03-03 13:10:29.934 [info] Executing :w
2023-03-03 13:10:31.994 [info] Active editor: file:///home/crpier/Projects/memecry/src/root.tsx
2023-03-03 13:11:44.010 [info] Executing :w
2023-03-03 13:11:54.015 [info] /home/crpier/.config/Code/User/settings.json closed
2023-03-03 13:11:54.042 [info] Configuration changed
2023-03-03 13:11:54.180 [info] /home/crpier/Projects/memecry/src/components/Navbar.tsx closed
2023-03-03 13:11:54.184 [info] /home/crpier/Projects/memecry/src/components/Navbar.tsx.git closed
2023-03-03 13:11:57.041 [info] Searching for nav
2023-03-03 13:11:58.663 [info] Executing :w
2023-03-03 13:12:00.949 [info] Searching for nav
2023-03-03 13:12:39.072 [info] /home/crpier/Projects/memecry/tsconfig.json closed
2023-03-03 13:12:51.987 [info] Configuration changed
2023-03-03 13:13:31.412 [info] Active editor: untitled:Untitled-1
2023-03-03 13:13:34.238 [info] Untitled-1 closed
2023-03-03 13:13:34.238 [info] Active editor: file:///home/crpier/Projects/memecry/src/root.tsx
2023-03-03 13:13:53.699 [info] Executing :w
2023-03-03 13:15:58.883 [info] Active editor: file:///home/crpier/Projects/memecry/tsconfig.json
2023-03-03 13:17:19.078 [info] Active editor: file:///home/crpier/Projects/memecry/src/root.tsx
2023-03-03 13:21:05.290 [info] Executing :w
2023-03-03 13:25:53.761 [info] Searching for memecy
2023-03-03 13:32:44.250 [info] Searching for home
2023-03-03 13:34:51.879 [info] Searching for flex
2023-03-03 14:12:40.653 [info] Executing :w
2023-03-03 14:13:04.763 [info] Searching for comp
2023-03-03 14:13:43.863 [info] Executing :w
2023-03-03 14:18:13.988 [info] Searching for color
2023-03-03 14:18:36.008 [info] Executing :w
2023-03-03 14:19:13.381 [info] Searching for 32
2023-03-03 14:23:36.457 [info] Searching for search
2023-03-03 14:26:18.249 [info] Active editor: untitled:Untitled-1
2023-03-03 14:26:18.338 [info] Active editor: untitled:Untitled-2
2023-03-03 14:26:19.329 [info] Untitled-2 closed
2023-03-03 14:26:19.329 [info] Active editor: untitled:Untitled-1
2023-03-03 14:26:20.467 [info] Untitled-1 closed
2023-03-03 14:26:20.467 [info] Active editor: file:///home/crpier/Projects/memecry/src/root.tsx
2023-03-03 14:28:36.989 [info] Searching for grow
2023-03-03 14:29:06.833 [info] Active editor: file:///home/crpier/Projects/memecry/tsconfig.json
2023-03-03 14:29:10.997 [info] Active editor: file:///home/crpier/Projects/memecry/src/root.tsx
2023-03-03 14:32:47.164 [info] Searching for em
2023-03-03 14:32:56.255 [info] Searching for em
2023-03-03 14:33:06.586 [info] /home/crpier/.config/Code/User/settings.json closed
2023-03-03 14:33:06.626 [info] Configuration changed
2023-03-03 14:33:06.876 [info] Active editor: file:///home/crpier/Projects/mptreasury/app/import_service.py
2023-03-03 15:21:35.122 [info] Searching for search
2023-03-03 15:25:05.076 [info] Active editor: file:///home/crpier/Projects/memecry/src/routes/index.tsx
2023-03-03 15:25:49.944 [info] Active editor: file:///home/crpier/Projects/memecry/src/root.tsx
2023-03-03 15:26:02.299 [info] Active editor: file:///home/crpier/Projects/memecry/src/routes/index.tsx
2023-03-03 15:26:54.430 [info] Active editor: untitled:Untitled-1
2023-03-03 15:26:55.355 [info] Untitled-1 closed
2023-03-03 15:26:55.355 [info] Active editor: file:///home/crpier/Projects/memecry/src/routes/index.tsx
2023-03-03 15:30:56.612 [info] Searching for props
2023-03-03 15:32:18.689 [info] Active editor: file:///home/crpier/Projects/memecry/src/root.tsx
2023-03-03 15:32:22.220 [info] Active editor: file:///home/crpier/Projects/memecry/src/routes/index.tsx
2023-03-03 15:33:07.722 [info] Active editor: untitled:Untitled-1
2023-03-03 15:33:08.553 [info] Untitled-1 closed
2023-03-03 15:33:08.553 [info] Active editor: file:///home/crpier/Projects/memecry/src/routes/index.tsx
2023-03-03 15:36:08.989 [info] Searching for lem
2023-03-03 15:36:10.165 [info] Searching for em
2023-03-03 15:39:00.924 [info] Active editor: file:///home/crpier/Projects/memecry/src/root.tsx
2023-03-03 15:39:04.176 [info] Active editor: file:///home/crpier/Projects/memecry/src/routes/index.tsx
2023-03-03 15:39:05.278 [info] Active editor: file:///home/crpier/Projects/memecry/src/root.tsx
2023-03-03 15:39:06.154 [info] Active editor: file:///home/crpier/Projects/memecry/src/routes/index.tsx
2023-03-03 17:01:17.214 [info] /home/crpier/Projects/memecry/tsconfig.json closed
2023-03-04 21:43:33.684 [info] /home/crpier/Projects/memecry/src/routes/index.tsx closed
2023-03-04 21:43:33.684 [info] /home/crpier/Projects/memecry/src/routes/index.tsx.git closed
2023-03-04 21:43:33.684 [info] Active editor: file:///home/crpier/Projects/memecry/src/root.tsx
2023-03-04 21:43:33.685 [warning] invalid cursor position. [[15, 29] | [15, 29]].
2023-03-04 21:43:34.697 [info] /home/crpier/Projects/memecry/src/root.tsx closed
2023-03-04 21:43:34.697 [info] /home/crpier/Projects/memecry/src/root.tsx.git closed
2023-03-04 21:43:34.697 [warning] getLineLength() called with out-of-bounds line 0
2023-03-04 21:43:34.697 [warning] getLineLength() called with out-of-bounds line 0
