[2023-03-03 13:37:27.535] /home/crpier/.vscode/extensions/eamodio.gitlens-13.3.1/dist/gitlens.js:1:55840
Error: Command failed: /usr/bin/git -c core.quotepath=false -c color.ui=false -c log.showSignature=false log --format=%x3cr%x3e%x20%H -n3 -m -L 2,2:src/routes/index.tsx
fatal: There is no path src/routes/index.tsx in the commit

[2023-03-03 13:37:30.613] /home/crpier/.vscode/extensions/eamodio.gitlens-13.3.1/dist/gitlens.js:1:55840
Error: Command failed: /usr/bin/git -c core.quotepath=false -c color.ui=false -c log.showSignature=false log --format=%x3cr%x3e%x20%H -n3 -m -L 2,2:src/routes/index.tsx
fatal: There is no path src/routes/index.tsx in the commit

[2023-03-03 13:37:32.337] /home/crpier/.vscode/extensions/eamodio.gitlens-13.3.1/dist/gitlens.js:1:55840
Error: Command failed: /usr/bin/git -c core.quotepath=false -c color.ui=false -c log.showSignature=false log --format=%x3cr%x3e%x20%H -n3 -m -L 2,2:src/routes/index.tsx
fatal: There is no path src/routes/index.tsx in the commit

[2023-03-03 13:37:33.017] /home/crpier/.vscode/extensions/eamodio.gitlens-13.3.1/dist/gitlens.js:1:55840
Error: Command failed: /usr/bin/git -c core.quotepath=false -c color.ui=false -c log.showSignature=false log --format=%x3cr%x3e%x20%H -n3 -m -L 2,2:src/routes/index.tsx
fatal: There is no path src/routes/index.tsx in the commit

[2023-03-03 13:38:00.564] /home/crpier/.vscode/extensions/eamodio.gitlens-13.3.1/dist/gitlens.js:1:55840
Error: Command failed: /usr/bin/git -c core.quotepath=false -c color.ui=false -c log.showSignature=false log --format=%x3cr%x3e%x20%H -n3 -m -L 2,2:src/routes/index.tsx
fatal: There is no path src/routes/index.tsx in the commit

[2023-03-03 13:38:03.286] /home/crpier/.vscode/extensions/eamodio.gitlens-13.3.1/dist/gitlens.js:1:55840
Error: Command failed: /usr/bin/git -c core.quotepath=false -c color.ui=false -c log.showSignature=false log --format=%x3cr%x3e%x20%H -n3 -m -L 2,2:src/routes/index.tsx
fatal: There is no path src/routes/index.tsx in the commit

[2023-03-03 13:38:16.009] /home/crpier/.vscode/extensions/eamodio.gitlens-13.3.1/dist/gitlens.js:1:55840
Error: Command failed: /usr/bin/git -c core.quotepath=false -c color.ui=false -c log.showSignature=false log --format=%x3cr%x3e%x20%H -n3 -m -L 2,2:src/routes/index.tsx
fatal: There is no path src/routes/index.tsx in the commit

[2023-03-03 13:38:17.297] /home/crpier/.vscode/extensions/eamodio.gitlens-13.3.1/dist/gitlens.js:1:55840
Error: Command failed: /usr/bin/git -c core.quotepath=false -c color.ui=false -c log.showSignature=false log --format=%x3cr%x3e%x20%H -n3 -m -L 2,2:src/routes/index.tsx
fatal: There is no path src/routes/index.tsx in the commit

[2023-03-03 13:38:25.729] /home/crpier/.vscode/extensions/eamodio.gitlens-13.3.1/dist/gitlens.js:1:55840
Error: Command failed: /usr/bin/git -c core.quotepath=false -c color.ui=false -c log.showSignature=false log --format=%x3cr%x3e%x20%H -n3 -m -L 2,2:src/routes/index.tsx
fatal: There is no path src/routes/index.tsx in the commit

[2023-03-03 13:38:26.995] /home/crpier/.vscode/extensions/eamodio.gitlens-13.3.1/dist/gitlens.js:1:55840
Error: Command failed: /usr/bin/git -c core.quotepath=false -c color.ui=false -c log.showSignature=false log --format=%x3cr%x3e%x20%H -n3 -m -L 2,2:src/routes/index.tsx
fatal: There is no path src/routes/index.tsx in the commit

[2023-03-03 13:38:29.716] /home/crpier/.vscode/extensions/eamodio.gitlens-13.3.1/dist/gitlens.js:1:55840
Error: Command failed: /usr/bin/git -c core.quotepath=false -c color.ui=false -c log.showSignature=false log --format=%x3cr%x3e%x20%H -n3 -m -L 2,2:src/routes/index.tsx
fatal: There is no path src/routes/index.tsx in the commit

[2023-03-03 13:38:32.991] /home/crpier/.vscode/extensions/eamodio.gitlens-13.3.1/dist/gitlens.js:1:55840
Error: Command failed: /usr/bin/git -c core.quotepath=false -c color.ui=false -c log.showSignature=false log --format=%x3cr%x3e%x20%H -n3 -m -L 2,2:src/routes/index.tsx
fatal: There is no path src/routes/index.tsx in the commit

[2023-03-03 13:38:36.774] /home/crpier/.vscode/extensions/eamodio.gitlens-13.3.1/dist/gitlens.js:1:55840
Error: Command failed: /usr/bin/git -c core.quotepath=false -c color.ui=false -c log.showSignature=false log --format=%x3cr%x3e%x20%H -n3 -m -L 2,2:src/routes/index.tsx
fatal: There is no path src/routes/index.tsx in the commit

[2023-03-03 13:38:46.367] /home/crpier/.vscode/extensions/eamodio.gitlens-13.3.1/dist/gitlens.js:1:55840
Error: Command failed: /usr/bin/git -c core.quotepath=false -c color.ui=false -c log.showSignature=false log --format=%x3cr%x3e%x20%H -n3 -m -L 2,2:src/routes/index.tsx
fatal: There is no path src/routes/index.tsx in the commit

[2023-03-03 13:38:49.642] /home/crpier/.vscode/extensions/eamodio.gitlens-13.3.1/dist/gitlens.js:1:55840
Error: Command failed: /usr/bin/git -c core.quotepath=false -c color.ui=false -c log.showSignature=false log --format=%x3cr%x3e%x20%H -n3 -m -L 2,2:src/routes/index.tsx
fatal: There is no path src/routes/index.tsx in the commit

[2023-03-03 13:39:06.061] /home/crpier/.vscode/extensions/eamodio.gitlens-13.3.1/dist/gitlens.js:1:55840
Error: Command failed: /usr/bin/git -c core.quotepath=false -c color.ui=false -c log.showSignature=false log --format=%x3cr%x3e%x20%H -n3 -m -L 2,2:src/root.tsx
fatal: There is no path src/root.tsx in the commit

[2023-03-03 13:40:08.813] /home/crpier/.vscode/extensions/eamodio.gitlens-13.3.1/dist/gitlens.js:1:55840
Error: Command failed: /usr/bin/git -c core.quotepath=false -c color.ui=false -c log.showSignature=false log --format=%x3cr%x3e%x20%H -n3 -m -L 2,2:src/routes/index.tsx
fatal: There is no path src/routes/index.tsx in the commit

[2023-03-03 13:40:15.436] /home/crpier/.vscode/extensions/eamodio.gitlens-13.3.1/dist/gitlens.js:1:55840
Error: Command failed: /usr/bin/git -c core.quotepath=false -c color.ui=false -c log.showSignature=false log --format=%x3cr%x3e%x20%H -n3 -m -L 2,2:src/routes/index.tsx
fatal: There is no path src/routes/index.tsx in the commit

[2023-03-03 13:40:19.900] /home/crpier/.vscode/extensions/eamodio.gitlens-13.3.1/dist/gitlens.js:1:55840
Error: Command failed: /usr/bin/git -c core.quotepath=false -c color.ui=false -c log.showSignature=false log --format=%x3cr%x3e%x20%H -n3 -m -L 2,2:src/routes/index.tsx
fatal: There is no path src/routes/index.tsx in the commit

[2023-03-03 13:40:23.956] /home/crpier/.vscode/extensions/eamodio.gitlens-13.3.1/dist/gitlens.js:1:55840
Error: Command failed: /usr/bin/git -c core.quotepath=false -c color.ui=false -c log.showSignature=false log --format=%x3cr%x3e%x20%H -n3 -m -L 2,2:src/routes/index.tsx
fatal: There is no path src/routes/index.tsx in the commit

[2023-03-03 13:40:39.139] /home/crpier/.vscode/extensions/eamodio.gitlens-13.3.1/dist/gitlens.js:1:55840
Error: Command failed: /usr/bin/git -c core.quotepath=false -c color.ui=false -c log.showSignature=false log --format=%x3cr%x3e%x20%H -n3 -m -L 2,2:src/routes/index.tsx
fatal: There is no path src/routes/index.tsx in the commit

[2023-03-03 13:40:43.737] /home/crpier/.vscode/extensions/eamodio.gitlens-13.3.1/dist/gitlens.js:1:55840
Error: Command failed: /usr/bin/git -c core.quotepath=false -c color.ui=false -c log.showSignature=false log --format=%x3cr%x3e%x20%H -n3 -m -L 2,2:src/routes/index.tsx
fatal: There is no path src/routes/index.tsx in the commit

[2023-03-03 13:40:47.405] /home/crpier/.vscode/extensions/eamodio.gitlens-13.3.1/dist/gitlens.js:1:55840
Error: Command failed: /usr/bin/git -c core.quotepath=false -c color.ui=false -c log.showSignature=false log --format=%x3cr%x3e%x20%H -n3 -m -L 2,2:src/routes/index.tsx
fatal: There is no path src/routes/index.tsx in the commit

[2023-03-03 13:40:51.272] /home/crpier/.vscode/extensions/eamodio.gitlens-13.3.1/dist/gitlens.js:1:55840
Error: Command failed: /usr/bin/git -c core.quotepath=false -c color.ui=false -c log.showSignature=false log --format=%x3cr%x3e%x20%H -n3 -m -L 2,2:src/routes/index.tsx
fatal: There is no path src/routes/index.tsx in the commit

[2023-03-03 13:40:56.308] /home/crpier/.vscode/extensions/eamodio.gitlens-13.3.1/dist/gitlens.js:1:55840
Error: Command failed: /usr/bin/git -c core.quotepath=false -c color.ui=false -c log.showSignature=false log --format=%x3cr%x3e%x20%H -n3 -m -L 2,2:src/routes/index.tsx
fatal: There is no path src/routes/index.tsx in the commit

[2023-03-03 13:41:02.494] /home/crpier/.vscode/extensions/eamodio.gitlens-13.3.1/dist/gitlens.js:1:55840
Error: Command failed: /usr/bin/git -c core.quotepath=false -c color.ui=false -c log.showSignature=false log --format=%x3cr%x3e%x20%H -n3 -m -L 2,2:src/routes/index.tsx
fatal: There is no path src/routes/index.tsx in the commit

[2023-03-03 13:41:07.099] /home/crpier/.vscode/extensions/eamodio.gitlens-13.3.1/dist/gitlens.js:1:55840
Error: Command failed: /usr/bin/git -c core.quotepath=false -c color.ui=false -c log.showSignature=false log --format=%x3cr%x3e%x20%H -n3 -m -L 2,2:src/routes/index.tsx
fatal: There is no path src/routes/index.tsx in the commit

[2023-03-03 13:41:10.483] /home/crpier/.vscode/extensions/eamodio.gitlens-13.3.1/dist/gitlens.js:1:55840
Error: Command failed: /usr/bin/git -c core.quotepath=false -c color.ui=false -c log.showSignature=false log --format=%x3cr%x3e%x20%H -n3 -m -L 2,2:src/routes/index.tsx
fatal: There is no path src/routes/index.tsx in the commit

[2023-03-03 13:42:03.551] /home/crpier/.vscode/extensions/eamodio.gitlens-13.3.1/dist/gitlens.js:1:55840
Error: Command failed: /usr/bin/git -c core.quotepath=false -c color.ui=false -c log.showSignature=false log --format=%x3cr%x3e%x20%H -n3 -m -L 2,2:src/routes/index.tsx
fatal: There is no path src/routes/index.tsx in the commit

[2023-03-03 13:42:07.425] /home/crpier/.vscode/extensions/eamodio.gitlens-13.3.1/dist/gitlens.js:1:55840
Error: Command failed: /usr/bin/git -c core.quotepath=false -c color.ui=false -c log.showSignature=false log --format=%x3cr%x3e%x20%H -n3 -m -L 2,2:src/routes/index.tsx
fatal: There is no path src/routes/index.tsx in the commit

[2023-03-03 13:42:22.056] /home/crpier/.vscode/extensions/eamodio.gitlens-13.3.1/dist/gitlens.js:1:55840
Error: Command failed: /usr/bin/git -c core.quotepath=false -c color.ui=false -c log.showSignature=false log --format=%x3cr%x3e%x20%H -n3 -m -L 2,2:src/routes/index.tsx
fatal: There is no path src/routes/index.tsx in the commit

